[2022-11-18T08:11:58.389+0000] {taskinstance.py:1165} INFO - Dependencies all met for <TaskInstance: DevDataOps.export_annotation manual__2022-11-18T08:11:53.807192+00:00 [queued]>
[2022-11-18T08:11:58.528+0000] {taskinstance.py:1165} INFO - Dependencies all met for <TaskInstance: DevDataOps.export_annotation manual__2022-11-18T08:11:53.807192+00:00 [queued]>
[2022-11-18T08:11:58.540+0000] {taskinstance.py:1362} INFO - 
--------------------------------------------------------------------------------
[2022-11-18T08:11:58.544+0000] {taskinstance.py:1363} INFO - Starting attempt 1 of 1
[2022-11-18T08:11:58.548+0000] {taskinstance.py:1364} INFO - 
--------------------------------------------------------------------------------
[2022-11-18T08:11:59.030+0000] {taskinstance.py:1383} INFO - Executing <Task(_PythonDecoratedOperator): export_annotation> on 2022-11-18 08:11:53.807192+00:00
[2022-11-18T08:11:59.196+0000] {standard_task_runner.py:82} INFO - Running: ['***', 'tasks', 'run', 'DevDataOps', 'export_annotation', 'manual__2022-11-18T08:11:53.807192+00:00', '--job-id', '15', '--raw', '--subdir', 'DAGS_FOLDER/dev_data_ops.py', '--cfg-path', '/tmp/tmp8z2tjclv']
[2022-11-18T08:11:59.260+0000] {standard_task_runner.py:83} INFO - Job 15: Subtask export_annotation
[2022-11-18T08:11:59.155+0000] {standard_task_runner.py:55} INFO - Started process 1047 to run task
[2022-11-18T08:11:59.774+0000] {task_command.py:376} INFO - Running <TaskInstance: DevDataOps.export_annotation manual__2022-11-18T08:11:53.807192+00:00 [running]> on host d470c2e62263
[2022-11-18T08:12:01.197+0000] {taskinstance.py:1592} INFO - Exporting the following env vars:
AIRFLOW_CTX_DAG_OWNER=***
AIRFLOW_CTX_DAG_ID=DevDataOps
AIRFLOW_CTX_TASK_ID=export_annotation
AIRFLOW_CTX_EXECUTION_DATE=2022-11-18T08:11:53.807192+00:00
AIRFLOW_CTX_TRY_NUMBER=1
AIRFLOW_CTX_DAG_RUN_ID=manual__2022-11-18T08:11:53.807192+00:00
[2022-11-18T08:12:01.218+0000] {logging_mixin.py:137} INFO - <Task(BashOperator): export_annotation>
[2022-11-18T08:12:01.260+0000] {python.py:177} INFO - Done. Returned value was: None
[2022-11-18T08:12:01.380+0000] {taskinstance.py:1406} INFO - Marking task as SUCCESS. dag_id=DevDataOps, task_id=export_annotation, execution_date=20221118T081153, start_date=20221118T081158, end_date=20221118T081201
[2022-11-18T08:12:01.636+0000] {local_task_job.py:159} INFO - Task exited with return code 0
[2022-11-18T08:12:01.993+0000] {taskinstance.py:2623} INFO - 0 downstream tasks scheduled from follow-on schedule check
