[2022-11-17T08:47:58.315+0000] {processor.py:154} INFO - Started process (PID=48) to work on /home/airflow/.local/lib/python3.7/site-packages/airflow/example_dags/example_branch_datetime_operator.py
[2022-11-17T08:47:58.348+0000] {processor.py:756} INFO - Processing file /home/airflow/.local/lib/python3.7/site-packages/airflow/example_dags/example_branch_datetime_operator.py for tasks to queue
[2022-11-17T08:47:58.353+0000] {logging_mixin.py:137} INFO - [2022-11-17T08:47:58.352+0000] {dagbag.py:537} INFO - Filling up the DagBag from /home/airflow/.local/lib/python3.7/site-packages/airflow/example_dags/example_branch_datetime_operator.py
[2022-11-17T08:47:58.747+0000] {processor.py:766} INFO - DAG(s) dict_keys(['example_branch_datetime_operator_3', 'example_branch_datetime_operator_2', 'example_branch_datetime_operator']) retrieved from /home/airflow/.local/lib/python3.7/site-packages/airflow/example_dags/example_branch_datetime_operator.py
[2022-11-17T08:47:59.941+0000] {logging_mixin.py:137} INFO - [2022-11-17T08:47:59.940+0000] {manager.py:507} INFO - Created Permission View: can delete on DAG:example_branch_datetime_operator_3
[2022-11-17T08:48:00.012+0000] {logging_mixin.py:137} INFO - [2022-11-17T08:48:00.012+0000] {manager.py:507} INFO - Created Permission View: can edit on DAG:example_branch_datetime_operator_3
[2022-11-17T08:48:00.052+0000] {logging_mixin.py:137} INFO - [2022-11-17T08:48:00.051+0000] {manager.py:507} INFO - Created Permission View: can read on DAG:example_branch_datetime_operator_3
[2022-11-17T08:48:00.182+0000] {logging_mixin.py:137} INFO - [2022-11-17T08:48:00.181+0000] {manager.py:507} INFO - Created Permission View: can delete on DAG:example_branch_datetime_operator_2
[2022-11-17T08:48:00.318+0000] {logging_mixin.py:137} INFO - [2022-11-17T08:48:00.318+0000] {manager.py:507} INFO - Created Permission View: can edit on DAG:example_branch_datetime_operator_2
[2022-11-17T08:48:00.392+0000] {logging_mixin.py:137} INFO - [2022-11-17T08:48:00.391+0000] {manager.py:507} INFO - Created Permission View: can read on DAG:example_branch_datetime_operator_2
[2022-11-17T08:48:00.466+0000] {logging_mixin.py:137} INFO - [2022-11-17T08:48:00.466+0000] {manager.py:507} INFO - Created Permission View: can delete on DAG:example_branch_datetime_operator
[2022-11-17T08:48:00.517+0000] {logging_mixin.py:137} INFO - [2022-11-17T08:48:00.517+0000] {manager.py:507} INFO - Created Permission View: can edit on DAG:example_branch_datetime_operator
[2022-11-17T08:48:00.558+0000] {logging_mixin.py:137} INFO - [2022-11-17T08:48:00.558+0000] {manager.py:507} INFO - Created Permission View: can read on DAG:example_branch_datetime_operator
[2022-11-17T08:48:00.562+0000] {logging_mixin.py:137} INFO - [2022-11-17T08:48:00.562+0000] {dag.py:2585} INFO - Sync 3 DAGs
[2022-11-17T08:48:00.719+0000] {logging_mixin.py:137} INFO - [2022-11-17T08:48:00.718+0000] {dag.py:2606} INFO - Creating ORM DAG for example_branch_datetime_operator
[2022-11-17T08:48:00.721+0000] {logging_mixin.py:137} INFO - [2022-11-17T08:48:00.721+0000] {dag.py:2606} INFO - Creating ORM DAG for example_branch_datetime_operator_3
[2022-11-17T08:48:00.729+0000] {logging_mixin.py:137} INFO - [2022-11-17T08:48:00.729+0000] {dag.py:2606} INFO - Creating ORM DAG for example_branch_datetime_operator_2
[2022-11-17T08:48:00.810+0000] {logging_mixin.py:137} INFO - [2022-11-17T08:48:00.810+0000] {dag.py:3340} INFO - Setting next_dagrun for example_branch_datetime_operator to 2022-11-16T00:00:00+00:00, run_after=2022-11-17T00:00:00+00:00
[2022-11-17T08:48:00.825+0000] {logging_mixin.py:137} INFO - [2022-11-17T08:48:00.825+0000] {dag.py:3340} INFO - Setting next_dagrun for example_branch_datetime_operator_2 to 2022-11-16T00:00:00+00:00, run_after=2022-11-17T00:00:00+00:00
[2022-11-17T08:48:00.852+0000] {logging_mixin.py:137} INFO - [2022-11-17T08:48:00.851+0000] {dag.py:3340} INFO - Setting next_dagrun for example_branch_datetime_operator_3 to 2022-11-16T00:00:00+00:00, run_after=2022-11-17T00:00:00+00:00
[2022-11-17T08:48:00.976+0000] {processor.py:176} INFO - Processing /home/airflow/.local/lib/python3.7/site-packages/airflow/example_dags/example_branch_datetime_operator.py took 2.703 seconds
[2022-11-17T08:48:31.578+0000] {processor.py:154} INFO - Started process (PID=101) to work on /home/airflow/.local/lib/python3.7/site-packages/airflow/example_dags/example_branch_datetime_operator.py
[2022-11-17T08:48:31.592+0000] {processor.py:756} INFO - Processing file /home/airflow/.local/lib/python3.7/site-packages/airflow/example_dags/example_branch_datetime_operator.py for tasks to queue
[2022-11-17T08:48:31.602+0000] {logging_mixin.py:137} INFO - [2022-11-17T08:48:31.599+0000] {dagbag.py:537} INFO - Filling up the DagBag from /home/airflow/.local/lib/python3.7/site-packages/airflow/example_dags/example_branch_datetime_operator.py
[2022-11-17T08:48:31.835+0000] {processor.py:766} INFO - DAG(s) dict_keys(['example_branch_datetime_operator_2', 'example_branch_datetime_operator_3', 'example_branch_datetime_operator']) retrieved from /home/airflow/.local/lib/python3.7/site-packages/airflow/example_dags/example_branch_datetime_operator.py
[2022-11-17T08:48:33.597+0000] {logging_mixin.py:137} INFO - [2022-11-17T08:48:33.596+0000] {dag.py:2585} INFO - Sync 3 DAGs
[2022-11-17T08:48:34.577+0000] {logging_mixin.py:137} INFO - [2022-11-17T08:48:34.569+0000] {dag.py:3340} INFO - Setting next_dagrun for example_branch_datetime_operator to 2022-11-16T00:00:00+00:00, run_after=2022-11-17T00:00:00+00:00
[2022-11-17T08:48:34.839+0000] {logging_mixin.py:137} INFO - [2022-11-17T08:48:34.839+0000] {dag.py:3340} INFO - Setting next_dagrun for example_branch_datetime_operator_2 to 2022-11-16T00:00:00+00:00, run_after=2022-11-17T00:00:00+00:00
[2022-11-17T08:48:34.959+0000] {logging_mixin.py:137} INFO - [2022-11-17T08:48:34.948+0000] {dag.py:3340} INFO - Setting next_dagrun for example_branch_datetime_operator_3 to 2022-11-16T00:00:00+00:00, run_after=2022-11-17T00:00:00+00:00
[2022-11-17T08:48:35.885+0000] {processor.py:176} INFO - Processing /home/airflow/.local/lib/python3.7/site-packages/airflow/example_dags/example_branch_datetime_operator.py took 4.320 seconds
[2022-11-17T08:55:28.331+0000] {processor.py:154} INFO - Started process (PID=59) to work on /home/airflow/.local/lib/python3.7/site-packages/airflow/example_dags/example_branch_datetime_operator.py
[2022-11-17T08:55:28.339+0000] {processor.py:756} INFO - Processing file /home/airflow/.local/lib/python3.7/site-packages/airflow/example_dags/example_branch_datetime_operator.py for tasks to queue
[2022-11-17T08:55:28.362+0000] {logging_mixin.py:137} INFO - [2022-11-17T08:55:28.360+0000] {dagbag.py:537} INFO - Filling up the DagBag from /home/airflow/.local/lib/python3.7/site-packages/airflow/example_dags/example_branch_datetime_operator.py
[2022-11-17T08:55:28.958+0000] {processor.py:766} INFO - DAG(s) dict_keys(['example_branch_datetime_operator_2', 'example_branch_datetime_operator', 'example_branch_datetime_operator_3']) retrieved from /home/airflow/.local/lib/python3.7/site-packages/airflow/example_dags/example_branch_datetime_operator.py
[2022-11-17T08:55:29.582+0000] {logging_mixin.py:137} INFO - [2022-11-17T08:55:29.582+0000] {dag.py:2585} INFO - Sync 3 DAGs
[2022-11-17T08:55:29.772+0000] {logging_mixin.py:137} INFO - [2022-11-17T08:55:29.772+0000] {dag.py:3340} INFO - Setting next_dagrun for example_branch_datetime_operator to 2022-11-16T00:00:00+00:00, run_after=2022-11-17T00:00:00+00:00
[2022-11-17T08:55:29.820+0000] {logging_mixin.py:137} INFO - [2022-11-17T08:55:29.817+0000] {dag.py:3340} INFO - Setting next_dagrun for example_branch_datetime_operator_2 to 2022-11-16T00:00:00+00:00, run_after=2022-11-17T00:00:00+00:00
[2022-11-17T08:55:29.862+0000] {logging_mixin.py:137} INFO - [2022-11-17T08:55:29.862+0000] {dag.py:3340} INFO - Setting next_dagrun for example_branch_datetime_operator_3 to 2022-11-16T00:00:00+00:00, run_after=2022-11-17T00:00:00+00:00
[2022-11-17T08:55:29.948+0000] {processor.py:176} INFO - Processing /home/airflow/.local/lib/python3.7/site-packages/airflow/example_dags/example_branch_datetime_operator.py took 1.668 seconds
[2022-11-17T08:56:00.207+0000] {processor.py:154} INFO - Started process (PID=110) to work on /home/airflow/.local/lib/python3.7/site-packages/airflow/example_dags/example_branch_datetime_operator.py
[2022-11-17T08:56:00.217+0000] {processor.py:756} INFO - Processing file /home/airflow/.local/lib/python3.7/site-packages/airflow/example_dags/example_branch_datetime_operator.py for tasks to queue
[2022-11-17T08:56:00.230+0000] {logging_mixin.py:137} INFO - [2022-11-17T08:56:00.230+0000] {dagbag.py:537} INFO - Filling up the DagBag from /home/airflow/.local/lib/python3.7/site-packages/airflow/example_dags/example_branch_datetime_operator.py
[2022-11-17T08:56:00.296+0000] {processor.py:766} INFO - DAG(s) dict_keys(['example_branch_datetime_operator', 'example_branch_datetime_operator_3', 'example_branch_datetime_operator_2']) retrieved from /home/airflow/.local/lib/python3.7/site-packages/airflow/example_dags/example_branch_datetime_operator.py
[2022-11-17T08:56:00.384+0000] {logging_mixin.py:137} INFO - [2022-11-17T08:56:00.384+0000] {dag.py:2585} INFO - Sync 3 DAGs
[2022-11-17T08:56:00.431+0000] {logging_mixin.py:137} INFO - [2022-11-17T08:56:00.431+0000] {dag.py:3340} INFO - Setting next_dagrun for example_branch_datetime_operator to 2022-11-16T00:00:00+00:00, run_after=2022-11-17T00:00:00+00:00
[2022-11-17T08:56:00.444+0000] {logging_mixin.py:137} INFO - [2022-11-17T08:56:00.444+0000] {dag.py:3340} INFO - Setting next_dagrun for example_branch_datetime_operator_2 to 2022-11-16T00:00:00+00:00, run_after=2022-11-17T00:00:00+00:00
[2022-11-17T08:56:00.454+0000] {logging_mixin.py:137} INFO - [2022-11-17T08:56:00.453+0000] {dag.py:3340} INFO - Setting next_dagrun for example_branch_datetime_operator_3 to 2022-11-16T00:00:00+00:00, run_after=2022-11-17T00:00:00+00:00
[2022-11-17T08:56:00.496+0000] {processor.py:176} INFO - Processing /home/airflow/.local/lib/python3.7/site-packages/airflow/example_dags/example_branch_datetime_operator.py took 0.300 seconds
[2022-11-17T08:56:31.498+0000] {processor.py:154} INFO - Started process (PID=158) to work on /home/airflow/.local/lib/python3.7/site-packages/airflow/example_dags/example_branch_datetime_operator.py
[2022-11-17T08:56:31.506+0000] {processor.py:756} INFO - Processing file /home/airflow/.local/lib/python3.7/site-packages/airflow/example_dags/example_branch_datetime_operator.py for tasks to queue
[2022-11-17T08:56:31.511+0000] {logging_mixin.py:137} INFO - [2022-11-17T08:56:31.510+0000] {dagbag.py:537} INFO - Filling up the DagBag from /home/airflow/.local/lib/python3.7/site-packages/airflow/example_dags/example_branch_datetime_operator.py
[2022-11-17T08:56:31.600+0000] {processor.py:766} INFO - DAG(s) dict_keys(['example_branch_datetime_operator', 'example_branch_datetime_operator_3', 'example_branch_datetime_operator_2']) retrieved from /home/airflow/.local/lib/python3.7/site-packages/airflow/example_dags/example_branch_datetime_operator.py
[2022-11-17T08:56:31.694+0000] {logging_mixin.py:137} INFO - [2022-11-17T08:56:31.694+0000] {dag.py:2585} INFO - Sync 3 DAGs
[2022-11-17T08:56:31.754+0000] {logging_mixin.py:137} INFO - [2022-11-17T08:56:31.754+0000] {dag.py:3340} INFO - Setting next_dagrun for example_branch_datetime_operator to 2022-11-16T00:00:00+00:00, run_after=2022-11-17T00:00:00+00:00
[2022-11-17T08:56:31.786+0000] {logging_mixin.py:137} INFO - [2022-11-17T08:56:31.781+0000] {dag.py:3340} INFO - Setting next_dagrun for example_branch_datetime_operator_2 to 2022-11-16T00:00:00+00:00, run_after=2022-11-17T00:00:00+00:00
[2022-11-17T08:56:31.803+0000] {logging_mixin.py:137} INFO - [2022-11-17T08:56:31.803+0000] {dag.py:3340} INFO - Setting next_dagrun for example_branch_datetime_operator_3 to 2022-11-16T00:00:00+00:00, run_after=2022-11-17T00:00:00+00:00
[2022-11-17T08:56:31.888+0000] {processor.py:176} INFO - Processing /home/airflow/.local/lib/python3.7/site-packages/airflow/example_dags/example_branch_datetime_operator.py took 0.397 seconds
[2022-11-17T08:57:02.131+0000] {processor.py:154} INFO - Started process (PID=211) to work on /home/airflow/.local/lib/python3.7/site-packages/airflow/example_dags/example_branch_datetime_operator.py
[2022-11-17T08:57:02.153+0000] {processor.py:756} INFO - Processing file /home/airflow/.local/lib/python3.7/site-packages/airflow/example_dags/example_branch_datetime_operator.py for tasks to queue
[2022-11-17T08:57:02.162+0000] {logging_mixin.py:137} INFO - [2022-11-17T08:57:02.161+0000] {dagbag.py:537} INFO - Filling up the DagBag from /home/airflow/.local/lib/python3.7/site-packages/airflow/example_dags/example_branch_datetime_operator.py
[2022-11-17T08:57:02.262+0000] {processor.py:766} INFO - DAG(s) dict_keys(['example_branch_datetime_operator_2', 'example_branch_datetime_operator_3', 'example_branch_datetime_operator']) retrieved from /home/airflow/.local/lib/python3.7/site-packages/airflow/example_dags/example_branch_datetime_operator.py
[2022-11-17T08:57:02.547+0000] {logging_mixin.py:137} INFO - [2022-11-17T08:57:02.547+0000] {dag.py:2585} INFO - Sync 3 DAGs
[2022-11-17T08:57:03.328+0000] {logging_mixin.py:137} INFO - [2022-11-17T08:57:03.328+0000] {dag.py:3340} INFO - Setting next_dagrun for example_branch_datetime_operator to 2022-11-16T00:00:00+00:00, run_after=2022-11-17T00:00:00+00:00
[2022-11-17T08:57:03.354+0000] {logging_mixin.py:137} INFO - [2022-11-17T08:57:03.354+0000] {dag.py:3340} INFO - Setting next_dagrun for example_branch_datetime_operator_2 to 2022-11-16T00:00:00+00:00, run_after=2022-11-17T00:00:00+00:00
[2022-11-17T08:57:03.380+0000] {logging_mixin.py:137} INFO - [2022-11-17T08:57:03.372+0000] {dag.py:3340} INFO - Setting next_dagrun for example_branch_datetime_operator_3 to 2022-11-16T00:00:00+00:00, run_after=2022-11-17T00:00:00+00:00
[2022-11-17T08:57:04.237+0000] {processor.py:176} INFO - Processing /home/airflow/.local/lib/python3.7/site-packages/airflow/example_dags/example_branch_datetime_operator.py took 2.123 seconds
[2022-11-17T08:57:34.673+0000] {processor.py:154} INFO - Started process (PID=265) to work on /home/airflow/.local/lib/python3.7/site-packages/airflow/example_dags/example_branch_datetime_operator.py
[2022-11-17T08:57:34.682+0000] {processor.py:756} INFO - Processing file /home/airflow/.local/lib/python3.7/site-packages/airflow/example_dags/example_branch_datetime_operator.py for tasks to queue
[2022-11-17T08:57:34.692+0000] {logging_mixin.py:137} INFO - [2022-11-17T08:57:34.688+0000] {dagbag.py:537} INFO - Filling up the DagBag from /home/airflow/.local/lib/python3.7/site-packages/airflow/example_dags/example_branch_datetime_operator.py
[2022-11-17T08:57:34.784+0000] {processor.py:766} INFO - DAG(s) dict_keys(['example_branch_datetime_operator_3', 'example_branch_datetime_operator_2', 'example_branch_datetime_operator']) retrieved from /home/airflow/.local/lib/python3.7/site-packages/airflow/example_dags/example_branch_datetime_operator.py
[2022-11-17T08:57:34.899+0000] {logging_mixin.py:137} INFO - [2022-11-17T08:57:34.899+0000] {dag.py:2585} INFO - Sync 3 DAGs
[2022-11-17T08:57:34.953+0000] {logging_mixin.py:137} INFO - [2022-11-17T08:57:34.952+0000] {dag.py:3340} INFO - Setting next_dagrun for example_branch_datetime_operator to 2022-11-16T00:00:00+00:00, run_after=2022-11-17T00:00:00+00:00
[2022-11-17T08:57:34.976+0000] {logging_mixin.py:137} INFO - [2022-11-17T08:57:34.971+0000] {dag.py:3340} INFO - Setting next_dagrun for example_branch_datetime_operator_2 to 2022-11-16T00:00:00+00:00, run_after=2022-11-17T00:00:00+00:00
[2022-11-17T08:57:34.992+0000] {logging_mixin.py:137} INFO - [2022-11-17T08:57:34.992+0000] {dag.py:3340} INFO - Setting next_dagrun for example_branch_datetime_operator_3 to 2022-11-16T00:00:00+00:00, run_after=2022-11-17T00:00:00+00:00
[2022-11-17T08:57:35.042+0000] {processor.py:176} INFO - Processing /home/airflow/.local/lib/python3.7/site-packages/airflow/example_dags/example_branch_datetime_operator.py took 0.389 seconds
[2022-11-17T08:58:05.587+0000] {processor.py:154} INFO - Started process (PID=319) to work on /home/airflow/.local/lib/python3.7/site-packages/airflow/example_dags/example_branch_datetime_operator.py
[2022-11-17T08:58:05.590+0000] {processor.py:756} INFO - Processing file /home/airflow/.local/lib/python3.7/site-packages/airflow/example_dags/example_branch_datetime_operator.py for tasks to queue
[2022-11-17T08:58:05.598+0000] {logging_mixin.py:137} INFO - [2022-11-17T08:58:05.598+0000] {dagbag.py:537} INFO - Filling up the DagBag from /home/airflow/.local/lib/python3.7/site-packages/airflow/example_dags/example_branch_datetime_operator.py
[2022-11-17T08:58:05.639+0000] {processor.py:766} INFO - DAG(s) dict_keys(['example_branch_datetime_operator_3', 'example_branch_datetime_operator_2', 'example_branch_datetime_operator']) retrieved from /home/airflow/.local/lib/python3.7/site-packages/airflow/example_dags/example_branch_datetime_operator.py
[2022-11-17T08:58:05.729+0000] {logging_mixin.py:137} INFO - [2022-11-17T08:58:05.729+0000] {dag.py:2585} INFO - Sync 3 DAGs
[2022-11-17T08:58:05.784+0000] {logging_mixin.py:137} INFO - [2022-11-17T08:58:05.784+0000] {dag.py:3340} INFO - Setting next_dagrun for example_branch_datetime_operator to 2022-11-16T00:00:00+00:00, run_after=2022-11-17T00:00:00+00:00
[2022-11-17T08:58:05.801+0000] {logging_mixin.py:137} INFO - [2022-11-17T08:58:05.800+0000] {dag.py:3340} INFO - Setting next_dagrun for example_branch_datetime_operator_2 to 2022-11-16T00:00:00+00:00, run_after=2022-11-17T00:00:00+00:00
[2022-11-17T08:58:05.808+0000] {logging_mixin.py:137} INFO - [2022-11-17T08:58:05.808+0000] {dag.py:3340} INFO - Setting next_dagrun for example_branch_datetime_operator_3 to 2022-11-16T00:00:00+00:00, run_after=2022-11-17T00:00:00+00:00
[2022-11-17T08:58:05.855+0000] {processor.py:176} INFO - Processing /home/airflow/.local/lib/python3.7/site-packages/airflow/example_dags/example_branch_datetime_operator.py took 0.275 seconds
[2022-11-17T08:58:36.449+0000] {processor.py:154} INFO - Started process (PID=382) to work on /home/airflow/.local/lib/python3.7/site-packages/airflow/example_dags/example_branch_datetime_operator.py
[2022-11-17T08:58:36.453+0000] {processor.py:756} INFO - Processing file /home/airflow/.local/lib/python3.7/site-packages/airflow/example_dags/example_branch_datetime_operator.py for tasks to queue
[2022-11-17T08:58:36.456+0000] {logging_mixin.py:137} INFO - [2022-11-17T08:58:36.456+0000] {dagbag.py:537} INFO - Filling up the DagBag from /home/airflow/.local/lib/python3.7/site-packages/airflow/example_dags/example_branch_datetime_operator.py
[2022-11-17T08:58:36.492+0000] {processor.py:766} INFO - DAG(s) dict_keys(['example_branch_datetime_operator_3', 'example_branch_datetime_operator', 'example_branch_datetime_operator_2']) retrieved from /home/airflow/.local/lib/python3.7/site-packages/airflow/example_dags/example_branch_datetime_operator.py
[2022-11-17T08:58:36.652+0000] {logging_mixin.py:137} INFO - [2022-11-17T08:58:36.652+0000] {dag.py:2585} INFO - Sync 3 DAGs
[2022-11-17T08:58:36.709+0000] {logging_mixin.py:137} INFO - [2022-11-17T08:58:36.708+0000] {dag.py:3340} INFO - Setting next_dagrun for example_branch_datetime_operator to 2022-11-16T00:00:00+00:00, run_after=2022-11-17T00:00:00+00:00
[2022-11-17T08:58:36.724+0000] {logging_mixin.py:137} INFO - [2022-11-17T08:58:36.723+0000] {dag.py:3340} INFO - Setting next_dagrun for example_branch_datetime_operator_2 to 2022-11-16T00:00:00+00:00, run_after=2022-11-17T00:00:00+00:00
[2022-11-17T08:58:36.741+0000] {logging_mixin.py:137} INFO - [2022-11-17T08:58:36.740+0000] {dag.py:3340} INFO - Setting next_dagrun for example_branch_datetime_operator_3 to 2022-11-16T00:00:00+00:00, run_after=2022-11-17T00:00:00+00:00
[2022-11-17T08:58:36.891+0000] {processor.py:176} INFO - Processing /home/airflow/.local/lib/python3.7/site-packages/airflow/example_dags/example_branch_datetime_operator.py took 0.450 seconds
[2022-11-17T08:59:07.635+0000] {processor.py:154} INFO - Started process (PID=435) to work on /home/airflow/.local/lib/python3.7/site-packages/airflow/example_dags/example_branch_datetime_operator.py
[2022-11-17T08:59:07.640+0000] {processor.py:756} INFO - Processing file /home/airflow/.local/lib/python3.7/site-packages/airflow/example_dags/example_branch_datetime_operator.py for tasks to queue
[2022-11-17T08:59:07.646+0000] {logging_mixin.py:137} INFO - [2022-11-17T08:59:07.646+0000] {dagbag.py:537} INFO - Filling up the DagBag from /home/airflow/.local/lib/python3.7/site-packages/airflow/example_dags/example_branch_datetime_operator.py
[2022-11-17T08:59:07.782+0000] {processor.py:766} INFO - DAG(s) dict_keys(['example_branch_datetime_operator', 'example_branch_datetime_operator_2', 'example_branch_datetime_operator_3']) retrieved from /home/airflow/.local/lib/python3.7/site-packages/airflow/example_dags/example_branch_datetime_operator.py
[2022-11-17T08:59:07.902+0000] {logging_mixin.py:137} INFO - [2022-11-17T08:59:07.902+0000] {dag.py:2585} INFO - Sync 3 DAGs
[2022-11-17T08:59:07.963+0000] {logging_mixin.py:137} INFO - [2022-11-17T08:59:07.962+0000] {dag.py:3340} INFO - Setting next_dagrun for example_branch_datetime_operator to 2022-11-16T00:00:00+00:00, run_after=2022-11-17T00:00:00+00:00
[2022-11-17T08:59:07.984+0000] {logging_mixin.py:137} INFO - [2022-11-17T08:59:07.984+0000] {dag.py:3340} INFO - Setting next_dagrun for example_branch_datetime_operator_2 to 2022-11-16T00:00:00+00:00, run_after=2022-11-17T00:00:00+00:00
[2022-11-17T08:59:07.998+0000] {logging_mixin.py:137} INFO - [2022-11-17T08:59:07.998+0000] {dag.py:3340} INFO - Setting next_dagrun for example_branch_datetime_operator_3 to 2022-11-16T00:00:00+00:00, run_after=2022-11-17T00:00:00+00:00
[2022-11-17T08:59:08.041+0000] {processor.py:176} INFO - Processing /home/airflow/.local/lib/python3.7/site-packages/airflow/example_dags/example_branch_datetime_operator.py took 0.417 seconds
[2022-11-17T08:59:42.702+0000] {processor.py:154} INFO - Started process (PID=486) to work on /home/airflow/.local/lib/python3.7/site-packages/airflow/example_dags/example_branch_datetime_operator.py
[2022-11-17T08:59:42.727+0000] {processor.py:756} INFO - Processing file /home/airflow/.local/lib/python3.7/site-packages/airflow/example_dags/example_branch_datetime_operator.py for tasks to queue
[2022-11-17T08:59:42.744+0000] {logging_mixin.py:137} INFO - [2022-11-17T08:59:42.736+0000] {dagbag.py:537} INFO - Filling up the DagBag from /home/airflow/.local/lib/python3.7/site-packages/airflow/example_dags/example_branch_datetime_operator.py
[2022-11-17T08:59:43.085+0000] {processor.py:766} INFO - DAG(s) dict_keys(['example_branch_datetime_operator', 'example_branch_datetime_operator_2', 'example_branch_datetime_operator_3']) retrieved from /home/airflow/.local/lib/python3.7/site-packages/airflow/example_dags/example_branch_datetime_operator.py
[2022-11-17T08:59:43.408+0000] {logging_mixin.py:137} INFO - [2022-11-17T08:59:43.407+0000] {dag.py:2585} INFO - Sync 3 DAGs
[2022-11-17T08:59:43.488+0000] {logging_mixin.py:137} INFO - [2022-11-17T08:59:43.487+0000] {dag.py:3340} INFO - Setting next_dagrun for example_branch_datetime_operator to 2022-11-16T00:00:00+00:00, run_after=2022-11-17T00:00:00+00:00
[2022-11-17T08:59:43.511+0000] {logging_mixin.py:137} INFO - [2022-11-17T08:59:43.511+0000] {dag.py:3340} INFO - Setting next_dagrun for example_branch_datetime_operator_2 to 2022-11-16T00:00:00+00:00, run_after=2022-11-17T00:00:00+00:00
[2022-11-17T08:59:43.529+0000] {logging_mixin.py:137} INFO - [2022-11-17T08:59:43.529+0000] {dag.py:3340} INFO - Setting next_dagrun for example_branch_datetime_operator_3 to 2022-11-16T00:00:00+00:00, run_after=2022-11-17T00:00:00+00:00
[2022-11-17T08:59:43.619+0000] {processor.py:176} INFO - Processing /home/airflow/.local/lib/python3.7/site-packages/airflow/example_dags/example_branch_datetime_operator.py took 0.933 seconds
[2022-11-17T09:00:14.236+0000] {processor.py:154} INFO - Started process (PID=539) to work on /home/airflow/.local/lib/python3.7/site-packages/airflow/example_dags/example_branch_datetime_operator.py
[2022-11-17T09:00:14.240+0000] {processor.py:756} INFO - Processing file /home/airflow/.local/lib/python3.7/site-packages/airflow/example_dags/example_branch_datetime_operator.py for tasks to queue
[2022-11-17T09:00:14.248+0000] {logging_mixin.py:137} INFO - [2022-11-17T09:00:14.248+0000] {dagbag.py:537} INFO - Filling up the DagBag from /home/airflow/.local/lib/python3.7/site-packages/airflow/example_dags/example_branch_datetime_operator.py
[2022-11-17T09:00:14.320+0000] {processor.py:766} INFO - DAG(s) dict_keys(['example_branch_datetime_operator', 'example_branch_datetime_operator_2', 'example_branch_datetime_operator_3']) retrieved from /home/airflow/.local/lib/python3.7/site-packages/airflow/example_dags/example_branch_datetime_operator.py
[2022-11-17T09:00:14.731+0000] {logging_mixin.py:137} INFO - [2022-11-17T09:00:14.730+0000] {dag.py:2585} INFO - Sync 3 DAGs
[2022-11-17T09:00:15.126+0000] {logging_mixin.py:137} INFO - [2022-11-17T09:00:15.125+0000] {dag.py:3340} INFO - Setting next_dagrun for example_branch_datetime_operator to 2022-11-16T00:00:00+00:00, run_after=2022-11-17T00:00:00+00:00
[2022-11-17T09:00:15.228+0000] {logging_mixin.py:137} INFO - [2022-11-17T09:00:15.228+0000] {dag.py:3340} INFO - Setting next_dagrun for example_branch_datetime_operator_2 to 2022-11-16T00:00:00+00:00, run_after=2022-11-17T00:00:00+00:00
[2022-11-17T09:00:15.267+0000] {logging_mixin.py:137} INFO - [2022-11-17T09:00:15.265+0000] {dag.py:3340} INFO - Setting next_dagrun for example_branch_datetime_operator_3 to 2022-11-16T00:00:00+00:00, run_after=2022-11-17T00:00:00+00:00
[2022-11-17T09:00:15.431+0000] {processor.py:176} INFO - Processing /home/airflow/.local/lib/python3.7/site-packages/airflow/example_dags/example_branch_datetime_operator.py took 1.212 seconds
[2022-11-17T09:00:47.929+0000] {processor.py:154} INFO - Started process (PID=593) to work on /home/airflow/.local/lib/python3.7/site-packages/airflow/example_dags/example_branch_datetime_operator.py
[2022-11-17T09:00:47.951+0000] {processor.py:756} INFO - Processing file /home/airflow/.local/lib/python3.7/site-packages/airflow/example_dags/example_branch_datetime_operator.py for tasks to queue
[2022-11-17T09:00:47.954+0000] {logging_mixin.py:137} INFO - [2022-11-17T09:00:47.954+0000] {dagbag.py:537} INFO - Filling up the DagBag from /home/airflow/.local/lib/python3.7/site-packages/airflow/example_dags/example_branch_datetime_operator.py
[2022-11-17T09:00:48.173+0000] {processor.py:766} INFO - DAG(s) dict_keys(['example_branch_datetime_operator', 'example_branch_datetime_operator_3', 'example_branch_datetime_operator_2']) retrieved from /home/airflow/.local/lib/python3.7/site-packages/airflow/example_dags/example_branch_datetime_operator.py
[2022-11-17T09:00:48.616+0000] {logging_mixin.py:137} INFO - [2022-11-17T09:00:48.616+0000] {dag.py:2585} INFO - Sync 3 DAGs
[2022-11-17T09:00:48.854+0000] {logging_mixin.py:137} INFO - [2022-11-17T09:00:48.853+0000] {dag.py:3340} INFO - Setting next_dagrun for example_branch_datetime_operator to 2022-11-16T00:00:00+00:00, run_after=2022-11-17T00:00:00+00:00
[2022-11-17T09:00:48.977+0000] {logging_mixin.py:137} INFO - [2022-11-17T09:00:48.977+0000] {dag.py:3340} INFO - Setting next_dagrun for example_branch_datetime_operator_2 to 2022-11-16T00:00:00+00:00, run_after=2022-11-17T00:00:00+00:00
[2022-11-17T09:00:48.996+0000] {logging_mixin.py:137} INFO - [2022-11-17T09:00:48.987+0000] {dag.py:3340} INFO - Setting next_dagrun for example_branch_datetime_operator_3 to 2022-11-16T00:00:00+00:00, run_after=2022-11-17T00:00:00+00:00
[2022-11-17T09:00:49.109+0000] {processor.py:176} INFO - Processing /home/airflow/.local/lib/python3.7/site-packages/airflow/example_dags/example_branch_datetime_operator.py took 1.277 seconds
[2022-11-17T09:01:21.158+0000] {processor.py:154} INFO - Started process (PID=646) to work on /home/airflow/.local/lib/python3.7/site-packages/airflow/example_dags/example_branch_datetime_operator.py
[2022-11-17T09:01:21.164+0000] {processor.py:756} INFO - Processing file /home/airflow/.local/lib/python3.7/site-packages/airflow/example_dags/example_branch_datetime_operator.py for tasks to queue
[2022-11-17T09:01:21.175+0000] {logging_mixin.py:137} INFO - [2022-11-17T09:01:21.174+0000] {dagbag.py:537} INFO - Filling up the DagBag from /home/airflow/.local/lib/python3.7/site-packages/airflow/example_dags/example_branch_datetime_operator.py
[2022-11-17T09:01:21.459+0000] {processor.py:766} INFO - DAG(s) dict_keys(['example_branch_datetime_operator', 'example_branch_datetime_operator_2', 'example_branch_datetime_operator_3']) retrieved from /home/airflow/.local/lib/python3.7/site-packages/airflow/example_dags/example_branch_datetime_operator.py
[2022-11-17T09:01:21.739+0000] {logging_mixin.py:137} INFO - [2022-11-17T09:01:21.739+0000] {dag.py:2585} INFO - Sync 3 DAGs
[2022-11-17T09:01:21.836+0000] {logging_mixin.py:137} INFO - [2022-11-17T09:01:21.836+0000] {dag.py:3340} INFO - Setting next_dagrun for example_branch_datetime_operator to 2022-11-16T00:00:00+00:00, run_after=2022-11-17T00:00:00+00:00
[2022-11-17T09:01:21.862+0000] {logging_mixin.py:137} INFO - [2022-11-17T09:01:21.862+0000] {dag.py:3340} INFO - Setting next_dagrun for example_branch_datetime_operator_2 to 2022-11-16T00:00:00+00:00, run_after=2022-11-17T00:00:00+00:00
[2022-11-17T09:01:21.874+0000] {logging_mixin.py:137} INFO - [2022-11-17T09:01:21.874+0000] {dag.py:3340} INFO - Setting next_dagrun for example_branch_datetime_operator_3 to 2022-11-16T00:00:00+00:00, run_after=2022-11-17T00:00:00+00:00
[2022-11-17T09:01:21.961+0000] {processor.py:176} INFO - Processing /home/airflow/.local/lib/python3.7/site-packages/airflow/example_dags/example_branch_datetime_operator.py took 0.834 seconds
