[2022-11-17T08:48:08.917+0000] {processor.py:154} INFO - Started process (PID=61) to work on /home/airflow/.local/lib/python3.7/site-packages/airflow/example_dags/example_task_group_decorator.py
[2022-11-17T08:48:08.928+0000] {processor.py:756} INFO - Processing file /home/airflow/.local/lib/python3.7/site-packages/airflow/example_dags/example_task_group_decorator.py for tasks to queue
[2022-11-17T08:48:08.932+0000] {logging_mixin.py:137} INFO - [2022-11-17T08:48:08.932+0000] {dagbag.py:537} INFO - Filling up the DagBag from /home/airflow/.local/lib/python3.7/site-packages/airflow/example_dags/example_task_group_decorator.py
[2022-11-17T08:48:09.194+0000] {processor.py:766} INFO - DAG(s) dict_keys(['example_task_group_decorator']) retrieved from /home/airflow/.local/lib/python3.7/site-packages/airflow/example_dags/example_task_group_decorator.py
[2022-11-17T08:48:09.929+0000] {logging_mixin.py:137} INFO - [2022-11-17T08:48:09.929+0000] {manager.py:507} INFO - Created Permission View: can delete on DAG:example_task_group_decorator
[2022-11-17T08:48:09.975+0000] {logging_mixin.py:137} INFO - [2022-11-17T08:48:09.975+0000] {manager.py:507} INFO - Created Permission View: can edit on DAG:example_task_group_decorator
[2022-11-17T08:48:10.011+0000] {logging_mixin.py:137} INFO - [2022-11-17T08:48:10.010+0000] {manager.py:507} INFO - Created Permission View: can read on DAG:example_task_group_decorator
[2022-11-17T08:48:10.016+0000] {logging_mixin.py:137} INFO - [2022-11-17T08:48:10.013+0000] {dag.py:2585} INFO - Sync 1 DAGs
[2022-11-17T08:48:10.078+0000] {logging_mixin.py:137} INFO - [2022-11-17T08:48:10.078+0000] {dag.py:2606} INFO - Creating ORM DAG for example_task_group_decorator
[2022-11-17T08:48:10.103+0000] {logging_mixin.py:137} INFO - [2022-11-17T08:48:10.103+0000] {dag.py:3340} INFO - Setting next_dagrun for example_task_group_decorator to 2022-11-16T08:48:10.102612+00:00, run_after=2022-11-17T08:48:10.102612+00:00
[2022-11-17T08:48:10.145+0000] {processor.py:176} INFO - Processing /home/airflow/.local/lib/python3.7/site-packages/airflow/example_dags/example_task_group_decorator.py took 1.255 seconds
[2022-11-17T08:55:36.915+0000] {processor.py:154} INFO - Started process (PID=72) to work on /home/airflow/.local/lib/python3.7/site-packages/airflow/example_dags/example_task_group_decorator.py
[2022-11-17T08:55:36.919+0000] {processor.py:756} INFO - Processing file /home/airflow/.local/lib/python3.7/site-packages/airflow/example_dags/example_task_group_decorator.py for tasks to queue
[2022-11-17T08:55:36.924+0000] {logging_mixin.py:137} INFO - [2022-11-17T08:55:36.923+0000] {dagbag.py:537} INFO - Filling up the DagBag from /home/airflow/.local/lib/python3.7/site-packages/airflow/example_dags/example_task_group_decorator.py
[2022-11-17T08:55:37.373+0000] {processor.py:766} INFO - DAG(s) dict_keys(['example_task_group_decorator']) retrieved from /home/airflow/.local/lib/python3.7/site-packages/airflow/example_dags/example_task_group_decorator.py
[2022-11-17T08:55:37.633+0000] {logging_mixin.py:137} INFO - [2022-11-17T08:55:37.632+0000] {dag.py:2585} INFO - Sync 1 DAGs
[2022-11-17T08:55:37.804+0000] {logging_mixin.py:137} INFO - [2022-11-17T08:55:37.804+0000] {dag.py:3340} INFO - Setting next_dagrun for example_task_group_decorator to 2022-11-16T08:55:37.804307+00:00, run_after=2022-11-17T08:55:37.804307+00:00
[2022-11-17T08:55:37.999+0000] {processor.py:176} INFO - Processing /home/airflow/.local/lib/python3.7/site-packages/airflow/example_dags/example_task_group_decorator.py took 1.107 seconds
[2022-11-17T08:56:08.448+0000] {processor.py:154} INFO - Started process (PID=125) to work on /home/airflow/.local/lib/python3.7/site-packages/airflow/example_dags/example_task_group_decorator.py
[2022-11-17T08:56:08.455+0000] {processor.py:756} INFO - Processing file /home/airflow/.local/lib/python3.7/site-packages/airflow/example_dags/example_task_group_decorator.py for tasks to queue
[2022-11-17T08:56:08.571+0000] {logging_mixin.py:137} INFO - [2022-11-17T08:56:08.460+0000] {dagbag.py:537} INFO - Filling up the DagBag from /home/airflow/.local/lib/python3.7/site-packages/airflow/example_dags/example_task_group_decorator.py
[2022-11-17T08:56:08.768+0000] {processor.py:766} INFO - DAG(s) dict_keys(['example_task_group_decorator']) retrieved from /home/airflow/.local/lib/python3.7/site-packages/airflow/example_dags/example_task_group_decorator.py
[2022-11-17T08:56:08.993+0000] {logging_mixin.py:137} INFO - [2022-11-17T08:56:08.993+0000] {dag.py:2585} INFO - Sync 1 DAGs
[2022-11-17T08:56:09.122+0000] {logging_mixin.py:137} INFO - [2022-11-17T08:56:09.121+0000] {dag.py:3340} INFO - Setting next_dagrun for example_task_group_decorator to 2022-11-16T08:56:09.121245+00:00, run_after=2022-11-17T08:56:09.121245+00:00
[2022-11-17T08:56:09.252+0000] {processor.py:176} INFO - Processing /home/airflow/.local/lib/python3.7/site-packages/airflow/example_dags/example_task_group_decorator.py took 0.815 seconds
[2022-11-17T08:56:39.501+0000] {processor.py:154} INFO - Started process (PID=179) to work on /home/airflow/.local/lib/python3.7/site-packages/airflow/example_dags/example_task_group_decorator.py
[2022-11-17T08:56:39.514+0000] {processor.py:756} INFO - Processing file /home/airflow/.local/lib/python3.7/site-packages/airflow/example_dags/example_task_group_decorator.py for tasks to queue
[2022-11-17T08:56:39.517+0000] {logging_mixin.py:137} INFO - [2022-11-17T08:56:39.517+0000] {dagbag.py:537} INFO - Filling up the DagBag from /home/airflow/.local/lib/python3.7/site-packages/airflow/example_dags/example_task_group_decorator.py
[2022-11-17T08:56:39.773+0000] {processor.py:766} INFO - DAG(s) dict_keys(['example_task_group_decorator']) retrieved from /home/airflow/.local/lib/python3.7/site-packages/airflow/example_dags/example_task_group_decorator.py
[2022-11-17T08:56:40.028+0000] {logging_mixin.py:137} INFO - [2022-11-17T08:56:40.028+0000] {dag.py:2585} INFO - Sync 1 DAGs
[2022-11-17T08:56:40.091+0000] {logging_mixin.py:137} INFO - [2022-11-17T08:56:40.091+0000] {dag.py:3340} INFO - Setting next_dagrun for example_task_group_decorator to 2022-11-16T08:56:40.090764+00:00, run_after=2022-11-17T08:56:40.090764+00:00
[2022-11-17T08:56:40.136+0000] {processor.py:176} INFO - Processing /home/airflow/.local/lib/python3.7/site-packages/airflow/example_dags/example_task_group_decorator.py took 0.663 seconds
[2022-11-17T08:57:10.443+0000] {processor.py:154} INFO - Started process (PID=234) to work on /home/airflow/.local/lib/python3.7/site-packages/airflow/example_dags/example_task_group_decorator.py
[2022-11-17T08:57:10.451+0000] {processor.py:756} INFO - Processing file /home/airflow/.local/lib/python3.7/site-packages/airflow/example_dags/example_task_group_decorator.py for tasks to queue
[2022-11-17T08:57:10.458+0000] {logging_mixin.py:137} INFO - [2022-11-17T08:57:10.456+0000] {dagbag.py:537} INFO - Filling up the DagBag from /home/airflow/.local/lib/python3.7/site-packages/airflow/example_dags/example_task_group_decorator.py
[2022-11-17T08:57:10.613+0000] {processor.py:766} INFO - DAG(s) dict_keys(['example_task_group_decorator']) retrieved from /home/airflow/.local/lib/python3.7/site-packages/airflow/example_dags/example_task_group_decorator.py
[2022-11-17T08:57:10.803+0000] {logging_mixin.py:137} INFO - [2022-11-17T08:57:10.803+0000] {dag.py:2585} INFO - Sync 1 DAGs
[2022-11-17T08:57:10.865+0000] {logging_mixin.py:137} INFO - [2022-11-17T08:57:10.865+0000] {dag.py:3340} INFO - Setting next_dagrun for example_task_group_decorator to 2022-11-16T08:57:10.864718+00:00, run_after=2022-11-17T08:57:10.864718+00:00
[2022-11-17T08:57:10.909+0000] {processor.py:176} INFO - Processing /home/airflow/.local/lib/python3.7/site-packages/airflow/example_dags/example_task_group_decorator.py took 0.478 seconds
[2022-11-17T08:57:41.918+0000] {processor.py:154} INFO - Started process (PID=287) to work on /home/airflow/.local/lib/python3.7/site-packages/airflow/example_dags/example_task_group_decorator.py
[2022-11-17T08:57:41.927+0000] {processor.py:756} INFO - Processing file /home/airflow/.local/lib/python3.7/site-packages/airflow/example_dags/example_task_group_decorator.py for tasks to queue
[2022-11-17T08:57:41.938+0000] {logging_mixin.py:137} INFO - [2022-11-17T08:57:41.938+0000] {dagbag.py:537} INFO - Filling up the DagBag from /home/airflow/.local/lib/python3.7/site-packages/airflow/example_dags/example_task_group_decorator.py
[2022-11-17T08:57:42.272+0000] {processor.py:766} INFO - DAG(s) dict_keys(['example_task_group_decorator']) retrieved from /home/airflow/.local/lib/python3.7/site-packages/airflow/example_dags/example_task_group_decorator.py
[2022-11-17T08:57:42.620+0000] {logging_mixin.py:137} INFO - [2022-11-17T08:57:42.620+0000] {dag.py:2585} INFO - Sync 1 DAGs
[2022-11-17T08:57:42.751+0000] {logging_mixin.py:137} INFO - [2022-11-17T08:57:42.750+0000] {dag.py:3340} INFO - Setting next_dagrun for example_task_group_decorator to 2022-11-16T08:57:42.746235+00:00, run_after=2022-11-17T08:57:42.746235+00:00
[2022-11-17T08:57:42.829+0000] {processor.py:176} INFO - Processing /home/airflow/.local/lib/python3.7/site-packages/airflow/example_dags/example_task_group_decorator.py took 0.925 seconds
[2022-11-17T08:58:13.444+0000] {processor.py:154} INFO - Started process (PID=341) to work on /home/airflow/.local/lib/python3.7/site-packages/airflow/example_dags/example_task_group_decorator.py
[2022-11-17T08:58:13.448+0000] {processor.py:756} INFO - Processing file /home/airflow/.local/lib/python3.7/site-packages/airflow/example_dags/example_task_group_decorator.py for tasks to queue
[2022-11-17T08:58:13.451+0000] {logging_mixin.py:137} INFO - [2022-11-17T08:58:13.451+0000] {dagbag.py:537} INFO - Filling up the DagBag from /home/airflow/.local/lib/python3.7/site-packages/airflow/example_dags/example_task_group_decorator.py
[2022-11-17T08:58:13.615+0000] {processor.py:766} INFO - DAG(s) dict_keys(['example_task_group_decorator']) retrieved from /home/airflow/.local/lib/python3.7/site-packages/airflow/example_dags/example_task_group_decorator.py
[2022-11-17T08:58:13.845+0000] {logging_mixin.py:137} INFO - [2022-11-17T08:58:13.843+0000] {dag.py:2585} INFO - Sync 1 DAGs
[2022-11-17T08:58:13.993+0000] {logging_mixin.py:137} INFO - [2022-11-17T08:58:13.993+0000] {dag.py:3340} INFO - Setting next_dagrun for example_task_group_decorator to 2022-11-16T08:58:13.992900+00:00, run_after=2022-11-17T08:58:13.992900+00:00
[2022-11-17T08:58:14.089+0000] {processor.py:176} INFO - Processing /home/airflow/.local/lib/python3.7/site-packages/airflow/example_dags/example_task_group_decorator.py took 0.665 seconds
[2022-11-17T08:58:44.885+0000] {processor.py:154} INFO - Started process (PID=395) to work on /home/airflow/.local/lib/python3.7/site-packages/airflow/example_dags/example_task_group_decorator.py
[2022-11-17T08:58:44.894+0000] {processor.py:756} INFO - Processing file /home/airflow/.local/lib/python3.7/site-packages/airflow/example_dags/example_task_group_decorator.py for tasks to queue
[2022-11-17T08:58:44.897+0000] {logging_mixin.py:137} INFO - [2022-11-17T08:58:44.897+0000] {dagbag.py:537} INFO - Filling up the DagBag from /home/airflow/.local/lib/python3.7/site-packages/airflow/example_dags/example_task_group_decorator.py
[2022-11-17T08:58:45.070+0000] {processor.py:766} INFO - DAG(s) dict_keys(['example_task_group_decorator']) retrieved from /home/airflow/.local/lib/python3.7/site-packages/airflow/example_dags/example_task_group_decorator.py
[2022-11-17T08:58:45.373+0000] {logging_mixin.py:137} INFO - [2022-11-17T08:58:45.372+0000] {dag.py:2585} INFO - Sync 1 DAGs
[2022-11-17T08:58:45.670+0000] {logging_mixin.py:137} INFO - [2022-11-17T08:58:45.670+0000] {dag.py:3340} INFO - Setting next_dagrun for example_task_group_decorator to 2022-11-16T08:58:45.669924+00:00, run_after=2022-11-17T08:58:45.669924+00:00
[2022-11-17T08:58:45.800+0000] {processor.py:176} INFO - Processing /home/airflow/.local/lib/python3.7/site-packages/airflow/example_dags/example_task_group_decorator.py took 0.928 seconds
[2022-11-17T08:59:17.390+0000] {processor.py:154} INFO - Started process (PID=448) to work on /home/airflow/.local/lib/python3.7/site-packages/airflow/example_dags/example_task_group_decorator.py
[2022-11-17T08:59:17.405+0000] {processor.py:756} INFO - Processing file /home/airflow/.local/lib/python3.7/site-packages/airflow/example_dags/example_task_group_decorator.py for tasks to queue
[2022-11-17T08:59:17.437+0000] {logging_mixin.py:137} INFO - [2022-11-17T08:59:17.427+0000] {dagbag.py:537} INFO - Filling up the DagBag from /home/airflow/.local/lib/python3.7/site-packages/airflow/example_dags/example_task_group_decorator.py
[2022-11-17T08:59:17.910+0000] {processor.py:766} INFO - DAG(s) dict_keys(['example_task_group_decorator']) retrieved from /home/airflow/.local/lib/python3.7/site-packages/airflow/example_dags/example_task_group_decorator.py
[2022-11-17T08:59:18.620+0000] {logging_mixin.py:137} INFO - [2022-11-17T08:59:18.613+0000] {dag.py:2585} INFO - Sync 1 DAGs
[2022-11-17T08:59:19.030+0000] {logging_mixin.py:137} INFO - [2022-11-17T08:59:19.030+0000] {dag.py:3340} INFO - Setting next_dagrun for example_task_group_decorator to 2022-11-16T08:59:19.020168+00:00, run_after=2022-11-17T08:59:19.020168+00:00
[2022-11-17T08:59:19.346+0000] {processor.py:176} INFO - Processing /home/airflow/.local/lib/python3.7/site-packages/airflow/example_dags/example_task_group_decorator.py took 1.965 seconds
[2022-11-17T08:59:49.629+0000] {processor.py:154} INFO - Started process (PID=502) to work on /home/airflow/.local/lib/python3.7/site-packages/airflow/example_dags/example_task_group_decorator.py
[2022-11-17T08:59:49.640+0000] {processor.py:756} INFO - Processing file /home/airflow/.local/lib/python3.7/site-packages/airflow/example_dags/example_task_group_decorator.py for tasks to queue
[2022-11-17T08:59:49.642+0000] {logging_mixin.py:137} INFO - [2022-11-17T08:59:49.642+0000] {dagbag.py:537} INFO - Filling up the DagBag from /home/airflow/.local/lib/python3.7/site-packages/airflow/example_dags/example_task_group_decorator.py
[2022-11-17T08:59:49.889+0000] {processor.py:766} INFO - DAG(s) dict_keys(['example_task_group_decorator']) retrieved from /home/airflow/.local/lib/python3.7/site-packages/airflow/example_dags/example_task_group_decorator.py
[2022-11-17T08:59:50.563+0000] {logging_mixin.py:137} INFO - [2022-11-17T08:59:50.563+0000] {dag.py:2585} INFO - Sync 1 DAGs
[2022-11-17T08:59:50.728+0000] {logging_mixin.py:137} INFO - [2022-11-17T08:59:50.725+0000] {dag.py:3340} INFO - Setting next_dagrun for example_task_group_decorator to 2022-11-16T08:59:50.724983+00:00, run_after=2022-11-17T08:59:50.724983+00:00
[2022-11-17T08:59:50.834+0000] {processor.py:176} INFO - Processing /home/airflow/.local/lib/python3.7/site-packages/airflow/example_dags/example_task_group_decorator.py took 1.246 seconds
[2022-11-17T09:00:25.572+0000] {processor.py:154} INFO - Started process (PID=564) to work on /home/airflow/.local/lib/python3.7/site-packages/airflow/example_dags/example_task_group_decorator.py
[2022-11-17T09:00:25.576+0000] {processor.py:756} INFO - Processing file /home/airflow/.local/lib/python3.7/site-packages/airflow/example_dags/example_task_group_decorator.py for tasks to queue
[2022-11-17T09:00:25.583+0000] {logging_mixin.py:137} INFO - [2022-11-17T09:00:25.582+0000] {dagbag.py:537} INFO - Filling up the DagBag from /home/airflow/.local/lib/python3.7/site-packages/airflow/example_dags/example_task_group_decorator.py
[2022-11-17T09:00:25.759+0000] {processor.py:766} INFO - DAG(s) dict_keys(['example_task_group_decorator']) retrieved from /home/airflow/.local/lib/python3.7/site-packages/airflow/example_dags/example_task_group_decorator.py
[2022-11-17T09:00:26.327+0000] {logging_mixin.py:137} INFO - [2022-11-17T09:00:26.326+0000] {dag.py:2585} INFO - Sync 1 DAGs
[2022-11-17T09:00:26.431+0000] {logging_mixin.py:137} INFO - [2022-11-17T09:00:26.431+0000] {dag.py:3340} INFO - Setting next_dagrun for example_task_group_decorator to 2022-11-16T09:00:26.430605+00:00, run_after=2022-11-17T09:00:26.430605+00:00
[2022-11-17T09:00:26.501+0000] {processor.py:176} INFO - Processing /home/airflow/.local/lib/python3.7/site-packages/airflow/example_dags/example_task_group_decorator.py took 0.948 seconds
[2022-11-17T09:00:56.610+0000] {processor.py:154} INFO - Started process (PID=609) to work on /home/airflow/.local/lib/python3.7/site-packages/airflow/example_dags/example_task_group_decorator.py
[2022-11-17T09:00:56.614+0000] {processor.py:756} INFO - Processing file /home/airflow/.local/lib/python3.7/site-packages/airflow/example_dags/example_task_group_decorator.py for tasks to queue
[2022-11-17T09:00:56.619+0000] {logging_mixin.py:137} INFO - [2022-11-17T09:00:56.618+0000] {dagbag.py:537} INFO - Filling up the DagBag from /home/airflow/.local/lib/python3.7/site-packages/airflow/example_dags/example_task_group_decorator.py
[2022-11-17T09:00:56.672+0000] {processor.py:766} INFO - DAG(s) dict_keys(['example_task_group_decorator']) retrieved from /home/airflow/.local/lib/python3.7/site-packages/airflow/example_dags/example_task_group_decorator.py
[2022-11-17T09:00:56.763+0000] {logging_mixin.py:137} INFO - [2022-11-17T09:00:56.762+0000] {dag.py:2585} INFO - Sync 1 DAGs
[2022-11-17T09:00:56.807+0000] {logging_mixin.py:137} INFO - [2022-11-17T09:00:56.807+0000] {dag.py:3340} INFO - Setting next_dagrun for example_task_group_decorator to 2022-11-16T09:00:56.807016+00:00, run_after=2022-11-17T09:00:56.807016+00:00
[2022-11-17T09:00:56.848+0000] {processor.py:176} INFO - Processing /home/airflow/.local/lib/python3.7/site-packages/airflow/example_dags/example_task_group_decorator.py took 0.246 seconds
[2022-11-17T09:01:28.945+0000] {processor.py:154} INFO - Started process (PID=662) to work on /home/airflow/.local/lib/python3.7/site-packages/airflow/example_dags/example_task_group_decorator.py
[2022-11-17T09:01:28.958+0000] {processor.py:756} INFO - Processing file /home/airflow/.local/lib/python3.7/site-packages/airflow/example_dags/example_task_group_decorator.py for tasks to queue
[2022-11-17T09:01:28.963+0000] {logging_mixin.py:137} INFO - [2022-11-17T09:01:28.962+0000] {dagbag.py:537} INFO - Filling up the DagBag from /home/airflow/.local/lib/python3.7/site-packages/airflow/example_dags/example_task_group_decorator.py
[2022-11-17T09:01:29.115+0000] {processor.py:766} INFO - DAG(s) dict_keys(['example_task_group_decorator']) retrieved from /home/airflow/.local/lib/python3.7/site-packages/airflow/example_dags/example_task_group_decorator.py
[2022-11-17T09:01:29.347+0000] {logging_mixin.py:137} INFO - [2022-11-17T09:01:29.346+0000] {dag.py:2585} INFO - Sync 1 DAGs
[2022-11-17T09:01:29.534+0000] {logging_mixin.py:137} INFO - [2022-11-17T09:01:29.534+0000] {dag.py:3340} INFO - Setting next_dagrun for example_task_group_decorator to 2022-11-16T09:01:29.531813+00:00, run_after=2022-11-17T09:01:29.531813+00:00
[2022-11-17T09:01:29.676+0000] {processor.py:176} INFO - Processing /home/airflow/.local/lib/python3.7/site-packages/airflow/example_dags/example_task_group_decorator.py took 0.800 seconds
