[2022-11-17T08:48:05.644+0000] {processor.py:154} INFO - Started process (PID=55) to work on /home/airflow/.local/lib/python3.7/site-packages/airflow/example_dags/example_branch_operator.py
[2022-11-17T08:48:05.647+0000] {processor.py:756} INFO - Processing file /home/airflow/.local/lib/python3.7/site-packages/airflow/example_dags/example_branch_operator.py for tasks to queue
[2022-11-17T08:48:05.649+0000] {logging_mixin.py:137} INFO - [2022-11-17T08:48:05.649+0000] {dagbag.py:537} INFO - Filling up the DagBag from /home/airflow/.local/lib/python3.7/site-packages/airflow/example_dags/example_branch_operator.py
[2022-11-17T08:48:05.692+0000] {processor.py:766} INFO - DAG(s) dict_keys(['example_branch_operator']) retrieved from /home/airflow/.local/lib/python3.7/site-packages/airflow/example_dags/example_branch_operator.py
[2022-11-17T08:48:06.119+0000] {logging_mixin.py:137} INFO - [2022-11-17T08:48:06.118+0000] {manager.py:507} INFO - Created Permission View: can delete on DAG:example_branch_operator
[2022-11-17T08:48:06.146+0000] {logging_mixin.py:137} INFO - [2022-11-17T08:48:06.146+0000] {manager.py:507} INFO - Created Permission View: can edit on DAG:example_branch_operator
[2022-11-17T08:48:06.184+0000] {logging_mixin.py:137} INFO - [2022-11-17T08:48:06.184+0000] {manager.py:507} INFO - Created Permission View: can read on DAG:example_branch_operator
[2022-11-17T08:48:06.186+0000] {logging_mixin.py:137} INFO - [2022-11-17T08:48:06.186+0000] {dag.py:2585} INFO - Sync 1 DAGs
[2022-11-17T08:48:06.258+0000] {logging_mixin.py:137} INFO - [2022-11-17T08:48:06.258+0000] {dag.py:2606} INFO - Creating ORM DAG for example_branch_operator
[2022-11-17T08:48:06.323+0000] {logging_mixin.py:137} INFO - [2022-11-17T08:48:06.323+0000] {dag.py:3340} INFO - Setting next_dagrun for example_branch_operator to 2022-11-16T00:00:00+00:00, run_after=2022-11-17T00:00:00+00:00
[2022-11-17T08:48:06.467+0000] {processor.py:176} INFO - Processing /home/airflow/.local/lib/python3.7/site-packages/airflow/example_dags/example_branch_operator.py took 0.851 seconds
[2022-11-17T08:55:33.651+0000] {processor.py:154} INFO - Started process (PID=66) to work on /home/airflow/.local/lib/python3.7/site-packages/airflow/example_dags/example_branch_operator.py
[2022-11-17T08:55:33.657+0000] {processor.py:756} INFO - Processing file /home/airflow/.local/lib/python3.7/site-packages/airflow/example_dags/example_branch_operator.py for tasks to queue
[2022-11-17T08:55:33.684+0000] {logging_mixin.py:137} INFO - [2022-11-17T08:55:33.683+0000] {dagbag.py:537} INFO - Filling up the DagBag from /home/airflow/.local/lib/python3.7/site-packages/airflow/example_dags/example_branch_operator.py
[2022-11-17T08:55:33.767+0000] {processor.py:766} INFO - DAG(s) dict_keys(['example_branch_operator']) retrieved from /home/airflow/.local/lib/python3.7/site-packages/airflow/example_dags/example_branch_operator.py
[2022-11-17T08:55:34.015+0000] {logging_mixin.py:137} INFO - [2022-11-17T08:55:34.015+0000] {dag.py:2585} INFO - Sync 1 DAGs
[2022-11-17T08:55:34.235+0000] {logging_mixin.py:137} INFO - [2022-11-17T08:55:34.235+0000] {dag.py:3340} INFO - Setting next_dagrun for example_branch_operator to 2022-11-16T00:00:00+00:00, run_after=2022-11-17T00:00:00+00:00
[2022-11-17T08:55:34.335+0000] {processor.py:176} INFO - Processing /home/airflow/.local/lib/python3.7/site-packages/airflow/example_dags/example_branch_operator.py took 0.695 seconds
[2022-11-17T08:56:04.987+0000] {processor.py:154} INFO - Started process (PID=120) to work on /home/airflow/.local/lib/python3.7/site-packages/airflow/example_dags/example_branch_operator.py
[2022-11-17T08:56:04.992+0000] {processor.py:756} INFO - Processing file /home/airflow/.local/lib/python3.7/site-packages/airflow/example_dags/example_branch_operator.py for tasks to queue
[2022-11-17T08:56:04.995+0000] {logging_mixin.py:137} INFO - [2022-11-17T08:56:04.994+0000] {dagbag.py:537} INFO - Filling up the DagBag from /home/airflow/.local/lib/python3.7/site-packages/airflow/example_dags/example_branch_operator.py
[2022-11-17T08:56:05.052+0000] {processor.py:766} INFO - DAG(s) dict_keys(['example_branch_operator']) retrieved from /home/airflow/.local/lib/python3.7/site-packages/airflow/example_dags/example_branch_operator.py
[2022-11-17T08:56:05.171+0000] {logging_mixin.py:137} INFO - [2022-11-17T08:56:05.170+0000] {dag.py:2585} INFO - Sync 1 DAGs
[2022-11-17T08:56:05.233+0000] {logging_mixin.py:137} INFO - [2022-11-17T08:56:05.233+0000] {dag.py:3340} INFO - Setting next_dagrun for example_branch_operator to 2022-11-16T00:00:00+00:00, run_after=2022-11-17T00:00:00+00:00
[2022-11-17T08:56:05.293+0000] {processor.py:176} INFO - Processing /home/airflow/.local/lib/python3.7/site-packages/airflow/example_dags/example_branch_operator.py took 0.312 seconds
[2022-11-17T08:56:36.122+0000] {processor.py:154} INFO - Started process (PID=174) to work on /home/airflow/.local/lib/python3.7/site-packages/airflow/example_dags/example_branch_operator.py
[2022-11-17T08:56:36.130+0000] {processor.py:756} INFO - Processing file /home/airflow/.local/lib/python3.7/site-packages/airflow/example_dags/example_branch_operator.py for tasks to queue
[2022-11-17T08:56:36.138+0000] {logging_mixin.py:137} INFO - [2022-11-17T08:56:36.137+0000] {dagbag.py:537} INFO - Filling up the DagBag from /home/airflow/.local/lib/python3.7/site-packages/airflow/example_dags/example_branch_operator.py
[2022-11-17T08:56:36.218+0000] {processor.py:766} INFO - DAG(s) dict_keys(['example_branch_operator']) retrieved from /home/airflow/.local/lib/python3.7/site-packages/airflow/example_dags/example_branch_operator.py
[2022-11-17T08:56:36.877+0000] {logging_mixin.py:137} INFO - [2022-11-17T08:56:36.876+0000] {dag.py:2585} INFO - Sync 1 DAGs
[2022-11-17T08:56:37.047+0000] {logging_mixin.py:137} INFO - [2022-11-17T08:56:37.047+0000] {dag.py:3340} INFO - Setting next_dagrun for example_branch_operator to 2022-11-16T00:00:00+00:00, run_after=2022-11-17T00:00:00+00:00
[2022-11-17T08:56:37.225+0000] {processor.py:176} INFO - Processing /home/airflow/.local/lib/python3.7/site-packages/airflow/example_dags/example_branch_operator.py took 1.128 seconds
[2022-11-17T08:57:09.017+0000] {processor.py:154} INFO - Started process (PID=227) to work on /home/airflow/.local/lib/python3.7/site-packages/airflow/example_dags/example_branch_operator.py
[2022-11-17T08:57:09.024+0000] {processor.py:756} INFO - Processing file /home/airflow/.local/lib/python3.7/site-packages/airflow/example_dags/example_branch_operator.py for tasks to queue
[2022-11-17T08:57:09.034+0000] {logging_mixin.py:137} INFO - [2022-11-17T08:57:09.032+0000] {dagbag.py:537} INFO - Filling up the DagBag from /home/airflow/.local/lib/python3.7/site-packages/airflow/example_dags/example_branch_operator.py
[2022-11-17T08:57:09.200+0000] {processor.py:766} INFO - DAG(s) dict_keys(['example_branch_operator']) retrieved from /home/airflow/.local/lib/python3.7/site-packages/airflow/example_dags/example_branch_operator.py
[2022-11-17T08:57:09.606+0000] {logging_mixin.py:137} INFO - [2022-11-17T08:57:09.606+0000] {dag.py:2585} INFO - Sync 1 DAGs
[2022-11-17T08:57:09.701+0000] {logging_mixin.py:137} INFO - [2022-11-17T08:57:09.701+0000] {dag.py:3340} INFO - Setting next_dagrun for example_branch_operator to 2022-11-16T00:00:00+00:00, run_after=2022-11-17T00:00:00+00:00
[2022-11-17T08:57:09.800+0000] {processor.py:176} INFO - Processing /home/airflow/.local/lib/python3.7/site-packages/airflow/example_dags/example_branch_operator.py took 0.796 seconds
[2022-11-17T08:57:39.945+0000] {processor.py:154} INFO - Started process (PID=283) to work on /home/airflow/.local/lib/python3.7/site-packages/airflow/example_dags/example_branch_operator.py
[2022-11-17T08:57:39.953+0000] {processor.py:756} INFO - Processing file /home/airflow/.local/lib/python3.7/site-packages/airflow/example_dags/example_branch_operator.py for tasks to queue
[2022-11-17T08:57:39.958+0000] {logging_mixin.py:137} INFO - [2022-11-17T08:57:39.957+0000] {dagbag.py:537} INFO - Filling up the DagBag from /home/airflow/.local/lib/python3.7/site-packages/airflow/example_dags/example_branch_operator.py
[2022-11-17T08:57:40.042+0000] {processor.py:766} INFO - DAG(s) dict_keys(['example_branch_operator']) retrieved from /home/airflow/.local/lib/python3.7/site-packages/airflow/example_dags/example_branch_operator.py
[2022-11-17T08:57:40.194+0000] {logging_mixin.py:137} INFO - [2022-11-17T08:57:40.194+0000] {dag.py:2585} INFO - Sync 1 DAGs
[2022-11-17T08:57:40.459+0000] {logging_mixin.py:137} INFO - [2022-11-17T08:57:40.459+0000] {dag.py:3340} INFO - Setting next_dagrun for example_branch_operator to 2022-11-16T00:00:00+00:00, run_after=2022-11-17T00:00:00+00:00
[2022-11-17T08:57:40.679+0000] {processor.py:176} INFO - Processing /home/airflow/.local/lib/python3.7/site-packages/airflow/example_dags/example_branch_operator.py took 0.751 seconds
[2022-11-17T08:58:10.954+0000] {processor.py:154} INFO - Started process (PID=337) to work on /home/airflow/.local/lib/python3.7/site-packages/airflow/example_dags/example_branch_operator.py
[2022-11-17T08:58:10.957+0000] {processor.py:756} INFO - Processing file /home/airflow/.local/lib/python3.7/site-packages/airflow/example_dags/example_branch_operator.py for tasks to queue
[2022-11-17T08:58:10.961+0000] {logging_mixin.py:137} INFO - [2022-11-17T08:58:10.960+0000] {dagbag.py:537} INFO - Filling up the DagBag from /home/airflow/.local/lib/python3.7/site-packages/airflow/example_dags/example_branch_operator.py
[2022-11-17T08:58:11.007+0000] {processor.py:766} INFO - DAG(s) dict_keys(['example_branch_operator']) retrieved from /home/airflow/.local/lib/python3.7/site-packages/airflow/example_dags/example_branch_operator.py
[2022-11-17T08:58:11.131+0000] {logging_mixin.py:137} INFO - [2022-11-17T08:58:11.130+0000] {dag.py:2585} INFO - Sync 1 DAGs
[2022-11-17T08:58:11.252+0000] {logging_mixin.py:137} INFO - [2022-11-17T08:58:11.252+0000] {dag.py:3340} INFO - Setting next_dagrun for example_branch_operator to 2022-11-16T00:00:00+00:00, run_after=2022-11-17T00:00:00+00:00
[2022-11-17T08:58:11.301+0000] {processor.py:176} INFO - Processing /home/airflow/.local/lib/python3.7/site-packages/airflow/example_dags/example_branch_operator.py took 0.356 seconds
[2022-11-17T08:58:42.190+0000] {processor.py:154} INFO - Started process (PID=390) to work on /home/airflow/.local/lib/python3.7/site-packages/airflow/example_dags/example_branch_operator.py
[2022-11-17T08:58:42.200+0000] {processor.py:756} INFO - Processing file /home/airflow/.local/lib/python3.7/site-packages/airflow/example_dags/example_branch_operator.py for tasks to queue
[2022-11-17T08:58:42.210+0000] {logging_mixin.py:137} INFO - [2022-11-17T08:58:42.210+0000] {dagbag.py:537} INFO - Filling up the DagBag from /home/airflow/.local/lib/python3.7/site-packages/airflow/example_dags/example_branch_operator.py
[2022-11-17T08:58:42.267+0000] {processor.py:766} INFO - DAG(s) dict_keys(['example_branch_operator']) retrieved from /home/airflow/.local/lib/python3.7/site-packages/airflow/example_dags/example_branch_operator.py
[2022-11-17T08:58:42.410+0000] {logging_mixin.py:137} INFO - [2022-11-17T08:58:42.410+0000] {dag.py:2585} INFO - Sync 1 DAGs
[2022-11-17T08:58:42.534+0000] {logging_mixin.py:137} INFO - [2022-11-17T08:58:42.532+0000] {dag.py:3340} INFO - Setting next_dagrun for example_branch_operator to 2022-11-16T00:00:00+00:00, run_after=2022-11-17T00:00:00+00:00
[2022-11-17T08:58:42.662+0000] {processor.py:176} INFO - Processing /home/airflow/.local/lib/python3.7/site-packages/airflow/example_dags/example_branch_operator.py took 0.490 seconds
[2022-11-17T08:59:13.159+0000] {processor.py:154} INFO - Started process (PID=443) to work on /home/airflow/.local/lib/python3.7/site-packages/airflow/example_dags/example_branch_operator.py
[2022-11-17T08:59:13.164+0000] {processor.py:756} INFO - Processing file /home/airflow/.local/lib/python3.7/site-packages/airflow/example_dags/example_branch_operator.py for tasks to queue
[2022-11-17T08:59:13.170+0000] {logging_mixin.py:137} INFO - [2022-11-17T08:59:13.169+0000] {dagbag.py:537} INFO - Filling up the DagBag from /home/airflow/.local/lib/python3.7/site-packages/airflow/example_dags/example_branch_operator.py
[2022-11-17T08:59:13.243+0000] {processor.py:766} INFO - DAG(s) dict_keys(['example_branch_operator']) retrieved from /home/airflow/.local/lib/python3.7/site-packages/airflow/example_dags/example_branch_operator.py
[2022-11-17T08:59:13.404+0000] {logging_mixin.py:137} INFO - [2022-11-17T08:59:13.402+0000] {dag.py:2585} INFO - Sync 1 DAGs
[2022-11-17T08:59:14.099+0000] {logging_mixin.py:137} INFO - [2022-11-17T08:59:14.098+0000] {dag.py:3340} INFO - Setting next_dagrun for example_branch_operator to 2022-11-16T00:00:00+00:00, run_after=2022-11-17T00:00:00+00:00
[2022-11-17T08:59:14.502+0000] {processor.py:176} INFO - Processing /home/airflow/.local/lib/python3.7/site-packages/airflow/example_dags/example_branch_operator.py took 1.353 seconds
[2022-11-17T08:59:47.294+0000] {processor.py:154} INFO - Started process (PID=497) to work on /home/airflow/.local/lib/python3.7/site-packages/airflow/example_dags/example_branch_operator.py
[2022-11-17T08:59:47.303+0000] {processor.py:756} INFO - Processing file /home/airflow/.local/lib/python3.7/site-packages/airflow/example_dags/example_branch_operator.py for tasks to queue
[2022-11-17T08:59:47.313+0000] {logging_mixin.py:137} INFO - [2022-11-17T08:59:47.313+0000] {dagbag.py:537} INFO - Filling up the DagBag from /home/airflow/.local/lib/python3.7/site-packages/airflow/example_dags/example_branch_operator.py
[2022-11-17T08:59:47.441+0000] {processor.py:766} INFO - DAG(s) dict_keys(['example_branch_operator']) retrieved from /home/airflow/.local/lib/python3.7/site-packages/airflow/example_dags/example_branch_operator.py
[2022-11-17T08:59:47.699+0000] {logging_mixin.py:137} INFO - [2022-11-17T08:59:47.699+0000] {dag.py:2585} INFO - Sync 1 DAGs
[2022-11-17T08:59:47.933+0000] {logging_mixin.py:137} INFO - [2022-11-17T08:59:47.933+0000] {dag.py:3340} INFO - Setting next_dagrun for example_branch_operator to 2022-11-16T00:00:00+00:00, run_after=2022-11-17T00:00:00+00:00
[2022-11-17T08:59:48.016+0000] {processor.py:176} INFO - Processing /home/airflow/.local/lib/python3.7/site-packages/airflow/example_dags/example_branch_operator.py took 0.750 seconds
[2022-11-17T09:00:23.958+0000] {processor.py:154} INFO - Started process (PID=559) to work on /home/airflow/.local/lib/python3.7/site-packages/airflow/example_dags/example_branch_operator.py
[2022-11-17T09:00:23.961+0000] {processor.py:756} INFO - Processing file /home/airflow/.local/lib/python3.7/site-packages/airflow/example_dags/example_branch_operator.py for tasks to queue
[2022-11-17T09:00:23.963+0000] {logging_mixin.py:137} INFO - [2022-11-17T09:00:23.963+0000] {dagbag.py:537} INFO - Filling up the DagBag from /home/airflow/.local/lib/python3.7/site-packages/airflow/example_dags/example_branch_operator.py
[2022-11-17T09:00:24.043+0000] {processor.py:766} INFO - DAG(s) dict_keys(['example_branch_operator']) retrieved from /home/airflow/.local/lib/python3.7/site-packages/airflow/example_dags/example_branch_operator.py
[2022-11-17T09:00:24.253+0000] {logging_mixin.py:137} INFO - [2022-11-17T09:00:24.252+0000] {dag.py:2585} INFO - Sync 1 DAGs
[2022-11-17T09:00:24.408+0000] {logging_mixin.py:137} INFO - [2022-11-17T09:00:24.408+0000] {dag.py:3340} INFO - Setting next_dagrun for example_branch_operator to 2022-11-16T00:00:00+00:00, run_after=2022-11-17T00:00:00+00:00
[2022-11-17T09:00:24.532+0000] {processor.py:176} INFO - Processing /home/airflow/.local/lib/python3.7/site-packages/airflow/example_dags/example_branch_operator.py took 0.590 seconds
[2022-11-17T09:00:54.691+0000] {processor.py:154} INFO - Started process (PID=604) to work on /home/airflow/.local/lib/python3.7/site-packages/airflow/example_dags/example_branch_operator.py
[2022-11-17T09:00:54.694+0000] {processor.py:756} INFO - Processing file /home/airflow/.local/lib/python3.7/site-packages/airflow/example_dags/example_branch_operator.py for tasks to queue
[2022-11-17T09:00:54.696+0000] {logging_mixin.py:137} INFO - [2022-11-17T09:00:54.696+0000] {dagbag.py:537} INFO - Filling up the DagBag from /home/airflow/.local/lib/python3.7/site-packages/airflow/example_dags/example_branch_operator.py
[2022-11-17T09:00:54.738+0000] {processor.py:766} INFO - DAG(s) dict_keys(['example_branch_operator']) retrieved from /home/airflow/.local/lib/python3.7/site-packages/airflow/example_dags/example_branch_operator.py
[2022-11-17T09:00:54.835+0000] {logging_mixin.py:137} INFO - [2022-11-17T09:00:54.835+0000] {dag.py:2585} INFO - Sync 1 DAGs
[2022-11-17T09:00:54.892+0000] {logging_mixin.py:137} INFO - [2022-11-17T09:00:54.891+0000] {dag.py:3340} INFO - Setting next_dagrun for example_branch_operator to 2022-11-16T00:00:00+00:00, run_after=2022-11-17T00:00:00+00:00
[2022-11-17T09:00:54.924+0000] {processor.py:176} INFO - Processing /home/airflow/.local/lib/python3.7/site-packages/airflow/example_dags/example_branch_operator.py took 0.239 seconds
[2022-11-17T09:01:27.238+0000] {processor.py:154} INFO - Started process (PID=657) to work on /home/airflow/.local/lib/python3.7/site-packages/airflow/example_dags/example_branch_operator.py
[2022-11-17T09:01:27.240+0000] {processor.py:756} INFO - Processing file /home/airflow/.local/lib/python3.7/site-packages/airflow/example_dags/example_branch_operator.py for tasks to queue
[2022-11-17T09:01:27.246+0000] {logging_mixin.py:137} INFO - [2022-11-17T09:01:27.246+0000] {dagbag.py:537} INFO - Filling up the DagBag from /home/airflow/.local/lib/python3.7/site-packages/airflow/example_dags/example_branch_operator.py
[2022-11-17T09:01:27.449+0000] {processor.py:766} INFO - DAG(s) dict_keys(['example_branch_operator']) retrieved from /home/airflow/.local/lib/python3.7/site-packages/airflow/example_dags/example_branch_operator.py
[2022-11-17T09:01:27.615+0000] {logging_mixin.py:137} INFO - [2022-11-17T09:01:27.614+0000] {dag.py:2585} INFO - Sync 1 DAGs
[2022-11-17T09:01:27.756+0000] {logging_mixin.py:137} INFO - [2022-11-17T09:01:27.755+0000] {dag.py:3340} INFO - Setting next_dagrun for example_branch_operator to 2022-11-16T00:00:00+00:00, run_after=2022-11-17T00:00:00+00:00
[2022-11-17T09:01:27.880+0000] {processor.py:176} INFO - Processing /home/airflow/.local/lib/python3.7/site-packages/airflow/example_dags/example_branch_operator.py took 0.667 seconds
