[2022-11-17T08:48:04.977+0000] {processor.py:154} INFO - Started process (PID=54) to work on /home/airflow/.local/lib/python3.7/site-packages/airflow/example_dags/example_skip_dag.py
[2022-11-17T08:48:04.981+0000] {processor.py:756} INFO - Processing file /home/airflow/.local/lib/python3.7/site-packages/airflow/example_dags/example_skip_dag.py for tasks to queue
[2022-11-17T08:48:04.985+0000] {logging_mixin.py:137} INFO - [2022-11-17T08:48:04.985+0000] {dagbag.py:537} INFO - Filling up the DagBag from /home/airflow/.local/lib/python3.7/site-packages/airflow/example_dags/example_skip_dag.py
[2022-11-17T08:48:05.036+0000] {processor.py:766} INFO - DAG(s) dict_keys(['example_skip_dag']) retrieved from /home/airflow/.local/lib/python3.7/site-packages/airflow/example_dags/example_skip_dag.py
[2022-11-17T08:48:05.566+0000] {logging_mixin.py:137} INFO - [2022-11-17T08:48:05.566+0000] {manager.py:507} INFO - Created Permission View: can delete on DAG:example_skip_dag
[2022-11-17T08:48:05.601+0000] {logging_mixin.py:137} INFO - [2022-11-17T08:48:05.601+0000] {manager.py:507} INFO - Created Permission View: can edit on DAG:example_skip_dag
[2022-11-17T08:48:05.648+0000] {logging_mixin.py:137} INFO - [2022-11-17T08:48:05.648+0000] {manager.py:507} INFO - Created Permission View: can read on DAG:example_skip_dag
[2022-11-17T08:48:05.652+0000] {logging_mixin.py:137} INFO - [2022-11-17T08:48:05.652+0000] {dag.py:2585} INFO - Sync 1 DAGs
[2022-11-17T08:48:05.715+0000] {logging_mixin.py:137} INFO - [2022-11-17T08:48:05.715+0000] {dag.py:2606} INFO - Creating ORM DAG for example_skip_dag
[2022-11-17T08:48:05.760+0000] {logging_mixin.py:137} INFO - [2022-11-17T08:48:05.760+0000] {dag.py:3340} INFO - Setting next_dagrun for example_skip_dag to 2022-11-16T08:48:05.759947+00:00, run_after=2022-11-17T08:48:05.759947+00:00
[2022-11-17T08:48:05.852+0000] {processor.py:176} INFO - Processing /home/airflow/.local/lib/python3.7/site-packages/airflow/example_dags/example_skip_dag.py took 0.886 seconds
[2022-11-17T08:55:33.601+0000] {processor.py:154} INFO - Started process (PID=65) to work on /home/airflow/.local/lib/python3.7/site-packages/airflow/example_dags/example_skip_dag.py
[2022-11-17T08:55:33.604+0000] {processor.py:756} INFO - Processing file /home/airflow/.local/lib/python3.7/site-packages/airflow/example_dags/example_skip_dag.py for tasks to queue
[2022-11-17T08:55:33.608+0000] {logging_mixin.py:137} INFO - [2022-11-17T08:55:33.607+0000] {dagbag.py:537} INFO - Filling up the DagBag from /home/airflow/.local/lib/python3.7/site-packages/airflow/example_dags/example_skip_dag.py
[2022-11-17T08:55:33.716+0000] {processor.py:766} INFO - DAG(s) dict_keys(['example_skip_dag']) retrieved from /home/airflow/.local/lib/python3.7/site-packages/airflow/example_dags/example_skip_dag.py
[2022-11-17T08:55:33.955+0000] {logging_mixin.py:137} INFO - [2022-11-17T08:55:33.955+0000] {dag.py:2585} INFO - Sync 1 DAGs
[2022-11-17T08:55:34.116+0000] {logging_mixin.py:137} INFO - [2022-11-17T08:55:34.116+0000] {dag.py:3340} INFO - Setting next_dagrun for example_skip_dag to 2022-11-16T08:55:34.116073+00:00, run_after=2022-11-17T08:55:34.116073+00:00
[2022-11-17T08:55:34.218+0000] {processor.py:176} INFO - Processing /home/airflow/.local/lib/python3.7/site-packages/airflow/example_dags/example_skip_dag.py took 0.627 seconds
[2022-11-17T08:56:04.999+0000] {processor.py:154} INFO - Started process (PID=119) to work on /home/airflow/.local/lib/python3.7/site-packages/airflow/example_dags/example_skip_dag.py
[2022-11-17T08:56:05.005+0000] {processor.py:756} INFO - Processing file /home/airflow/.local/lib/python3.7/site-packages/airflow/example_dags/example_skip_dag.py for tasks to queue
[2022-11-17T08:56:05.010+0000] {logging_mixin.py:137} INFO - [2022-11-17T08:56:05.009+0000] {dagbag.py:537} INFO - Filling up the DagBag from /home/airflow/.local/lib/python3.7/site-packages/airflow/example_dags/example_skip_dag.py
[2022-11-17T08:56:05.064+0000] {processor.py:766} INFO - DAG(s) dict_keys(['example_skip_dag']) retrieved from /home/airflow/.local/lib/python3.7/site-packages/airflow/example_dags/example_skip_dag.py
[2022-11-17T08:56:05.178+0000] {logging_mixin.py:137} INFO - [2022-11-17T08:56:05.177+0000] {dag.py:2585} INFO - Sync 1 DAGs
[2022-11-17T08:56:05.243+0000] {logging_mixin.py:137} INFO - [2022-11-17T08:56:05.243+0000] {dag.py:3340} INFO - Setting next_dagrun for example_skip_dag to 2022-11-16T08:56:05.243031+00:00, run_after=2022-11-17T08:56:05.243031+00:00
[2022-11-17T08:56:05.327+0000] {processor.py:176} INFO - Processing /home/airflow/.local/lib/python3.7/site-packages/airflow/example_dags/example_skip_dag.py took 0.352 seconds
[2022-11-17T08:56:35.535+0000] {processor.py:154} INFO - Started process (PID=171) to work on /home/airflow/.local/lib/python3.7/site-packages/airflow/example_dags/example_skip_dag.py
[2022-11-17T08:56:35.543+0000] {processor.py:756} INFO - Processing file /home/airflow/.local/lib/python3.7/site-packages/airflow/example_dags/example_skip_dag.py for tasks to queue
[2022-11-17T08:56:35.551+0000] {logging_mixin.py:137} INFO - [2022-11-17T08:56:35.549+0000] {dagbag.py:537} INFO - Filling up the DagBag from /home/airflow/.local/lib/python3.7/site-packages/airflow/example_dags/example_skip_dag.py
[2022-11-17T08:56:35.651+0000] {processor.py:766} INFO - DAG(s) dict_keys(['example_skip_dag']) retrieved from /home/airflow/.local/lib/python3.7/site-packages/airflow/example_dags/example_skip_dag.py
[2022-11-17T08:56:35.880+0000] {logging_mixin.py:137} INFO - [2022-11-17T08:56:35.880+0000] {dag.py:2585} INFO - Sync 1 DAGs
[2022-11-17T08:56:36.055+0000] {logging_mixin.py:137} INFO - [2022-11-17T08:56:36.054+0000] {dag.py:3340} INFO - Setting next_dagrun for example_skip_dag to 2022-11-16T08:56:36.054378+00:00, run_after=2022-11-17T08:56:36.054378+00:00
[2022-11-17T08:56:36.135+0000] {processor.py:176} INFO - Processing /home/airflow/.local/lib/python3.7/site-packages/airflow/example_dags/example_skip_dag.py took 0.635 seconds
[2022-11-17T08:57:08.520+0000] {processor.py:154} INFO - Started process (PID=226) to work on /home/airflow/.local/lib/python3.7/site-packages/airflow/example_dags/example_skip_dag.py
[2022-11-17T08:57:08.529+0000] {processor.py:756} INFO - Processing file /home/airflow/.local/lib/python3.7/site-packages/airflow/example_dags/example_skip_dag.py for tasks to queue
[2022-11-17T08:57:08.534+0000] {logging_mixin.py:137} INFO - [2022-11-17T08:57:08.533+0000] {dagbag.py:537} INFO - Filling up the DagBag from /home/airflow/.local/lib/python3.7/site-packages/airflow/example_dags/example_skip_dag.py
[2022-11-17T08:57:08.572+0000] {processor.py:766} INFO - DAG(s) dict_keys(['example_skip_dag']) retrieved from /home/airflow/.local/lib/python3.7/site-packages/airflow/example_dags/example_skip_dag.py
[2022-11-17T08:57:08.746+0000] {logging_mixin.py:137} INFO - [2022-11-17T08:57:08.745+0000] {dag.py:2585} INFO - Sync 1 DAGs
[2022-11-17T08:57:08.889+0000] {logging_mixin.py:137} INFO - [2022-11-17T08:57:08.888+0000] {dag.py:3340} INFO - Setting next_dagrun for example_skip_dag to 2022-11-16T08:57:08.888463+00:00, run_after=2022-11-17T08:57:08.888463+00:00
[2022-11-17T08:57:08.947+0000] {processor.py:176} INFO - Processing /home/airflow/.local/lib/python3.7/site-packages/airflow/example_dags/example_skip_dag.py took 0.454 seconds
[2022-11-17T08:57:39.356+0000] {processor.py:154} INFO - Started process (PID=281) to work on /home/airflow/.local/lib/python3.7/site-packages/airflow/example_dags/example_skip_dag.py
[2022-11-17T08:57:39.364+0000] {processor.py:756} INFO - Processing file /home/airflow/.local/lib/python3.7/site-packages/airflow/example_dags/example_skip_dag.py for tasks to queue
[2022-11-17T08:57:39.375+0000] {logging_mixin.py:137} INFO - [2022-11-17T08:57:39.373+0000] {dagbag.py:537} INFO - Filling up the DagBag from /home/airflow/.local/lib/python3.7/site-packages/airflow/example_dags/example_skip_dag.py
[2022-11-17T08:57:39.435+0000] {processor.py:766} INFO - DAG(s) dict_keys(['example_skip_dag']) retrieved from /home/airflow/.local/lib/python3.7/site-packages/airflow/example_dags/example_skip_dag.py
[2022-11-17T08:57:39.641+0000] {logging_mixin.py:137} INFO - [2022-11-17T08:57:39.640+0000] {dag.py:2585} INFO - Sync 1 DAGs
[2022-11-17T08:57:39.718+0000] {logging_mixin.py:137} INFO - [2022-11-17T08:57:39.717+0000] {dag.py:3340} INFO - Setting next_dagrun for example_skip_dag to 2022-11-16T08:57:39.717333+00:00, run_after=2022-11-17T08:57:39.717333+00:00
[2022-11-17T08:57:39.842+0000] {processor.py:176} INFO - Processing /home/airflow/.local/lib/python3.7/site-packages/airflow/example_dags/example_skip_dag.py took 0.522 seconds
[2022-11-17T08:58:10.200+0000] {processor.py:154} INFO - Started process (PID=335) to work on /home/airflow/.local/lib/python3.7/site-packages/airflow/example_dags/example_skip_dag.py
[2022-11-17T08:58:10.214+0000] {processor.py:756} INFO - Processing file /home/airflow/.local/lib/python3.7/site-packages/airflow/example_dags/example_skip_dag.py for tasks to queue
[2022-11-17T08:58:10.232+0000] {logging_mixin.py:137} INFO - [2022-11-17T08:58:10.230+0000] {dagbag.py:537} INFO - Filling up the DagBag from /home/airflow/.local/lib/python3.7/site-packages/airflow/example_dags/example_skip_dag.py
[2022-11-17T08:58:10.380+0000] {processor.py:766} INFO - DAG(s) dict_keys(['example_skip_dag']) retrieved from /home/airflow/.local/lib/python3.7/site-packages/airflow/example_dags/example_skip_dag.py
[2022-11-17T08:58:10.498+0000] {logging_mixin.py:137} INFO - [2022-11-17T08:58:10.498+0000] {dag.py:2585} INFO - Sync 1 DAGs
[2022-11-17T08:58:10.619+0000] {logging_mixin.py:137} INFO - [2022-11-17T08:58:10.616+0000] {dag.py:3340} INFO - Setting next_dagrun for example_skip_dag to 2022-11-16T08:58:10.611913+00:00, run_after=2022-11-17T08:58:10.611913+00:00
[2022-11-17T08:58:10.695+0000] {processor.py:176} INFO - Processing /home/airflow/.local/lib/python3.7/site-packages/airflow/example_dags/example_skip_dag.py took 0.502 seconds
[2022-11-17T08:58:41.891+0000] {processor.py:154} INFO - Started process (PID=389) to work on /home/airflow/.local/lib/python3.7/site-packages/airflow/example_dags/example_skip_dag.py
[2022-11-17T08:58:41.895+0000] {processor.py:756} INFO - Processing file /home/airflow/.local/lib/python3.7/site-packages/airflow/example_dags/example_skip_dag.py for tasks to queue
[2022-11-17T08:58:41.900+0000] {logging_mixin.py:137} INFO - [2022-11-17T08:58:41.900+0000] {dagbag.py:537} INFO - Filling up the DagBag from /home/airflow/.local/lib/python3.7/site-packages/airflow/example_dags/example_skip_dag.py
[2022-11-17T08:58:41.944+0000] {processor.py:766} INFO - DAG(s) dict_keys(['example_skip_dag']) retrieved from /home/airflow/.local/lib/python3.7/site-packages/airflow/example_dags/example_skip_dag.py
[2022-11-17T08:58:42.293+0000] {logging_mixin.py:137} INFO - [2022-11-17T08:58:42.293+0000] {dag.py:2585} INFO - Sync 1 DAGs
[2022-11-17T08:58:42.372+0000] {logging_mixin.py:137} INFO - [2022-11-17T08:58:42.372+0000] {dag.py:3340} INFO - Setting next_dagrun for example_skip_dag to 2022-11-16T08:58:42.372073+00:00, run_after=2022-11-17T08:58:42.372073+00:00
[2022-11-17T08:58:42.421+0000] {processor.py:176} INFO - Processing /home/airflow/.local/lib/python3.7/site-packages/airflow/example_dags/example_skip_dag.py took 0.545 seconds
[2022-11-17T08:59:13.046+0000] {processor.py:154} INFO - Started process (PID=442) to work on /home/airflow/.local/lib/python3.7/site-packages/airflow/example_dags/example_skip_dag.py
[2022-11-17T08:59:13.053+0000] {processor.py:756} INFO - Processing file /home/airflow/.local/lib/python3.7/site-packages/airflow/example_dags/example_skip_dag.py for tasks to queue
[2022-11-17T08:59:13.060+0000] {logging_mixin.py:137} INFO - [2022-11-17T08:59:13.060+0000] {dagbag.py:537} INFO - Filling up the DagBag from /home/airflow/.local/lib/python3.7/site-packages/airflow/example_dags/example_skip_dag.py
[2022-11-17T08:59:13.113+0000] {processor.py:766} INFO - DAG(s) dict_keys(['example_skip_dag']) retrieved from /home/airflow/.local/lib/python3.7/site-packages/airflow/example_dags/example_skip_dag.py
[2022-11-17T08:59:13.305+0000] {logging_mixin.py:137} INFO - [2022-11-17T08:59:13.304+0000] {dag.py:2585} INFO - Sync 1 DAGs
[2022-11-17T08:59:13.626+0000] {logging_mixin.py:137} INFO - [2022-11-17T08:59:13.615+0000] {dag.py:3340} INFO - Setting next_dagrun for example_skip_dag to 2022-11-16T08:59:13.615027+00:00, run_after=2022-11-17T08:59:13.615027+00:00
[2022-11-17T08:59:13.999+0000] {processor.py:176} INFO - Processing /home/airflow/.local/lib/python3.7/site-packages/airflow/example_dags/example_skip_dag.py took 0.965 seconds
[2022-11-17T08:59:46.878+0000] {processor.py:154} INFO - Started process (PID=496) to work on /home/airflow/.local/lib/python3.7/site-packages/airflow/example_dags/example_skip_dag.py
[2022-11-17T08:59:46.886+0000] {processor.py:756} INFO - Processing file /home/airflow/.local/lib/python3.7/site-packages/airflow/example_dags/example_skip_dag.py for tasks to queue
[2022-11-17T08:59:46.891+0000] {logging_mixin.py:137} INFO - [2022-11-17T08:59:46.891+0000] {dagbag.py:537} INFO - Filling up the DagBag from /home/airflow/.local/lib/python3.7/site-packages/airflow/example_dags/example_skip_dag.py
[2022-11-17T08:59:46.986+0000] {processor.py:766} INFO - DAG(s) dict_keys(['example_skip_dag']) retrieved from /home/airflow/.local/lib/python3.7/site-packages/airflow/example_dags/example_skip_dag.py
[2022-11-17T08:59:47.354+0000] {logging_mixin.py:137} INFO - [2022-11-17T08:59:47.354+0000] {dag.py:2585} INFO - Sync 1 DAGs
[2022-11-17T08:59:47.523+0000] {logging_mixin.py:137} INFO - [2022-11-17T08:59:47.523+0000] {dag.py:3340} INFO - Setting next_dagrun for example_skip_dag to 2022-11-16T08:59:47.513256+00:00, run_after=2022-11-17T08:59:47.513256+00:00
[2022-11-17T08:59:47.645+0000] {processor.py:176} INFO - Processing /home/airflow/.local/lib/python3.7/site-packages/airflow/example_dags/example_skip_dag.py took 0.798 seconds
[2022-11-17T09:00:23.897+0000] {processor.py:154} INFO - Started process (PID=558) to work on /home/airflow/.local/lib/python3.7/site-packages/airflow/example_dags/example_skip_dag.py
[2022-11-17T09:00:23.902+0000] {processor.py:756} INFO - Processing file /home/airflow/.local/lib/python3.7/site-packages/airflow/example_dags/example_skip_dag.py for tasks to queue
[2022-11-17T09:00:23.910+0000] {logging_mixin.py:137} INFO - [2022-11-17T09:00:23.909+0000] {dagbag.py:537} INFO - Filling up the DagBag from /home/airflow/.local/lib/python3.7/site-packages/airflow/example_dags/example_skip_dag.py
[2022-11-17T09:00:23.973+0000] {processor.py:766} INFO - DAG(s) dict_keys(['example_skip_dag']) retrieved from /home/airflow/.local/lib/python3.7/site-packages/airflow/example_dags/example_skip_dag.py
[2022-11-17T09:00:24.065+0000] {logging_mixin.py:137} INFO - [2022-11-17T09:00:24.064+0000] {dag.py:2585} INFO - Sync 1 DAGs
[2022-11-17T09:00:24.210+0000] {logging_mixin.py:137} INFO - [2022-11-17T09:00:24.210+0000] {dag.py:3340} INFO - Setting next_dagrun for example_skip_dag to 2022-11-16T09:00:24.210234+00:00, run_after=2022-11-17T09:00:24.210234+00:00
[2022-11-17T09:00:24.290+0000] {processor.py:176} INFO - Processing /home/airflow/.local/lib/python3.7/site-packages/airflow/example_dags/example_skip_dag.py took 0.410 seconds
[2022-11-17T09:00:54.546+0000] {processor.py:154} INFO - Started process (PID=603) to work on /home/airflow/.local/lib/python3.7/site-packages/airflow/example_dags/example_skip_dag.py
[2022-11-17T09:00:54.549+0000] {processor.py:756} INFO - Processing file /home/airflow/.local/lib/python3.7/site-packages/airflow/example_dags/example_skip_dag.py for tasks to queue
[2022-11-17T09:00:54.554+0000] {logging_mixin.py:137} INFO - [2022-11-17T09:00:54.554+0000] {dagbag.py:537} INFO - Filling up the DagBag from /home/airflow/.local/lib/python3.7/site-packages/airflow/example_dags/example_skip_dag.py
[2022-11-17T09:00:54.593+0000] {processor.py:766} INFO - DAG(s) dict_keys(['example_skip_dag']) retrieved from /home/airflow/.local/lib/python3.7/site-packages/airflow/example_dags/example_skip_dag.py
[2022-11-17T09:00:54.715+0000] {logging_mixin.py:137} INFO - [2022-11-17T09:00:54.715+0000] {dag.py:2585} INFO - Sync 1 DAGs
[2022-11-17T09:00:54.785+0000] {logging_mixin.py:137} INFO - [2022-11-17T09:00:54.785+0000] {dag.py:3340} INFO - Setting next_dagrun for example_skip_dag to 2022-11-16T09:00:54.784492+00:00, run_after=2022-11-17T09:00:54.784492+00:00
[2022-11-17T09:00:54.838+0000] {processor.py:176} INFO - Processing /home/airflow/.local/lib/python3.7/site-packages/airflow/example_dags/example_skip_dag.py took 0.298 seconds
[2022-11-17T09:01:25.811+0000] {processor.py:154} INFO - Started process (PID=656) to work on /home/airflow/.local/lib/python3.7/site-packages/airflow/example_dags/example_skip_dag.py
[2022-11-17T09:01:25.819+0000] {processor.py:756} INFO - Processing file /home/airflow/.local/lib/python3.7/site-packages/airflow/example_dags/example_skip_dag.py for tasks to queue
[2022-11-17T09:01:25.836+0000] {logging_mixin.py:137} INFO - [2022-11-17T09:01:25.831+0000] {dagbag.py:537} INFO - Filling up the DagBag from /home/airflow/.local/lib/python3.7/site-packages/airflow/example_dags/example_skip_dag.py
[2022-11-17T09:01:26.268+0000] {processor.py:766} INFO - DAG(s) dict_keys(['example_skip_dag']) retrieved from /home/airflow/.local/lib/python3.7/site-packages/airflow/example_dags/example_skip_dag.py
[2022-11-17T09:01:26.591+0000] {logging_mixin.py:137} INFO - [2022-11-17T09:01:26.591+0000] {dag.py:2585} INFO - Sync 1 DAGs
[2022-11-17T09:01:26.831+0000] {logging_mixin.py:137} INFO - [2022-11-17T09:01:26.831+0000] {dag.py:3340} INFO - Setting next_dagrun for example_skip_dag to 2022-11-16T09:01:26.830774+00:00, run_after=2022-11-17T09:01:26.830774+00:00
[2022-11-17T09:01:27.057+0000] {processor.py:176} INFO - Processing /home/airflow/.local/lib/python3.7/site-packages/airflow/example_dags/example_skip_dag.py took 1.283 seconds
