[2022-11-17T08:48:21.834+0000] {processor.py:154} INFO - Started process (PID=89) to work on /home/airflow/.local/lib/python3.7/site-packages/airflow/example_dags/example_kubernetes_executor.py
[2022-11-17T08:48:21.837+0000] {processor.py:756} INFO - Processing file /home/airflow/.local/lib/python3.7/site-packages/airflow/example_dags/example_kubernetes_executor.py for tasks to queue
[2022-11-17T08:48:21.840+0000] {logging_mixin.py:137} INFO - [2022-11-17T08:48:21.839+0000] {dagbag.py:537} INFO - Filling up the DagBag from /home/airflow/.local/lib/python3.7/site-packages/airflow/example_dags/example_kubernetes_executor.py
[2022-11-17T08:48:21.938+0000] {processor.py:766} INFO - DAG(s) dict_keys(['example_kubernetes_executor']) retrieved from /home/airflow/.local/lib/python3.7/site-packages/airflow/example_dags/example_kubernetes_executor.py
[2022-11-17T08:48:22.473+0000] {logging_mixin.py:137} INFO - [2022-11-17T08:48:22.473+0000] {manager.py:507} INFO - Created Permission View: can delete on DAG:example_kubernetes_executor
[2022-11-17T08:48:22.529+0000] {logging_mixin.py:137} INFO - [2022-11-17T08:48:22.529+0000] {manager.py:507} INFO - Created Permission View: can edit on DAG:example_kubernetes_executor
[2022-11-17T08:48:22.597+0000] {logging_mixin.py:137} INFO - [2022-11-17T08:48:22.594+0000] {manager.py:507} INFO - Created Permission View: can read on DAG:example_kubernetes_executor
[2022-11-17T08:48:22.608+0000] {logging_mixin.py:137} INFO - [2022-11-17T08:48:22.606+0000] {dag.py:2585} INFO - Sync 1 DAGs
[2022-11-17T08:48:22.690+0000] {logging_mixin.py:137} INFO - [2022-11-17T08:48:22.689+0000] {dag.py:2606} INFO - Creating ORM DAG for example_kubernetes_executor
[2022-11-17T08:48:22.720+0000] {logging_mixin.py:137} INFO - [2022-11-17T08:48:22.720+0000] {dag.py:3340} INFO - Setting next_dagrun for example_kubernetes_executor to None, run_after=None
[2022-11-17T08:48:22.775+0000] {processor.py:176} INFO - Processing /home/airflow/.local/lib/python3.7/site-packages/airflow/example_dags/example_kubernetes_executor.py took 0.947 seconds
[2022-11-17T08:55:54.231+0000] {processor.py:154} INFO - Started process (PID=100) to work on /home/airflow/.local/lib/python3.7/site-packages/airflow/example_dags/example_kubernetes_executor.py
[2022-11-17T08:55:54.244+0000] {processor.py:756} INFO - Processing file /home/airflow/.local/lib/python3.7/site-packages/airflow/example_dags/example_kubernetes_executor.py for tasks to queue
[2022-11-17T08:55:54.250+0000] {logging_mixin.py:137} INFO - [2022-11-17T08:55:54.250+0000] {dagbag.py:537} INFO - Filling up the DagBag from /home/airflow/.local/lib/python3.7/site-packages/airflow/example_dags/example_kubernetes_executor.py
[2022-11-17T08:55:54.471+0000] {processor.py:766} INFO - DAG(s) dict_keys(['example_kubernetes_executor']) retrieved from /home/airflow/.local/lib/python3.7/site-packages/airflow/example_dags/example_kubernetes_executor.py
[2022-11-17T08:55:54.725+0000] {logging_mixin.py:137} INFO - [2022-11-17T08:55:54.725+0000] {dag.py:2585} INFO - Sync 1 DAGs
[2022-11-17T08:55:54.807+0000] {logging_mixin.py:137} INFO - [2022-11-17T08:55:54.807+0000] {dag.py:3340} INFO - Setting next_dagrun for example_kubernetes_executor to None, run_after=None
[2022-11-17T08:55:54.875+0000] {processor.py:176} INFO - Processing /home/airflow/.local/lib/python3.7/site-packages/airflow/example_dags/example_kubernetes_executor.py took 0.649 seconds
[2022-11-17T08:56:25.409+0000] {processor.py:154} INFO - Started process (PID=154) to work on /home/airflow/.local/lib/python3.7/site-packages/airflow/example_dags/example_kubernetes_executor.py
[2022-11-17T08:56:25.413+0000] {processor.py:756} INFO - Processing file /home/airflow/.local/lib/python3.7/site-packages/airflow/example_dags/example_kubernetes_executor.py for tasks to queue
[2022-11-17T08:56:25.418+0000] {logging_mixin.py:137} INFO - [2022-11-17T08:56:25.417+0000] {dagbag.py:537} INFO - Filling up the DagBag from /home/airflow/.local/lib/python3.7/site-packages/airflow/example_dags/example_kubernetes_executor.py
[2022-11-17T08:56:25.554+0000] {processor.py:766} INFO - DAG(s) dict_keys(['example_kubernetes_executor']) retrieved from /home/airflow/.local/lib/python3.7/site-packages/airflow/example_dags/example_kubernetes_executor.py
[2022-11-17T08:56:25.738+0000] {logging_mixin.py:137} INFO - [2022-11-17T08:56:25.737+0000] {dag.py:2585} INFO - Sync 1 DAGs
[2022-11-17T08:56:25.897+0000] {logging_mixin.py:137} INFO - [2022-11-17T08:56:25.896+0000] {dag.py:3340} INFO - Setting next_dagrun for example_kubernetes_executor to None, run_after=None
[2022-11-17T08:56:26.011+0000] {processor.py:176} INFO - Processing /home/airflow/.local/lib/python3.7/site-packages/airflow/example_dags/example_kubernetes_executor.py took 0.626 seconds
[2022-11-17T08:56:57.412+0000] {processor.py:154} INFO - Started process (PID=208) to work on /home/airflow/.local/lib/python3.7/site-packages/airflow/example_dags/example_kubernetes_executor.py
[2022-11-17T08:56:57.422+0000] {processor.py:756} INFO - Processing file /home/airflow/.local/lib/python3.7/site-packages/airflow/example_dags/example_kubernetes_executor.py for tasks to queue
[2022-11-17T08:56:57.430+0000] {logging_mixin.py:137} INFO - [2022-11-17T08:56:57.429+0000] {dagbag.py:537} INFO - Filling up the DagBag from /home/airflow/.local/lib/python3.7/site-packages/airflow/example_dags/example_kubernetes_executor.py
[2022-11-17T08:56:58.153+0000] {processor.py:766} INFO - DAG(s) dict_keys(['example_kubernetes_executor']) retrieved from /home/airflow/.local/lib/python3.7/site-packages/airflow/example_dags/example_kubernetes_executor.py
[2022-11-17T08:56:58.363+0000] {logging_mixin.py:137} INFO - [2022-11-17T08:56:58.363+0000] {dag.py:2585} INFO - Sync 1 DAGs
[2022-11-17T08:56:58.641+0000] {logging_mixin.py:137} INFO - [2022-11-17T08:56:58.641+0000] {dag.py:3340} INFO - Setting next_dagrun for example_kubernetes_executor to None, run_after=None
[2022-11-17T08:56:58.830+0000] {processor.py:176} INFO - Processing /home/airflow/.local/lib/python3.7/site-packages/airflow/example_dags/example_kubernetes_executor.py took 1.452 seconds
[2022-11-17T08:57:29.414+0000] {processor.py:154} INFO - Started process (PID=263) to work on /home/airflow/.local/lib/python3.7/site-packages/airflow/example_dags/example_kubernetes_executor.py
[2022-11-17T08:57:29.418+0000] {processor.py:756} INFO - Processing file /home/airflow/.local/lib/python3.7/site-packages/airflow/example_dags/example_kubernetes_executor.py for tasks to queue
[2022-11-17T08:57:29.422+0000] {logging_mixin.py:137} INFO - [2022-11-17T08:57:29.421+0000] {dagbag.py:537} INFO - Filling up the DagBag from /home/airflow/.local/lib/python3.7/site-packages/airflow/example_dags/example_kubernetes_executor.py
[2022-11-17T08:57:29.492+0000] {processor.py:766} INFO - DAG(s) dict_keys(['example_kubernetes_executor']) retrieved from /home/airflow/.local/lib/python3.7/site-packages/airflow/example_dags/example_kubernetes_executor.py
[2022-11-17T08:57:29.596+0000] {logging_mixin.py:137} INFO - [2022-11-17T08:57:29.595+0000] {dag.py:2585} INFO - Sync 1 DAGs
[2022-11-17T08:57:29.642+0000] {logging_mixin.py:137} INFO - [2022-11-17T08:57:29.642+0000] {dag.py:3340} INFO - Setting next_dagrun for example_kubernetes_executor to None, run_after=None
[2022-11-17T08:57:29.684+0000] {processor.py:176} INFO - Processing /home/airflow/.local/lib/python3.7/site-packages/airflow/example_dags/example_kubernetes_executor.py took 0.283 seconds
[2022-11-17T08:58:00.304+0000] {processor.py:154} INFO - Started process (PID=316) to work on /home/airflow/.local/lib/python3.7/site-packages/airflow/example_dags/example_kubernetes_executor.py
[2022-11-17T08:58:00.324+0000] {processor.py:756} INFO - Processing file /home/airflow/.local/lib/python3.7/site-packages/airflow/example_dags/example_kubernetes_executor.py for tasks to queue
[2022-11-17T08:58:00.335+0000] {logging_mixin.py:137} INFO - [2022-11-17T08:58:00.335+0000] {dagbag.py:537} INFO - Filling up the DagBag from /home/airflow/.local/lib/python3.7/site-packages/airflow/example_dags/example_kubernetes_executor.py
[2022-11-17T08:58:00.548+0000] {processor.py:766} INFO - DAG(s) dict_keys(['example_kubernetes_executor']) retrieved from /home/airflow/.local/lib/python3.7/site-packages/airflow/example_dags/example_kubernetes_executor.py
[2022-11-17T08:58:00.934+0000] {logging_mixin.py:137} INFO - [2022-11-17T08:58:00.933+0000] {dag.py:2585} INFO - Sync 1 DAGs
[2022-11-17T08:58:01.160+0000] {logging_mixin.py:137} INFO - [2022-11-17T08:58:01.160+0000] {dag.py:3340} INFO - Setting next_dagrun for example_kubernetes_executor to None, run_after=None
[2022-11-17T08:58:01.396+0000] {processor.py:176} INFO - Processing /home/airflow/.local/lib/python3.7/site-packages/airflow/example_dags/example_kubernetes_executor.py took 1.126 seconds
[2022-11-17T08:58:33.042+0000] {processor.py:154} INFO - Started process (PID=370) to work on /home/airflow/.local/lib/python3.7/site-packages/airflow/example_dags/example_kubernetes_executor.py
[2022-11-17T08:58:33.045+0000] {processor.py:756} INFO - Processing file /home/airflow/.local/lib/python3.7/site-packages/airflow/example_dags/example_kubernetes_executor.py for tasks to queue
[2022-11-17T08:58:33.053+0000] {logging_mixin.py:137} INFO - [2022-11-17T08:58:33.052+0000] {dagbag.py:537} INFO - Filling up the DagBag from /home/airflow/.local/lib/python3.7/site-packages/airflow/example_dags/example_kubernetes_executor.py
[2022-11-17T08:58:33.173+0000] {processor.py:766} INFO - DAG(s) dict_keys(['example_kubernetes_executor']) retrieved from /home/airflow/.local/lib/python3.7/site-packages/airflow/example_dags/example_kubernetes_executor.py
[2022-11-17T08:58:33.312+0000] {logging_mixin.py:137} INFO - [2022-11-17T08:58:33.312+0000] {dag.py:2585} INFO - Sync 1 DAGs
[2022-11-17T08:58:33.397+0000] {logging_mixin.py:137} INFO - [2022-11-17T08:58:33.397+0000] {dag.py:3340} INFO - Setting next_dagrun for example_kubernetes_executor to None, run_after=None
[2022-11-17T08:58:33.463+0000] {processor.py:176} INFO - Processing /home/airflow/.local/lib/python3.7/site-packages/airflow/example_dags/example_kubernetes_executor.py took 0.433 seconds
[2022-11-17T08:59:06.903+0000] {processor.py:154} INFO - Started process (PID=432) to work on /home/airflow/.local/lib/python3.7/site-packages/airflow/example_dags/example_kubernetes_executor.py
[2022-11-17T08:59:06.906+0000] {processor.py:756} INFO - Processing file /home/airflow/.local/lib/python3.7/site-packages/airflow/example_dags/example_kubernetes_executor.py for tasks to queue
[2022-11-17T08:59:06.912+0000] {logging_mixin.py:137} INFO - [2022-11-17T08:59:06.911+0000] {dagbag.py:537} INFO - Filling up the DagBag from /home/airflow/.local/lib/python3.7/site-packages/airflow/example_dags/example_kubernetes_executor.py
[2022-11-17T08:59:07.104+0000] {processor.py:766} INFO - DAG(s) dict_keys(['example_kubernetes_executor']) retrieved from /home/airflow/.local/lib/python3.7/site-packages/airflow/example_dags/example_kubernetes_executor.py
[2022-11-17T08:59:07.312+0000] {logging_mixin.py:137} INFO - [2022-11-17T08:59:07.311+0000] {dag.py:2585} INFO - Sync 1 DAGs
[2022-11-17T08:59:07.465+0000] {logging_mixin.py:137} INFO - [2022-11-17T08:59:07.462+0000] {dag.py:3340} INFO - Setting next_dagrun for example_kubernetes_executor to None, run_after=None
[2022-11-17T08:59:07.556+0000] {processor.py:176} INFO - Processing /home/airflow/.local/lib/python3.7/site-packages/airflow/example_dags/example_kubernetes_executor.py took 0.670 seconds
[2022-11-17T08:59:45.250+0000] {processor.py:154} INFO - Started process (PID=490) to work on /home/airflow/.local/lib/python3.7/site-packages/airflow/example_dags/example_kubernetes_executor.py
[2022-11-17T08:59:45.253+0000] {processor.py:756} INFO - Processing file /home/airflow/.local/lib/python3.7/site-packages/airflow/example_dags/example_kubernetes_executor.py for tasks to queue
[2022-11-17T08:59:45.257+0000] {logging_mixin.py:137} INFO - [2022-11-17T08:59:45.256+0000] {dagbag.py:537} INFO - Filling up the DagBag from /home/airflow/.local/lib/python3.7/site-packages/airflow/example_dags/example_kubernetes_executor.py
[2022-11-17T08:59:45.331+0000] {processor.py:766} INFO - DAG(s) dict_keys(['example_kubernetes_executor']) retrieved from /home/airflow/.local/lib/python3.7/site-packages/airflow/example_dags/example_kubernetes_executor.py
[2022-11-17T08:59:45.443+0000] {logging_mixin.py:137} INFO - [2022-11-17T08:59:45.443+0000] {dag.py:2585} INFO - Sync 1 DAGs
[2022-11-17T08:59:45.659+0000] {logging_mixin.py:137} INFO - [2022-11-17T08:59:45.659+0000] {dag.py:3340} INFO - Setting next_dagrun for example_kubernetes_executor to None, run_after=None
[2022-11-17T08:59:45.742+0000] {processor.py:176} INFO - Processing /home/airflow/.local/lib/python3.7/site-packages/airflow/example_dags/example_kubernetes_executor.py took 0.502 seconds
[2022-11-17T09:00:19.459+0000] {processor.py:154} INFO - Started process (PID=544) to work on /home/airflow/.local/lib/python3.7/site-packages/airflow/example_dags/example_kubernetes_executor.py
[2022-11-17T09:00:19.473+0000] {processor.py:756} INFO - Processing file /home/airflow/.local/lib/python3.7/site-packages/airflow/example_dags/example_kubernetes_executor.py for tasks to queue
[2022-11-17T09:00:19.478+0000] {logging_mixin.py:137} INFO - [2022-11-17T09:00:19.477+0000] {dagbag.py:537} INFO - Filling up the DagBag from /home/airflow/.local/lib/python3.7/site-packages/airflow/example_dags/example_kubernetes_executor.py
[2022-11-17T09:00:19.772+0000] {processor.py:766} INFO - DAG(s) dict_keys(['example_kubernetes_executor']) retrieved from /home/airflow/.local/lib/python3.7/site-packages/airflow/example_dags/example_kubernetes_executor.py
[2022-11-17T09:00:20.305+0000] {logging_mixin.py:137} INFO - [2022-11-17T09:00:20.301+0000] {dag.py:2585} INFO - Sync 1 DAGs
[2022-11-17T09:00:21.074+0000] {logging_mixin.py:137} INFO - [2022-11-17T09:00:21.074+0000] {dag.py:3340} INFO - Setting next_dagrun for example_kubernetes_executor to None, run_after=None
[2022-11-17T09:00:21.276+0000] {processor.py:176} INFO - Processing /home/airflow/.local/lib/python3.7/site-packages/airflow/example_dags/example_kubernetes_executor.py took 1.843 seconds
[2022-11-17T09:00:51.857+0000] {processor.py:154} INFO - Started process (PID=599) to work on /home/airflow/.local/lib/python3.7/site-packages/airflow/example_dags/example_kubernetes_executor.py
[2022-11-17T09:00:51.878+0000] {processor.py:756} INFO - Processing file /home/airflow/.local/lib/python3.7/site-packages/airflow/example_dags/example_kubernetes_executor.py for tasks to queue
[2022-11-17T09:00:51.892+0000] {logging_mixin.py:137} INFO - [2022-11-17T09:00:51.891+0000] {dagbag.py:537} INFO - Filling up the DagBag from /home/airflow/.local/lib/python3.7/site-packages/airflow/example_dags/example_kubernetes_executor.py
[2022-11-17T09:00:51.973+0000] {processor.py:766} INFO - DAG(s) dict_keys(['example_kubernetes_executor']) retrieved from /home/airflow/.local/lib/python3.7/site-packages/airflow/example_dags/example_kubernetes_executor.py
[2022-11-17T09:00:52.062+0000] {logging_mixin.py:137} INFO - [2022-11-17T09:00:52.062+0000] {dag.py:2585} INFO - Sync 1 DAGs
[2022-11-17T09:00:52.105+0000] {logging_mixin.py:137} INFO - [2022-11-17T09:00:52.105+0000] {dag.py:3340} INFO - Setting next_dagrun for example_kubernetes_executor to None, run_after=None
[2022-11-17T09:00:52.144+0000] {processor.py:176} INFO - Processing /home/airflow/.local/lib/python3.7/site-packages/airflow/example_dags/example_kubernetes_executor.py took 0.321 seconds
[2022-11-17T09:01:22.800+0000] {processor.py:154} INFO - Started process (PID=651) to work on /home/airflow/.local/lib/python3.7/site-packages/airflow/example_dags/example_kubernetes_executor.py
[2022-11-17T09:01:22.803+0000] {processor.py:756} INFO - Processing file /home/airflow/.local/lib/python3.7/site-packages/airflow/example_dags/example_kubernetes_executor.py for tasks to queue
[2022-11-17T09:01:22.808+0000] {logging_mixin.py:137} INFO - [2022-11-17T09:01:22.807+0000] {dagbag.py:537} INFO - Filling up the DagBag from /home/airflow/.local/lib/python3.7/site-packages/airflow/example_dags/example_kubernetes_executor.py
[2022-11-17T09:01:22.929+0000] {processor.py:766} INFO - DAG(s) dict_keys(['example_kubernetes_executor']) retrieved from /home/airflow/.local/lib/python3.7/site-packages/airflow/example_dags/example_kubernetes_executor.py
[2022-11-17T09:01:23.071+0000] {logging_mixin.py:137} INFO - [2022-11-17T09:01:23.071+0000] {dag.py:2585} INFO - Sync 1 DAGs
[2022-11-17T09:01:23.190+0000] {logging_mixin.py:137} INFO - [2022-11-17T09:01:23.190+0000] {dag.py:3340} INFO - Setting next_dagrun for example_kubernetes_executor to None, run_after=None
[2022-11-17T09:01:23.316+0000] {processor.py:176} INFO - Processing /home/airflow/.local/lib/python3.7/site-packages/airflow/example_dags/example_kubernetes_executor.py took 0.528 seconds
