[2022-11-17T08:48:10.879+0000] {processor.py:154} INFO - Started process (PID=63) to work on /home/airflow/.local/lib/python3.7/site-packages/airflow/example_dags/example_nested_branch_dag.py
[2022-11-17T08:48:10.882+0000] {processor.py:756} INFO - Processing file /home/airflow/.local/lib/python3.7/site-packages/airflow/example_dags/example_nested_branch_dag.py for tasks to queue
[2022-11-17T08:48:10.886+0000] {logging_mixin.py:137} INFO - [2022-11-17T08:48:10.886+0000] {dagbag.py:537} INFO - Filling up the DagBag from /home/airflow/.local/lib/python3.7/site-packages/airflow/example_dags/example_nested_branch_dag.py
[2022-11-17T08:48:11.077+0000] {processor.py:766} INFO - DAG(s) dict_keys(['example_nested_branch_dag']) retrieved from /home/airflow/.local/lib/python3.7/site-packages/airflow/example_dags/example_nested_branch_dag.py
[2022-11-17T08:48:11.456+0000] {logging_mixin.py:137} INFO - [2022-11-17T08:48:11.455+0000] {manager.py:507} INFO - Created Permission View: can delete on DAG:example_nested_branch_dag
[2022-11-17T08:48:11.476+0000] {logging_mixin.py:137} INFO - [2022-11-17T08:48:11.476+0000] {manager.py:507} INFO - Created Permission View: can edit on DAG:example_nested_branch_dag
[2022-11-17T08:48:11.497+0000] {logging_mixin.py:137} INFO - [2022-11-17T08:48:11.497+0000] {manager.py:507} INFO - Created Permission View: can read on DAG:example_nested_branch_dag
[2022-11-17T08:48:11.499+0000] {logging_mixin.py:137} INFO - [2022-11-17T08:48:11.499+0000] {dag.py:2585} INFO - Sync 1 DAGs
[2022-11-17T08:48:11.557+0000] {logging_mixin.py:137} INFO - [2022-11-17T08:48:11.549+0000] {dag.py:2606} INFO - Creating ORM DAG for example_nested_branch_dag
[2022-11-17T08:48:11.632+0000] {logging_mixin.py:137} INFO - [2022-11-17T08:48:11.632+0000] {dag.py:3340} INFO - Setting next_dagrun for example_nested_branch_dag to 2022-11-16T00:00:00+00:00, run_after=2022-11-17T00:00:00+00:00
[2022-11-17T08:48:11.739+0000] {processor.py:176} INFO - Processing /home/airflow/.local/lib/python3.7/site-packages/airflow/example_dags/example_nested_branch_dag.py took 0.869 seconds
[2022-11-17T08:55:40.734+0000] {processor.py:154} INFO - Started process (PID=81) to work on /home/airflow/.local/lib/python3.7/site-packages/airflow/example_dags/example_nested_branch_dag.py
[2022-11-17T08:55:40.762+0000] {processor.py:756} INFO - Processing file /home/airflow/.local/lib/python3.7/site-packages/airflow/example_dags/example_nested_branch_dag.py for tasks to queue
[2022-11-17T08:55:40.782+0000] {logging_mixin.py:137} INFO - [2022-11-17T08:55:40.781+0000] {dagbag.py:537} INFO - Filling up the DagBag from /home/airflow/.local/lib/python3.7/site-packages/airflow/example_dags/example_nested_branch_dag.py
[2022-11-17T08:55:41.272+0000] {processor.py:766} INFO - DAG(s) dict_keys(['example_nested_branch_dag']) retrieved from /home/airflow/.local/lib/python3.7/site-packages/airflow/example_dags/example_nested_branch_dag.py
[2022-11-17T08:55:42.610+0000] {logging_mixin.py:137} INFO - [2022-11-17T08:55:42.610+0000] {dag.py:2585} INFO - Sync 1 DAGs
[2022-11-17T08:55:43.595+0000] {logging_mixin.py:137} INFO - [2022-11-17T08:55:43.595+0000] {dag.py:3340} INFO - Setting next_dagrun for example_nested_branch_dag to 2022-11-16T00:00:00+00:00, run_after=2022-11-17T00:00:00+00:00
[2022-11-17T08:55:43.945+0000] {processor.py:176} INFO - Processing /home/airflow/.local/lib/python3.7/site-packages/airflow/example_dags/example_nested_branch_dag.py took 3.325 seconds
[2022-11-17T08:56:14.748+0000] {processor.py:154} INFO - Started process (PID=128) to work on /home/airflow/.local/lib/python3.7/site-packages/airflow/example_dags/example_nested_branch_dag.py
[2022-11-17T08:56:14.756+0000] {processor.py:756} INFO - Processing file /home/airflow/.local/lib/python3.7/site-packages/airflow/example_dags/example_nested_branch_dag.py for tasks to queue
[2022-11-17T08:56:14.770+0000] {logging_mixin.py:137} INFO - [2022-11-17T08:56:14.769+0000] {dagbag.py:537} INFO - Filling up the DagBag from /home/airflow/.local/lib/python3.7/site-packages/airflow/example_dags/example_nested_branch_dag.py
[2022-11-17T08:56:16.342+0000] {processor.py:766} INFO - DAG(s) dict_keys(['example_nested_branch_dag']) retrieved from /home/airflow/.local/lib/python3.7/site-packages/airflow/example_dags/example_nested_branch_dag.py
[2022-11-17T08:56:17.587+0000] {logging_mixin.py:137} INFO - [2022-11-17T08:56:17.587+0000] {dag.py:2585} INFO - Sync 1 DAGs
[2022-11-17T08:56:17.677+0000] {logging_mixin.py:137} INFO - [2022-11-17T08:56:17.677+0000] {dag.py:3340} INFO - Setting next_dagrun for example_nested_branch_dag to 2022-11-16T00:00:00+00:00, run_after=2022-11-17T00:00:00+00:00
[2022-11-17T08:56:17.770+0000] {processor.py:176} INFO - Processing /home/airflow/.local/lib/python3.7/site-packages/airflow/example_dags/example_nested_branch_dag.py took 3.102 seconds
[2022-11-17T08:56:48.250+0000] {processor.py:154} INFO - Started process (PID=182) to work on /home/airflow/.local/lib/python3.7/site-packages/airflow/example_dags/example_nested_branch_dag.py
[2022-11-17T08:56:48.254+0000] {processor.py:756} INFO - Processing file /home/airflow/.local/lib/python3.7/site-packages/airflow/example_dags/example_nested_branch_dag.py for tasks to queue
[2022-11-17T08:56:48.260+0000] {logging_mixin.py:137} INFO - [2022-11-17T08:56:48.259+0000] {dagbag.py:537} INFO - Filling up the DagBag from /home/airflow/.local/lib/python3.7/site-packages/airflow/example_dags/example_nested_branch_dag.py
[2022-11-17T08:56:48.376+0000] {processor.py:766} INFO - DAG(s) dict_keys(['example_nested_branch_dag']) retrieved from /home/airflow/.local/lib/python3.7/site-packages/airflow/example_dags/example_nested_branch_dag.py
[2022-11-17T08:56:48.591+0000] {logging_mixin.py:137} INFO - [2022-11-17T08:56:48.591+0000] {dag.py:2585} INFO - Sync 1 DAGs
[2022-11-17T08:56:48.716+0000] {logging_mixin.py:137} INFO - [2022-11-17T08:56:48.716+0000] {dag.py:3340} INFO - Setting next_dagrun for example_nested_branch_dag to 2022-11-16T00:00:00+00:00, run_after=2022-11-17T00:00:00+00:00
[2022-11-17T08:56:48.778+0000] {processor.py:176} INFO - Processing /home/airflow/.local/lib/python3.7/site-packages/airflow/example_dags/example_nested_branch_dag.py took 0.549 seconds
[2022-11-17T08:57:19.115+0000] {processor.py:154} INFO - Started process (PID=236) to work on /home/airflow/.local/lib/python3.7/site-packages/airflow/example_dags/example_nested_branch_dag.py
[2022-11-17T08:57:19.120+0000] {processor.py:756} INFO - Processing file /home/airflow/.local/lib/python3.7/site-packages/airflow/example_dags/example_nested_branch_dag.py for tasks to queue
[2022-11-17T08:57:19.122+0000] {logging_mixin.py:137} INFO - [2022-11-17T08:57:19.122+0000] {dagbag.py:537} INFO - Filling up the DagBag from /home/airflow/.local/lib/python3.7/site-packages/airflow/example_dags/example_nested_branch_dag.py
[2022-11-17T08:57:19.203+0000] {processor.py:766} INFO - DAG(s) dict_keys(['example_nested_branch_dag']) retrieved from /home/airflow/.local/lib/python3.7/site-packages/airflow/example_dags/example_nested_branch_dag.py
[2022-11-17T08:57:19.355+0000] {logging_mixin.py:137} INFO - [2022-11-17T08:57:19.355+0000] {dag.py:2585} INFO - Sync 1 DAGs
[2022-11-17T08:57:19.429+0000] {logging_mixin.py:137} INFO - [2022-11-17T08:57:19.429+0000] {dag.py:3340} INFO - Setting next_dagrun for example_nested_branch_dag to 2022-11-16T00:00:00+00:00, run_after=2022-11-17T00:00:00+00:00
[2022-11-17T08:57:19.478+0000] {processor.py:176} INFO - Processing /home/airflow/.local/lib/python3.7/site-packages/airflow/example_dags/example_nested_branch_dag.py took 0.370 seconds
[2022-11-17T08:57:49.961+0000] {processor.py:154} INFO - Started process (PID=289) to work on /home/airflow/.local/lib/python3.7/site-packages/airflow/example_dags/example_nested_branch_dag.py
[2022-11-17T08:57:49.966+0000] {processor.py:756} INFO - Processing file /home/airflow/.local/lib/python3.7/site-packages/airflow/example_dags/example_nested_branch_dag.py for tasks to queue
[2022-11-17T08:57:49.969+0000] {logging_mixin.py:137} INFO - [2022-11-17T08:57:49.969+0000] {dagbag.py:537} INFO - Filling up the DagBag from /home/airflow/.local/lib/python3.7/site-packages/airflow/example_dags/example_nested_branch_dag.py
[2022-11-17T08:57:50.040+0000] {processor.py:766} INFO - DAG(s) dict_keys(['example_nested_branch_dag']) retrieved from /home/airflow/.local/lib/python3.7/site-packages/airflow/example_dags/example_nested_branch_dag.py
[2022-11-17T08:57:50.173+0000] {logging_mixin.py:137} INFO - [2022-11-17T08:57:50.173+0000] {dag.py:2585} INFO - Sync 1 DAGs
[2022-11-17T08:57:50.245+0000] {logging_mixin.py:137} INFO - [2022-11-17T08:57:50.245+0000] {dag.py:3340} INFO - Setting next_dagrun for example_nested_branch_dag to 2022-11-16T00:00:00+00:00, run_after=2022-11-17T00:00:00+00:00
[2022-11-17T08:57:50.327+0000] {processor.py:176} INFO - Processing /home/airflow/.local/lib/python3.7/site-packages/airflow/example_dags/example_nested_branch_dag.py took 0.373 seconds
[2022-11-17T08:58:20.909+0000] {processor.py:154} INFO - Started process (PID=343) to work on /home/airflow/.local/lib/python3.7/site-packages/airflow/example_dags/example_nested_branch_dag.py
[2022-11-17T08:58:20.911+0000] {processor.py:756} INFO - Processing file /home/airflow/.local/lib/python3.7/site-packages/airflow/example_dags/example_nested_branch_dag.py for tasks to queue
[2022-11-17T08:58:20.914+0000] {logging_mixin.py:137} INFO - [2022-11-17T08:58:20.914+0000] {dagbag.py:537} INFO - Filling up the DagBag from /home/airflow/.local/lib/python3.7/site-packages/airflow/example_dags/example_nested_branch_dag.py
[2022-11-17T08:58:20.964+0000] {processor.py:766} INFO - DAG(s) dict_keys(['example_nested_branch_dag']) retrieved from /home/airflow/.local/lib/python3.7/site-packages/airflow/example_dags/example_nested_branch_dag.py
[2022-11-17T08:58:21.054+0000] {logging_mixin.py:137} INFO - [2022-11-17T08:58:21.054+0000] {dag.py:2585} INFO - Sync 1 DAGs
[2022-11-17T08:58:21.110+0000] {logging_mixin.py:137} INFO - [2022-11-17T08:58:21.110+0000] {dag.py:3340} INFO - Setting next_dagrun for example_nested_branch_dag to 2022-11-16T00:00:00+00:00, run_after=2022-11-17T00:00:00+00:00
[2022-11-17T08:58:21.154+0000] {processor.py:176} INFO - Processing /home/airflow/.local/lib/python3.7/site-packages/airflow/example_dags/example_nested_branch_dag.py took 0.252 seconds
[2022-11-17T08:58:51.353+0000] {processor.py:154} INFO - Started process (PID=406) to work on /home/airflow/.local/lib/python3.7/site-packages/airflow/example_dags/example_nested_branch_dag.py
[2022-11-17T08:58:51.356+0000] {processor.py:756} INFO - Processing file /home/airflow/.local/lib/python3.7/site-packages/airflow/example_dags/example_nested_branch_dag.py for tasks to queue
[2022-11-17T08:58:51.359+0000] {logging_mixin.py:137} INFO - [2022-11-17T08:58:51.359+0000] {dagbag.py:537} INFO - Filling up the DagBag from /home/airflow/.local/lib/python3.7/site-packages/airflow/example_dags/example_nested_branch_dag.py
[2022-11-17T08:58:51.417+0000] {processor.py:766} INFO - DAG(s) dict_keys(['example_nested_branch_dag']) retrieved from /home/airflow/.local/lib/python3.7/site-packages/airflow/example_dags/example_nested_branch_dag.py
[2022-11-17T08:58:51.501+0000] {logging_mixin.py:137} INFO - [2022-11-17T08:58:51.501+0000] {dag.py:2585} INFO - Sync 1 DAGs
[2022-11-17T08:58:51.555+0000] {logging_mixin.py:137} INFO - [2022-11-17T08:58:51.554+0000] {dag.py:3340} INFO - Setting next_dagrun for example_nested_branch_dag to 2022-11-16T00:00:00+00:00, run_after=2022-11-17T00:00:00+00:00
[2022-11-17T08:58:51.666+0000] {processor.py:176} INFO - Processing /home/airflow/.local/lib/python3.7/site-packages/airflow/example_dags/example_nested_branch_dag.py took 0.320 seconds
[2022-11-17T08:59:21.936+0000] {processor.py:154} INFO - Started process (PID=459) to work on /home/airflow/.local/lib/python3.7/site-packages/airflow/example_dags/example_nested_branch_dag.py
[2022-11-17T08:59:21.942+0000] {processor.py:756} INFO - Processing file /home/airflow/.local/lib/python3.7/site-packages/airflow/example_dags/example_nested_branch_dag.py for tasks to queue
[2022-11-17T08:59:21.950+0000] {logging_mixin.py:137} INFO - [2022-11-17T08:59:21.949+0000] {dagbag.py:537} INFO - Filling up the DagBag from /home/airflow/.local/lib/python3.7/site-packages/airflow/example_dags/example_nested_branch_dag.py
[2022-11-17T08:59:22.067+0000] {processor.py:766} INFO - DAG(s) dict_keys(['example_nested_branch_dag']) retrieved from /home/airflow/.local/lib/python3.7/site-packages/airflow/example_dags/example_nested_branch_dag.py
[2022-11-17T08:59:22.177+0000] {logging_mixin.py:137} INFO - [2022-11-17T08:59:22.177+0000] {dag.py:2585} INFO - Sync 1 DAGs
[2022-11-17T08:59:22.422+0000] {logging_mixin.py:137} INFO - [2022-11-17T08:59:22.421+0000] {dag.py:3340} INFO - Setting next_dagrun for example_nested_branch_dag to 2022-11-16T00:00:00+00:00, run_after=2022-11-17T00:00:00+00:00
[2022-11-17T08:59:22.632+0000] {processor.py:176} INFO - Processing /home/airflow/.local/lib/python3.7/site-packages/airflow/example_dags/example_nested_branch_dag.py took 0.716 seconds
[2022-11-17T08:59:52.969+0000] {processor.py:154} INFO - Started process (PID=511) to work on /home/airflow/.local/lib/python3.7/site-packages/airflow/example_dags/example_nested_branch_dag.py
[2022-11-17T08:59:52.976+0000] {processor.py:756} INFO - Processing file /home/airflow/.local/lib/python3.7/site-packages/airflow/example_dags/example_nested_branch_dag.py for tasks to queue
[2022-11-17T08:59:52.989+0000] {logging_mixin.py:137} INFO - [2022-11-17T08:59:52.989+0000] {dagbag.py:537} INFO - Filling up the DagBag from /home/airflow/.local/lib/python3.7/site-packages/airflow/example_dags/example_nested_branch_dag.py
[2022-11-17T08:59:53.075+0000] {processor.py:766} INFO - DAG(s) dict_keys(['example_nested_branch_dag']) retrieved from /home/airflow/.local/lib/python3.7/site-packages/airflow/example_dags/example_nested_branch_dag.py
[2022-11-17T08:59:53.201+0000] {logging_mixin.py:137} INFO - [2022-11-17T08:59:53.201+0000] {dag.py:2585} INFO - Sync 1 DAGs
[2022-11-17T08:59:53.256+0000] {logging_mixin.py:137} INFO - [2022-11-17T08:59:53.256+0000] {dag.py:3340} INFO - Setting next_dagrun for example_nested_branch_dag to 2022-11-16T00:00:00+00:00, run_after=2022-11-17T00:00:00+00:00
[2022-11-17T08:59:53.294+0000] {processor.py:176} INFO - Processing /home/airflow/.local/lib/python3.7/site-packages/airflow/example_dags/example_nested_branch_dag.py took 0.338 seconds
[2022-11-17T09:00:26.839+0000] {processor.py:154} INFO - Started process (PID=566) to work on /home/airflow/.local/lib/python3.7/site-packages/airflow/example_dags/example_nested_branch_dag.py
[2022-11-17T09:00:26.851+0000] {processor.py:756} INFO - Processing file /home/airflow/.local/lib/python3.7/site-packages/airflow/example_dags/example_nested_branch_dag.py for tasks to queue
[2022-11-17T09:00:26.856+0000] {logging_mixin.py:137} INFO - [2022-11-17T09:00:26.855+0000] {dagbag.py:537} INFO - Filling up the DagBag from /home/airflow/.local/lib/python3.7/site-packages/airflow/example_dags/example_nested_branch_dag.py
[2022-11-17T09:00:26.916+0000] {processor.py:766} INFO - DAG(s) dict_keys(['example_nested_branch_dag']) retrieved from /home/airflow/.local/lib/python3.7/site-packages/airflow/example_dags/example_nested_branch_dag.py
[2022-11-17T09:00:27.045+0000] {logging_mixin.py:137} INFO - [2022-11-17T09:00:27.045+0000] {dag.py:2585} INFO - Sync 1 DAGs
[2022-11-17T09:00:27.263+0000] {logging_mixin.py:137} INFO - [2022-11-17T09:00:27.263+0000] {dag.py:3340} INFO - Setting next_dagrun for example_nested_branch_dag to 2022-11-16T00:00:00+00:00, run_after=2022-11-17T00:00:00+00:00
[2022-11-17T09:00:27.332+0000] {processor.py:176} INFO - Processing /home/airflow/.local/lib/python3.7/site-packages/airflow/example_dags/example_nested_branch_dag.py took 0.503 seconds
[2022-11-17T09:00:57.924+0000] {processor.py:154} INFO - Started process (PID=611) to work on /home/airflow/.local/lib/python3.7/site-packages/airflow/example_dags/example_nested_branch_dag.py
[2022-11-17T09:00:57.927+0000] {processor.py:756} INFO - Processing file /home/airflow/.local/lib/python3.7/site-packages/airflow/example_dags/example_nested_branch_dag.py for tasks to queue
[2022-11-17T09:00:57.930+0000] {logging_mixin.py:137} INFO - [2022-11-17T09:00:57.929+0000] {dagbag.py:537} INFO - Filling up the DagBag from /home/airflow/.local/lib/python3.7/site-packages/airflow/example_dags/example_nested_branch_dag.py
[2022-11-17T09:00:57.992+0000] {processor.py:766} INFO - DAG(s) dict_keys(['example_nested_branch_dag']) retrieved from /home/airflow/.local/lib/python3.7/site-packages/airflow/example_dags/example_nested_branch_dag.py
[2022-11-17T09:00:58.075+0000] {logging_mixin.py:137} INFO - [2022-11-17T09:00:58.075+0000] {dag.py:2585} INFO - Sync 1 DAGs
[2022-11-17T09:00:58.134+0000] {logging_mixin.py:137} INFO - [2022-11-17T09:00:58.134+0000] {dag.py:3340} INFO - Setting next_dagrun for example_nested_branch_dag to 2022-11-16T00:00:00+00:00, run_after=2022-11-17T00:00:00+00:00
[2022-11-17T09:00:58.206+0000] {processor.py:176} INFO - Processing /home/airflow/.local/lib/python3.7/site-packages/airflow/example_dags/example_nested_branch_dag.py took 0.301 seconds
[2022-11-17T09:01:29.892+0000] {processor.py:154} INFO - Started process (PID=664) to work on /home/airflow/.local/lib/python3.7/site-packages/airflow/example_dags/example_nested_branch_dag.py
[2022-11-17T09:01:29.896+0000] {processor.py:756} INFO - Processing file /home/airflow/.local/lib/python3.7/site-packages/airflow/example_dags/example_nested_branch_dag.py for tasks to queue
[2022-11-17T09:01:29.908+0000] {logging_mixin.py:137} INFO - [2022-11-17T09:01:29.907+0000] {dagbag.py:537} INFO - Filling up the DagBag from /home/airflow/.local/lib/python3.7/site-packages/airflow/example_dags/example_nested_branch_dag.py
[2022-11-17T09:01:30.070+0000] {processor.py:766} INFO - DAG(s) dict_keys(['example_nested_branch_dag']) retrieved from /home/airflow/.local/lib/python3.7/site-packages/airflow/example_dags/example_nested_branch_dag.py
[2022-11-17T09:01:30.361+0000] {logging_mixin.py:137} INFO - [2022-11-17T09:01:30.361+0000] {dag.py:2585} INFO - Sync 1 DAGs
[2022-11-17T09:01:30.486+0000] {logging_mixin.py:137} INFO - [2022-11-17T09:01:30.485+0000] {dag.py:3340} INFO - Setting next_dagrun for example_nested_branch_dag to 2022-11-16T00:00:00+00:00, run_after=2022-11-17T00:00:00+00:00
[2022-11-17T09:01:30.609+0000] {processor.py:176} INFO - Processing /home/airflow/.local/lib/python3.7/site-packages/airflow/example_dags/example_nested_branch_dag.py took 0.731 seconds
