[2022-11-17T08:48:02.822+0000] {processor.py:154} INFO - Started process (PID=51) to work on /home/airflow/.local/lib/python3.7/site-packages/airflow/example_dags/example_branch_operator_decorator.py
[2022-11-17T08:48:02.835+0000] {processor.py:756} INFO - Processing file /home/airflow/.local/lib/python3.7/site-packages/airflow/example_dags/example_branch_operator_decorator.py for tasks to queue
[2022-11-17T08:48:02.858+0000] {logging_mixin.py:137} INFO - [2022-11-17T08:48:02.857+0000] {dagbag.py:537} INFO - Filling up the DagBag from /home/airflow/.local/lib/python3.7/site-packages/airflow/example_dags/example_branch_operator_decorator.py
[2022-11-17T08:48:03.064+0000] {processor.py:766} INFO - DAG(s) dict_keys(['example_branch_python_operator_decorator']) retrieved from /home/airflow/.local/lib/python3.7/site-packages/airflow/example_dags/example_branch_operator_decorator.py
[2022-11-17T08:48:03.917+0000] {logging_mixin.py:137} INFO - [2022-11-17T08:48:03.917+0000] {manager.py:507} INFO - Created Permission View: can delete on DAG:example_branch_python_operator_decorator
[2022-11-17T08:48:03.960+0000] {logging_mixin.py:137} INFO - [2022-11-17T08:48:03.959+0000] {manager.py:507} INFO - Created Permission View: can edit on DAG:example_branch_python_operator_decorator
[2022-11-17T08:48:03.991+0000] {logging_mixin.py:137} INFO - [2022-11-17T08:48:03.991+0000] {manager.py:507} INFO - Created Permission View: can read on DAG:example_branch_python_operator_decorator
[2022-11-17T08:48:03.994+0000] {logging_mixin.py:137} INFO - [2022-11-17T08:48:03.994+0000] {dag.py:2585} INFO - Sync 1 DAGs
[2022-11-17T08:48:04.093+0000] {logging_mixin.py:137} INFO - [2022-11-17T08:48:04.092+0000] {dag.py:2606} INFO - Creating ORM DAG for example_branch_python_operator_decorator
[2022-11-17T08:48:04.144+0000] {logging_mixin.py:137} INFO - [2022-11-17T08:48:04.144+0000] {dag.py:3340} INFO - Setting next_dagrun for example_branch_python_operator_decorator to 2022-11-16T00:00:00+00:00, run_after=2022-11-17T00:00:00+00:00
[2022-11-17T08:48:04.200+0000] {processor.py:176} INFO - Processing /home/airflow/.local/lib/python3.7/site-packages/airflow/example_dags/example_branch_operator_decorator.py took 1.395 seconds
[2022-11-17T08:48:40.517+0000] {processor.py:154} INFO - Started process (PID=105) to work on /home/airflow/.local/lib/python3.7/site-packages/airflow/example_dags/example_branch_operator_decorator.py
[2022-11-17T08:48:40.530+0000] {processor.py:756} INFO - Processing file /home/airflow/.local/lib/python3.7/site-packages/airflow/example_dags/example_branch_operator_decorator.py for tasks to queue
[2022-11-17T08:48:40.533+0000] {logging_mixin.py:137} INFO - [2022-11-17T08:48:40.533+0000] {dagbag.py:537} INFO - Filling up the DagBag from /home/airflow/.local/lib/python3.7/site-packages/airflow/example_dags/example_branch_operator_decorator.py
[2022-11-17T08:48:40.621+0000] {processor.py:766} INFO - DAG(s) dict_keys(['example_branch_python_operator_decorator']) retrieved from /home/airflow/.local/lib/python3.7/site-packages/airflow/example_dags/example_branch_operator_decorator.py
[2022-11-17T08:48:40.886+0000] {logging_mixin.py:137} INFO - [2022-11-17T08:48:40.886+0000] {dag.py:2585} INFO - Sync 1 DAGs
[2022-11-17T08:48:41.174+0000] {logging_mixin.py:137} INFO - [2022-11-17T08:48:41.174+0000] {dag.py:3340} INFO - Setting next_dagrun for example_branch_python_operator_decorator to 2022-11-16T00:00:00+00:00, run_after=2022-11-17T00:00:00+00:00
[2022-11-17T08:48:44.842+0000] {logging_mixin.py:137} INFO - [2022-11-17T08:48:44.842+0000] {process_utils.py:256} INFO - Waiting up to 5 seconds for processes to exit...
[2022-11-17T08:55:31.123+0000] {processor.py:154} INFO - Started process (PID=62) to work on /home/airflow/.local/lib/python3.7/site-packages/airflow/example_dags/example_branch_operator_decorator.py
[2022-11-17T08:55:31.135+0000] {processor.py:756} INFO - Processing file /home/airflow/.local/lib/python3.7/site-packages/airflow/example_dags/example_branch_operator_decorator.py for tasks to queue
[2022-11-17T08:55:31.139+0000] {logging_mixin.py:137} INFO - [2022-11-17T08:55:31.139+0000] {dagbag.py:537} INFO - Filling up the DagBag from /home/airflow/.local/lib/python3.7/site-packages/airflow/example_dags/example_branch_operator_decorator.py
[2022-11-17T08:55:31.310+0000] {processor.py:766} INFO - DAG(s) dict_keys(['example_branch_python_operator_decorator']) retrieved from /home/airflow/.local/lib/python3.7/site-packages/airflow/example_dags/example_branch_operator_decorator.py
[2022-11-17T08:55:31.952+0000] {logging_mixin.py:137} INFO - [2022-11-17T08:55:31.951+0000] {dag.py:2585} INFO - Sync 1 DAGs
[2022-11-17T08:55:32.057+0000] {logging_mixin.py:137} INFO - [2022-11-17T08:55:32.056+0000] {dag.py:3340} INFO - Setting next_dagrun for example_branch_python_operator_decorator to 2022-11-16T00:00:00+00:00, run_after=2022-11-17T00:00:00+00:00
[2022-11-17T08:55:32.102+0000] {processor.py:176} INFO - Processing /home/airflow/.local/lib/python3.7/site-packages/airflow/example_dags/example_branch_operator_decorator.py took 0.999 seconds
[2022-11-17T08:56:02.325+0000] {processor.py:154} INFO - Started process (PID=115) to work on /home/airflow/.local/lib/python3.7/site-packages/airflow/example_dags/example_branch_operator_decorator.py
[2022-11-17T08:56:02.327+0000] {processor.py:756} INFO - Processing file /home/airflow/.local/lib/python3.7/site-packages/airflow/example_dags/example_branch_operator_decorator.py for tasks to queue
[2022-11-17T08:56:02.330+0000] {logging_mixin.py:137} INFO - [2022-11-17T08:56:02.330+0000] {dagbag.py:537} INFO - Filling up the DagBag from /home/airflow/.local/lib/python3.7/site-packages/airflow/example_dags/example_branch_operator_decorator.py
[2022-11-17T08:56:02.464+0000] {processor.py:766} INFO - DAG(s) dict_keys(['example_branch_python_operator_decorator']) retrieved from /home/airflow/.local/lib/python3.7/site-packages/airflow/example_dags/example_branch_operator_decorator.py
[2022-11-17T08:56:02.661+0000] {logging_mixin.py:137} INFO - [2022-11-17T08:56:02.661+0000] {dag.py:2585} INFO - Sync 1 DAGs
[2022-11-17T08:56:02.768+0000] {logging_mixin.py:137} INFO - [2022-11-17T08:56:02.768+0000] {dag.py:3340} INFO - Setting next_dagrun for example_branch_python_operator_decorator to 2022-11-16T00:00:00+00:00, run_after=2022-11-17T00:00:00+00:00
[2022-11-17T08:56:02.868+0000] {processor.py:176} INFO - Processing /home/airflow/.local/lib/python3.7/site-packages/airflow/example_dags/example_branch_operator_decorator.py took 0.565 seconds
[2022-11-17T08:56:33.504+0000] {processor.py:154} INFO - Started process (PID=161) to work on /home/airflow/.local/lib/python3.7/site-packages/airflow/example_dags/example_branch_operator_decorator.py
[2022-11-17T08:56:33.518+0000] {processor.py:756} INFO - Processing file /home/airflow/.local/lib/python3.7/site-packages/airflow/example_dags/example_branch_operator_decorator.py for tasks to queue
[2022-11-17T08:56:33.530+0000] {logging_mixin.py:137} INFO - [2022-11-17T08:56:33.529+0000] {dagbag.py:537} INFO - Filling up the DagBag from /home/airflow/.local/lib/python3.7/site-packages/airflow/example_dags/example_branch_operator_decorator.py
[2022-11-17T08:56:33.732+0000] {processor.py:766} INFO - DAG(s) dict_keys(['example_branch_python_operator_decorator']) retrieved from /home/airflow/.local/lib/python3.7/site-packages/airflow/example_dags/example_branch_operator_decorator.py
[2022-11-17T08:56:34.048+0000] {logging_mixin.py:137} INFO - [2022-11-17T08:56:34.048+0000] {dag.py:2585} INFO - Sync 1 DAGs
[2022-11-17T08:56:34.352+0000] {logging_mixin.py:137} INFO - [2022-11-17T08:56:34.350+0000] {dag.py:3340} INFO - Setting next_dagrun for example_branch_python_operator_decorator to 2022-11-16T00:00:00+00:00, run_after=2022-11-17T00:00:00+00:00
[2022-11-17T08:56:34.485+0000] {processor.py:176} INFO - Processing /home/airflow/.local/lib/python3.7/site-packages/airflow/example_dags/example_branch_operator_decorator.py took 1.004 seconds
[2022-11-17T08:57:05.915+0000] {processor.py:154} INFO - Started process (PID=214) to work on /home/airflow/.local/lib/python3.7/site-packages/airflow/example_dags/example_branch_operator_decorator.py
[2022-11-17T08:57:05.933+0000] {processor.py:756} INFO - Processing file /home/airflow/.local/lib/python3.7/site-packages/airflow/example_dags/example_branch_operator_decorator.py for tasks to queue
[2022-11-17T08:57:05.936+0000] {logging_mixin.py:137} INFO - [2022-11-17T08:57:05.936+0000] {dagbag.py:537} INFO - Filling up the DagBag from /home/airflow/.local/lib/python3.7/site-packages/airflow/example_dags/example_branch_operator_decorator.py
[2022-11-17T08:57:06.379+0000] {processor.py:766} INFO - DAG(s) dict_keys(['example_branch_python_operator_decorator']) retrieved from /home/airflow/.local/lib/python3.7/site-packages/airflow/example_dags/example_branch_operator_decorator.py
[2022-11-17T08:57:06.587+0000] {logging_mixin.py:137} INFO - [2022-11-17T08:57:06.587+0000] {dag.py:2585} INFO - Sync 1 DAGs
[2022-11-17T08:57:06.733+0000] {logging_mixin.py:137} INFO - [2022-11-17T08:57:06.733+0000] {dag.py:3340} INFO - Setting next_dagrun for example_branch_python_operator_decorator to 2022-11-16T00:00:00+00:00, run_after=2022-11-17T00:00:00+00:00
[2022-11-17T08:57:06.899+0000] {processor.py:176} INFO - Processing /home/airflow/.local/lib/python3.7/site-packages/airflow/example_dags/example_branch_operator_decorator.py took 1.055 seconds
[2022-11-17T08:57:37.258+0000] {processor.py:154} INFO - Started process (PID=268) to work on /home/airflow/.local/lib/python3.7/site-packages/airflow/example_dags/example_branch_operator_decorator.py
[2022-11-17T08:57:37.261+0000] {processor.py:756} INFO - Processing file /home/airflow/.local/lib/python3.7/site-packages/airflow/example_dags/example_branch_operator_decorator.py for tasks to queue
[2022-11-17T08:57:37.264+0000] {logging_mixin.py:137} INFO - [2022-11-17T08:57:37.264+0000] {dagbag.py:537} INFO - Filling up the DagBag from /home/airflow/.local/lib/python3.7/site-packages/airflow/example_dags/example_branch_operator_decorator.py
[2022-11-17T08:57:37.311+0000] {processor.py:766} INFO - DAG(s) dict_keys(['example_branch_python_operator_decorator']) retrieved from /home/airflow/.local/lib/python3.7/site-packages/airflow/example_dags/example_branch_operator_decorator.py
[2022-11-17T08:57:37.389+0000] {logging_mixin.py:137} INFO - [2022-11-17T08:57:37.389+0000] {dag.py:2585} INFO - Sync 1 DAGs
[2022-11-17T08:57:37.436+0000] {logging_mixin.py:137} INFO - [2022-11-17T08:57:37.436+0000] {dag.py:3340} INFO - Setting next_dagrun for example_branch_python_operator_decorator to 2022-11-16T00:00:00+00:00, run_after=2022-11-17T00:00:00+00:00
[2022-11-17T08:57:37.474+0000] {processor.py:176} INFO - Processing /home/airflow/.local/lib/python3.7/site-packages/airflow/example_dags/example_branch_operator_decorator.py took 0.222 seconds
[2022-11-17T08:58:07.939+0000] {processor.py:154} INFO - Started process (PID=329) to work on /home/airflow/.local/lib/python3.7/site-packages/airflow/example_dags/example_branch_operator_decorator.py
[2022-11-17T08:58:07.943+0000] {processor.py:756} INFO - Processing file /home/airflow/.local/lib/python3.7/site-packages/airflow/example_dags/example_branch_operator_decorator.py for tasks to queue
[2022-11-17T08:58:07.947+0000] {logging_mixin.py:137} INFO - [2022-11-17T08:58:07.946+0000] {dagbag.py:537} INFO - Filling up the DagBag from /home/airflow/.local/lib/python3.7/site-packages/airflow/example_dags/example_branch_operator_decorator.py
[2022-11-17T08:58:08.004+0000] {processor.py:766} INFO - DAG(s) dict_keys(['example_branch_python_operator_decorator']) retrieved from /home/airflow/.local/lib/python3.7/site-packages/airflow/example_dags/example_branch_operator_decorator.py
[2022-11-17T08:58:08.094+0000] {logging_mixin.py:137} INFO - [2022-11-17T08:58:08.094+0000] {dag.py:2585} INFO - Sync 1 DAGs
[2022-11-17T08:58:08.145+0000] {logging_mixin.py:137} INFO - [2022-11-17T08:58:08.144+0000] {dag.py:3340} INFO - Setting next_dagrun for example_branch_python_operator_decorator to 2022-11-16T00:00:00+00:00, run_after=2022-11-17T00:00:00+00:00
[2022-11-17T08:58:08.186+0000] {processor.py:176} INFO - Processing /home/airflow/.local/lib/python3.7/site-packages/airflow/example_dags/example_branch_operator_decorator.py took 0.254 seconds
[2022-11-17T08:58:38.880+0000] {processor.py:154} INFO - Started process (PID=385) to work on /home/airflow/.local/lib/python3.7/site-packages/airflow/example_dags/example_branch_operator_decorator.py
[2022-11-17T08:58:38.883+0000] {processor.py:756} INFO - Processing file /home/airflow/.local/lib/python3.7/site-packages/airflow/example_dags/example_branch_operator_decorator.py for tasks to queue
[2022-11-17T08:58:38.888+0000] {logging_mixin.py:137} INFO - [2022-11-17T08:58:38.887+0000] {dagbag.py:537} INFO - Filling up the DagBag from /home/airflow/.local/lib/python3.7/site-packages/airflow/example_dags/example_branch_operator_decorator.py
[2022-11-17T08:58:39.488+0000] {processor.py:766} INFO - DAG(s) dict_keys(['example_branch_python_operator_decorator']) retrieved from /home/airflow/.local/lib/python3.7/site-packages/airflow/example_dags/example_branch_operator_decorator.py
[2022-11-17T08:58:40.519+0000] {logging_mixin.py:137} INFO - [2022-11-17T08:58:40.515+0000] {dag.py:2585} INFO - Sync 1 DAGs
[2022-11-17T08:58:40.726+0000] {logging_mixin.py:137} INFO - [2022-11-17T08:58:40.724+0000] {dag.py:3340} INFO - Setting next_dagrun for example_branch_python_operator_decorator to 2022-11-16T00:00:00+00:00, run_after=2022-11-17T00:00:00+00:00
[2022-11-17T08:58:40.806+0000] {processor.py:176} INFO - Processing /home/airflow/.local/lib/python3.7/site-packages/airflow/example_dags/example_branch_operator_decorator.py took 1.998 seconds
[2022-11-17T08:59:11.306+0000] {processor.py:154} INFO - Started process (PID=438) to work on /home/airflow/.local/lib/python3.7/site-packages/airflow/example_dags/example_branch_operator_decorator.py
[2022-11-17T08:59:11.309+0000] {processor.py:756} INFO - Processing file /home/airflow/.local/lib/python3.7/site-packages/airflow/example_dags/example_branch_operator_decorator.py for tasks to queue
[2022-11-17T08:59:11.312+0000] {logging_mixin.py:137} INFO - [2022-11-17T08:59:11.311+0000] {dagbag.py:537} INFO - Filling up the DagBag from /home/airflow/.local/lib/python3.7/site-packages/airflow/example_dags/example_branch_operator_decorator.py
[2022-11-17T08:59:11.359+0000] {processor.py:766} INFO - DAG(s) dict_keys(['example_branch_python_operator_decorator']) retrieved from /home/airflow/.local/lib/python3.7/site-packages/airflow/example_dags/example_branch_operator_decorator.py
[2022-11-17T08:59:11.459+0000] {logging_mixin.py:137} INFO - [2022-11-17T08:59:11.458+0000] {dag.py:2585} INFO - Sync 1 DAGs
[2022-11-17T08:59:11.517+0000] {logging_mixin.py:137} INFO - [2022-11-17T08:59:11.517+0000] {dag.py:3340} INFO - Setting next_dagrun for example_branch_python_operator_decorator to 2022-11-16T00:00:00+00:00, run_after=2022-11-17T00:00:00+00:00
[2022-11-17T08:59:11.557+0000] {processor.py:176} INFO - Processing /home/airflow/.local/lib/python3.7/site-packages/airflow/example_dags/example_branch_operator_decorator.py took 0.262 seconds
[2022-11-17T08:59:44.200+0000] {processor.py:154} INFO - Started process (PID=488) to work on /home/airflow/.local/lib/python3.7/site-packages/airflow/example_dags/example_branch_operator_decorator.py
[2022-11-17T08:59:44.329+0000] {processor.py:756} INFO - Processing file /home/airflow/.local/lib/python3.7/site-packages/airflow/example_dags/example_branch_operator_decorator.py for tasks to queue
[2022-11-17T08:59:44.370+0000] {logging_mixin.py:137} INFO - [2022-11-17T08:59:44.370+0000] {dagbag.py:537} INFO - Filling up the DagBag from /home/airflow/.local/lib/python3.7/site-packages/airflow/example_dags/example_branch_operator_decorator.py
[2022-11-17T08:59:44.822+0000] {processor.py:766} INFO - DAG(s) dict_keys(['example_branch_python_operator_decorator']) retrieved from /home/airflow/.local/lib/python3.7/site-packages/airflow/example_dags/example_branch_operator_decorator.py
[2022-11-17T08:59:44.955+0000] {logging_mixin.py:137} INFO - [2022-11-17T08:59:44.955+0000] {dag.py:2585} INFO - Sync 1 DAGs
[2022-11-17T08:59:45.056+0000] {logging_mixin.py:137} INFO - [2022-11-17T08:59:45.055+0000] {dag.py:3340} INFO - Setting next_dagrun for example_branch_python_operator_decorator to 2022-11-16T00:00:00+00:00, run_after=2022-11-17T00:00:00+00:00
[2022-11-17T08:59:45.166+0000] {processor.py:176} INFO - Processing /home/airflow/.local/lib/python3.7/site-packages/airflow/example_dags/example_branch_operator_decorator.py took 1.090 seconds
[2022-11-17T09:00:15.746+0000] {processor.py:154} INFO - Started process (PID=541) to work on /home/airflow/.local/lib/python3.7/site-packages/airflow/example_dags/example_branch_operator_decorator.py
[2022-11-17T09:00:15.749+0000] {processor.py:756} INFO - Processing file /home/airflow/.local/lib/python3.7/site-packages/airflow/example_dags/example_branch_operator_decorator.py for tasks to queue
[2022-11-17T09:00:15.763+0000] {logging_mixin.py:137} INFO - [2022-11-17T09:00:15.761+0000] {dagbag.py:537} INFO - Filling up the DagBag from /home/airflow/.local/lib/python3.7/site-packages/airflow/example_dags/example_branch_operator_decorator.py
[2022-11-17T09:00:16.317+0000] {processor.py:766} INFO - DAG(s) dict_keys(['example_branch_python_operator_decorator']) retrieved from /home/airflow/.local/lib/python3.7/site-packages/airflow/example_dags/example_branch_operator_decorator.py
[2022-11-17T09:00:17.268+0000] {logging_mixin.py:137} INFO - [2022-11-17T09:00:17.268+0000] {dag.py:2585} INFO - Sync 1 DAGs
[2022-11-17T09:00:17.711+0000] {logging_mixin.py:137} INFO - [2022-11-17T09:00:17.710+0000] {dag.py:3340} INFO - Setting next_dagrun for example_branch_python_operator_decorator to 2022-11-16T00:00:00+00:00, run_after=2022-11-17T00:00:00+00:00
[2022-11-17T09:00:17.884+0000] {processor.py:176} INFO - Processing /home/airflow/.local/lib/python3.7/site-packages/airflow/example_dags/example_branch_operator_decorator.py took 2.159 seconds
[2022-11-17T09:00:49.319+0000] {processor.py:154} INFO - Started process (PID=595) to work on /home/airflow/.local/lib/python3.7/site-packages/airflow/example_dags/example_branch_operator_decorator.py
[2022-11-17T09:00:49.325+0000] {processor.py:756} INFO - Processing file /home/airflow/.local/lib/python3.7/site-packages/airflow/example_dags/example_branch_operator_decorator.py for tasks to queue
[2022-11-17T09:00:49.337+0000] {logging_mixin.py:137} INFO - [2022-11-17T09:00:49.337+0000] {dagbag.py:537} INFO - Filling up the DagBag from /home/airflow/.local/lib/python3.7/site-packages/airflow/example_dags/example_branch_operator_decorator.py
[2022-11-17T09:00:49.535+0000] {processor.py:766} INFO - DAG(s) dict_keys(['example_branch_python_operator_decorator']) retrieved from /home/airflow/.local/lib/python3.7/site-packages/airflow/example_dags/example_branch_operator_decorator.py
[2022-11-17T09:00:49.760+0000] {logging_mixin.py:137} INFO - [2022-11-17T09:00:49.759+0000] {dag.py:2585} INFO - Sync 1 DAGs
[2022-11-17T09:00:50.025+0000] {logging_mixin.py:137} INFO - [2022-11-17T09:00:50.024+0000] {dag.py:3340} INFO - Setting next_dagrun for example_branch_python_operator_decorator to 2022-11-16T00:00:00+00:00, run_after=2022-11-17T00:00:00+00:00
[2022-11-17T09:00:50.150+0000] {processor.py:176} INFO - Processing /home/airflow/.local/lib/python3.7/site-packages/airflow/example_dags/example_branch_operator_decorator.py took 0.859 seconds
[2022-11-17T09:01:22.103+0000] {processor.py:154} INFO - Started process (PID=648) to work on /home/airflow/.local/lib/python3.7/site-packages/airflow/example_dags/example_branch_operator_decorator.py
[2022-11-17T09:01:22.109+0000] {processor.py:756} INFO - Processing file /home/airflow/.local/lib/python3.7/site-packages/airflow/example_dags/example_branch_operator_decorator.py for tasks to queue
[2022-11-17T09:01:22.116+0000] {logging_mixin.py:137} INFO - [2022-11-17T09:01:22.116+0000] {dagbag.py:537} INFO - Filling up the DagBag from /home/airflow/.local/lib/python3.7/site-packages/airflow/example_dags/example_branch_operator_decorator.py
[2022-11-17T09:01:22.285+0000] {processor.py:766} INFO - DAG(s) dict_keys(['example_branch_python_operator_decorator']) retrieved from /home/airflow/.local/lib/python3.7/site-packages/airflow/example_dags/example_branch_operator_decorator.py
[2022-11-17T09:01:22.433+0000] {logging_mixin.py:137} INFO - [2022-11-17T09:01:22.433+0000] {dag.py:2585} INFO - Sync 1 DAGs
[2022-11-17T09:01:22.532+0000] {logging_mixin.py:137} INFO - [2022-11-17T09:01:22.532+0000] {dag.py:3340} INFO - Setting next_dagrun for example_branch_python_operator_decorator to 2022-11-16T00:00:00+00:00, run_after=2022-11-17T00:00:00+00:00
[2022-11-17T09:01:22.608+0000] {processor.py:176} INFO - Processing /home/airflow/.local/lib/python3.7/site-packages/airflow/example_dags/example_branch_operator_decorator.py took 0.540 seconds
