[2022-11-17T08:48:15.623+0000] {processor.py:154} INFO - Started process (PID=81) to work on /home/airflow/.local/lib/python3.7/site-packages/airflow/example_dags/example_time_delta_sensor_async.py
[2022-11-17T08:48:15.629+0000] {processor.py:756} INFO - Processing file /home/airflow/.local/lib/python3.7/site-packages/airflow/example_dags/example_time_delta_sensor_async.py for tasks to queue
[2022-11-17T08:48:15.639+0000] {logging_mixin.py:137} INFO - [2022-11-17T08:48:15.639+0000] {dagbag.py:537} INFO - Filling up the DagBag from /home/airflow/.local/lib/python3.7/site-packages/airflow/example_dags/example_time_delta_sensor_async.py
[2022-11-17T08:48:15.826+0000] {processor.py:766} INFO - DAG(s) dict_keys(['example_time_delta_sensor_async']) retrieved from /home/airflow/.local/lib/python3.7/site-packages/airflow/example_dags/example_time_delta_sensor_async.py
[2022-11-17T08:48:18.028+0000] {logging_mixin.py:137} INFO - [2022-11-17T08:48:18.028+0000] {manager.py:507} INFO - Created Permission View: can delete on DAG:example_time_delta_sensor_async
[2022-11-17T08:48:18.102+0000] {logging_mixin.py:137} INFO - [2022-11-17T08:48:18.102+0000] {manager.py:507} INFO - Created Permission View: can edit on DAG:example_time_delta_sensor_async
[2022-11-17T08:48:18.188+0000] {logging_mixin.py:137} INFO - [2022-11-17T08:48:18.178+0000] {manager.py:507} INFO - Created Permission View: can read on DAG:example_time_delta_sensor_async
[2022-11-17T08:48:18.194+0000] {logging_mixin.py:137} INFO - [2022-11-17T08:48:18.194+0000] {dag.py:2585} INFO - Sync 1 DAGs
[2022-11-17T08:48:18.266+0000] {logging_mixin.py:137} INFO - [2022-11-17T08:48:18.266+0000] {dag.py:2606} INFO - Creating ORM DAG for example_time_delta_sensor_async
[2022-11-17T08:48:18.331+0000] {logging_mixin.py:137} INFO - [2022-11-17T08:48:18.330+0000] {dag.py:3340} INFO - Setting next_dagrun for example_time_delta_sensor_async to None, run_after=None
[2022-11-17T08:48:18.436+0000] {processor.py:176} INFO - Processing /home/airflow/.local/lib/python3.7/site-packages/airflow/example_dags/example_time_delta_sensor_async.py took 2.859 seconds
[2022-11-17T08:55:50.829+0000] {processor.py:154} INFO - Started process (PID=92) to work on /home/airflow/.local/lib/python3.7/site-packages/airflow/example_dags/example_time_delta_sensor_async.py
[2022-11-17T08:55:50.840+0000] {processor.py:756} INFO - Processing file /home/airflow/.local/lib/python3.7/site-packages/airflow/example_dags/example_time_delta_sensor_async.py for tasks to queue
[2022-11-17T08:55:50.851+0000] {logging_mixin.py:137} INFO - [2022-11-17T08:55:50.850+0000] {dagbag.py:537} INFO - Filling up the DagBag from /home/airflow/.local/lib/python3.7/site-packages/airflow/example_dags/example_time_delta_sensor_async.py
[2022-11-17T08:55:51.124+0000] {processor.py:766} INFO - DAG(s) dict_keys(['example_time_delta_sensor_async']) retrieved from /home/airflow/.local/lib/python3.7/site-packages/airflow/example_dags/example_time_delta_sensor_async.py
[2022-11-17T08:55:52.614+0000] {logging_mixin.py:137} INFO - [2022-11-17T08:55:52.613+0000] {dag.py:2585} INFO - Sync 1 DAGs
[2022-11-17T08:55:52.772+0000] {logging_mixin.py:137} INFO - [2022-11-17T08:55:52.772+0000] {dag.py:3340} INFO - Setting next_dagrun for example_time_delta_sensor_async to None, run_after=None
[2022-11-17T08:55:52.845+0000] {processor.py:176} INFO - Processing /home/airflow/.local/lib/python3.7/site-packages/airflow/example_dags/example_time_delta_sensor_async.py took 2.031 seconds
[2022-11-17T08:56:22.915+0000] {processor.py:154} INFO - Started process (PID=147) to work on /home/airflow/.local/lib/python3.7/site-packages/airflow/example_dags/example_time_delta_sensor_async.py
[2022-11-17T08:56:22.924+0000] {processor.py:756} INFO - Processing file /home/airflow/.local/lib/python3.7/site-packages/airflow/example_dags/example_time_delta_sensor_async.py for tasks to queue
[2022-11-17T08:56:22.929+0000] {logging_mixin.py:137} INFO - [2022-11-17T08:56:22.929+0000] {dagbag.py:537} INFO - Filling up the DagBag from /home/airflow/.local/lib/python3.7/site-packages/airflow/example_dags/example_time_delta_sensor_async.py
[2022-11-17T08:56:22.962+0000] {processor.py:766} INFO - DAG(s) dict_keys(['example_time_delta_sensor_async']) retrieved from /home/airflow/.local/lib/python3.7/site-packages/airflow/example_dags/example_time_delta_sensor_async.py
[2022-11-17T08:56:23.952+0000] {logging_mixin.py:137} INFO - [2022-11-17T08:56:23.952+0000] {dag.py:2585} INFO - Sync 1 DAGs
[2022-11-17T08:56:24.002+0000] {logging_mixin.py:137} INFO - [2022-11-17T08:56:24.002+0000] {dag.py:3340} INFO - Setting next_dagrun for example_time_delta_sensor_async to None, run_after=None
[2022-11-17T08:56:24.062+0000] {processor.py:176} INFO - Processing /home/airflow/.local/lib/python3.7/site-packages/airflow/example_dags/example_time_delta_sensor_async.py took 1.156 seconds
[2022-11-17T08:56:54.338+0000] {processor.py:154} INFO - Started process (PID=200) to work on /home/airflow/.local/lib/python3.7/site-packages/airflow/example_dags/example_time_delta_sensor_async.py
[2022-11-17T08:56:54.344+0000] {processor.py:756} INFO - Processing file /home/airflow/.local/lib/python3.7/site-packages/airflow/example_dags/example_time_delta_sensor_async.py for tasks to queue
[2022-11-17T08:56:54.348+0000] {logging_mixin.py:137} INFO - [2022-11-17T08:56:54.347+0000] {dagbag.py:537} INFO - Filling up the DagBag from /home/airflow/.local/lib/python3.7/site-packages/airflow/example_dags/example_time_delta_sensor_async.py
[2022-11-17T08:56:54.394+0000] {processor.py:766} INFO - DAG(s) dict_keys(['example_time_delta_sensor_async']) retrieved from /home/airflow/.local/lib/python3.7/site-packages/airflow/example_dags/example_time_delta_sensor_async.py
[2022-11-17T08:56:55.210+0000] {logging_mixin.py:137} INFO - [2022-11-17T08:56:55.210+0000] {dag.py:2585} INFO - Sync 1 DAGs
[2022-11-17T08:56:55.317+0000] {logging_mixin.py:137} INFO - [2022-11-17T08:56:55.316+0000] {dag.py:3340} INFO - Setting next_dagrun for example_time_delta_sensor_async to None, run_after=None
[2022-11-17T08:56:55.375+0000] {processor.py:176} INFO - Processing /home/airflow/.local/lib/python3.7/site-packages/airflow/example_dags/example_time_delta_sensor_async.py took 1.049 seconds
[2022-11-17T08:57:25.829+0000] {processor.py:154} INFO - Started process (PID=255) to work on /home/airflow/.local/lib/python3.7/site-packages/airflow/example_dags/example_time_delta_sensor_async.py
[2022-11-17T08:57:25.856+0000] {processor.py:756} INFO - Processing file /home/airflow/.local/lib/python3.7/site-packages/airflow/example_dags/example_time_delta_sensor_async.py for tasks to queue
[2022-11-17T08:57:25.861+0000] {logging_mixin.py:137} INFO - [2022-11-17T08:57:25.860+0000] {dagbag.py:537} INFO - Filling up the DagBag from /home/airflow/.local/lib/python3.7/site-packages/airflow/example_dags/example_time_delta_sensor_async.py
[2022-11-17T08:57:26.023+0000] {processor.py:766} INFO - DAG(s) dict_keys(['example_time_delta_sensor_async']) retrieved from /home/airflow/.local/lib/python3.7/site-packages/airflow/example_dags/example_time_delta_sensor_async.py
[2022-11-17T08:57:27.354+0000] {logging_mixin.py:137} INFO - [2022-11-17T08:57:27.353+0000] {dag.py:2585} INFO - Sync 1 DAGs
[2022-11-17T08:57:27.472+0000] {logging_mixin.py:137} INFO - [2022-11-17T08:57:27.472+0000] {dag.py:3340} INFO - Setting next_dagrun for example_time_delta_sensor_async to None, run_after=None
[2022-11-17T08:57:27.634+0000] {processor.py:176} INFO - Processing /home/airflow/.local/lib/python3.7/site-packages/airflow/example_dags/example_time_delta_sensor_async.py took 1.834 seconds
[2022-11-17T08:57:58.002+0000] {processor.py:154} INFO - Started process (PID=311) to work on /home/airflow/.local/lib/python3.7/site-packages/airflow/example_dags/example_time_delta_sensor_async.py
[2022-11-17T08:57:58.005+0000] {processor.py:756} INFO - Processing file /home/airflow/.local/lib/python3.7/site-packages/airflow/example_dags/example_time_delta_sensor_async.py for tasks to queue
[2022-11-17T08:57:58.008+0000] {logging_mixin.py:137} INFO - [2022-11-17T08:57:58.007+0000] {dagbag.py:537} INFO - Filling up the DagBag from /home/airflow/.local/lib/python3.7/site-packages/airflow/example_dags/example_time_delta_sensor_async.py
[2022-11-17T08:57:58.065+0000] {processor.py:766} INFO - DAG(s) dict_keys(['example_time_delta_sensor_async']) retrieved from /home/airflow/.local/lib/python3.7/site-packages/airflow/example_dags/example_time_delta_sensor_async.py
[2022-11-17T08:57:59.077+0000] {logging_mixin.py:137} INFO - [2022-11-17T08:57:59.077+0000] {dag.py:2585} INFO - Sync 1 DAGs
[2022-11-17T08:57:59.156+0000] {logging_mixin.py:137} INFO - [2022-11-17T08:57:59.156+0000] {dag.py:3340} INFO - Setting next_dagrun for example_time_delta_sensor_async to None, run_after=None
[2022-11-17T08:57:59.235+0000] {processor.py:176} INFO - Processing /home/airflow/.local/lib/python3.7/site-packages/airflow/example_dags/example_time_delta_sensor_async.py took 1.242 seconds
[2022-11-17T08:58:29.590+0000] {processor.py:154} INFO - Started process (PID=364) to work on /home/airflow/.local/lib/python3.7/site-packages/airflow/example_dags/example_time_delta_sensor_async.py
[2022-11-17T08:58:29.599+0000] {processor.py:756} INFO - Processing file /home/airflow/.local/lib/python3.7/site-packages/airflow/example_dags/example_time_delta_sensor_async.py for tasks to queue
[2022-11-17T08:58:29.624+0000] {logging_mixin.py:137} INFO - [2022-11-17T08:58:29.621+0000] {dagbag.py:537} INFO - Filling up the DagBag from /home/airflow/.local/lib/python3.7/site-packages/airflow/example_dags/example_time_delta_sensor_async.py
[2022-11-17T08:58:29.711+0000] {processor.py:766} INFO - DAG(s) dict_keys(['example_time_delta_sensor_async']) retrieved from /home/airflow/.local/lib/python3.7/site-packages/airflow/example_dags/example_time_delta_sensor_async.py
[2022-11-17T08:58:31.946+0000] {logging_mixin.py:137} INFO - [2022-11-17T08:58:31.946+0000] {dag.py:2585} INFO - Sync 1 DAGs
[2022-11-17T08:58:32.264+0000] {logging_mixin.py:137} INFO - [2022-11-17T08:58:32.263+0000] {dag.py:3340} INFO - Setting next_dagrun for example_time_delta_sensor_async to None, run_after=None
[2022-11-17T08:58:32.411+0000] {processor.py:176} INFO - Processing /home/airflow/.local/lib/python3.7/site-packages/airflow/example_dags/example_time_delta_sensor_async.py took 2.860 seconds
[2022-11-17T08:59:04.204+0000] {processor.py:154} INFO - Started process (PID=424) to work on /home/airflow/.local/lib/python3.7/site-packages/airflow/example_dags/example_time_delta_sensor_async.py
[2022-11-17T08:59:04.209+0000] {processor.py:756} INFO - Processing file /home/airflow/.local/lib/python3.7/site-packages/airflow/example_dags/example_time_delta_sensor_async.py for tasks to queue
[2022-11-17T08:59:04.213+0000] {logging_mixin.py:137} INFO - [2022-11-17T08:59:04.213+0000] {dagbag.py:537} INFO - Filling up the DagBag from /home/airflow/.local/lib/python3.7/site-packages/airflow/example_dags/example_time_delta_sensor_async.py
[2022-11-17T08:59:04.294+0000] {processor.py:766} INFO - DAG(s) dict_keys(['example_time_delta_sensor_async']) retrieved from /home/airflow/.local/lib/python3.7/site-packages/airflow/example_dags/example_time_delta_sensor_async.py
[2022-11-17T08:59:04.936+0000] {logging_mixin.py:137} INFO - [2022-11-17T08:59:04.936+0000] {dag.py:2585} INFO - Sync 1 DAGs
[2022-11-17T08:59:05.066+0000] {logging_mixin.py:137} INFO - [2022-11-17T08:59:05.065+0000] {dag.py:3340} INFO - Setting next_dagrun for example_time_delta_sensor_async to None, run_after=None
[2022-11-17T08:59:05.145+0000] {processor.py:176} INFO - Processing /home/airflow/.local/lib/python3.7/site-packages/airflow/example_dags/example_time_delta_sensor_async.py took 0.960 seconds
[2022-11-17T08:59:38.194+0000] {processor.py:154} INFO - Started process (PID=478) to work on /home/airflow/.local/lib/python3.7/site-packages/airflow/example_dags/example_time_delta_sensor_async.py
[2022-11-17T08:59:38.202+0000] {processor.py:756} INFO - Processing file /home/airflow/.local/lib/python3.7/site-packages/airflow/example_dags/example_time_delta_sensor_async.py for tasks to queue
[2022-11-17T08:59:38.211+0000] {logging_mixin.py:137} INFO - [2022-11-17T08:59:38.211+0000] {dagbag.py:537} INFO - Filling up the DagBag from /home/airflow/.local/lib/python3.7/site-packages/airflow/example_dags/example_time_delta_sensor_async.py
[2022-11-17T08:59:38.343+0000] {processor.py:766} INFO - DAG(s) dict_keys(['example_time_delta_sensor_async']) retrieved from /home/airflow/.local/lib/python3.7/site-packages/airflow/example_dags/example_time_delta_sensor_async.py
[2022-11-17T08:59:39.609+0000] {logging_mixin.py:137} INFO - [2022-11-17T08:59:39.609+0000] {dag.py:2585} INFO - Sync 1 DAGs
[2022-11-17T08:59:39.708+0000] {logging_mixin.py:137} INFO - [2022-11-17T08:59:39.707+0000] {dag.py:3340} INFO - Setting next_dagrun for example_time_delta_sensor_async to None, run_after=None
[2022-11-17T08:59:39.790+0000] {processor.py:176} INFO - Processing /home/airflow/.local/lib/python3.7/site-packages/airflow/example_dags/example_time_delta_sensor_async.py took 1.611 seconds
[2022-11-17T09:00:10.065+0000] {processor.py:154} INFO - Started process (PID=532) to work on /home/airflow/.local/lib/python3.7/site-packages/airflow/example_dags/example_time_delta_sensor_async.py
[2022-11-17T09:00:10.069+0000] {processor.py:756} INFO - Processing file /home/airflow/.local/lib/python3.7/site-packages/airflow/example_dags/example_time_delta_sensor_async.py for tasks to queue
[2022-11-17T09:00:10.072+0000] {logging_mixin.py:137} INFO - [2022-11-17T09:00:10.071+0000] {dagbag.py:537} INFO - Filling up the DagBag from /home/airflow/.local/lib/python3.7/site-packages/airflow/example_dags/example_time_delta_sensor_async.py
[2022-11-17T09:00:10.158+0000] {processor.py:766} INFO - DAG(s) dict_keys(['example_time_delta_sensor_async']) retrieved from /home/airflow/.local/lib/python3.7/site-packages/airflow/example_dags/example_time_delta_sensor_async.py
[2022-11-17T09:00:10.849+0000] {logging_mixin.py:137} INFO - [2022-11-17T09:00:10.848+0000] {dag.py:2585} INFO - Sync 1 DAGs
[2022-11-17T09:00:10.902+0000] {logging_mixin.py:137} INFO - [2022-11-17T09:00:10.902+0000] {dag.py:3340} INFO - Setting next_dagrun for example_time_delta_sensor_async to None, run_after=None
[2022-11-17T09:00:10.954+0000] {processor.py:176} INFO - Processing /home/airflow/.local/lib/python3.7/site-packages/airflow/example_dags/example_time_delta_sensor_async.py took 0.900 seconds
[2022-11-17T09:00:41.649+0000] {processor.py:154} INFO - Started process (PID=587) to work on /home/airflow/.local/lib/python3.7/site-packages/airflow/example_dags/example_time_delta_sensor_async.py
[2022-11-17T09:00:41.653+0000] {processor.py:756} INFO - Processing file /home/airflow/.local/lib/python3.7/site-packages/airflow/example_dags/example_time_delta_sensor_async.py for tasks to queue
[2022-11-17T09:00:41.656+0000] {logging_mixin.py:137} INFO - [2022-11-17T09:00:41.656+0000] {dagbag.py:537} INFO - Filling up the DagBag from /home/airflow/.local/lib/python3.7/site-packages/airflow/example_dags/example_time_delta_sensor_async.py
[2022-11-17T09:00:41.742+0000] {processor.py:766} INFO - DAG(s) dict_keys(['example_time_delta_sensor_async']) retrieved from /home/airflow/.local/lib/python3.7/site-packages/airflow/example_dags/example_time_delta_sensor_async.py
[2022-11-17T09:00:44.645+0000] {logging_mixin.py:137} INFO - [2022-11-17T09:00:44.645+0000] {dag.py:2585} INFO - Sync 1 DAGs
[2022-11-17T09:00:44.724+0000] {logging_mixin.py:137} INFO - [2022-11-17T09:00:44.723+0000] {dag.py:3340} INFO - Setting next_dagrun for example_time_delta_sensor_async to None, run_after=None
[2022-11-17T09:00:44.858+0000] {processor.py:176} INFO - Processing /home/airflow/.local/lib/python3.7/site-packages/airflow/example_dags/example_time_delta_sensor_async.py took 3.224 seconds
[2022-11-17T09:01:15.303+0000] {processor.py:154} INFO - Started process (PID=641) to work on /home/airflow/.local/lib/python3.7/site-packages/airflow/example_dags/example_time_delta_sensor_async.py
[2022-11-17T09:01:15.313+0000] {processor.py:756} INFO - Processing file /home/airflow/.local/lib/python3.7/site-packages/airflow/example_dags/example_time_delta_sensor_async.py for tasks to queue
[2022-11-17T09:01:15.319+0000] {logging_mixin.py:137} INFO - [2022-11-17T09:01:15.318+0000] {dagbag.py:537} INFO - Filling up the DagBag from /home/airflow/.local/lib/python3.7/site-packages/airflow/example_dags/example_time_delta_sensor_async.py
[2022-11-17T09:01:15.422+0000] {processor.py:766} INFO - DAG(s) dict_keys(['example_time_delta_sensor_async']) retrieved from /home/airflow/.local/lib/python3.7/site-packages/airflow/example_dags/example_time_delta_sensor_async.py
[2022-11-17T09:01:18.294+0000] {logging_mixin.py:137} INFO - [2022-11-17T09:01:18.286+0000] {dag.py:2585} INFO - Sync 1 DAGs
[2022-11-17T09:01:19.384+0000] {logging_mixin.py:137} INFO - [2022-11-17T09:01:19.383+0000] {dag.py:3340} INFO - Setting next_dagrun for example_time_delta_sensor_async to None, run_after=None
[2022-11-17T09:01:19.552+0000] {processor.py:176} INFO - Processing /home/airflow/.local/lib/python3.7/site-packages/airflow/example_dags/example_time_delta_sensor_async.py took 4.279 seconds
