[2022-11-17T08:48:17.262+0000] {processor.py:154} INFO - Started process (PID=82) to work on /home/airflow/.local/lib/python3.7/site-packages/airflow/example_dags/example_latest_only_with_trigger.py
[2022-11-17T08:48:17.267+0000] {processor.py:756} INFO - Processing file /home/airflow/.local/lib/python3.7/site-packages/airflow/example_dags/example_latest_only_with_trigger.py for tasks to queue
[2022-11-17T08:48:17.277+0000] {logging_mixin.py:137} INFO - [2022-11-17T08:48:17.276+0000] {dagbag.py:537} INFO - Filling up the DagBag from /home/airflow/.local/lib/python3.7/site-packages/airflow/example_dags/example_latest_only_with_trigger.py
[2022-11-17T08:48:17.495+0000] {processor.py:766} INFO - DAG(s) dict_keys(['latest_only_with_trigger']) retrieved from /home/airflow/.local/lib/python3.7/site-packages/airflow/example_dags/example_latest_only_with_trigger.py
[2022-11-17T08:48:18.435+0000] {logging_mixin.py:137} INFO - [2022-11-17T08:48:18.434+0000] {manager.py:507} INFO - Created Permission View: can delete on DAG:latest_only_with_trigger
[2022-11-17T08:48:18.582+0000] {logging_mixin.py:137} INFO - [2022-11-17T08:48:18.581+0000] {manager.py:507} INFO - Created Permission View: can edit on DAG:latest_only_with_trigger
[2022-11-17T08:48:18.634+0000] {logging_mixin.py:137} INFO - [2022-11-17T08:48:18.634+0000] {manager.py:507} INFO - Created Permission View: can read on DAG:latest_only_with_trigger
[2022-11-17T08:48:18.645+0000] {logging_mixin.py:137} INFO - [2022-11-17T08:48:18.638+0000] {dag.py:2585} INFO - Sync 1 DAGs
[2022-11-17T08:48:18.740+0000] {logging_mixin.py:137} INFO - [2022-11-17T08:48:18.740+0000] {dag.py:2606} INFO - Creating ORM DAG for latest_only_with_trigger
[2022-11-17T08:48:18.820+0000] {logging_mixin.py:137} INFO - [2022-11-17T08:48:18.819+0000] {dag.py:3340} INFO - Setting next_dagrun for latest_only_with_trigger to 2022-11-17T04:48:18.819072+00:00, run_after=2022-11-17T08:48:18.819072+00:00
[2022-11-17T08:48:18.993+0000] {processor.py:176} INFO - Processing /home/airflow/.local/lib/python3.7/site-packages/airflow/example_dags/example_latest_only_with_trigger.py took 1.762 seconds
[2022-11-17T08:55:51.216+0000] {processor.py:154} INFO - Started process (PID=93) to work on /home/airflow/.local/lib/python3.7/site-packages/airflow/example_dags/example_latest_only_with_trigger.py
[2022-11-17T08:55:51.222+0000] {processor.py:756} INFO - Processing file /home/airflow/.local/lib/python3.7/site-packages/airflow/example_dags/example_latest_only_with_trigger.py for tasks to queue
[2022-11-17T08:55:51.229+0000] {logging_mixin.py:137} INFO - [2022-11-17T08:55:51.229+0000] {dagbag.py:537} INFO - Filling up the DagBag from /home/airflow/.local/lib/python3.7/site-packages/airflow/example_dags/example_latest_only_with_trigger.py
[2022-11-17T08:55:51.410+0000] {processor.py:766} INFO - DAG(s) dict_keys(['latest_only_with_trigger']) retrieved from /home/airflow/.local/lib/python3.7/site-packages/airflow/example_dags/example_latest_only_with_trigger.py
[2022-11-17T08:55:51.674+0000] {logging_mixin.py:137} INFO - [2022-11-17T08:55:51.673+0000] {dag.py:2585} INFO - Sync 1 DAGs
[2022-11-17T08:55:51.833+0000] {logging_mixin.py:137} INFO - [2022-11-17T08:55:51.832+0000] {dag.py:3340} INFO - Setting next_dagrun for latest_only_with_trigger to 2022-11-17T04:55:51.832169+00:00, run_after=2022-11-17T08:55:51.832169+00:00
[2022-11-17T08:55:51.970+0000] {processor.py:176} INFO - Processing /home/airflow/.local/lib/python3.7/site-packages/airflow/example_dags/example_latest_only_with_trigger.py took 0.777 seconds
[2022-11-17T08:56:22.615+0000] {processor.py:154} INFO - Started process (PID=146) to work on /home/airflow/.local/lib/python3.7/site-packages/airflow/example_dags/example_latest_only_with_trigger.py
[2022-11-17T08:56:22.618+0000] {processor.py:756} INFO - Processing file /home/airflow/.local/lib/python3.7/site-packages/airflow/example_dags/example_latest_only_with_trigger.py for tasks to queue
[2022-11-17T08:56:22.621+0000] {logging_mixin.py:137} INFO - [2022-11-17T08:56:22.621+0000] {dagbag.py:537} INFO - Filling up the DagBag from /home/airflow/.local/lib/python3.7/site-packages/airflow/example_dags/example_latest_only_with_trigger.py
[2022-11-17T08:56:22.664+0000] {processor.py:766} INFO - DAG(s) dict_keys(['latest_only_with_trigger']) retrieved from /home/airflow/.local/lib/python3.7/site-packages/airflow/example_dags/example_latest_only_with_trigger.py
[2022-11-17T08:56:22.746+0000] {logging_mixin.py:137} INFO - [2022-11-17T08:56:22.746+0000] {dag.py:2585} INFO - Sync 1 DAGs
[2022-11-17T08:56:22.804+0000] {logging_mixin.py:137} INFO - [2022-11-17T08:56:22.804+0000] {dag.py:3340} INFO - Setting next_dagrun for latest_only_with_trigger to 2022-11-17T04:56:22.803925+00:00, run_after=2022-11-17T08:56:22.803925+00:00
[2022-11-17T08:56:22.846+0000] {processor.py:176} INFO - Processing /home/airflow/.local/lib/python3.7/site-packages/airflow/example_dags/example_latest_only_with_trigger.py took 0.237 seconds
[2022-11-17T08:56:54.591+0000] {processor.py:154} INFO - Started process (PID=201) to work on /home/airflow/.local/lib/python3.7/site-packages/airflow/example_dags/example_latest_only_with_trigger.py
[2022-11-17T08:56:54.597+0000] {processor.py:756} INFO - Processing file /home/airflow/.local/lib/python3.7/site-packages/airflow/example_dags/example_latest_only_with_trigger.py for tasks to queue
[2022-11-17T08:56:54.605+0000] {logging_mixin.py:137} INFO - [2022-11-17T08:56:54.604+0000] {dagbag.py:537} INFO - Filling up the DagBag from /home/airflow/.local/lib/python3.7/site-packages/airflow/example_dags/example_latest_only_with_trigger.py
[2022-11-17T08:56:54.645+0000] {processor.py:766} INFO - DAG(s) dict_keys(['latest_only_with_trigger']) retrieved from /home/airflow/.local/lib/python3.7/site-packages/airflow/example_dags/example_latest_only_with_trigger.py
[2022-11-17T08:56:54.762+0000] {logging_mixin.py:137} INFO - [2022-11-17T08:56:54.761+0000] {dag.py:2585} INFO - Sync 1 DAGs
[2022-11-17T08:56:54.870+0000] {logging_mixin.py:137} INFO - [2022-11-17T08:56:54.870+0000] {dag.py:3340} INFO - Setting next_dagrun for latest_only_with_trigger to 2022-11-17T04:56:54.869811+00:00, run_after=2022-11-17T08:56:54.869811+00:00
[2022-11-17T08:56:54.945+0000] {processor.py:176} INFO - Processing /home/airflow/.local/lib/python3.7/site-packages/airflow/example_dags/example_latest_only_with_trigger.py took 0.373 seconds
[2022-11-17T08:57:25.143+0000] {processor.py:154} INFO - Started process (PID=254) to work on /home/airflow/.local/lib/python3.7/site-packages/airflow/example_dags/example_latest_only_with_trigger.py
[2022-11-17T08:57:25.146+0000] {processor.py:756} INFO - Processing file /home/airflow/.local/lib/python3.7/site-packages/airflow/example_dags/example_latest_only_with_trigger.py for tasks to queue
[2022-11-17T08:57:25.148+0000] {logging_mixin.py:137} INFO - [2022-11-17T08:57:25.148+0000] {dagbag.py:537} INFO - Filling up the DagBag from /home/airflow/.local/lib/python3.7/site-packages/airflow/example_dags/example_latest_only_with_trigger.py
[2022-11-17T08:57:25.183+0000] {processor.py:766} INFO - DAG(s) dict_keys(['latest_only_with_trigger']) retrieved from /home/airflow/.local/lib/python3.7/site-packages/airflow/example_dags/example_latest_only_with_trigger.py
[2022-11-17T08:57:25.391+0000] {logging_mixin.py:137} INFO - [2022-11-17T08:57:25.390+0000] {dag.py:2585} INFO - Sync 1 DAGs
[2022-11-17T08:57:25.562+0000] {logging_mixin.py:137} INFO - [2022-11-17T08:57:25.562+0000] {dag.py:3340} INFO - Setting next_dagrun for latest_only_with_trigger to 2022-11-17T04:57:25.561677+00:00, run_after=2022-11-17T08:57:25.561677+00:00
[2022-11-17T08:57:25.640+0000] {processor.py:176} INFO - Processing /home/airflow/.local/lib/python3.7/site-packages/airflow/example_dags/example_latest_only_with_trigger.py took 0.507 seconds
[2022-11-17T08:57:56.525+0000] {processor.py:154} INFO - Started process (PID=308) to work on /home/airflow/.local/lib/python3.7/site-packages/airflow/example_dags/example_latest_only_with_trigger.py
[2022-11-17T08:57:56.533+0000] {processor.py:756} INFO - Processing file /home/airflow/.local/lib/python3.7/site-packages/airflow/example_dags/example_latest_only_with_trigger.py for tasks to queue
[2022-11-17T08:57:56.587+0000] {logging_mixin.py:137} INFO - [2022-11-17T08:57:56.586+0000] {dagbag.py:537} INFO - Filling up the DagBag from /home/airflow/.local/lib/python3.7/site-packages/airflow/example_dags/example_latest_only_with_trigger.py
[2022-11-17T08:57:56.722+0000] {processor.py:766} INFO - DAG(s) dict_keys(['latest_only_with_trigger']) retrieved from /home/airflow/.local/lib/python3.7/site-packages/airflow/example_dags/example_latest_only_with_trigger.py
[2022-11-17T08:57:56.853+0000] {logging_mixin.py:137} INFO - [2022-11-17T08:57:56.852+0000] {dag.py:2585} INFO - Sync 1 DAGs
[2022-11-17T08:57:57.004+0000] {logging_mixin.py:137} INFO - [2022-11-17T08:57:57.003+0000] {dag.py:3340} INFO - Setting next_dagrun for latest_only_with_trigger to 2022-11-17T04:57:57.003488+00:00, run_after=2022-11-17T08:57:57.003488+00:00
[2022-11-17T08:57:57.047+0000] {processor.py:176} INFO - Processing /home/airflow/.local/lib/python3.7/site-packages/airflow/example_dags/example_latest_only_with_trigger.py took 0.678 seconds
[2022-11-17T08:58:27.663+0000] {processor.py:154} INFO - Started process (PID=362) to work on /home/airflow/.local/lib/python3.7/site-packages/airflow/example_dags/example_latest_only_with_trigger.py
[2022-11-17T08:58:27.669+0000] {processor.py:756} INFO - Processing file /home/airflow/.local/lib/python3.7/site-packages/airflow/example_dags/example_latest_only_with_trigger.py for tasks to queue
[2022-11-17T08:58:27.685+0000] {logging_mixin.py:137} INFO - [2022-11-17T08:58:27.684+0000] {dagbag.py:537} INFO - Filling up the DagBag from /home/airflow/.local/lib/python3.7/site-packages/airflow/example_dags/example_latest_only_with_trigger.py
[2022-11-17T08:58:27.862+0000] {processor.py:766} INFO - DAG(s) dict_keys(['latest_only_with_trigger']) retrieved from /home/airflow/.local/lib/python3.7/site-packages/airflow/example_dags/example_latest_only_with_trigger.py
[2022-11-17T08:58:28.155+0000] {logging_mixin.py:137} INFO - [2022-11-17T08:58:28.155+0000] {dag.py:2585} INFO - Sync 1 DAGs
[2022-11-17T08:58:28.379+0000] {logging_mixin.py:137} INFO - [2022-11-17T08:58:28.379+0000] {dag.py:3340} INFO - Setting next_dagrun for latest_only_with_trigger to 2022-11-17T04:58:28.378997+00:00, run_after=2022-11-17T08:58:28.378997+00:00
[2022-11-17T08:58:28.833+0000] {processor.py:176} INFO - Processing /home/airflow/.local/lib/python3.7/site-packages/airflow/example_dags/example_latest_only_with_trigger.py took 1.197 seconds
[2022-11-17T08:59:04.648+0000] {processor.py:154} INFO - Started process (PID=425) to work on /home/airflow/.local/lib/python3.7/site-packages/airflow/example_dags/example_latest_only_with_trigger.py
[2022-11-17T08:59:04.655+0000] {processor.py:756} INFO - Processing file /home/airflow/.local/lib/python3.7/site-packages/airflow/example_dags/example_latest_only_with_trigger.py for tasks to queue
[2022-11-17T08:59:04.658+0000] {logging_mixin.py:137} INFO - [2022-11-17T08:59:04.657+0000] {dagbag.py:537} INFO - Filling up the DagBag from /home/airflow/.local/lib/python3.7/site-packages/airflow/example_dags/example_latest_only_with_trigger.py
[2022-11-17T08:59:04.728+0000] {processor.py:766} INFO - DAG(s) dict_keys(['latest_only_with_trigger']) retrieved from /home/airflow/.local/lib/python3.7/site-packages/airflow/example_dags/example_latest_only_with_trigger.py
[2022-11-17T08:59:04.904+0000] {logging_mixin.py:137} INFO - [2022-11-17T08:59:04.903+0000] {dag.py:2585} INFO - Sync 1 DAGs
[2022-11-17T08:59:05.013+0000] {logging_mixin.py:137} INFO - [2022-11-17T08:59:05.013+0000] {dag.py:3340} INFO - Setting next_dagrun for latest_only_with_trigger to 2022-11-17T04:59:05.013072+00:00, run_after=2022-11-17T08:59:05.013072+00:00
[2022-11-17T08:59:05.055+0000] {processor.py:176} INFO - Processing /home/airflow/.local/lib/python3.7/site-packages/airflow/example_dags/example_latest_only_with_trigger.py took 0.414 seconds
[2022-11-17T08:59:38.340+0000] {processor.py:154} INFO - Started process (PID=479) to work on /home/airflow/.local/lib/python3.7/site-packages/airflow/example_dags/example_latest_only_with_trigger.py
[2022-11-17T08:59:38.353+0000] {processor.py:756} INFO - Processing file /home/airflow/.local/lib/python3.7/site-packages/airflow/example_dags/example_latest_only_with_trigger.py for tasks to queue
[2022-11-17T08:59:38.356+0000] {logging_mixin.py:137} INFO - [2022-11-17T08:59:38.356+0000] {dagbag.py:537} INFO - Filling up the DagBag from /home/airflow/.local/lib/python3.7/site-packages/airflow/example_dags/example_latest_only_with_trigger.py
[2022-11-17T08:59:38.425+0000] {processor.py:766} INFO - DAG(s) dict_keys(['latest_only_with_trigger']) retrieved from /home/airflow/.local/lib/python3.7/site-packages/airflow/example_dags/example_latest_only_with_trigger.py
[2022-11-17T08:59:38.545+0000] {logging_mixin.py:137} INFO - [2022-11-17T08:59:38.545+0000] {dag.py:2585} INFO - Sync 1 DAGs
[2022-11-17T08:59:38.607+0000] {logging_mixin.py:137} INFO - [2022-11-17T08:59:38.606+0000] {dag.py:3340} INFO - Setting next_dagrun for latest_only_with_trigger to 2022-11-17T04:59:38.606297+00:00, run_after=2022-11-17T08:59:38.606297+00:00
[2022-11-17T08:59:38.663+0000] {processor.py:176} INFO - Processing /home/airflow/.local/lib/python3.7/site-packages/airflow/example_dags/example_latest_only_with_trigger.py took 0.325 seconds
[2022-11-17T09:00:09.588+0000] {processor.py:154} INFO - Started process (PID=531) to work on /home/airflow/.local/lib/python3.7/site-packages/airflow/example_dags/example_latest_only_with_trigger.py
[2022-11-17T09:00:09.592+0000] {processor.py:756} INFO - Processing file /home/airflow/.local/lib/python3.7/site-packages/airflow/example_dags/example_latest_only_with_trigger.py for tasks to queue
[2022-11-17T09:00:09.595+0000] {logging_mixin.py:137} INFO - [2022-11-17T09:00:09.594+0000] {dagbag.py:537} INFO - Filling up the DagBag from /home/airflow/.local/lib/python3.7/site-packages/airflow/example_dags/example_latest_only_with_trigger.py
[2022-11-17T09:00:09.636+0000] {processor.py:766} INFO - DAG(s) dict_keys(['latest_only_with_trigger']) retrieved from /home/airflow/.local/lib/python3.7/site-packages/airflow/example_dags/example_latest_only_with_trigger.py
[2022-11-17T09:00:09.814+0000] {logging_mixin.py:137} INFO - [2022-11-17T09:00:09.814+0000] {dag.py:2585} INFO - Sync 1 DAGs
[2022-11-17T09:00:09.930+0000] {logging_mixin.py:137} INFO - [2022-11-17T09:00:09.930+0000] {dag.py:3340} INFO - Setting next_dagrun for latest_only_with_trigger to 2022-11-17T05:00:09.930082+00:00, run_after=2022-11-17T09:00:09.930082+00:00
[2022-11-17T09:00:10.003+0000] {processor.py:176} INFO - Processing /home/airflow/.local/lib/python3.7/site-packages/airflow/example_dags/example_latest_only_with_trigger.py took 0.439 seconds
[2022-11-17T09:00:41.041+0000] {processor.py:154} INFO - Started process (PID=585) to work on /home/airflow/.local/lib/python3.7/site-packages/airflow/example_dags/example_latest_only_with_trigger.py
[2022-11-17T09:00:41.050+0000] {processor.py:756} INFO - Processing file /home/airflow/.local/lib/python3.7/site-packages/airflow/example_dags/example_latest_only_with_trigger.py for tasks to queue
[2022-11-17T09:00:41.054+0000] {logging_mixin.py:137} INFO - [2022-11-17T09:00:41.053+0000] {dagbag.py:537} INFO - Filling up the DagBag from /home/airflow/.local/lib/python3.7/site-packages/airflow/example_dags/example_latest_only_with_trigger.py
[2022-11-17T09:00:41.130+0000] {processor.py:766} INFO - DAG(s) dict_keys(['latest_only_with_trigger']) retrieved from /home/airflow/.local/lib/python3.7/site-packages/airflow/example_dags/example_latest_only_with_trigger.py
[2022-11-17T09:00:41.251+0000] {logging_mixin.py:137} INFO - [2022-11-17T09:00:41.251+0000] {dag.py:2585} INFO - Sync 1 DAGs
[2022-11-17T09:00:41.315+0000] {logging_mixin.py:137} INFO - [2022-11-17T09:00:41.314+0000] {dag.py:3340} INFO - Setting next_dagrun for latest_only_with_trigger to 2022-11-17T05:00:41.312906+00:00, run_after=2022-11-17T09:00:41.312906+00:00
[2022-11-17T09:00:41.382+0000] {processor.py:176} INFO - Processing /home/airflow/.local/lib/python3.7/site-packages/airflow/example_dags/example_latest_only_with_trigger.py took 0.354 seconds
[2022-11-17T09:01:12.110+0000] {processor.py:154} INFO - Started process (PID=629) to work on /home/airflow/.local/lib/python3.7/site-packages/airflow/example_dags/example_latest_only_with_trigger.py
[2022-11-17T09:01:12.117+0000] {processor.py:756} INFO - Processing file /home/airflow/.local/lib/python3.7/site-packages/airflow/example_dags/example_latest_only_with_trigger.py for tasks to queue
[2022-11-17T09:01:12.121+0000] {logging_mixin.py:137} INFO - [2022-11-17T09:01:12.120+0000] {dagbag.py:537} INFO - Filling up the DagBag from /home/airflow/.local/lib/python3.7/site-packages/airflow/example_dags/example_latest_only_with_trigger.py
[2022-11-17T09:01:12.222+0000] {processor.py:766} INFO - DAG(s) dict_keys(['latest_only_with_trigger']) retrieved from /home/airflow/.local/lib/python3.7/site-packages/airflow/example_dags/example_latest_only_with_trigger.py
[2022-11-17T09:01:12.309+0000] {logging_mixin.py:137} INFO - [2022-11-17T09:01:12.309+0000] {dag.py:2585} INFO - Sync 1 DAGs
[2022-11-17T09:01:12.356+0000] {logging_mixin.py:137} INFO - [2022-11-17T09:01:12.356+0000] {dag.py:3340} INFO - Setting next_dagrun for latest_only_with_trigger to 2022-11-17T05:01:12.355708+00:00, run_after=2022-11-17T09:01:12.355708+00:00
[2022-11-17T09:01:12.391+0000] {processor.py:176} INFO - Processing /home/airflow/.local/lib/python3.7/site-packages/airflow/example_dags/example_latest_only_with_trigger.py took 0.308 seconds
