[2022-11-17T08:48:13.767+0000] {processor.py:154} INFO - Started process (PID=69) to work on /home/airflow/.local/lib/python3.7/site-packages/airflow/example_dags/example_branch_python_dop_operator_3.py
[2022-11-17T08:48:13.771+0000] {processor.py:756} INFO - Processing file /home/airflow/.local/lib/python3.7/site-packages/airflow/example_dags/example_branch_python_dop_operator_3.py for tasks to queue
[2022-11-17T08:48:13.775+0000] {logging_mixin.py:137} INFO - [2022-11-17T08:48:13.774+0000] {dagbag.py:537} INFO - Filling up the DagBag from /home/airflow/.local/lib/python3.7/site-packages/airflow/example_dags/example_branch_python_dop_operator_3.py
[2022-11-17T08:48:13.874+0000] {processor.py:766} INFO - DAG(s) dict_keys(['example_branch_dop_operator_v3']) retrieved from /home/airflow/.local/lib/python3.7/site-packages/airflow/example_dags/example_branch_python_dop_operator_3.py
[2022-11-17T08:48:14.382+0000] {logging_mixin.py:137} INFO - [2022-11-17T08:48:14.381+0000] {manager.py:507} INFO - Created Permission View: can delete on DAG:example_branch_dop_operator_v3
[2022-11-17T08:48:14.424+0000] {logging_mixin.py:137} INFO - [2022-11-17T08:48:14.424+0000] {manager.py:507} INFO - Created Permission View: can edit on DAG:example_branch_dop_operator_v3
[2022-11-17T08:48:14.452+0000] {logging_mixin.py:137} INFO - [2022-11-17T08:48:14.452+0000] {manager.py:507} INFO - Created Permission View: can read on DAG:example_branch_dop_operator_v3
[2022-11-17T08:48:14.459+0000] {logging_mixin.py:137} INFO - [2022-11-17T08:48:14.458+0000] {dag.py:2585} INFO - Sync 1 DAGs
[2022-11-17T08:48:14.521+0000] {logging_mixin.py:137} INFO - [2022-11-17T08:48:14.521+0000] {dag.py:2606} INFO - Creating ORM DAG for example_branch_dop_operator_v3
[2022-11-17T08:48:14.575+0000] {logging_mixin.py:137} INFO - [2022-11-17T08:48:14.575+0000] {dag.py:3340} INFO - Setting next_dagrun for example_branch_dop_operator_v3 to 2022-11-17T08:47:00+00:00, run_after=2022-11-17T08:48:00+00:00
[2022-11-17T08:48:14.640+0000] {processor.py:176} INFO - Processing /home/airflow/.local/lib/python3.7/site-packages/airflow/example_dags/example_branch_python_dop_operator_3.py took 0.892 seconds
[2022-11-17T08:55:46.411+0000] {processor.py:154} INFO - Started process (PID=89) to work on /home/airflow/.local/lib/python3.7/site-packages/airflow/example_dags/example_branch_python_dop_operator_3.py
[2022-11-17T08:55:46.421+0000] {processor.py:756} INFO - Processing file /home/airflow/.local/lib/python3.7/site-packages/airflow/example_dags/example_branch_python_dop_operator_3.py for tasks to queue
[2022-11-17T08:55:46.423+0000] {logging_mixin.py:137} INFO - [2022-11-17T08:55:46.423+0000] {dagbag.py:537} INFO - Filling up the DagBag from /home/airflow/.local/lib/python3.7/site-packages/airflow/example_dags/example_branch_python_dop_operator_3.py
[2022-11-17T08:55:46.581+0000] {processor.py:766} INFO - DAG(s) dict_keys(['example_branch_dop_operator_v3']) retrieved from /home/airflow/.local/lib/python3.7/site-packages/airflow/example_dags/example_branch_python_dop_operator_3.py
[2022-11-17T08:55:46.797+0000] {logging_mixin.py:137} INFO - [2022-11-17T08:55:46.796+0000] {dag.py:2585} INFO - Sync 1 DAGs
[2022-11-17T08:55:47.122+0000] {logging_mixin.py:137} INFO - [2022-11-17T08:55:47.121+0000] {dag.py:3340} INFO - Setting next_dagrun for example_branch_dop_operator_v3 to 2022-11-17T08:54:00+00:00, run_after=2022-11-17T08:55:00+00:00
[2022-11-17T08:55:47.533+0000] {processor.py:176} INFO - Processing /home/airflow/.local/lib/python3.7/site-packages/airflow/example_dags/example_branch_python_dop_operator_3.py took 1.144 seconds
[2022-11-17T08:56:21.593+0000] {processor.py:154} INFO - Started process (PID=143) to work on /home/airflow/.local/lib/python3.7/site-packages/airflow/example_dags/example_branch_python_dop_operator_3.py
[2022-11-17T08:56:21.600+0000] {processor.py:756} INFO - Processing file /home/airflow/.local/lib/python3.7/site-packages/airflow/example_dags/example_branch_python_dop_operator_3.py for tasks to queue
[2022-11-17T08:56:21.605+0000] {logging_mixin.py:137} INFO - [2022-11-17T08:56:21.605+0000] {dagbag.py:537} INFO - Filling up the DagBag from /home/airflow/.local/lib/python3.7/site-packages/airflow/example_dags/example_branch_python_dop_operator_3.py
[2022-11-17T08:56:21.662+0000] {processor.py:766} INFO - DAG(s) dict_keys(['example_branch_dop_operator_v3']) retrieved from /home/airflow/.local/lib/python3.7/site-packages/airflow/example_dags/example_branch_python_dop_operator_3.py
[2022-11-17T08:56:21.784+0000] {logging_mixin.py:137} INFO - [2022-11-17T08:56:21.779+0000] {dag.py:2585} INFO - Sync 1 DAGs
[2022-11-17T08:56:21.925+0000] {logging_mixin.py:137} INFO - [2022-11-17T08:56:21.925+0000] {dag.py:3340} INFO - Setting next_dagrun for example_branch_dop_operator_v3 to 2022-11-17T08:55:00+00:00, run_after=2022-11-17T08:56:00+00:00
[2022-11-17T08:56:22.070+0000] {processor.py:176} INFO - Processing /home/airflow/.local/lib/python3.7/site-packages/airflow/example_dags/example_branch_python_dop_operator_3.py took 0.482 seconds
[2022-11-17T08:56:53.013+0000] {processor.py:154} INFO - Started process (PID=197) to work on /home/airflow/.local/lib/python3.7/site-packages/airflow/example_dags/example_branch_python_dop_operator_3.py
[2022-11-17T08:56:53.018+0000] {processor.py:756} INFO - Processing file /home/airflow/.local/lib/python3.7/site-packages/airflow/example_dags/example_branch_python_dop_operator_3.py for tasks to queue
[2022-11-17T08:56:53.024+0000] {logging_mixin.py:137} INFO - [2022-11-17T08:56:53.023+0000] {dagbag.py:537} INFO - Filling up the DagBag from /home/airflow/.local/lib/python3.7/site-packages/airflow/example_dags/example_branch_python_dop_operator_3.py
[2022-11-17T08:56:53.143+0000] {processor.py:766} INFO - DAG(s) dict_keys(['example_branch_dop_operator_v3']) retrieved from /home/airflow/.local/lib/python3.7/site-packages/airflow/example_dags/example_branch_python_dop_operator_3.py
[2022-11-17T08:56:53.534+0000] {logging_mixin.py:137} INFO - [2022-11-17T08:56:53.534+0000] {dag.py:2585} INFO - Sync 1 DAGs
[2022-11-17T08:56:53.788+0000] {logging_mixin.py:137} INFO - [2022-11-17T08:56:53.788+0000] {dag.py:3340} INFO - Setting next_dagrun for example_branch_dop_operator_v3 to 2022-11-17T08:55:00+00:00, run_after=2022-11-17T08:56:00+00:00
[2022-11-17T08:56:53.855+0000] {processor.py:176} INFO - Processing /home/airflow/.local/lib/python3.7/site-packages/airflow/example_dags/example_branch_python_dop_operator_3.py took 0.857 seconds
[2022-11-17T08:57:24.491+0000] {processor.py:154} INFO - Started process (PID=251) to work on /home/airflow/.local/lib/python3.7/site-packages/airflow/example_dags/example_branch_python_dop_operator_3.py
[2022-11-17T08:57:24.495+0000] {processor.py:756} INFO - Processing file /home/airflow/.local/lib/python3.7/site-packages/airflow/example_dags/example_branch_python_dop_operator_3.py for tasks to queue
[2022-11-17T08:57:24.498+0000] {logging_mixin.py:137} INFO - [2022-11-17T08:57:24.498+0000] {dagbag.py:537} INFO - Filling up the DagBag from /home/airflow/.local/lib/python3.7/site-packages/airflow/example_dags/example_branch_python_dop_operator_3.py
[2022-11-17T08:57:24.559+0000] {processor.py:766} INFO - DAG(s) dict_keys(['example_branch_dop_operator_v3']) retrieved from /home/airflow/.local/lib/python3.7/site-packages/airflow/example_dags/example_branch_python_dop_operator_3.py
[2022-11-17T08:57:24.665+0000] {logging_mixin.py:137} INFO - [2022-11-17T08:57:24.665+0000] {dag.py:2585} INFO - Sync 1 DAGs
[2022-11-17T08:57:24.744+0000] {logging_mixin.py:137} INFO - [2022-11-17T08:57:24.743+0000] {dag.py:3340} INFO - Setting next_dagrun for example_branch_dop_operator_v3 to 2022-11-17T08:56:00+00:00, run_after=2022-11-17T08:57:00+00:00
[2022-11-17T08:57:24.790+0000] {processor.py:176} INFO - Processing /home/airflow/.local/lib/python3.7/site-packages/airflow/example_dags/example_branch_python_dop_operator_3.py took 0.305 seconds
[2022-11-17T08:57:55.457+0000] {processor.py:154} INFO - Started process (PID=305) to work on /home/airflow/.local/lib/python3.7/site-packages/airflow/example_dags/example_branch_python_dop_operator_3.py
[2022-11-17T08:57:55.462+0000] {processor.py:756} INFO - Processing file /home/airflow/.local/lib/python3.7/site-packages/airflow/example_dags/example_branch_python_dop_operator_3.py for tasks to queue
[2022-11-17T08:57:55.475+0000] {logging_mixin.py:137} INFO - [2022-11-17T08:57:55.474+0000] {dagbag.py:537} INFO - Filling up the DagBag from /home/airflow/.local/lib/python3.7/site-packages/airflow/example_dags/example_branch_python_dop_operator_3.py
[2022-11-17T08:57:55.548+0000] {processor.py:766} INFO - DAG(s) dict_keys(['example_branch_dop_operator_v3']) retrieved from /home/airflow/.local/lib/python3.7/site-packages/airflow/example_dags/example_branch_python_dop_operator_3.py
[2022-11-17T08:57:55.653+0000] {logging_mixin.py:137} INFO - [2022-11-17T08:57:55.652+0000] {dag.py:2585} INFO - Sync 1 DAGs
[2022-11-17T08:57:55.755+0000] {logging_mixin.py:137} INFO - [2022-11-17T08:57:55.755+0000] {dag.py:3340} INFO - Setting next_dagrun for example_branch_dop_operator_v3 to 2022-11-17T08:56:00+00:00, run_after=2022-11-17T08:57:00+00:00
[2022-11-17T08:57:55.814+0000] {processor.py:176} INFO - Processing /home/airflow/.local/lib/python3.7/site-packages/airflow/example_dags/example_branch_python_dop_operator_3.py took 0.370 seconds
[2022-11-17T08:58:26.090+0000] {processor.py:154} INFO - Started process (PID=359) to work on /home/airflow/.local/lib/python3.7/site-packages/airflow/example_dags/example_branch_python_dop_operator_3.py
[2022-11-17T08:58:26.094+0000] {processor.py:756} INFO - Processing file /home/airflow/.local/lib/python3.7/site-packages/airflow/example_dags/example_branch_python_dop_operator_3.py for tasks to queue
[2022-11-17T08:58:26.097+0000] {logging_mixin.py:137} INFO - [2022-11-17T08:58:26.096+0000] {dagbag.py:537} INFO - Filling up the DagBag from /home/airflow/.local/lib/python3.7/site-packages/airflow/example_dags/example_branch_python_dop_operator_3.py
[2022-11-17T08:58:26.140+0000] {processor.py:766} INFO - DAG(s) dict_keys(['example_branch_dop_operator_v3']) retrieved from /home/airflow/.local/lib/python3.7/site-packages/airflow/example_dags/example_branch_python_dop_operator_3.py
[2022-11-17T08:58:26.228+0000] {logging_mixin.py:137} INFO - [2022-11-17T08:58:26.228+0000] {dag.py:2585} INFO - Sync 1 DAGs
[2022-11-17T08:58:26.351+0000] {logging_mixin.py:137} INFO - [2022-11-17T08:58:26.350+0000] {dag.py:3340} INFO - Setting next_dagrun for example_branch_dop_operator_v3 to 2022-11-17T08:57:00+00:00, run_after=2022-11-17T08:58:00+00:00
[2022-11-17T08:58:26.477+0000] {processor.py:176} INFO - Processing /home/airflow/.local/lib/python3.7/site-packages/airflow/example_dags/example_branch_python_dop_operator_3.py took 0.397 seconds
[2022-11-17T08:59:02.688+0000] {processor.py:154} INFO - Started process (PID=419) to work on /home/airflow/.local/lib/python3.7/site-packages/airflow/example_dags/example_branch_python_dop_operator_3.py
[2022-11-17T08:59:02.699+0000] {processor.py:756} INFO - Processing file /home/airflow/.local/lib/python3.7/site-packages/airflow/example_dags/example_branch_python_dop_operator_3.py for tasks to queue
[2022-11-17T08:59:02.710+0000] {logging_mixin.py:137} INFO - [2022-11-17T08:59:02.710+0000] {dagbag.py:537} INFO - Filling up the DagBag from /home/airflow/.local/lib/python3.7/site-packages/airflow/example_dags/example_branch_python_dop_operator_3.py
[2022-11-17T08:59:03.010+0000] {processor.py:766} INFO - DAG(s) dict_keys(['example_branch_dop_operator_v3']) retrieved from /home/airflow/.local/lib/python3.7/site-packages/airflow/example_dags/example_branch_python_dop_operator_3.py
[2022-11-17T08:59:03.572+0000] {logging_mixin.py:137} INFO - [2022-11-17T08:59:03.571+0000] {dag.py:2585} INFO - Sync 1 DAGs
[2022-11-17T08:59:03.844+0000] {logging_mixin.py:137} INFO - [2022-11-17T08:59:03.844+0000] {dag.py:3340} INFO - Setting next_dagrun for example_branch_dop_operator_v3 to 2022-11-17T08:58:00+00:00, run_after=2022-11-17T08:59:00+00:00
[2022-11-17T08:59:03.980+0000] {processor.py:176} INFO - Processing /home/airflow/.local/lib/python3.7/site-packages/airflow/example_dags/example_branch_python_dop_operator_3.py took 1.321 seconds
[2022-11-17T08:59:36.770+0000] {processor.py:154} INFO - Started process (PID=475) to work on /home/airflow/.local/lib/python3.7/site-packages/airflow/example_dags/example_branch_python_dop_operator_3.py
[2022-11-17T08:59:36.772+0000] {processor.py:756} INFO - Processing file /home/airflow/.local/lib/python3.7/site-packages/airflow/example_dags/example_branch_python_dop_operator_3.py for tasks to queue
[2022-11-17T08:59:36.775+0000] {logging_mixin.py:137} INFO - [2022-11-17T08:59:36.774+0000] {dagbag.py:537} INFO - Filling up the DagBag from /home/airflow/.local/lib/python3.7/site-packages/airflow/example_dags/example_branch_python_dop_operator_3.py
[2022-11-17T08:59:36.835+0000] {processor.py:766} INFO - DAG(s) dict_keys(['example_branch_dop_operator_v3']) retrieved from /home/airflow/.local/lib/python3.7/site-packages/airflow/example_dags/example_branch_python_dop_operator_3.py
[2022-11-17T08:59:37.003+0000] {logging_mixin.py:137} INFO - [2022-11-17T08:59:37.002+0000] {dag.py:2585} INFO - Sync 1 DAGs
[2022-11-17T08:59:37.143+0000] {logging_mixin.py:137} INFO - [2022-11-17T08:59:37.143+0000] {dag.py:3340} INFO - Setting next_dagrun for example_branch_dop_operator_v3 to 2022-11-17T08:58:00+00:00, run_after=2022-11-17T08:59:00+00:00
[2022-11-17T08:59:37.297+0000] {processor.py:176} INFO - Processing /home/airflow/.local/lib/python3.7/site-packages/airflow/example_dags/example_branch_python_dop_operator_3.py took 0.534 seconds
[2022-11-17T09:00:08.262+0000] {processor.py:154} INFO - Started process (PID=528) to work on /home/airflow/.local/lib/python3.7/site-packages/airflow/example_dags/example_branch_python_dop_operator_3.py
[2022-11-17T09:00:08.273+0000] {processor.py:756} INFO - Processing file /home/airflow/.local/lib/python3.7/site-packages/airflow/example_dags/example_branch_python_dop_operator_3.py for tasks to queue
[2022-11-17T09:00:08.300+0000] {logging_mixin.py:137} INFO - [2022-11-17T09:00:08.299+0000] {dagbag.py:537} INFO - Filling up the DagBag from /home/airflow/.local/lib/python3.7/site-packages/airflow/example_dags/example_branch_python_dop_operator_3.py
[2022-11-17T09:00:08.370+0000] {processor.py:766} INFO - DAG(s) dict_keys(['example_branch_dop_operator_v3']) retrieved from /home/airflow/.local/lib/python3.7/site-packages/airflow/example_dags/example_branch_python_dop_operator_3.py
[2022-11-17T09:00:08.509+0000] {logging_mixin.py:137} INFO - [2022-11-17T09:00:08.509+0000] {dag.py:2585} INFO - Sync 1 DAGs
[2022-11-17T09:00:08.620+0000] {logging_mixin.py:137} INFO - [2022-11-17T09:00:08.620+0000] {dag.py:3340} INFO - Setting next_dagrun for example_branch_dop_operator_v3 to 2022-11-17T08:59:00+00:00, run_after=2022-11-17T09:00:00+00:00
[2022-11-17T09:00:08.699+0000] {processor.py:176} INFO - Processing /home/airflow/.local/lib/python3.7/site-packages/airflow/example_dags/example_branch_python_dop_operator_3.py took 0.455 seconds
[2022-11-17T09:00:39.579+0000] {processor.py:154} INFO - Started process (PID=581) to work on /home/airflow/.local/lib/python3.7/site-packages/airflow/example_dags/example_branch_python_dop_operator_3.py
[2022-11-17T09:00:39.584+0000] {processor.py:756} INFO - Processing file /home/airflow/.local/lib/python3.7/site-packages/airflow/example_dags/example_branch_python_dop_operator_3.py for tasks to queue
[2022-11-17T09:00:39.598+0000] {logging_mixin.py:137} INFO - [2022-11-17T09:00:39.590+0000] {dagbag.py:537} INFO - Filling up the DagBag from /home/airflow/.local/lib/python3.7/site-packages/airflow/example_dags/example_branch_python_dop_operator_3.py
[2022-11-17T09:00:39.821+0000] {processor.py:766} INFO - DAG(s) dict_keys(['example_branch_dop_operator_v3']) retrieved from /home/airflow/.local/lib/python3.7/site-packages/airflow/example_dags/example_branch_python_dop_operator_3.py
[2022-11-17T09:00:40.058+0000] {logging_mixin.py:137} INFO - [2022-11-17T09:00:40.056+0000] {dag.py:2585} INFO - Sync 1 DAGs
[2022-11-17T09:00:40.188+0000] {logging_mixin.py:137} INFO - [2022-11-17T09:00:40.187+0000] {dag.py:3340} INFO - Setting next_dagrun for example_branch_dop_operator_v3 to 2022-11-17T08:59:00+00:00, run_after=2022-11-17T09:00:00+00:00
[2022-11-17T09:00:40.253+0000] {processor.py:176} INFO - Processing /home/airflow/.local/lib/python3.7/site-packages/airflow/example_dags/example_branch_python_dop_operator_3.py took 0.700 seconds
[2022-11-17T09:01:10.917+0000] {processor.py:154} INFO - Started process (PID=625) to work on /home/airflow/.local/lib/python3.7/site-packages/airflow/example_dags/example_branch_python_dop_operator_3.py
[2022-11-17T09:01:10.919+0000] {processor.py:756} INFO - Processing file /home/airflow/.local/lib/python3.7/site-packages/airflow/example_dags/example_branch_python_dop_operator_3.py for tasks to queue
[2022-11-17T09:01:10.922+0000] {logging_mixin.py:137} INFO - [2022-11-17T09:01:10.921+0000] {dagbag.py:537} INFO - Filling up the DagBag from /home/airflow/.local/lib/python3.7/site-packages/airflow/example_dags/example_branch_python_dop_operator_3.py
[2022-11-17T09:01:10.968+0000] {processor.py:766} INFO - DAG(s) dict_keys(['example_branch_dop_operator_v3']) retrieved from /home/airflow/.local/lib/python3.7/site-packages/airflow/example_dags/example_branch_python_dop_operator_3.py
[2022-11-17T09:01:11.039+0000] {logging_mixin.py:137} INFO - [2022-11-17T09:01:11.039+0000] {dag.py:2585} INFO - Sync 1 DAGs
[2022-11-17T09:01:11.109+0000] {logging_mixin.py:137} INFO - [2022-11-17T09:01:11.108+0000] {dag.py:3340} INFO - Setting next_dagrun for example_branch_dop_operator_v3 to 2022-11-17T09:00:00+00:00, run_after=2022-11-17T09:01:00+00:00
[2022-11-17T09:01:11.151+0000] {processor.py:176} INFO - Processing /home/airflow/.local/lib/python3.7/site-packages/airflow/example_dags/example_branch_python_dop_operator_3.py took 0.242 seconds
