[2022-11-17T08:48:14.369+0000] {processor.py:154} INFO - Started process (PID=77) to work on /home/airflow/.local/lib/python3.7/site-packages/airflow/example_dags/example_python_operator.py
[2022-11-17T08:48:14.374+0000] {processor.py:756} INFO - Processing file /home/airflow/.local/lib/python3.7/site-packages/airflow/example_dags/example_python_operator.py for tasks to queue
[2022-11-17T08:48:14.387+0000] {logging_mixin.py:137} INFO - [2022-11-17T08:48:14.384+0000] {dagbag.py:537} INFO - Filling up the DagBag from /home/airflow/.local/lib/python3.7/site-packages/airflow/example_dags/example_python_operator.py
[2022-11-17T08:48:14.440+0000] {logging_mixin.py:137} INFO - [2022-11-17T08:48:14.440+0000] {taskmixin.py:205} WARNING - Dependency <Task(_PythonDecoratedOperator): print_the_context>, log_sql_query already registered for DAG: example_python_operator
[2022-11-17T08:48:14.443+0000] {logging_mixin.py:137} INFO - [2022-11-17T08:48:14.442+0000] {taskmixin.py:205} WARNING - Dependency <Task(_PythonDecoratedOperator): log_sql_query>, print_the_context already registered for DAG: example_python_operator
[2022-11-17T08:48:14.456+0000] {logging_mixin.py:137} INFO - [2022-11-17T08:48:14.455+0000] {taskmixin.py:205} WARNING - Dependency <Task(_PythonDecoratedOperator): print_the_context>, log_sql_query already registered for DAG: example_python_operator
[2022-11-17T08:48:14.459+0000] {logging_mixin.py:137} INFO - [2022-11-17T08:48:14.458+0000] {taskmixin.py:205} WARNING - Dependency <Task(_PythonDecoratedOperator): log_sql_query>, print_the_context already registered for DAG: example_python_operator
[2022-11-17T08:48:14.465+0000] {logging_mixin.py:137} INFO - [2022-11-17T08:48:14.465+0000] {taskmixin.py:205} WARNING - Dependency <Task(_PythonDecoratedOperator): print_the_context>, log_sql_query already registered for DAG: example_python_operator
[2022-11-17T08:48:14.476+0000] {logging_mixin.py:137} INFO - [2022-11-17T08:48:14.475+0000] {taskmixin.py:205} WARNING - Dependency <Task(_PythonDecoratedOperator): log_sql_query>, print_the_context already registered for DAG: example_python_operator
[2022-11-17T08:48:14.481+0000] {logging_mixin.py:137} INFO - [2022-11-17T08:48:14.480+0000] {taskmixin.py:205} WARNING - Dependency <Task(_PythonDecoratedOperator): print_the_context>, log_sql_query already registered for DAG: example_python_operator
[2022-11-17T08:48:14.484+0000] {logging_mixin.py:137} INFO - [2022-11-17T08:48:14.483+0000] {taskmixin.py:205} WARNING - Dependency <Task(_PythonDecoratedOperator): log_sql_query>, print_the_context already registered for DAG: example_python_operator
[2022-11-17T08:48:14.507+0000] {processor.py:766} INFO - DAG(s) dict_keys(['example_python_operator']) retrieved from /home/airflow/.local/lib/python3.7/site-packages/airflow/example_dags/example_python_operator.py
[2022-11-17T08:48:15.083+0000] {logging_mixin.py:137} INFO - [2022-11-17T08:48:15.083+0000] {manager.py:507} INFO - Created Permission View: can delete on DAG:example_python_operator
[2022-11-17T08:48:15.113+0000] {logging_mixin.py:137} INFO - [2022-11-17T08:48:15.112+0000] {manager.py:507} INFO - Created Permission View: can edit on DAG:example_python_operator
[2022-11-17T08:48:15.139+0000] {logging_mixin.py:137} INFO - [2022-11-17T08:48:15.139+0000] {manager.py:507} INFO - Created Permission View: can read on DAG:example_python_operator
[2022-11-17T08:48:15.140+0000] {logging_mixin.py:137} INFO - [2022-11-17T08:48:15.140+0000] {dag.py:2585} INFO - Sync 1 DAGs
[2022-11-17T08:48:15.194+0000] {logging_mixin.py:137} INFO - [2022-11-17T08:48:15.194+0000] {dag.py:2606} INFO - Creating ORM DAG for example_python_operator
[2022-11-17T08:48:15.235+0000] {logging_mixin.py:137} INFO - [2022-11-17T08:48:15.235+0000] {dag.py:3340} INFO - Setting next_dagrun for example_python_operator to None, run_after=None
[2022-11-17T08:48:15.333+0000] {processor.py:176} INFO - Processing /home/airflow/.local/lib/python3.7/site-packages/airflow/example_dags/example_python_operator.py took 0.977 seconds
[2022-11-17T08:55:47.512+0000] {processor.py:154} INFO - Started process (PID=90) to work on /home/airflow/.local/lib/python3.7/site-packages/airflow/example_dags/example_python_operator.py
[2022-11-17T08:55:47.543+0000] {processor.py:756} INFO - Processing file /home/airflow/.local/lib/python3.7/site-packages/airflow/example_dags/example_python_operator.py for tasks to queue
[2022-11-17T08:55:47.564+0000] {logging_mixin.py:137} INFO - [2022-11-17T08:55:47.563+0000] {dagbag.py:537} INFO - Filling up the DagBag from /home/airflow/.local/lib/python3.7/site-packages/airflow/example_dags/example_python_operator.py
[2022-11-17T08:55:47.944+0000] {logging_mixin.py:137} INFO - [2022-11-17T08:55:47.944+0000] {taskmixin.py:205} WARNING - Dependency <Task(_PythonDecoratedOperator): print_the_context>, log_sql_query already registered for DAG: example_python_operator
[2022-11-17T08:55:47.986+0000] {logging_mixin.py:137} INFO - [2022-11-17T08:55:47.986+0000] {taskmixin.py:205} WARNING - Dependency <Task(_PythonDecoratedOperator): log_sql_query>, print_the_context already registered for DAG: example_python_operator
[2022-11-17T08:55:48.001+0000] {logging_mixin.py:137} INFO - [2022-11-17T08:55:48.001+0000] {taskmixin.py:205} WARNING - Dependency <Task(_PythonDecoratedOperator): print_the_context>, log_sql_query already registered for DAG: example_python_operator
[2022-11-17T08:55:48.003+0000] {logging_mixin.py:137} INFO - [2022-11-17T08:55:48.002+0000] {taskmixin.py:205} WARNING - Dependency <Task(_PythonDecoratedOperator): log_sql_query>, print_the_context already registered for DAG: example_python_operator
[2022-11-17T08:55:48.024+0000] {logging_mixin.py:137} INFO - [2022-11-17T08:55:48.011+0000] {taskmixin.py:205} WARNING - Dependency <Task(_PythonDecoratedOperator): print_the_context>, log_sql_query already registered for DAG: example_python_operator
[2022-11-17T08:55:48.026+0000] {logging_mixin.py:137} INFO - [2022-11-17T08:55:48.026+0000] {taskmixin.py:205} WARNING - Dependency <Task(_PythonDecoratedOperator): log_sql_query>, print_the_context already registered for DAG: example_python_operator
[2022-11-17T08:55:48.033+0000] {logging_mixin.py:137} INFO - [2022-11-17T08:55:48.033+0000] {taskmixin.py:205} WARNING - Dependency <Task(_PythonDecoratedOperator): print_the_context>, log_sql_query already registered for DAG: example_python_operator
[2022-11-17T08:55:48.041+0000] {logging_mixin.py:137} INFO - [2022-11-17T08:55:48.041+0000] {taskmixin.py:205} WARNING - Dependency <Task(_PythonDecoratedOperator): log_sql_query>, print_the_context already registered for DAG: example_python_operator
[2022-11-17T08:55:48.191+0000] {processor.py:766} INFO - DAG(s) dict_keys(['example_python_operator']) retrieved from /home/airflow/.local/lib/python3.7/site-packages/airflow/example_dags/example_python_operator.py
[2022-11-17T08:55:49.858+0000] {logging_mixin.py:137} INFO - [2022-11-17T08:55:49.857+0000] {dag.py:2585} INFO - Sync 1 DAGs
[2022-11-17T08:55:50.613+0000] {logging_mixin.py:137} INFO - [2022-11-17T08:55:50.596+0000] {dag.py:3340} INFO - Setting next_dagrun for example_python_operator to None, run_after=None
[2022-11-17T08:55:50.909+0000] {processor.py:176} INFO - Processing /home/airflow/.local/lib/python3.7/site-packages/airflow/example_dags/example_python_operator.py took 3.457 seconds
[2022-11-17T08:56:21.868+0000] {processor.py:154} INFO - Started process (PID=144) to work on /home/airflow/.local/lib/python3.7/site-packages/airflow/example_dags/example_python_operator.py
[2022-11-17T08:56:21.876+0000] {processor.py:756} INFO - Processing file /home/airflow/.local/lib/python3.7/site-packages/airflow/example_dags/example_python_operator.py for tasks to queue
[2022-11-17T08:56:21.888+0000] {logging_mixin.py:137} INFO - [2022-11-17T08:56:21.887+0000] {dagbag.py:537} INFO - Filling up the DagBag from /home/airflow/.local/lib/python3.7/site-packages/airflow/example_dags/example_python_operator.py
[2022-11-17T08:56:22.011+0000] {logging_mixin.py:137} INFO - [2022-11-17T08:56:22.009+0000] {taskmixin.py:205} WARNING - Dependency <Task(_PythonDecoratedOperator): print_the_context>, log_sql_query already registered for DAG: example_python_operator
[2022-11-17T08:56:22.015+0000] {logging_mixin.py:137} INFO - [2022-11-17T08:56:22.015+0000] {taskmixin.py:205} WARNING - Dependency <Task(_PythonDecoratedOperator): log_sql_query>, print_the_context already registered for DAG: example_python_operator
[2022-11-17T08:56:22.024+0000] {logging_mixin.py:137} INFO - [2022-11-17T08:56:22.021+0000] {taskmixin.py:205} WARNING - Dependency <Task(_PythonDecoratedOperator): print_the_context>, log_sql_query already registered for DAG: example_python_operator
[2022-11-17T08:56:22.029+0000] {logging_mixin.py:137} INFO - [2022-11-17T08:56:22.027+0000] {taskmixin.py:205} WARNING - Dependency <Task(_PythonDecoratedOperator): log_sql_query>, print_the_context already registered for DAG: example_python_operator
[2022-11-17T08:56:22.038+0000] {logging_mixin.py:137} INFO - [2022-11-17T08:56:22.036+0000] {taskmixin.py:205} WARNING - Dependency <Task(_PythonDecoratedOperator): print_the_context>, log_sql_query already registered for DAG: example_python_operator
[2022-11-17T08:56:22.041+0000] {logging_mixin.py:137} INFO - [2022-11-17T08:56:22.040+0000] {taskmixin.py:205} WARNING - Dependency <Task(_PythonDecoratedOperator): log_sql_query>, print_the_context already registered for DAG: example_python_operator
[2022-11-17T08:56:22.050+0000] {logging_mixin.py:137} INFO - [2022-11-17T08:56:22.049+0000] {taskmixin.py:205} WARNING - Dependency <Task(_PythonDecoratedOperator): print_the_context>, log_sql_query already registered for DAG: example_python_operator
[2022-11-17T08:56:22.054+0000] {logging_mixin.py:137} INFO - [2022-11-17T08:56:22.052+0000] {taskmixin.py:205} WARNING - Dependency <Task(_PythonDecoratedOperator): log_sql_query>, print_the_context already registered for DAG: example_python_operator
[2022-11-17T08:56:22.101+0000] {processor.py:766} INFO - DAG(s) dict_keys(['example_python_operator']) retrieved from /home/airflow/.local/lib/python3.7/site-packages/airflow/example_dags/example_python_operator.py
[2022-11-17T08:56:22.306+0000] {logging_mixin.py:137} INFO - [2022-11-17T08:56:22.306+0000] {dag.py:2585} INFO - Sync 1 DAGs
[2022-11-17T08:56:22.405+0000] {logging_mixin.py:137} INFO - [2022-11-17T08:56:22.405+0000] {dag.py:3340} INFO - Setting next_dagrun for example_python_operator to None, run_after=None
[2022-11-17T08:56:22.520+0000] {processor.py:176} INFO - Processing /home/airflow/.local/lib/python3.7/site-packages/airflow/example_dags/example_python_operator.py took 0.670 seconds
[2022-11-17T08:56:53.869+0000] {processor.py:154} INFO - Started process (PID=198) to work on /home/airflow/.local/lib/python3.7/site-packages/airflow/example_dags/example_python_operator.py
[2022-11-17T08:56:53.879+0000] {processor.py:756} INFO - Processing file /home/airflow/.local/lib/python3.7/site-packages/airflow/example_dags/example_python_operator.py for tasks to queue
[2022-11-17T08:56:53.887+0000] {logging_mixin.py:137} INFO - [2022-11-17T08:56:53.887+0000] {dagbag.py:537} INFO - Filling up the DagBag from /home/airflow/.local/lib/python3.7/site-packages/airflow/example_dags/example_python_operator.py
[2022-11-17T08:56:53.991+0000] {logging_mixin.py:137} INFO - [2022-11-17T08:56:53.991+0000] {taskmixin.py:205} WARNING - Dependency <Task(_PythonDecoratedOperator): print_the_context>, log_sql_query already registered for DAG: example_python_operator
[2022-11-17T08:56:53.993+0000] {logging_mixin.py:137} INFO - [2022-11-17T08:56:53.992+0000] {taskmixin.py:205} WARNING - Dependency <Task(_PythonDecoratedOperator): log_sql_query>, print_the_context already registered for DAG: example_python_operator
[2022-11-17T08:56:53.999+0000] {logging_mixin.py:137} INFO - [2022-11-17T08:56:53.998+0000] {taskmixin.py:205} WARNING - Dependency <Task(_PythonDecoratedOperator): print_the_context>, log_sql_query already registered for DAG: example_python_operator
[2022-11-17T08:56:54.003+0000] {logging_mixin.py:137} INFO - [2022-11-17T08:56:54.002+0000] {taskmixin.py:205} WARNING - Dependency <Task(_PythonDecoratedOperator): log_sql_query>, print_the_context already registered for DAG: example_python_operator
[2022-11-17T08:56:54.016+0000] {logging_mixin.py:137} INFO - [2022-11-17T08:56:54.015+0000] {taskmixin.py:205} WARNING - Dependency <Task(_PythonDecoratedOperator): print_the_context>, log_sql_query already registered for DAG: example_python_operator
[2022-11-17T08:56:54.018+0000] {logging_mixin.py:137} INFO - [2022-11-17T08:56:54.018+0000] {taskmixin.py:205} WARNING - Dependency <Task(_PythonDecoratedOperator): log_sql_query>, print_the_context already registered for DAG: example_python_operator
[2022-11-17T08:56:54.027+0000] {logging_mixin.py:137} INFO - [2022-11-17T08:56:54.026+0000] {taskmixin.py:205} WARNING - Dependency <Task(_PythonDecoratedOperator): print_the_context>, log_sql_query already registered for DAG: example_python_operator
[2022-11-17T08:56:54.030+0000] {logging_mixin.py:137} INFO - [2022-11-17T08:56:54.029+0000] {taskmixin.py:205} WARNING - Dependency <Task(_PythonDecoratedOperator): log_sql_query>, print_the_context already registered for DAG: example_python_operator
[2022-11-17T08:56:54.053+0000] {processor.py:766} INFO - DAG(s) dict_keys(['example_python_operator']) retrieved from /home/airflow/.local/lib/python3.7/site-packages/airflow/example_dags/example_python_operator.py
[2022-11-17T08:56:54.141+0000] {logging_mixin.py:137} INFO - [2022-11-17T08:56:54.141+0000] {dag.py:2585} INFO - Sync 1 DAGs
[2022-11-17T08:56:54.204+0000] {logging_mixin.py:137} INFO - [2022-11-17T08:56:54.204+0000] {dag.py:3340} INFO - Setting next_dagrun for example_python_operator to None, run_after=None
[2022-11-17T08:56:54.248+0000] {processor.py:176} INFO - Processing /home/airflow/.local/lib/python3.7/site-packages/airflow/example_dags/example_python_operator.py took 0.405 seconds
[2022-11-17T08:57:24.640+0000] {processor.py:154} INFO - Started process (PID=252) to work on /home/airflow/.local/lib/python3.7/site-packages/airflow/example_dags/example_python_operator.py
[2022-11-17T08:57:24.652+0000] {processor.py:756} INFO - Processing file /home/airflow/.local/lib/python3.7/site-packages/airflow/example_dags/example_python_operator.py for tasks to queue
[2022-11-17T08:57:24.660+0000] {logging_mixin.py:137} INFO - [2022-11-17T08:57:24.658+0000] {dagbag.py:537} INFO - Filling up the DagBag from /home/airflow/.local/lib/python3.7/site-packages/airflow/example_dags/example_python_operator.py
[2022-11-17T08:57:24.756+0000] {logging_mixin.py:137} INFO - [2022-11-17T08:57:24.754+0000] {taskmixin.py:205} WARNING - Dependency <Task(_PythonDecoratedOperator): print_the_context>, log_sql_query already registered for DAG: example_python_operator
[2022-11-17T08:57:24.758+0000] {logging_mixin.py:137} INFO - [2022-11-17T08:57:24.758+0000] {taskmixin.py:205} WARNING - Dependency <Task(_PythonDecoratedOperator): log_sql_query>, print_the_context already registered for DAG: example_python_operator
[2022-11-17T08:57:24.766+0000] {logging_mixin.py:137} INFO - [2022-11-17T08:57:24.764+0000] {taskmixin.py:205} WARNING - Dependency <Task(_PythonDecoratedOperator): print_the_context>, log_sql_query already registered for DAG: example_python_operator
[2022-11-17T08:57:24.768+0000] {logging_mixin.py:137} INFO - [2022-11-17T08:57:24.768+0000] {taskmixin.py:205} WARNING - Dependency <Task(_PythonDecoratedOperator): log_sql_query>, print_the_context already registered for DAG: example_python_operator
[2022-11-17T08:57:24.776+0000] {logging_mixin.py:137} INFO - [2022-11-17T08:57:24.774+0000] {taskmixin.py:205} WARNING - Dependency <Task(_PythonDecoratedOperator): print_the_context>, log_sql_query already registered for DAG: example_python_operator
[2022-11-17T08:57:24.779+0000] {logging_mixin.py:137} INFO - [2022-11-17T08:57:24.778+0000] {taskmixin.py:205} WARNING - Dependency <Task(_PythonDecoratedOperator): log_sql_query>, print_the_context already registered for DAG: example_python_operator
[2022-11-17T08:57:24.783+0000] {logging_mixin.py:137} INFO - [2022-11-17T08:57:24.782+0000] {taskmixin.py:205} WARNING - Dependency <Task(_PythonDecoratedOperator): print_the_context>, log_sql_query already registered for DAG: example_python_operator
[2022-11-17T08:57:24.786+0000] {logging_mixin.py:137} INFO - [2022-11-17T08:57:24.786+0000] {taskmixin.py:205} WARNING - Dependency <Task(_PythonDecoratedOperator): log_sql_query>, print_the_context already registered for DAG: example_python_operator
[2022-11-17T08:57:24.849+0000] {processor.py:766} INFO - DAG(s) dict_keys(['example_python_operator']) retrieved from /home/airflow/.local/lib/python3.7/site-packages/airflow/example_dags/example_python_operator.py
[2022-11-17T08:57:24.990+0000] {logging_mixin.py:137} INFO - [2022-11-17T08:57:24.989+0000] {dag.py:2585} INFO - Sync 1 DAGs
[2022-11-17T08:57:25.046+0000] {logging_mixin.py:137} INFO - [2022-11-17T08:57:25.046+0000] {dag.py:3340} INFO - Setting next_dagrun for example_python_operator to None, run_after=None
[2022-11-17T08:57:25.080+0000] {processor.py:176} INFO - Processing /home/airflow/.local/lib/python3.7/site-packages/airflow/example_dags/example_python_operator.py took 0.455 seconds
[2022-11-17T08:57:55.496+0000] {processor.py:154} INFO - Started process (PID=306) to work on /home/airflow/.local/lib/python3.7/site-packages/airflow/example_dags/example_python_operator.py
[2022-11-17T08:57:55.499+0000] {processor.py:756} INFO - Processing file /home/airflow/.local/lib/python3.7/site-packages/airflow/example_dags/example_python_operator.py for tasks to queue
[2022-11-17T08:57:55.502+0000] {logging_mixin.py:137} INFO - [2022-11-17T08:57:55.502+0000] {dagbag.py:537} INFO - Filling up the DagBag from /home/airflow/.local/lib/python3.7/site-packages/airflow/example_dags/example_python_operator.py
[2022-11-17T08:57:55.572+0000] {logging_mixin.py:137} INFO - [2022-11-17T08:57:55.572+0000] {taskmixin.py:205} WARNING - Dependency <Task(_PythonDecoratedOperator): print_the_context>, log_sql_query already registered for DAG: example_python_operator
[2022-11-17T08:57:55.574+0000] {logging_mixin.py:137} INFO - [2022-11-17T08:57:55.573+0000] {taskmixin.py:205} WARNING - Dependency <Task(_PythonDecoratedOperator): log_sql_query>, print_the_context already registered for DAG: example_python_operator
[2022-11-17T08:57:55.580+0000] {logging_mixin.py:137} INFO - [2022-11-17T08:57:55.579+0000] {taskmixin.py:205} WARNING - Dependency <Task(_PythonDecoratedOperator): print_the_context>, log_sql_query already registered for DAG: example_python_operator
[2022-11-17T08:57:55.581+0000] {logging_mixin.py:137} INFO - [2022-11-17T08:57:55.581+0000] {taskmixin.py:205} WARNING - Dependency <Task(_PythonDecoratedOperator): log_sql_query>, print_the_context already registered for DAG: example_python_operator
[2022-11-17T08:57:55.584+0000] {logging_mixin.py:137} INFO - [2022-11-17T08:57:55.584+0000] {taskmixin.py:205} WARNING - Dependency <Task(_PythonDecoratedOperator): print_the_context>, log_sql_query already registered for DAG: example_python_operator
[2022-11-17T08:57:55.586+0000] {logging_mixin.py:137} INFO - [2022-11-17T08:57:55.585+0000] {taskmixin.py:205} WARNING - Dependency <Task(_PythonDecoratedOperator): log_sql_query>, print_the_context already registered for DAG: example_python_operator
[2022-11-17T08:57:55.591+0000] {logging_mixin.py:137} INFO - [2022-11-17T08:57:55.589+0000] {taskmixin.py:205} WARNING - Dependency <Task(_PythonDecoratedOperator): print_the_context>, log_sql_query already registered for DAG: example_python_operator
[2022-11-17T08:57:55.602+0000] {logging_mixin.py:137} INFO - [2022-11-17T08:57:55.601+0000] {taskmixin.py:205} WARNING - Dependency <Task(_PythonDecoratedOperator): log_sql_query>, print_the_context already registered for DAG: example_python_operator
[2022-11-17T08:57:55.638+0000] {processor.py:766} INFO - DAG(s) dict_keys(['example_python_operator']) retrieved from /home/airflow/.local/lib/python3.7/site-packages/airflow/example_dags/example_python_operator.py
[2022-11-17T08:57:55.853+0000] {logging_mixin.py:137} INFO - [2022-11-17T08:57:55.852+0000] {dag.py:2585} INFO - Sync 1 DAGs
[2022-11-17T08:57:55.973+0000] {logging_mixin.py:137} INFO - [2022-11-17T08:57:55.973+0000] {dag.py:3340} INFO - Setting next_dagrun for example_python_operator to None, run_after=None
[2022-11-17T08:57:56.142+0000] {processor.py:176} INFO - Processing /home/airflow/.local/lib/python3.7/site-packages/airflow/example_dags/example_python_operator.py took 0.674 seconds
[2022-11-17T08:58:26.428+0000] {processor.py:154} INFO - Started process (PID=360) to work on /home/airflow/.local/lib/python3.7/site-packages/airflow/example_dags/example_python_operator.py
[2022-11-17T08:58:26.436+0000] {processor.py:756} INFO - Processing file /home/airflow/.local/lib/python3.7/site-packages/airflow/example_dags/example_python_operator.py for tasks to queue
[2022-11-17T08:58:26.444+0000] {logging_mixin.py:137} INFO - [2022-11-17T08:58:26.443+0000] {dagbag.py:537} INFO - Filling up the DagBag from /home/airflow/.local/lib/python3.7/site-packages/airflow/example_dags/example_python_operator.py
[2022-11-17T08:58:26.530+0000] {logging_mixin.py:137} INFO - [2022-11-17T08:58:26.530+0000] {taskmixin.py:205} WARNING - Dependency <Task(_PythonDecoratedOperator): print_the_context>, log_sql_query already registered for DAG: example_python_operator
[2022-11-17T08:58:26.533+0000] {logging_mixin.py:137} INFO - [2022-11-17T08:58:26.532+0000] {taskmixin.py:205} WARNING - Dependency <Task(_PythonDecoratedOperator): log_sql_query>, print_the_context already registered for DAG: example_python_operator
[2022-11-17T08:58:26.538+0000] {logging_mixin.py:137} INFO - [2022-11-17T08:58:26.538+0000] {taskmixin.py:205} WARNING - Dependency <Task(_PythonDecoratedOperator): print_the_context>, log_sql_query already registered for DAG: example_python_operator
[2022-11-17T08:58:26.540+0000] {logging_mixin.py:137} INFO - [2022-11-17T08:58:26.540+0000] {taskmixin.py:205} WARNING - Dependency <Task(_PythonDecoratedOperator): log_sql_query>, print_the_context already registered for DAG: example_python_operator
[2022-11-17T08:58:26.548+0000] {logging_mixin.py:137} INFO - [2022-11-17T08:58:26.547+0000] {taskmixin.py:205} WARNING - Dependency <Task(_PythonDecoratedOperator): print_the_context>, log_sql_query already registered for DAG: example_python_operator
[2022-11-17T08:58:26.552+0000] {logging_mixin.py:137} INFO - [2022-11-17T08:58:26.551+0000] {taskmixin.py:205} WARNING - Dependency <Task(_PythonDecoratedOperator): log_sql_query>, print_the_context already registered for DAG: example_python_operator
[2022-11-17T08:58:26.556+0000] {logging_mixin.py:137} INFO - [2022-11-17T08:58:26.556+0000] {taskmixin.py:205} WARNING - Dependency <Task(_PythonDecoratedOperator): print_the_context>, log_sql_query already registered for DAG: example_python_operator
[2022-11-17T08:58:26.559+0000] {logging_mixin.py:137} INFO - [2022-11-17T08:58:26.558+0000] {taskmixin.py:205} WARNING - Dependency <Task(_PythonDecoratedOperator): log_sql_query>, print_the_context already registered for DAG: example_python_operator
[2022-11-17T08:58:26.605+0000] {processor.py:766} INFO - DAG(s) dict_keys(['example_python_operator']) retrieved from /home/airflow/.local/lib/python3.7/site-packages/airflow/example_dags/example_python_operator.py
[2022-11-17T08:58:26.703+0000] {logging_mixin.py:137} INFO - [2022-11-17T08:58:26.703+0000] {dag.py:2585} INFO - Sync 1 DAGs
[2022-11-17T08:58:26.752+0000] {logging_mixin.py:137} INFO - [2022-11-17T08:58:26.751+0000] {dag.py:3340} INFO - Setting next_dagrun for example_python_operator to None, run_after=None
[2022-11-17T08:58:26.792+0000] {processor.py:176} INFO - Processing /home/airflow/.local/lib/python3.7/site-packages/airflow/example_dags/example_python_operator.py took 0.399 seconds
[2022-11-17T08:59:02.678+0000] {processor.py:154} INFO - Started process (PID=420) to work on /home/airflow/.local/lib/python3.7/site-packages/airflow/example_dags/example_python_operator.py
[2022-11-17T08:59:02.687+0000] {processor.py:756} INFO - Processing file /home/airflow/.local/lib/python3.7/site-packages/airflow/example_dags/example_python_operator.py for tasks to queue
[2022-11-17T08:59:02.698+0000] {logging_mixin.py:137} INFO - [2022-11-17T08:59:02.697+0000] {dagbag.py:537} INFO - Filling up the DagBag from /home/airflow/.local/lib/python3.7/site-packages/airflow/example_dags/example_python_operator.py
[2022-11-17T08:59:02.902+0000] {logging_mixin.py:137} INFO - [2022-11-17T08:59:02.901+0000] {taskmixin.py:205} WARNING - Dependency <Task(_PythonDecoratedOperator): print_the_context>, log_sql_query already registered for DAG: example_python_operator
[2022-11-17T08:59:02.918+0000] {logging_mixin.py:137} INFO - [2022-11-17T08:59:02.918+0000] {taskmixin.py:205} WARNING - Dependency <Task(_PythonDecoratedOperator): log_sql_query>, print_the_context already registered for DAG: example_python_operator
[2022-11-17T08:59:02.921+0000] {logging_mixin.py:137} INFO - [2022-11-17T08:59:02.921+0000] {taskmixin.py:205} WARNING - Dependency <Task(_PythonDecoratedOperator): print_the_context>, log_sql_query already registered for DAG: example_python_operator
[2022-11-17T08:59:02.931+0000] {logging_mixin.py:137} INFO - [2022-11-17T08:59:02.931+0000] {taskmixin.py:205} WARNING - Dependency <Task(_PythonDecoratedOperator): log_sql_query>, print_the_context already registered for DAG: example_python_operator
[2022-11-17T08:59:02.946+0000] {logging_mixin.py:137} INFO - [2022-11-17T08:59:02.946+0000] {taskmixin.py:205} WARNING - Dependency <Task(_PythonDecoratedOperator): print_the_context>, log_sql_query already registered for DAG: example_python_operator
[2022-11-17T08:59:02.958+0000] {logging_mixin.py:137} INFO - [2022-11-17T08:59:02.958+0000] {taskmixin.py:205} WARNING - Dependency <Task(_PythonDecoratedOperator): log_sql_query>, print_the_context already registered for DAG: example_python_operator
[2022-11-17T08:59:02.961+0000] {logging_mixin.py:137} INFO - [2022-11-17T08:59:02.961+0000] {taskmixin.py:205} WARNING - Dependency <Task(_PythonDecoratedOperator): print_the_context>, log_sql_query already registered for DAG: example_python_operator
[2022-11-17T08:59:02.970+0000] {logging_mixin.py:137} INFO - [2022-11-17T08:59:02.969+0000] {taskmixin.py:205} WARNING - Dependency <Task(_PythonDecoratedOperator): log_sql_query>, print_the_context already registered for DAG: example_python_operator
[2022-11-17T08:59:03.046+0000] {processor.py:766} INFO - DAG(s) dict_keys(['example_python_operator']) retrieved from /home/airflow/.local/lib/python3.7/site-packages/airflow/example_dags/example_python_operator.py
[2022-11-17T08:59:03.627+0000] {logging_mixin.py:137} INFO - [2022-11-17T08:59:03.624+0000] {dag.py:2585} INFO - Sync 1 DAGs
[2022-11-17T08:59:03.906+0000] {logging_mixin.py:137} INFO - [2022-11-17T08:59:03.906+0000] {dag.py:3340} INFO - Setting next_dagrun for example_python_operator to None, run_after=None
[2022-11-17T08:59:04.049+0000] {processor.py:176} INFO - Processing /home/airflow/.local/lib/python3.7/site-packages/airflow/example_dags/example_python_operator.py took 1.392 seconds
[2022-11-17T08:59:37.400+0000] {processor.py:154} INFO - Started process (PID=476) to work on /home/airflow/.local/lib/python3.7/site-packages/airflow/example_dags/example_python_operator.py
[2022-11-17T08:59:37.404+0000] {processor.py:756} INFO - Processing file /home/airflow/.local/lib/python3.7/site-packages/airflow/example_dags/example_python_operator.py for tasks to queue
[2022-11-17T08:59:37.419+0000] {logging_mixin.py:137} INFO - [2022-11-17T08:59:37.419+0000] {dagbag.py:537} INFO - Filling up the DagBag from /home/airflow/.local/lib/python3.7/site-packages/airflow/example_dags/example_python_operator.py
[2022-11-17T08:59:37.499+0000] {logging_mixin.py:137} INFO - [2022-11-17T08:59:37.499+0000] {taskmixin.py:205} WARNING - Dependency <Task(_PythonDecoratedOperator): print_the_context>, log_sql_query already registered for DAG: example_python_operator
[2022-11-17T08:59:37.508+0000] {logging_mixin.py:137} INFO - [2022-11-17T08:59:37.508+0000] {taskmixin.py:205} WARNING - Dependency <Task(_PythonDecoratedOperator): log_sql_query>, print_the_context already registered for DAG: example_python_operator
[2022-11-17T08:59:37.512+0000] {logging_mixin.py:137} INFO - [2022-11-17T08:59:37.512+0000] {taskmixin.py:205} WARNING - Dependency <Task(_PythonDecoratedOperator): print_the_context>, log_sql_query already registered for DAG: example_python_operator
[2022-11-17T08:59:37.516+0000] {logging_mixin.py:137} INFO - [2022-11-17T08:59:37.516+0000] {taskmixin.py:205} WARNING - Dependency <Task(_PythonDecoratedOperator): log_sql_query>, print_the_context already registered for DAG: example_python_operator
[2022-11-17T08:59:37.520+0000] {logging_mixin.py:137} INFO - [2022-11-17T08:59:37.520+0000] {taskmixin.py:205} WARNING - Dependency <Task(_PythonDecoratedOperator): print_the_context>, log_sql_query already registered for DAG: example_python_operator
[2022-11-17T08:59:37.528+0000] {logging_mixin.py:137} INFO - [2022-11-17T08:59:37.527+0000] {taskmixin.py:205} WARNING - Dependency <Task(_PythonDecoratedOperator): log_sql_query>, print_the_context already registered for DAG: example_python_operator
[2022-11-17T08:59:37.534+0000] {logging_mixin.py:137} INFO - [2022-11-17T08:59:37.533+0000] {taskmixin.py:205} WARNING - Dependency <Task(_PythonDecoratedOperator): print_the_context>, log_sql_query already registered for DAG: example_python_operator
[2022-11-17T08:59:37.543+0000] {logging_mixin.py:137} INFO - [2022-11-17T08:59:37.543+0000] {taskmixin.py:205} WARNING - Dependency <Task(_PythonDecoratedOperator): log_sql_query>, print_the_context already registered for DAG: example_python_operator
[2022-11-17T08:59:37.603+0000] {processor.py:766} INFO - DAG(s) dict_keys(['example_python_operator']) retrieved from /home/airflow/.local/lib/python3.7/site-packages/airflow/example_dags/example_python_operator.py
[2022-11-17T08:59:37.859+0000] {logging_mixin.py:137} INFO - [2022-11-17T08:59:37.859+0000] {dag.py:2585} INFO - Sync 1 DAGs
[2022-11-17T08:59:37.975+0000] {logging_mixin.py:137} INFO - [2022-11-17T08:59:37.975+0000] {dag.py:3340} INFO - Setting next_dagrun for example_python_operator to None, run_after=None
[2022-11-17T08:59:38.142+0000] {processor.py:176} INFO - Processing /home/airflow/.local/lib/python3.7/site-packages/airflow/example_dags/example_python_operator.py took 0.749 seconds
[2022-11-17T09:00:08.841+0000] {processor.py:154} INFO - Started process (PID=529) to work on /home/airflow/.local/lib/python3.7/site-packages/airflow/example_dags/example_python_operator.py
[2022-11-17T09:00:08.846+0000] {processor.py:756} INFO - Processing file /home/airflow/.local/lib/python3.7/site-packages/airflow/example_dags/example_python_operator.py for tasks to queue
[2022-11-17T09:00:08.854+0000] {logging_mixin.py:137} INFO - [2022-11-17T09:00:08.853+0000] {dagbag.py:537} INFO - Filling up the DagBag from /home/airflow/.local/lib/python3.7/site-packages/airflow/example_dags/example_python_operator.py
[2022-11-17T09:00:08.939+0000] {logging_mixin.py:137} INFO - [2022-11-17T09:00:08.939+0000] {taskmixin.py:205} WARNING - Dependency <Task(_PythonDecoratedOperator): print_the_context>, log_sql_query already registered for DAG: example_python_operator
[2022-11-17T09:00:08.945+0000] {logging_mixin.py:137} INFO - [2022-11-17T09:00:08.944+0000] {taskmixin.py:205} WARNING - Dependency <Task(_PythonDecoratedOperator): log_sql_query>, print_the_context already registered for DAG: example_python_operator
[2022-11-17T09:00:08.955+0000] {logging_mixin.py:137} INFO - [2022-11-17T09:00:08.953+0000] {taskmixin.py:205} WARNING - Dependency <Task(_PythonDecoratedOperator): print_the_context>, log_sql_query already registered for DAG: example_python_operator
[2022-11-17T09:00:08.960+0000] {logging_mixin.py:137} INFO - [2022-11-17T09:00:08.957+0000] {taskmixin.py:205} WARNING - Dependency <Task(_PythonDecoratedOperator): log_sql_query>, print_the_context already registered for DAG: example_python_operator
[2022-11-17T09:00:08.976+0000] {logging_mixin.py:137} INFO - [2022-11-17T09:00:08.976+0000] {taskmixin.py:205} WARNING - Dependency <Task(_PythonDecoratedOperator): print_the_context>, log_sql_query already registered for DAG: example_python_operator
[2022-11-17T09:00:08.979+0000] {logging_mixin.py:137} INFO - [2022-11-17T09:00:08.978+0000] {taskmixin.py:205} WARNING - Dependency <Task(_PythonDecoratedOperator): log_sql_query>, print_the_context already registered for DAG: example_python_operator
[2022-11-17T09:00:08.989+0000] {logging_mixin.py:137} INFO - [2022-11-17T09:00:08.988+0000] {taskmixin.py:205} WARNING - Dependency <Task(_PythonDecoratedOperator): print_the_context>, log_sql_query already registered for DAG: example_python_operator
[2022-11-17T09:00:08.993+0000] {logging_mixin.py:137} INFO - [2022-11-17T09:00:08.992+0000] {taskmixin.py:205} WARNING - Dependency <Task(_PythonDecoratedOperator): log_sql_query>, print_the_context already registered for DAG: example_python_operator
[2022-11-17T09:00:09.025+0000] {processor.py:766} INFO - DAG(s) dict_keys(['example_python_operator']) retrieved from /home/airflow/.local/lib/python3.7/site-packages/airflow/example_dags/example_python_operator.py
[2022-11-17T09:00:09.245+0000] {logging_mixin.py:137} INFO - [2022-11-17T09:00:09.245+0000] {dag.py:2585} INFO - Sync 1 DAGs
[2022-11-17T09:00:09.318+0000] {logging_mixin.py:137} INFO - [2022-11-17T09:00:09.318+0000] {dag.py:3340} INFO - Setting next_dagrun for example_python_operator to None, run_after=None
[2022-11-17T09:00:09.421+0000] {processor.py:176} INFO - Processing /home/airflow/.local/lib/python3.7/site-packages/airflow/example_dags/example_python_operator.py took 0.601 seconds
[2022-11-17T09:00:40.474+0000] {processor.py:154} INFO - Started process (PID=583) to work on /home/airflow/.local/lib/python3.7/site-packages/airflow/example_dags/example_python_operator.py
[2022-11-17T09:00:40.478+0000] {processor.py:756} INFO - Processing file /home/airflow/.local/lib/python3.7/site-packages/airflow/example_dags/example_python_operator.py for tasks to queue
[2022-11-17T09:00:40.481+0000] {logging_mixin.py:137} INFO - [2022-11-17T09:00:40.480+0000] {dagbag.py:537} INFO - Filling up the DagBag from /home/airflow/.local/lib/python3.7/site-packages/airflow/example_dags/example_python_operator.py
[2022-11-17T09:00:40.567+0000] {logging_mixin.py:137} INFO - [2022-11-17T09:00:40.566+0000] {taskmixin.py:205} WARNING - Dependency <Task(_PythonDecoratedOperator): print_the_context>, log_sql_query already registered for DAG: example_python_operator
[2022-11-17T09:00:40.571+0000] {logging_mixin.py:137} INFO - [2022-11-17T09:00:40.571+0000] {taskmixin.py:205} WARNING - Dependency <Task(_PythonDecoratedOperator): log_sql_query>, print_the_context already registered for DAG: example_python_operator
[2022-11-17T09:00:40.574+0000] {logging_mixin.py:137} INFO - [2022-11-17T09:00:40.574+0000] {taskmixin.py:205} WARNING - Dependency <Task(_PythonDecoratedOperator): print_the_context>, log_sql_query already registered for DAG: example_python_operator
[2022-11-17T09:00:40.577+0000] {logging_mixin.py:137} INFO - [2022-11-17T09:00:40.577+0000] {taskmixin.py:205} WARNING - Dependency <Task(_PythonDecoratedOperator): log_sql_query>, print_the_context already registered for DAG: example_python_operator
[2022-11-17T09:00:40.580+0000] {logging_mixin.py:137} INFO - [2022-11-17T09:00:40.580+0000] {taskmixin.py:205} WARNING - Dependency <Task(_PythonDecoratedOperator): print_the_context>, log_sql_query already registered for DAG: example_python_operator
[2022-11-17T09:00:40.583+0000] {logging_mixin.py:137} INFO - [2022-11-17T09:00:40.582+0000] {taskmixin.py:205} WARNING - Dependency <Task(_PythonDecoratedOperator): log_sql_query>, print_the_context already registered for DAG: example_python_operator
[2022-11-17T09:00:40.587+0000] {logging_mixin.py:137} INFO - [2022-11-17T09:00:40.586+0000] {taskmixin.py:205} WARNING - Dependency <Task(_PythonDecoratedOperator): print_the_context>, log_sql_query already registered for DAG: example_python_operator
[2022-11-17T09:00:40.594+0000] {logging_mixin.py:137} INFO - [2022-11-17T09:00:40.594+0000] {taskmixin.py:205} WARNING - Dependency <Task(_PythonDecoratedOperator): log_sql_query>, print_the_context already registered for DAG: example_python_operator
[2022-11-17T09:00:40.616+0000] {processor.py:766} INFO - DAG(s) dict_keys(['example_python_operator']) retrieved from /home/airflow/.local/lib/python3.7/site-packages/airflow/example_dags/example_python_operator.py
[2022-11-17T09:00:40.792+0000] {logging_mixin.py:137} INFO - [2022-11-17T09:00:40.791+0000] {dag.py:2585} INFO - Sync 1 DAGs
[2022-11-17T09:00:40.875+0000] {logging_mixin.py:137} INFO - [2022-11-17T09:00:40.875+0000] {dag.py:3340} INFO - Setting next_dagrun for example_python_operator to None, run_after=None
[2022-11-17T09:00:40.934+0000] {processor.py:176} INFO - Processing /home/airflow/.local/lib/python3.7/site-packages/airflow/example_dags/example_python_operator.py took 0.486 seconds
[2022-11-17T09:01:11.227+0000] {processor.py:154} INFO - Started process (PID=627) to work on /home/airflow/.local/lib/python3.7/site-packages/airflow/example_dags/example_python_operator.py
[2022-11-17T09:01:11.231+0000] {processor.py:756} INFO - Processing file /home/airflow/.local/lib/python3.7/site-packages/airflow/example_dags/example_python_operator.py for tasks to queue
[2022-11-17T09:01:11.234+0000] {logging_mixin.py:137} INFO - [2022-11-17T09:01:11.234+0000] {dagbag.py:537} INFO - Filling up the DagBag from /home/airflow/.local/lib/python3.7/site-packages/airflow/example_dags/example_python_operator.py
[2022-11-17T09:01:11.311+0000] {logging_mixin.py:137} INFO - [2022-11-17T09:01:11.311+0000] {taskmixin.py:205} WARNING - Dependency <Task(_PythonDecoratedOperator): print_the_context>, log_sql_query already registered for DAG: example_python_operator
[2022-11-17T09:01:11.314+0000] {logging_mixin.py:137} INFO - [2022-11-17T09:01:11.313+0000] {taskmixin.py:205} WARNING - Dependency <Task(_PythonDecoratedOperator): log_sql_query>, print_the_context already registered for DAG: example_python_operator
[2022-11-17T09:01:11.317+0000] {logging_mixin.py:137} INFO - [2022-11-17T09:01:11.316+0000] {taskmixin.py:205} WARNING - Dependency <Task(_PythonDecoratedOperator): print_the_context>, log_sql_query already registered for DAG: example_python_operator
[2022-11-17T09:01:11.320+0000] {logging_mixin.py:137} INFO - [2022-11-17T09:01:11.320+0000] {taskmixin.py:205} WARNING - Dependency <Task(_PythonDecoratedOperator): log_sql_query>, print_the_context already registered for DAG: example_python_operator
[2022-11-17T09:01:11.324+0000] {logging_mixin.py:137} INFO - [2022-11-17T09:01:11.324+0000] {taskmixin.py:205} WARNING - Dependency <Task(_PythonDecoratedOperator): print_the_context>, log_sql_query already registered for DAG: example_python_operator
[2022-11-17T09:01:11.326+0000] {logging_mixin.py:137} INFO - [2022-11-17T09:01:11.326+0000] {taskmixin.py:205} WARNING - Dependency <Task(_PythonDecoratedOperator): log_sql_query>, print_the_context already registered for DAG: example_python_operator
[2022-11-17T09:01:11.330+0000] {logging_mixin.py:137} INFO - [2022-11-17T09:01:11.329+0000] {taskmixin.py:205} WARNING - Dependency <Task(_PythonDecoratedOperator): print_the_context>, log_sql_query already registered for DAG: example_python_operator
[2022-11-17T09:01:11.337+0000] {logging_mixin.py:137} INFO - [2022-11-17T09:01:11.337+0000] {taskmixin.py:205} WARNING - Dependency <Task(_PythonDecoratedOperator): log_sql_query>, print_the_context already registered for DAG: example_python_operator
[2022-11-17T09:01:11.371+0000] {processor.py:766} INFO - DAG(s) dict_keys(['example_python_operator']) retrieved from /home/airflow/.local/lib/python3.7/site-packages/airflow/example_dags/example_python_operator.py
[2022-11-17T09:01:11.494+0000] {logging_mixin.py:137} INFO - [2022-11-17T09:01:11.494+0000] {dag.py:2585} INFO - Sync 1 DAGs
[2022-11-17T09:01:11.551+0000] {logging_mixin.py:137} INFO - [2022-11-17T09:01:11.551+0000] {dag.py:3340} INFO - Setting next_dagrun for example_python_operator to None, run_after=None
[2022-11-17T09:01:11.604+0000] {processor.py:176} INFO - Processing /home/airflow/.local/lib/python3.7/site-packages/airflow/example_dags/example_python_operator.py took 0.386 seconds
