[2022-11-17T08:48:07.832+0000] {processor.py:154} INFO - Started process (PID=59) to work on /home/airflow/.local/lib/python3.7/site-packages/airflow/example_dags/example_xcom.py
[2022-11-17T08:48:07.834+0000] {processor.py:756} INFO - Processing file /home/airflow/.local/lib/python3.7/site-packages/airflow/example_dags/example_xcom.py for tasks to queue
[2022-11-17T08:48:07.838+0000] {logging_mixin.py:137} INFO - [2022-11-17T08:48:07.837+0000] {dagbag.py:537} INFO - Filling up the DagBag from /home/airflow/.local/lib/python3.7/site-packages/airflow/example_dags/example_xcom.py
[2022-11-17T08:48:07.964+0000] {processor.py:766} INFO - DAG(s) dict_keys(['example_xcom']) retrieved from /home/airflow/.local/lib/python3.7/site-packages/airflow/example_dags/example_xcom.py
[2022-11-17T08:48:08.514+0000] {logging_mixin.py:137} INFO - [2022-11-17T08:48:08.514+0000] {manager.py:507} INFO - Created Permission View: can delete on DAG:example_xcom
[2022-11-17T08:48:08.572+0000] {logging_mixin.py:137} INFO - [2022-11-17T08:48:08.572+0000] {manager.py:507} INFO - Created Permission View: can edit on DAG:example_xcom
[2022-11-17T08:48:08.602+0000] {logging_mixin.py:137} INFO - [2022-11-17T08:48:08.602+0000] {manager.py:507} INFO - Created Permission View: can read on DAG:example_xcom
[2022-11-17T08:48:08.607+0000] {logging_mixin.py:137} INFO - [2022-11-17T08:48:08.606+0000] {dag.py:2585} INFO - Sync 1 DAGs
[2022-11-17T08:48:08.654+0000] {logging_mixin.py:137} INFO - [2022-11-17T08:48:08.654+0000] {dag.py:2606} INFO - Creating ORM DAG for example_xcom
[2022-11-17T08:48:08.719+0000] {logging_mixin.py:137} INFO - [2022-11-17T08:48:08.718+0000] {dag.py:3340} INFO - Setting next_dagrun for example_xcom to 2021-01-01T00:00:00+00:00, run_after=2021-01-01T00:00:00+00:00
[2022-11-17T08:48:08.807+0000] {processor.py:176} INFO - Processing /home/airflow/.local/lib/python3.7/site-packages/airflow/example_dags/example_xcom.py took 0.990 seconds
[2022-11-17T08:55:35.475+0000] {processor.py:154} INFO - Started process (PID=70) to work on /home/airflow/.local/lib/python3.7/site-packages/airflow/example_dags/example_xcom.py
[2022-11-17T08:55:35.488+0000] {processor.py:756} INFO - Processing file /home/airflow/.local/lib/python3.7/site-packages/airflow/example_dags/example_xcom.py for tasks to queue
[2022-11-17T08:55:35.499+0000] {logging_mixin.py:137} INFO - [2022-11-17T08:55:35.499+0000] {dagbag.py:537} INFO - Filling up the DagBag from /home/airflow/.local/lib/python3.7/site-packages/airflow/example_dags/example_xcom.py
[2022-11-17T08:55:35.783+0000] {processor.py:766} INFO - DAG(s) dict_keys(['example_xcom']) retrieved from /home/airflow/.local/lib/python3.7/site-packages/airflow/example_dags/example_xcom.py
[2022-11-17T08:55:36.284+0000] {logging_mixin.py:137} INFO - [2022-11-17T08:55:36.284+0000] {dag.py:2585} INFO - Sync 1 DAGs
[2022-11-17T08:55:36.518+0000] {logging_mixin.py:137} INFO - [2022-11-17T08:55:36.518+0000] {dag.py:3340} INFO - Setting next_dagrun for example_xcom to 2021-01-01T00:00:00+00:00, run_after=2021-01-01T00:00:00+00:00
[2022-11-17T08:55:36.720+0000] {processor.py:176} INFO - Processing /home/airflow/.local/lib/python3.7/site-packages/airflow/example_dags/example_xcom.py took 1.289 seconds
[2022-11-17T08:56:07.034+0000] {processor.py:154} INFO - Started process (PID=124) to work on /home/airflow/.local/lib/python3.7/site-packages/airflow/example_dags/example_xcom.py
[2022-11-17T08:56:07.039+0000] {processor.py:756} INFO - Processing file /home/airflow/.local/lib/python3.7/site-packages/airflow/example_dags/example_xcom.py for tasks to queue
[2022-11-17T08:56:07.045+0000] {logging_mixin.py:137} INFO - [2022-11-17T08:56:07.045+0000] {dagbag.py:537} INFO - Filling up the DagBag from /home/airflow/.local/lib/python3.7/site-packages/airflow/example_dags/example_xcom.py
[2022-11-17T08:56:07.107+0000] {processor.py:766} INFO - DAG(s) dict_keys(['example_xcom']) retrieved from /home/airflow/.local/lib/python3.7/site-packages/airflow/example_dags/example_xcom.py
[2022-11-17T08:56:07.203+0000] {logging_mixin.py:137} INFO - [2022-11-17T08:56:07.203+0000] {dag.py:2585} INFO - Sync 1 DAGs
[2022-11-17T08:56:07.263+0000] {logging_mixin.py:137} INFO - [2022-11-17T08:56:07.257+0000] {dag.py:3340} INFO - Setting next_dagrun for example_xcom to 2021-01-01T00:00:00+00:00, run_after=2021-01-01T00:00:00+00:00
[2022-11-17T08:56:07.330+0000] {processor.py:176} INFO - Processing /home/airflow/.local/lib/python3.7/site-packages/airflow/example_dags/example_xcom.py took 0.307 seconds
[2022-11-17T08:56:38.457+0000] {processor.py:154} INFO - Started process (PID=178) to work on /home/airflow/.local/lib/python3.7/site-packages/airflow/example_dags/example_xcom.py
[2022-11-17T08:56:38.475+0000] {processor.py:756} INFO - Processing file /home/airflow/.local/lib/python3.7/site-packages/airflow/example_dags/example_xcom.py for tasks to queue
[2022-11-17T08:56:38.496+0000] {logging_mixin.py:137} INFO - [2022-11-17T08:56:38.490+0000] {dagbag.py:537} INFO - Filling up the DagBag from /home/airflow/.local/lib/python3.7/site-packages/airflow/example_dags/example_xcom.py
[2022-11-17T08:56:38.764+0000] {processor.py:766} INFO - DAG(s) dict_keys(['example_xcom']) retrieved from /home/airflow/.local/lib/python3.7/site-packages/airflow/example_dags/example_xcom.py
[2022-11-17T08:56:39.072+0000] {logging_mixin.py:137} INFO - [2022-11-17T08:56:39.072+0000] {dag.py:2585} INFO - Sync 1 DAGs
[2022-11-17T08:56:39.316+0000] {logging_mixin.py:137} INFO - [2022-11-17T08:56:39.316+0000] {dag.py:3340} INFO - Setting next_dagrun for example_xcom to 2021-01-01T00:00:00+00:00, run_after=2021-01-01T00:00:00+00:00
[2022-11-17T08:56:39.468+0000] {processor.py:176} INFO - Processing /home/airflow/.local/lib/python3.7/site-packages/airflow/example_dags/example_xcom.py took 1.086 seconds
[2022-11-17T08:57:10.387+0000] {processor.py:154} INFO - Started process (PID=233) to work on /home/airflow/.local/lib/python3.7/site-packages/airflow/example_dags/example_xcom.py
[2022-11-17T08:57:10.390+0000] {processor.py:756} INFO - Processing file /home/airflow/.local/lib/python3.7/site-packages/airflow/example_dags/example_xcom.py for tasks to queue
[2022-11-17T08:57:10.395+0000] {logging_mixin.py:137} INFO - [2022-11-17T08:57:10.394+0000] {dagbag.py:537} INFO - Filling up the DagBag from /home/airflow/.local/lib/python3.7/site-packages/airflow/example_dags/example_xcom.py
[2022-11-17T08:57:10.529+0000] {processor.py:766} INFO - DAG(s) dict_keys(['example_xcom']) retrieved from /home/airflow/.local/lib/python3.7/site-packages/airflow/example_dags/example_xcom.py
[2022-11-17T08:57:10.677+0000] {logging_mixin.py:137} INFO - [2022-11-17T08:57:10.676+0000] {dag.py:2585} INFO - Sync 1 DAGs
[2022-11-17T08:57:10.742+0000] {logging_mixin.py:137} INFO - [2022-11-17T08:57:10.741+0000] {dag.py:3340} INFO - Setting next_dagrun for example_xcom to 2021-01-01T00:00:00+00:00, run_after=2021-01-01T00:00:00+00:00
[2022-11-17T08:57:10.791+0000] {processor.py:176} INFO - Processing /home/airflow/.local/lib/python3.7/site-packages/airflow/example_dags/example_xcom.py took 0.414 seconds
[2022-11-17T08:57:41.769+0000] {processor.py:154} INFO - Started process (PID=286) to work on /home/airflow/.local/lib/python3.7/site-packages/airflow/example_dags/example_xcom.py
[2022-11-17T08:57:41.774+0000] {processor.py:756} INFO - Processing file /home/airflow/.local/lib/python3.7/site-packages/airflow/example_dags/example_xcom.py for tasks to queue
[2022-11-17T08:57:41.783+0000] {logging_mixin.py:137} INFO - [2022-11-17T08:57:41.781+0000] {dagbag.py:537} INFO - Filling up the DagBag from /home/airflow/.local/lib/python3.7/site-packages/airflow/example_dags/example_xcom.py
[2022-11-17T08:57:41.901+0000] {processor.py:766} INFO - DAG(s) dict_keys(['example_xcom']) retrieved from /home/airflow/.local/lib/python3.7/site-packages/airflow/example_dags/example_xcom.py
[2022-11-17T08:57:42.326+0000] {logging_mixin.py:137} INFO - [2022-11-17T08:57:42.326+0000] {dag.py:2585} INFO - Sync 1 DAGs
[2022-11-17T08:57:42.672+0000] {logging_mixin.py:137} INFO - [2022-11-17T08:57:42.672+0000] {dag.py:3340} INFO - Setting next_dagrun for example_xcom to 2021-01-01T00:00:00+00:00, run_after=2021-01-01T00:00:00+00:00
[2022-11-17T08:57:42.767+0000] {processor.py:176} INFO - Processing /home/airflow/.local/lib/python3.7/site-packages/airflow/example_dags/example_xcom.py took 1.010 seconds
[2022-11-17T08:58:13.409+0000] {processor.py:154} INFO - Started process (PID=340) to work on /home/airflow/.local/lib/python3.7/site-packages/airflow/example_dags/example_xcom.py
[2022-11-17T08:58:13.424+0000] {processor.py:756} INFO - Processing file /home/airflow/.local/lib/python3.7/site-packages/airflow/example_dags/example_xcom.py for tasks to queue
[2022-11-17T08:58:13.430+0000] {logging_mixin.py:137} INFO - [2022-11-17T08:58:13.430+0000] {dagbag.py:537} INFO - Filling up the DagBag from /home/airflow/.local/lib/python3.7/site-packages/airflow/example_dags/example_xcom.py
[2022-11-17T08:58:13.598+0000] {processor.py:766} INFO - DAG(s) dict_keys(['example_xcom']) retrieved from /home/airflow/.local/lib/python3.7/site-packages/airflow/example_dags/example_xcom.py
[2022-11-17T08:58:13.827+0000] {logging_mixin.py:137} INFO - [2022-11-17T08:58:13.827+0000] {dag.py:2585} INFO - Sync 1 DAGs
[2022-11-17T08:58:13.971+0000] {logging_mixin.py:137} INFO - [2022-11-17T08:58:13.971+0000] {dag.py:3340} INFO - Setting next_dagrun for example_xcom to 2021-01-01T00:00:00+00:00, run_after=2021-01-01T00:00:00+00:00
[2022-11-17T08:58:14.086+0000] {processor.py:176} INFO - Processing /home/airflow/.local/lib/python3.7/site-packages/airflow/example_dags/example_xcom.py took 0.689 seconds
[2022-11-17T08:58:44.900+0000] {processor.py:154} INFO - Started process (PID=394) to work on /home/airflow/.local/lib/python3.7/site-packages/airflow/example_dags/example_xcom.py
[2022-11-17T08:58:44.919+0000] {processor.py:756} INFO - Processing file /home/airflow/.local/lib/python3.7/site-packages/airflow/example_dags/example_xcom.py for tasks to queue
[2022-11-17T08:58:44.931+0000] {logging_mixin.py:137} INFO - [2022-11-17T08:58:44.930+0000] {dagbag.py:537} INFO - Filling up the DagBag from /home/airflow/.local/lib/python3.7/site-packages/airflow/example_dags/example_xcom.py
[2022-11-17T08:58:45.080+0000] {processor.py:766} INFO - DAG(s) dict_keys(['example_xcom']) retrieved from /home/airflow/.local/lib/python3.7/site-packages/airflow/example_dags/example_xcom.py
[2022-11-17T08:58:45.378+0000] {logging_mixin.py:137} INFO - [2022-11-17T08:58:45.376+0000] {dag.py:2585} INFO - Sync 1 DAGs
[2022-11-17T08:58:45.607+0000] {logging_mixin.py:137} INFO - [2022-11-17T08:58:45.606+0000] {dag.py:3340} INFO - Setting next_dagrun for example_xcom to 2021-01-01T00:00:00+00:00, run_after=2021-01-01T00:00:00+00:00
[2022-11-17T08:58:45.755+0000] {processor.py:176} INFO - Processing /home/airflow/.local/lib/python3.7/site-packages/airflow/example_dags/example_xcom.py took 0.896 seconds
[2022-11-17T08:59:16.535+0000] {processor.py:154} INFO - Started process (PID=447) to work on /home/airflow/.local/lib/python3.7/site-packages/airflow/example_dags/example_xcom.py
[2022-11-17T08:59:16.548+0000] {processor.py:756} INFO - Processing file /home/airflow/.local/lib/python3.7/site-packages/airflow/example_dags/example_xcom.py for tasks to queue
[2022-11-17T08:59:16.593+0000] {logging_mixin.py:137} INFO - [2022-11-17T08:59:16.586+0000] {dagbag.py:537} INFO - Filling up the DagBag from /home/airflow/.local/lib/python3.7/site-packages/airflow/example_dags/example_xcom.py
[2022-11-17T08:59:16.847+0000] {processor.py:766} INFO - DAG(s) dict_keys(['example_xcom']) retrieved from /home/airflow/.local/lib/python3.7/site-packages/airflow/example_dags/example_xcom.py
[2022-11-17T08:59:17.259+0000] {logging_mixin.py:137} INFO - [2022-11-17T08:59:17.259+0000] {dag.py:2585} INFO - Sync 1 DAGs
[2022-11-17T08:59:17.559+0000] {logging_mixin.py:137} INFO - [2022-11-17T08:59:17.559+0000] {dag.py:3340} INFO - Setting next_dagrun for example_xcom to 2021-01-01T00:00:00+00:00, run_after=2021-01-01T00:00:00+00:00
[2022-11-17T08:59:17.859+0000] {processor.py:176} INFO - Processing /home/airflow/.local/lib/python3.7/site-packages/airflow/example_dags/example_xcom.py took 1.378 seconds
[2022-11-17T08:59:49.067+0000] {processor.py:154} INFO - Started process (PID=501) to work on /home/airflow/.local/lib/python3.7/site-packages/airflow/example_dags/example_xcom.py
[2022-11-17T08:59:49.075+0000] {processor.py:756} INFO - Processing file /home/airflow/.local/lib/python3.7/site-packages/airflow/example_dags/example_xcom.py for tasks to queue
[2022-11-17T08:59:49.096+0000] {logging_mixin.py:137} INFO - [2022-11-17T08:59:49.095+0000] {dagbag.py:537} INFO - Filling up the DagBag from /home/airflow/.local/lib/python3.7/site-packages/airflow/example_dags/example_xcom.py
[2022-11-17T08:59:49.237+0000] {processor.py:766} INFO - DAG(s) dict_keys(['example_xcom']) retrieved from /home/airflow/.local/lib/python3.7/site-packages/airflow/example_dags/example_xcom.py
[2022-11-17T08:59:49.576+0000] {logging_mixin.py:137} INFO - [2022-11-17T08:59:49.576+0000] {dag.py:2585} INFO - Sync 1 DAGs
[2022-11-17T08:59:49.798+0000] {logging_mixin.py:137} INFO - [2022-11-17T08:59:49.798+0000] {dag.py:3340} INFO - Setting next_dagrun for example_xcom to 2021-01-01T00:00:00+00:00, run_after=2021-01-01T00:00:00+00:00
[2022-11-17T08:59:49.965+0000] {processor.py:176} INFO - Processing /home/airflow/.local/lib/python3.7/site-packages/airflow/example_dags/example_xcom.py took 0.935 seconds
[2022-11-17T09:00:25.479+0000] {processor.py:154} INFO - Started process (PID=563) to work on /home/airflow/.local/lib/python3.7/site-packages/airflow/example_dags/example_xcom.py
[2022-11-17T09:00:25.488+0000] {processor.py:756} INFO - Processing file /home/airflow/.local/lib/python3.7/site-packages/airflow/example_dags/example_xcom.py for tasks to queue
[2022-11-17T09:00:25.491+0000] {logging_mixin.py:137} INFO - [2022-11-17T09:00:25.490+0000] {dagbag.py:537} INFO - Filling up the DagBag from /home/airflow/.local/lib/python3.7/site-packages/airflow/example_dags/example_xcom.py
[2022-11-17T09:00:25.600+0000] {processor.py:766} INFO - DAG(s) dict_keys(['example_xcom']) retrieved from /home/airflow/.local/lib/python3.7/site-packages/airflow/example_dags/example_xcom.py
[2022-11-17T09:00:25.710+0000] {logging_mixin.py:137} INFO - [2022-11-17T09:00:25.710+0000] {dag.py:2585} INFO - Sync 1 DAGs
[2022-11-17T09:00:25.801+0000] {logging_mixin.py:137} INFO - [2022-11-17T09:00:25.801+0000] {dag.py:3340} INFO - Setting next_dagrun for example_xcom to 2021-01-01T00:00:00+00:00, run_after=2021-01-01T00:00:00+00:00
[2022-11-17T09:00:25.854+0000] {processor.py:176} INFO - Processing /home/airflow/.local/lib/python3.7/site-packages/airflow/example_dags/example_xcom.py took 0.382 seconds
[2022-11-17T09:00:56.339+0000] {processor.py:154} INFO - Started process (PID=608) to work on /home/airflow/.local/lib/python3.7/site-packages/airflow/example_dags/example_xcom.py
[2022-11-17T09:00:56.341+0000] {processor.py:756} INFO - Processing file /home/airflow/.local/lib/python3.7/site-packages/airflow/example_dags/example_xcom.py for tasks to queue
[2022-11-17T09:00:56.344+0000] {logging_mixin.py:137} INFO - [2022-11-17T09:00:56.344+0000] {dagbag.py:537} INFO - Filling up the DagBag from /home/airflow/.local/lib/python3.7/site-packages/airflow/example_dags/example_xcom.py
[2022-11-17T09:00:56.400+0000] {processor.py:766} INFO - DAG(s) dict_keys(['example_xcom']) retrieved from /home/airflow/.local/lib/python3.7/site-packages/airflow/example_dags/example_xcom.py
[2022-11-17T09:00:56.477+0000] {logging_mixin.py:137} INFO - [2022-11-17T09:00:56.476+0000] {dag.py:2585} INFO - Sync 1 DAGs
[2022-11-17T09:00:56.521+0000] {logging_mixin.py:137} INFO - [2022-11-17T09:00:56.521+0000] {dag.py:3340} INFO - Setting next_dagrun for example_xcom to 2021-01-01T00:00:00+00:00, run_after=2021-01-01T00:00:00+00:00
[2022-11-17T09:00:56.557+0000] {processor.py:176} INFO - Processing /home/airflow/.local/lib/python3.7/site-packages/airflow/example_dags/example_xcom.py took 0.224 seconds
[2022-11-17T09:01:28.790+0000] {processor.py:154} INFO - Started process (PID=661) to work on /home/airflow/.local/lib/python3.7/site-packages/airflow/example_dags/example_xcom.py
[2022-11-17T09:01:28.795+0000] {processor.py:756} INFO - Processing file /home/airflow/.local/lib/python3.7/site-packages/airflow/example_dags/example_xcom.py for tasks to queue
[2022-11-17T09:01:28.808+0000] {logging_mixin.py:137} INFO - [2022-11-17T09:01:28.807+0000] {dagbag.py:537} INFO - Filling up the DagBag from /home/airflow/.local/lib/python3.7/site-packages/airflow/example_dags/example_xcom.py
[2022-11-17T09:01:29.087+0000] {processor.py:766} INFO - DAG(s) dict_keys(['example_xcom']) retrieved from /home/airflow/.local/lib/python3.7/site-packages/airflow/example_dags/example_xcom.py
[2022-11-17T09:01:29.317+0000] {logging_mixin.py:137} INFO - [2022-11-17T09:01:29.317+0000] {dag.py:2585} INFO - Sync 1 DAGs
[2022-11-17T09:01:29.515+0000] {logging_mixin.py:137} INFO - [2022-11-17T09:01:29.515+0000] {dag.py:3340} INFO - Setting next_dagrun for example_xcom to 2021-01-01T00:00:00+00:00, run_after=2021-01-01T00:00:00+00:00
[2022-11-17T09:01:29.645+0000] {processor.py:176} INFO - Processing /home/airflow/.local/lib/python3.7/site-packages/airflow/example_dags/example_xcom.py took 0.901 seconds
