[2022-11-17T08:48:15.430+0000] {processor.py:154} INFO - Started process (PID=80) to work on /home/airflow/.local/lib/python3.7/site-packages/airflow/example_dags/example_complex.py
[2022-11-17T08:48:15.433+0000] {processor.py:756} INFO - Processing file /home/airflow/.local/lib/python3.7/site-packages/airflow/example_dags/example_complex.py for tasks to queue
[2022-11-17T08:48:15.445+0000] {logging_mixin.py:137} INFO - [2022-11-17T08:48:15.445+0000] {dagbag.py:537} INFO - Filling up the DagBag from /home/airflow/.local/lib/python3.7/site-packages/airflow/example_dags/example_complex.py
[2022-11-17T08:48:15.574+0000] {logging_mixin.py:137} INFO - [2022-11-17T08:48:15.573+0000] {taskmixin.py:205} WARNING - Dependency <Task(BashOperator): create_entry_group>, delete_entry_group already registered for DAG: example_complex
[2022-11-17T08:48:15.595+0000] {logging_mixin.py:137} INFO - [2022-11-17T08:48:15.594+0000] {taskmixin.py:205} WARNING - Dependency <Task(BashOperator): delete_entry_group>, create_entry_group already registered for DAG: example_complex
[2022-11-17T08:48:15.597+0000] {logging_mixin.py:137} INFO - [2022-11-17T08:48:15.597+0000] {taskmixin.py:205} WARNING - Dependency <Task(BashOperator): create_entry_gcs>, delete_entry already registered for DAG: example_complex
[2022-11-17T08:48:15.601+0000] {logging_mixin.py:137} INFO - [2022-11-17T08:48:15.600+0000] {taskmixin.py:205} WARNING - Dependency <Task(BashOperator): delete_entry>, create_entry_gcs already registered for DAG: example_complex
[2022-11-17T08:48:15.613+0000] {logging_mixin.py:137} INFO - [2022-11-17T08:48:15.613+0000] {taskmixin.py:205} WARNING - Dependency <Task(BashOperator): create_tag>, delete_tag already registered for DAG: example_complex
[2022-11-17T08:48:15.615+0000] {logging_mixin.py:137} INFO - [2022-11-17T08:48:15.614+0000] {taskmixin.py:205} WARNING - Dependency <Task(BashOperator): delete_tag>, create_tag already registered for DAG: example_complex
[2022-11-17T08:48:15.759+0000] {processor.py:766} INFO - DAG(s) dict_keys(['example_complex']) retrieved from /home/airflow/.local/lib/python3.7/site-packages/airflow/example_dags/example_complex.py
[2022-11-17T08:48:16.742+0000] {logging_mixin.py:137} INFO - [2022-11-17T08:48:16.741+0000] {manager.py:507} INFO - Created Permission View: can delete on DAG:example_complex
[2022-11-17T08:48:16.830+0000] {logging_mixin.py:137} INFO - [2022-11-17T08:48:16.830+0000] {manager.py:507} INFO - Created Permission View: can edit on DAG:example_complex
[2022-11-17T08:48:16.882+0000] {logging_mixin.py:137} INFO - [2022-11-17T08:48:16.882+0000] {manager.py:507} INFO - Created Permission View: can read on DAG:example_complex
[2022-11-17T08:48:16.885+0000] {logging_mixin.py:137} INFO - [2022-11-17T08:48:16.884+0000] {dag.py:2585} INFO - Sync 1 DAGs
[2022-11-17T08:48:16.935+0000] {logging_mixin.py:137} INFO - [2022-11-17T08:48:16.935+0000] {dag.py:2606} INFO - Creating ORM DAG for example_complex
[2022-11-17T08:48:17.013+0000] {logging_mixin.py:137} INFO - [2022-11-17T08:48:17.013+0000] {dag.py:3340} INFO - Setting next_dagrun for example_complex to None, run_after=None
[2022-11-17T08:48:17.130+0000] {processor.py:176} INFO - Processing /home/airflow/.local/lib/python3.7/site-packages/airflow/example_dags/example_complex.py took 1.717 seconds
[2022-11-17T08:55:47.864+0000] {processor.py:154} INFO - Started process (PID=91) to work on /home/airflow/.local/lib/python3.7/site-packages/airflow/example_dags/example_complex.py
[2022-11-17T08:55:47.879+0000] {processor.py:756} INFO - Processing file /home/airflow/.local/lib/python3.7/site-packages/airflow/example_dags/example_complex.py for tasks to queue
[2022-11-17T08:55:47.883+0000] {logging_mixin.py:137} INFO - [2022-11-17T08:55:47.882+0000] {dagbag.py:537} INFO - Filling up the DagBag from /home/airflow/.local/lib/python3.7/site-packages/airflow/example_dags/example_complex.py
[2022-11-17T08:55:47.936+0000] {logging_mixin.py:137} INFO - [2022-11-17T08:55:47.935+0000] {taskmixin.py:205} WARNING - Dependency <Task(BashOperator): create_entry_group>, delete_entry_group already registered for DAG: example_complex
[2022-11-17T08:55:47.958+0000] {logging_mixin.py:137} INFO - [2022-11-17T08:55:47.957+0000] {taskmixin.py:205} WARNING - Dependency <Task(BashOperator): delete_entry_group>, create_entry_group already registered for DAG: example_complex
[2022-11-17T08:55:47.963+0000] {logging_mixin.py:137} INFO - [2022-11-17T08:55:47.961+0000] {taskmixin.py:205} WARNING - Dependency <Task(BashOperator): create_entry_gcs>, delete_entry already registered for DAG: example_complex
[2022-11-17T08:55:47.967+0000] {logging_mixin.py:137} INFO - [2022-11-17T08:55:47.966+0000] {taskmixin.py:205} WARNING - Dependency <Task(BashOperator): delete_entry>, create_entry_gcs already registered for DAG: example_complex
[2022-11-17T08:55:47.971+0000] {logging_mixin.py:137} INFO - [2022-11-17T08:55:47.971+0000] {taskmixin.py:205} WARNING - Dependency <Task(BashOperator): create_tag>, delete_tag already registered for DAG: example_complex
[2022-11-17T08:55:47.980+0000] {logging_mixin.py:137} INFO - [2022-11-17T08:55:47.978+0000] {taskmixin.py:205} WARNING - Dependency <Task(BashOperator): delete_tag>, create_tag already registered for DAG: example_complex
[2022-11-17T08:55:48.083+0000] {processor.py:766} INFO - DAG(s) dict_keys(['example_complex']) retrieved from /home/airflow/.local/lib/python3.7/site-packages/airflow/example_dags/example_complex.py
[2022-11-17T08:55:49.180+0000] {logging_mixin.py:137} INFO - [2022-11-17T08:55:49.154+0000] {dag.py:2585} INFO - Sync 1 DAGs
[2022-11-17T08:55:50.193+0000] {logging_mixin.py:137} INFO - [2022-11-17T08:55:50.182+0000] {dag.py:3340} INFO - Setting next_dagrun for example_complex to None, run_after=None
[2022-11-17T08:55:50.612+0000] {processor.py:176} INFO - Processing /home/airflow/.local/lib/python3.7/site-packages/airflow/example_dags/example_complex.py took 2.770 seconds
[2022-11-17T08:56:22.179+0000] {processor.py:154} INFO - Started process (PID=145) to work on /home/airflow/.local/lib/python3.7/site-packages/airflow/example_dags/example_complex.py
[2022-11-17T08:56:22.185+0000] {processor.py:756} INFO - Processing file /home/airflow/.local/lib/python3.7/site-packages/airflow/example_dags/example_complex.py for tasks to queue
[2022-11-17T08:56:22.200+0000] {logging_mixin.py:137} INFO - [2022-11-17T08:56:22.200+0000] {dagbag.py:537} INFO - Filling up the DagBag from /home/airflow/.local/lib/python3.7/site-packages/airflow/example_dags/example_complex.py
[2022-11-17T08:56:22.252+0000] {logging_mixin.py:137} INFO - [2022-11-17T08:56:22.252+0000] {taskmixin.py:205} WARNING - Dependency <Task(BashOperator): create_entry_group>, delete_entry_group already registered for DAG: example_complex
[2022-11-17T08:56:22.264+0000] {logging_mixin.py:137} INFO - [2022-11-17T08:56:22.263+0000] {taskmixin.py:205} WARNING - Dependency <Task(BashOperator): delete_entry_group>, create_entry_group already registered for DAG: example_complex
[2022-11-17T08:56:22.266+0000] {logging_mixin.py:137} INFO - [2022-11-17T08:56:22.266+0000] {taskmixin.py:205} WARNING - Dependency <Task(BashOperator): create_entry_gcs>, delete_entry already registered for DAG: example_complex
[2022-11-17T08:56:22.270+0000] {logging_mixin.py:137} INFO - [2022-11-17T08:56:22.268+0000] {taskmixin.py:205} WARNING - Dependency <Task(BashOperator): delete_entry>, create_entry_gcs already registered for DAG: example_complex
[2022-11-17T08:56:22.276+0000] {logging_mixin.py:137} INFO - [2022-11-17T08:56:22.275+0000] {taskmixin.py:205} WARNING - Dependency <Task(BashOperator): create_tag>, delete_tag already registered for DAG: example_complex
[2022-11-17T08:56:22.280+0000] {logging_mixin.py:137} INFO - [2022-11-17T08:56:22.278+0000] {taskmixin.py:205} WARNING - Dependency <Task(BashOperator): delete_tag>, create_tag already registered for DAG: example_complex
[2022-11-17T08:56:22.326+0000] {processor.py:766} INFO - DAG(s) dict_keys(['example_complex']) retrieved from /home/airflow/.local/lib/python3.7/site-packages/airflow/example_dags/example_complex.py
[2022-11-17T08:56:22.428+0000] {logging_mixin.py:137} INFO - [2022-11-17T08:56:22.427+0000] {dag.py:2585} INFO - Sync 1 DAGs
[2022-11-17T08:56:22.481+0000] {logging_mixin.py:137} INFO - [2022-11-17T08:56:22.481+0000] {dag.py:3340} INFO - Setting next_dagrun for example_complex to None, run_after=None
[2022-11-17T08:56:22.527+0000] {processor.py:176} INFO - Processing /home/airflow/.local/lib/python3.7/site-packages/airflow/example_dags/example_complex.py took 0.380 seconds
[2022-11-17T08:56:53.946+0000] {processor.py:154} INFO - Started process (PID=199) to work on /home/airflow/.local/lib/python3.7/site-packages/airflow/example_dags/example_complex.py
[2022-11-17T08:56:53.949+0000] {processor.py:756} INFO - Processing file /home/airflow/.local/lib/python3.7/site-packages/airflow/example_dags/example_complex.py for tasks to queue
[2022-11-17T08:56:53.953+0000] {logging_mixin.py:137} INFO - [2022-11-17T08:56:53.953+0000] {dagbag.py:537} INFO - Filling up the DagBag from /home/airflow/.local/lib/python3.7/site-packages/airflow/example_dags/example_complex.py
[2022-11-17T08:56:53.999+0000] {logging_mixin.py:137} INFO - [2022-11-17T08:56:53.998+0000] {taskmixin.py:205} WARNING - Dependency <Task(BashOperator): create_entry_group>, delete_entry_group already registered for DAG: example_complex
[2022-11-17T08:56:54.005+0000] {logging_mixin.py:137} INFO - [2022-11-17T08:56:54.004+0000] {taskmixin.py:205} WARNING - Dependency <Task(BashOperator): delete_entry_group>, create_entry_group already registered for DAG: example_complex
[2022-11-17T08:56:54.007+0000] {logging_mixin.py:137} INFO - [2022-11-17T08:56:54.007+0000] {taskmixin.py:205} WARNING - Dependency <Task(BashOperator): create_entry_gcs>, delete_entry already registered for DAG: example_complex
[2022-11-17T08:56:54.009+0000] {logging_mixin.py:137} INFO - [2022-11-17T08:56:54.009+0000] {taskmixin.py:205} WARNING - Dependency <Task(BashOperator): delete_entry>, create_entry_gcs already registered for DAG: example_complex
[2022-11-17T08:56:54.011+0000] {logging_mixin.py:137} INFO - [2022-11-17T08:56:54.011+0000] {taskmixin.py:205} WARNING - Dependency <Task(BashOperator): create_tag>, delete_tag already registered for DAG: example_complex
[2022-11-17T08:56:54.013+0000] {logging_mixin.py:137} INFO - [2022-11-17T08:56:54.012+0000] {taskmixin.py:205} WARNING - Dependency <Task(BashOperator): delete_tag>, create_tag already registered for DAG: example_complex
[2022-11-17T08:56:54.047+0000] {processor.py:766} INFO - DAG(s) dict_keys(['example_complex']) retrieved from /home/airflow/.local/lib/python3.7/site-packages/airflow/example_dags/example_complex.py
[2022-11-17T08:56:54.221+0000] {logging_mixin.py:137} INFO - [2022-11-17T08:56:54.221+0000] {dag.py:2585} INFO - Sync 1 DAGs
[2022-11-17T08:56:54.367+0000] {logging_mixin.py:137} INFO - [2022-11-17T08:56:54.367+0000] {dag.py:3340} INFO - Setting next_dagrun for example_complex to None, run_after=None
[2022-11-17T08:56:54.453+0000] {processor.py:176} INFO - Processing /home/airflow/.local/lib/python3.7/site-packages/airflow/example_dags/example_complex.py took 0.519 seconds
[2022-11-17T08:57:24.847+0000] {processor.py:154} INFO - Started process (PID=253) to work on /home/airflow/.local/lib/python3.7/site-packages/airflow/example_dags/example_complex.py
[2022-11-17T08:57:24.849+0000] {processor.py:756} INFO - Processing file /home/airflow/.local/lib/python3.7/site-packages/airflow/example_dags/example_complex.py for tasks to queue
[2022-11-17T08:57:24.852+0000] {logging_mixin.py:137} INFO - [2022-11-17T08:57:24.852+0000] {dagbag.py:537} INFO - Filling up the DagBag from /home/airflow/.local/lib/python3.7/site-packages/airflow/example_dags/example_complex.py
[2022-11-17T08:57:24.878+0000] {logging_mixin.py:137} INFO - [2022-11-17T08:57:24.877+0000] {taskmixin.py:205} WARNING - Dependency <Task(BashOperator): create_entry_group>, delete_entry_group already registered for DAG: example_complex
[2022-11-17T08:57:24.879+0000] {logging_mixin.py:137} INFO - [2022-11-17T08:57:24.879+0000] {taskmixin.py:205} WARNING - Dependency <Task(BashOperator): delete_entry_group>, create_entry_group already registered for DAG: example_complex
[2022-11-17T08:57:24.882+0000] {logging_mixin.py:137} INFO - [2022-11-17T08:57:24.882+0000] {taskmixin.py:205} WARNING - Dependency <Task(BashOperator): create_entry_gcs>, delete_entry already registered for DAG: example_complex
[2022-11-17T08:57:24.885+0000] {logging_mixin.py:137} INFO - [2022-11-17T08:57:24.884+0000] {taskmixin.py:205} WARNING - Dependency <Task(BashOperator): delete_entry>, create_entry_gcs already registered for DAG: example_complex
[2022-11-17T08:57:24.888+0000] {logging_mixin.py:137} INFO - [2022-11-17T08:57:24.887+0000] {taskmixin.py:205} WARNING - Dependency <Task(BashOperator): create_tag>, delete_tag already registered for DAG: example_complex
[2022-11-17T08:57:24.889+0000] {logging_mixin.py:137} INFO - [2022-11-17T08:57:24.889+0000] {taskmixin.py:205} WARNING - Dependency <Task(BashOperator): delete_tag>, create_tag already registered for DAG: example_complex
[2022-11-17T08:57:24.921+0000] {processor.py:766} INFO - DAG(s) dict_keys(['example_complex']) retrieved from /home/airflow/.local/lib/python3.7/site-packages/airflow/example_dags/example_complex.py
[2022-11-17T08:57:25.114+0000] {logging_mixin.py:137} INFO - [2022-11-17T08:57:25.113+0000] {dag.py:2585} INFO - Sync 1 DAGs
[2022-11-17T08:57:25.237+0000] {logging_mixin.py:137} INFO - [2022-11-17T08:57:25.237+0000] {dag.py:3340} INFO - Setting next_dagrun for example_complex to None, run_after=None
[2022-11-17T08:57:25.294+0000] {processor.py:176} INFO - Processing /home/airflow/.local/lib/python3.7/site-packages/airflow/example_dags/example_complex.py took 0.453 seconds
[2022-11-17T08:57:55.890+0000] {processor.py:154} INFO - Started process (PID=307) to work on /home/airflow/.local/lib/python3.7/site-packages/airflow/example_dags/example_complex.py
[2022-11-17T08:57:55.895+0000] {processor.py:756} INFO - Processing file /home/airflow/.local/lib/python3.7/site-packages/airflow/example_dags/example_complex.py for tasks to queue
[2022-11-17T08:57:55.899+0000] {logging_mixin.py:137} INFO - [2022-11-17T08:57:55.898+0000] {dagbag.py:537} INFO - Filling up the DagBag from /home/airflow/.local/lib/python3.7/site-packages/airflow/example_dags/example_complex.py
[2022-11-17T08:57:55.933+0000] {logging_mixin.py:137} INFO - [2022-11-17T08:57:55.932+0000] {taskmixin.py:205} WARNING - Dependency <Task(BashOperator): create_entry_group>, delete_entry_group already registered for DAG: example_complex
[2022-11-17T08:57:55.941+0000] {logging_mixin.py:137} INFO - [2022-11-17T08:57:55.940+0000] {taskmixin.py:205} WARNING - Dependency <Task(BashOperator): delete_entry_group>, create_entry_group already registered for DAG: example_complex
[2022-11-17T08:57:55.943+0000] {logging_mixin.py:137} INFO - [2022-11-17T08:57:55.942+0000] {taskmixin.py:205} WARNING - Dependency <Task(BashOperator): create_entry_gcs>, delete_entry already registered for DAG: example_complex
[2022-11-17T08:57:55.944+0000] {logging_mixin.py:137} INFO - [2022-11-17T08:57:55.944+0000] {taskmixin.py:205} WARNING - Dependency <Task(BashOperator): delete_entry>, create_entry_gcs already registered for DAG: example_complex
[2022-11-17T08:57:55.952+0000] {logging_mixin.py:137} INFO - [2022-11-17T08:57:55.951+0000] {taskmixin.py:205} WARNING - Dependency <Task(BashOperator): create_tag>, delete_tag already registered for DAG: example_complex
[2022-11-17T08:57:55.958+0000] {logging_mixin.py:137} INFO - [2022-11-17T08:57:55.957+0000] {taskmixin.py:205} WARNING - Dependency <Task(BashOperator): delete_tag>, create_tag already registered for DAG: example_complex
[2022-11-17T08:57:55.993+0000] {processor.py:766} INFO - DAG(s) dict_keys(['example_complex']) retrieved from /home/airflow/.local/lib/python3.7/site-packages/airflow/example_dags/example_complex.py
[2022-11-17T08:57:56.122+0000] {logging_mixin.py:137} INFO - [2022-11-17T08:57:56.121+0000] {dag.py:2585} INFO - Sync 1 DAGs
[2022-11-17T08:57:56.758+0000] {logging_mixin.py:137} INFO - [2022-11-17T08:57:56.757+0000] {dag.py:3340} INFO - Setting next_dagrun for example_complex to None, run_after=None
[2022-11-17T08:57:56.833+0000] {processor.py:176} INFO - Processing /home/airflow/.local/lib/python3.7/site-packages/airflow/example_dags/example_complex.py took 0.952 seconds
[2022-11-17T08:58:27.606+0000] {processor.py:154} INFO - Started process (PID=361) to work on /home/airflow/.local/lib/python3.7/site-packages/airflow/example_dags/example_complex.py
[2022-11-17T08:58:27.615+0000] {processor.py:756} INFO - Processing file /home/airflow/.local/lib/python3.7/site-packages/airflow/example_dags/example_complex.py for tasks to queue
[2022-11-17T08:58:27.619+0000] {logging_mixin.py:137} INFO - [2022-11-17T08:58:27.619+0000] {dagbag.py:537} INFO - Filling up the DagBag from /home/airflow/.local/lib/python3.7/site-packages/airflow/example_dags/example_complex.py
[2022-11-17T08:58:27.714+0000] {logging_mixin.py:137} INFO - [2022-11-17T08:58:27.714+0000] {taskmixin.py:205} WARNING - Dependency <Task(BashOperator): create_entry_group>, delete_entry_group already registered for DAG: example_complex
[2022-11-17T08:58:27.722+0000] {logging_mixin.py:137} INFO - [2022-11-17T08:58:27.722+0000] {taskmixin.py:205} WARNING - Dependency <Task(BashOperator): delete_entry_group>, create_entry_group already registered for DAG: example_complex
[2022-11-17T08:58:27.724+0000] {logging_mixin.py:137} INFO - [2022-11-17T08:58:27.724+0000] {taskmixin.py:205} WARNING - Dependency <Task(BashOperator): create_entry_gcs>, delete_entry already registered for DAG: example_complex
[2022-11-17T08:58:27.726+0000] {logging_mixin.py:137} INFO - [2022-11-17T08:58:27.726+0000] {taskmixin.py:205} WARNING - Dependency <Task(BashOperator): delete_entry>, create_entry_gcs already registered for DAG: example_complex
[2022-11-17T08:58:27.729+0000] {logging_mixin.py:137} INFO - [2022-11-17T08:58:27.729+0000] {taskmixin.py:205} WARNING - Dependency <Task(BashOperator): create_tag>, delete_tag already registered for DAG: example_complex
[2022-11-17T08:58:27.737+0000] {logging_mixin.py:137} INFO - [2022-11-17T08:58:27.737+0000] {taskmixin.py:205} WARNING - Dependency <Task(BashOperator): delete_tag>, create_tag already registered for DAG: example_complex
[2022-11-17T08:58:27.790+0000] {processor.py:766} INFO - DAG(s) dict_keys(['example_complex']) retrieved from /home/airflow/.local/lib/python3.7/site-packages/airflow/example_dags/example_complex.py
[2022-11-17T08:58:28.121+0000] {logging_mixin.py:137} INFO - [2022-11-17T08:58:28.121+0000] {dag.py:2585} INFO - Sync 1 DAGs
[2022-11-17T08:58:28.306+0000] {logging_mixin.py:137} INFO - [2022-11-17T08:58:28.305+0000] {dag.py:3340} INFO - Setting next_dagrun for example_complex to None, run_after=None
[2022-11-17T08:58:28.788+0000] {processor.py:176} INFO - Processing /home/airflow/.local/lib/python3.7/site-packages/airflow/example_dags/example_complex.py took 1.219 seconds
[2022-11-17T08:59:04.122+0000] {processor.py:154} INFO - Started process (PID=423) to work on /home/airflow/.local/lib/python3.7/site-packages/airflow/example_dags/example_complex.py
[2022-11-17T08:59:04.131+0000] {processor.py:756} INFO - Processing file /home/airflow/.local/lib/python3.7/site-packages/airflow/example_dags/example_complex.py for tasks to queue
[2022-11-17T08:59:04.134+0000] {logging_mixin.py:137} INFO - [2022-11-17T08:59:04.134+0000] {dagbag.py:537} INFO - Filling up the DagBag from /home/airflow/.local/lib/python3.7/site-packages/airflow/example_dags/example_complex.py
[2022-11-17T08:59:04.164+0000] {logging_mixin.py:137} INFO - [2022-11-17T08:59:04.162+0000] {taskmixin.py:205} WARNING - Dependency <Task(BashOperator): create_entry_group>, delete_entry_group already registered for DAG: example_complex
[2022-11-17T08:59:04.166+0000] {logging_mixin.py:137} INFO - [2022-11-17T08:59:04.165+0000] {taskmixin.py:205} WARNING - Dependency <Task(BashOperator): delete_entry_group>, create_entry_group already registered for DAG: example_complex
[2022-11-17T08:59:04.168+0000] {logging_mixin.py:137} INFO - [2022-11-17T08:59:04.167+0000] {taskmixin.py:205} WARNING - Dependency <Task(BashOperator): create_entry_gcs>, delete_entry already registered for DAG: example_complex
[2022-11-17T08:59:04.170+0000] {logging_mixin.py:137} INFO - [2022-11-17T08:59:04.170+0000] {taskmixin.py:205} WARNING - Dependency <Task(BashOperator): delete_entry>, create_entry_gcs already registered for DAG: example_complex
[2022-11-17T08:59:04.174+0000] {logging_mixin.py:137} INFO - [2022-11-17T08:59:04.174+0000] {taskmixin.py:205} WARNING - Dependency <Task(BashOperator): create_tag>, delete_tag already registered for DAG: example_complex
[2022-11-17T08:59:04.177+0000] {logging_mixin.py:137} INFO - [2022-11-17T08:59:04.176+0000] {taskmixin.py:205} WARNING - Dependency <Task(BashOperator): delete_tag>, create_tag already registered for DAG: example_complex
[2022-11-17T08:59:04.225+0000] {processor.py:766} INFO - DAG(s) dict_keys(['example_complex']) retrieved from /home/airflow/.local/lib/python3.7/site-packages/airflow/example_dags/example_complex.py
[2022-11-17T08:59:04.393+0000] {logging_mixin.py:137} INFO - [2022-11-17T08:59:04.393+0000] {dag.py:2585} INFO - Sync 1 DAGs
[2022-11-17T08:59:04.510+0000] {logging_mixin.py:137} INFO - [2022-11-17T08:59:04.510+0000] {dag.py:3340} INFO - Setting next_dagrun for example_complex to None, run_after=None
[2022-11-17T08:59:04.574+0000] {processor.py:176} INFO - Processing /home/airflow/.local/lib/python3.7/site-packages/airflow/example_dags/example_complex.py took 0.460 seconds
[2022-11-17T08:59:37.450+0000] {processor.py:154} INFO - Started process (PID=477) to work on /home/airflow/.local/lib/python3.7/site-packages/airflow/example_dags/example_complex.py
[2022-11-17T08:59:37.453+0000] {processor.py:756} INFO - Processing file /home/airflow/.local/lib/python3.7/site-packages/airflow/example_dags/example_complex.py for tasks to queue
[2022-11-17T08:59:37.456+0000] {logging_mixin.py:137} INFO - [2022-11-17T08:59:37.455+0000] {dagbag.py:537} INFO - Filling up the DagBag from /home/airflow/.local/lib/python3.7/site-packages/airflow/example_dags/example_complex.py
[2022-11-17T08:59:37.553+0000] {logging_mixin.py:137} INFO - [2022-11-17T08:59:37.553+0000] {taskmixin.py:205} WARNING - Dependency <Task(BashOperator): create_entry_group>, delete_entry_group already registered for DAG: example_complex
[2022-11-17T08:59:37.556+0000] {logging_mixin.py:137} INFO - [2022-11-17T08:59:37.555+0000] {taskmixin.py:205} WARNING - Dependency <Task(BashOperator): delete_entry_group>, create_entry_group already registered for DAG: example_complex
[2022-11-17T08:59:37.561+0000] {logging_mixin.py:137} INFO - [2022-11-17T08:59:37.561+0000] {taskmixin.py:205} WARNING - Dependency <Task(BashOperator): create_entry_gcs>, delete_entry already registered for DAG: example_complex
[2022-11-17T08:59:37.573+0000] {logging_mixin.py:137} INFO - [2022-11-17T08:59:37.572+0000] {taskmixin.py:205} WARNING - Dependency <Task(BashOperator): delete_entry>, create_entry_gcs already registered for DAG: example_complex
[2022-11-17T08:59:37.576+0000] {logging_mixin.py:137} INFO - [2022-11-17T08:59:37.576+0000] {taskmixin.py:205} WARNING - Dependency <Task(BashOperator): create_tag>, delete_tag already registered for DAG: example_complex
[2022-11-17T08:59:37.578+0000] {logging_mixin.py:137} INFO - [2022-11-17T08:59:37.577+0000] {taskmixin.py:205} WARNING - Dependency <Task(BashOperator): delete_tag>, create_tag already registered for DAG: example_complex
[2022-11-17T08:59:37.628+0000] {processor.py:766} INFO - DAG(s) dict_keys(['example_complex']) retrieved from /home/airflow/.local/lib/python3.7/site-packages/airflow/example_dags/example_complex.py
[2022-11-17T08:59:37.839+0000] {logging_mixin.py:137} INFO - [2022-11-17T08:59:37.839+0000] {dag.py:2585} INFO - Sync 1 DAGs
[2022-11-17T08:59:37.906+0000] {logging_mixin.py:137} INFO - [2022-11-17T08:59:37.906+0000] {dag.py:3340} INFO - Setting next_dagrun for example_complex to None, run_after=None
[2022-11-17T08:59:37.992+0000] {processor.py:176} INFO - Processing /home/airflow/.local/lib/python3.7/site-packages/airflow/example_dags/example_complex.py took 0.577 seconds
[2022-11-17T09:00:09.507+0000] {processor.py:154} INFO - Started process (PID=530) to work on /home/airflow/.local/lib/python3.7/site-packages/airflow/example_dags/example_complex.py
[2022-11-17T09:00:09.517+0000] {processor.py:756} INFO - Processing file /home/airflow/.local/lib/python3.7/site-packages/airflow/example_dags/example_complex.py for tasks to queue
[2022-11-17T09:00:09.520+0000] {logging_mixin.py:137} INFO - [2022-11-17T09:00:09.520+0000] {dagbag.py:537} INFO - Filling up the DagBag from /home/airflow/.local/lib/python3.7/site-packages/airflow/example_dags/example_complex.py
[2022-11-17T09:00:09.564+0000] {logging_mixin.py:137} INFO - [2022-11-17T09:00:09.564+0000] {taskmixin.py:205} WARNING - Dependency <Task(BashOperator): create_entry_group>, delete_entry_group already registered for DAG: example_complex
[2022-11-17T09:00:09.567+0000] {logging_mixin.py:137} INFO - [2022-11-17T09:00:09.566+0000] {taskmixin.py:205} WARNING - Dependency <Task(BashOperator): delete_entry_group>, create_entry_group already registered for DAG: example_complex
[2022-11-17T09:00:09.569+0000] {logging_mixin.py:137} INFO - [2022-11-17T09:00:09.568+0000] {taskmixin.py:205} WARNING - Dependency <Task(BashOperator): create_entry_gcs>, delete_entry already registered for DAG: example_complex
[2022-11-17T09:00:09.570+0000] {logging_mixin.py:137} INFO - [2022-11-17T09:00:09.570+0000] {taskmixin.py:205} WARNING - Dependency <Task(BashOperator): delete_entry>, create_entry_gcs already registered for DAG: example_complex
[2022-11-17T09:00:09.574+0000] {logging_mixin.py:137} INFO - [2022-11-17T09:00:09.573+0000] {taskmixin.py:205} WARNING - Dependency <Task(BashOperator): create_tag>, delete_tag already registered for DAG: example_complex
[2022-11-17T09:00:09.576+0000] {logging_mixin.py:137} INFO - [2022-11-17T09:00:09.576+0000] {taskmixin.py:205} WARNING - Dependency <Task(BashOperator): delete_tag>, create_tag already registered for DAG: example_complex
[2022-11-17T09:00:09.604+0000] {processor.py:766} INFO - DAG(s) dict_keys(['example_complex']) retrieved from /home/airflow/.local/lib/python3.7/site-packages/airflow/example_dags/example_complex.py
[2022-11-17T09:00:09.742+0000] {logging_mixin.py:137} INFO - [2022-11-17T09:00:09.741+0000] {dag.py:2585} INFO - Sync 1 DAGs
[2022-11-17T09:00:09.890+0000] {logging_mixin.py:137} INFO - [2022-11-17T09:00:09.890+0000] {dag.py:3340} INFO - Setting next_dagrun for example_complex to None, run_after=None
[2022-11-17T09:00:09.977+0000] {processor.py:176} INFO - Processing /home/airflow/.local/lib/python3.7/site-packages/airflow/example_dags/example_complex.py took 0.481 seconds
[2022-11-17T09:00:40.994+0000] {processor.py:154} INFO - Started process (PID=584) to work on /home/airflow/.local/lib/python3.7/site-packages/airflow/example_dags/example_complex.py
[2022-11-17T09:00:40.997+0000] {processor.py:756} INFO - Processing file /home/airflow/.local/lib/python3.7/site-packages/airflow/example_dags/example_complex.py for tasks to queue
[2022-11-17T09:00:41.006+0000] {logging_mixin.py:137} INFO - [2022-11-17T09:00:41.004+0000] {dagbag.py:537} INFO - Filling up the DagBag from /home/airflow/.local/lib/python3.7/site-packages/airflow/example_dags/example_complex.py
[2022-11-17T09:00:41.046+0000] {logging_mixin.py:137} INFO - [2022-11-17T09:00:41.046+0000] {taskmixin.py:205} WARNING - Dependency <Task(BashOperator): create_entry_group>, delete_entry_group already registered for DAG: example_complex
[2022-11-17T09:00:41.052+0000] {logging_mixin.py:137} INFO - [2022-11-17T09:00:41.050+0000] {taskmixin.py:205} WARNING - Dependency <Task(BashOperator): delete_entry_group>, create_entry_group already registered for DAG: example_complex
[2022-11-17T09:00:41.055+0000] {logging_mixin.py:137} INFO - [2022-11-17T09:00:41.054+0000] {taskmixin.py:205} WARNING - Dependency <Task(BashOperator): create_entry_gcs>, delete_entry already registered for DAG: example_complex
[2022-11-17T09:00:41.058+0000] {logging_mixin.py:137} INFO - [2022-11-17T09:00:41.057+0000] {taskmixin.py:205} WARNING - Dependency <Task(BashOperator): delete_entry>, create_entry_gcs already registered for DAG: example_complex
[2022-11-17T09:00:41.060+0000] {logging_mixin.py:137} INFO - [2022-11-17T09:00:41.060+0000] {taskmixin.py:205} WARNING - Dependency <Task(BashOperator): create_tag>, delete_tag already registered for DAG: example_complex
[2022-11-17T09:00:41.063+0000] {logging_mixin.py:137} INFO - [2022-11-17T09:00:41.063+0000] {taskmixin.py:205} WARNING - Dependency <Task(BashOperator): delete_tag>, create_tag already registered for DAG: example_complex
[2022-11-17T09:00:41.083+0000] {processor.py:766} INFO - DAG(s) dict_keys(['example_complex']) retrieved from /home/airflow/.local/lib/python3.7/site-packages/airflow/example_dags/example_complex.py
[2022-11-17T09:00:41.215+0000] {logging_mixin.py:137} INFO - [2022-11-17T09:00:41.215+0000] {dag.py:2585} INFO - Sync 1 DAGs
[2022-11-17T09:00:41.362+0000] {logging_mixin.py:137} INFO - [2022-11-17T09:00:41.362+0000] {dag.py:3340} INFO - Setting next_dagrun for example_complex to None, run_after=None
[2022-11-17T09:00:41.490+0000] {processor.py:176} INFO - Processing /home/airflow/.local/lib/python3.7/site-packages/airflow/example_dags/example_complex.py took 0.512 seconds
[2022-11-17T09:01:11.671+0000] {processor.py:154} INFO - Started process (PID=628) to work on /home/airflow/.local/lib/python3.7/site-packages/airflow/example_dags/example_complex.py
[2022-11-17T09:01:11.675+0000] {processor.py:756} INFO - Processing file /home/airflow/.local/lib/python3.7/site-packages/airflow/example_dags/example_complex.py for tasks to queue
[2022-11-17T09:01:11.679+0000] {logging_mixin.py:137} INFO - [2022-11-17T09:01:11.679+0000] {dagbag.py:537} INFO - Filling up the DagBag from /home/airflow/.local/lib/python3.7/site-packages/airflow/example_dags/example_complex.py
[2022-11-17T09:01:11.714+0000] {logging_mixin.py:137} INFO - [2022-11-17T09:01:11.713+0000] {taskmixin.py:205} WARNING - Dependency <Task(BashOperator): create_entry_group>, delete_entry_group already registered for DAG: example_complex
[2022-11-17T09:01:11.716+0000] {logging_mixin.py:137} INFO - [2022-11-17T09:01:11.715+0000] {taskmixin.py:205} WARNING - Dependency <Task(BashOperator): delete_entry_group>, create_entry_group already registered for DAG: example_complex
[2022-11-17T09:01:11.718+0000] {logging_mixin.py:137} INFO - [2022-11-17T09:01:11.718+0000] {taskmixin.py:205} WARNING - Dependency <Task(BashOperator): create_entry_gcs>, delete_entry already registered for DAG: example_complex
[2022-11-17T09:01:11.720+0000] {logging_mixin.py:137} INFO - [2022-11-17T09:01:11.720+0000] {taskmixin.py:205} WARNING - Dependency <Task(BashOperator): delete_entry>, create_entry_gcs already registered for DAG: example_complex
[2022-11-17T09:01:11.725+0000] {logging_mixin.py:137} INFO - [2022-11-17T09:01:11.724+0000] {taskmixin.py:205} WARNING - Dependency <Task(BashOperator): create_tag>, delete_tag already registered for DAG: example_complex
[2022-11-17T09:01:11.727+0000] {logging_mixin.py:137} INFO - [2022-11-17T09:01:11.726+0000] {taskmixin.py:205} WARNING - Dependency <Task(BashOperator): delete_tag>, create_tag already registered for DAG: example_complex
[2022-11-17T09:01:11.745+0000] {processor.py:766} INFO - DAG(s) dict_keys(['example_complex']) retrieved from /home/airflow/.local/lib/python3.7/site-packages/airflow/example_dags/example_complex.py
[2022-11-17T09:01:11.897+0000] {logging_mixin.py:137} INFO - [2022-11-17T09:01:11.896+0000] {dag.py:2585} INFO - Sync 1 DAGs
[2022-11-17T09:01:12.014+0000] {logging_mixin.py:137} INFO - [2022-11-17T09:01:12.013+0000] {dag.py:3340} INFO - Setting next_dagrun for example_complex to None, run_after=None
[2022-11-17T09:01:12.150+0000] {processor.py:176} INFO - Processing /home/airflow/.local/lib/python3.7/site-packages/airflow/example_dags/example_complex.py took 0.488 seconds
