[2022-11-17T08:48:19.994+0000] {processor.py:154} INFO - Started process (PID=85) to work on /home/airflow/.local/lib/python3.7/site-packages/airflow/example_dags/example_short_circuit_operator.py
[2022-11-17T08:48:19.996+0000] {processor.py:756} INFO - Processing file /home/airflow/.local/lib/python3.7/site-packages/airflow/example_dags/example_short_circuit_operator.py for tasks to queue
[2022-11-17T08:48:20.001+0000] {logging_mixin.py:137} INFO - [2022-11-17T08:48:20.000+0000] {dagbag.py:537} INFO - Filling up the DagBag from /home/airflow/.local/lib/python3.7/site-packages/airflow/example_dags/example_short_circuit_operator.py
[2022-11-17T08:48:20.132+0000] {processor.py:766} INFO - DAG(s) dict_keys(['example_short_circuit_operator']) retrieved from /home/airflow/.local/lib/python3.7/site-packages/airflow/example_dags/example_short_circuit_operator.py
[2022-11-17T08:48:20.654+0000] {logging_mixin.py:137} INFO - [2022-11-17T08:48:20.653+0000] {manager.py:507} INFO - Created Permission View: can delete on DAG:example_short_circuit_operator
[2022-11-17T08:48:20.688+0000] {logging_mixin.py:137} INFO - [2022-11-17T08:48:20.687+0000] {manager.py:507} INFO - Created Permission View: can edit on DAG:example_short_circuit_operator
[2022-11-17T08:48:20.705+0000] {logging_mixin.py:137} INFO - [2022-11-17T08:48:20.705+0000] {manager.py:507} INFO - Created Permission View: can read on DAG:example_short_circuit_operator
[2022-11-17T08:48:20.707+0000] {logging_mixin.py:137} INFO - [2022-11-17T08:48:20.707+0000] {dag.py:2585} INFO - Sync 1 DAGs
[2022-11-17T08:48:20.741+0000] {logging_mixin.py:137} INFO - [2022-11-17T08:48:20.740+0000] {dag.py:2606} INFO - Creating ORM DAG for example_short_circuit_operator
[2022-11-17T08:48:20.777+0000] {logging_mixin.py:137} INFO - [2022-11-17T08:48:20.775+0000] {dag.py:3340} INFO - Setting next_dagrun for example_short_circuit_operator to 2022-11-16T08:48:20.774201+00:00, run_after=2022-11-17T08:48:20.774201+00:00
[2022-11-17T08:48:20.830+0000] {processor.py:176} INFO - Processing /home/airflow/.local/lib/python3.7/site-packages/airflow/example_dags/example_short_circuit_operator.py took 0.882 seconds
[2022-11-17T08:55:52.947+0000] {processor.py:154} INFO - Started process (PID=96) to work on /home/airflow/.local/lib/python3.7/site-packages/airflow/example_dags/example_short_circuit_operator.py
[2022-11-17T08:55:52.959+0000] {processor.py:756} INFO - Processing file /home/airflow/.local/lib/python3.7/site-packages/airflow/example_dags/example_short_circuit_operator.py for tasks to queue
[2022-11-17T08:55:52.962+0000] {logging_mixin.py:137} INFO - [2022-11-17T08:55:52.961+0000] {dagbag.py:537} INFO - Filling up the DagBag from /home/airflow/.local/lib/python3.7/site-packages/airflow/example_dags/example_short_circuit_operator.py
[2022-11-17T08:55:53.071+0000] {processor.py:766} INFO - DAG(s) dict_keys(['example_short_circuit_operator']) retrieved from /home/airflow/.local/lib/python3.7/site-packages/airflow/example_dags/example_short_circuit_operator.py
[2022-11-17T08:55:53.178+0000] {logging_mixin.py:137} INFO - [2022-11-17T08:55:53.177+0000] {dag.py:2585} INFO - Sync 1 DAGs
[2022-11-17T08:55:53.245+0000] {logging_mixin.py:137} INFO - [2022-11-17T08:55:53.245+0000] {dag.py:3340} INFO - Setting next_dagrun for example_short_circuit_operator to 2022-11-16T08:55:53.244623+00:00, run_after=2022-11-17T08:55:53.244623+00:00
[2022-11-17T08:55:53.368+0000] {processor.py:176} INFO - Processing /home/airflow/.local/lib/python3.7/site-packages/airflow/example_dags/example_short_circuit_operator.py took 0.437 seconds
[2022-11-17T08:56:24.185+0000] {processor.py:154} INFO - Started process (PID=150) to work on /home/airflow/.local/lib/python3.7/site-packages/airflow/example_dags/example_short_circuit_operator.py
[2022-11-17T08:56:24.193+0000] {processor.py:756} INFO - Processing file /home/airflow/.local/lib/python3.7/site-packages/airflow/example_dags/example_short_circuit_operator.py for tasks to queue
[2022-11-17T08:56:24.204+0000] {logging_mixin.py:137} INFO - [2022-11-17T08:56:24.201+0000] {dagbag.py:537} INFO - Filling up the DagBag from /home/airflow/.local/lib/python3.7/site-packages/airflow/example_dags/example_short_circuit_operator.py
[2022-11-17T08:56:24.272+0000] {processor.py:766} INFO - DAG(s) dict_keys(['example_short_circuit_operator']) retrieved from /home/airflow/.local/lib/python3.7/site-packages/airflow/example_dags/example_short_circuit_operator.py
[2022-11-17T08:56:24.419+0000] {logging_mixin.py:137} INFO - [2022-11-17T08:56:24.419+0000] {dag.py:2585} INFO - Sync 1 DAGs
[2022-11-17T08:56:24.501+0000] {logging_mixin.py:137} INFO - [2022-11-17T08:56:24.501+0000] {dag.py:3340} INFO - Setting next_dagrun for example_short_circuit_operator to 2022-11-16T08:56:24.500823+00:00, run_after=2022-11-17T08:56:24.500823+00:00
[2022-11-17T08:56:24.578+0000] {processor.py:176} INFO - Processing /home/airflow/.local/lib/python3.7/site-packages/airflow/example_dags/example_short_circuit_operator.py took 0.430 seconds
[2022-11-17T08:56:55.850+0000] {processor.py:154} INFO - Started process (PID=204) to work on /home/airflow/.local/lib/python3.7/site-packages/airflow/example_dags/example_short_circuit_operator.py
[2022-11-17T08:56:55.860+0000] {processor.py:756} INFO - Processing file /home/airflow/.local/lib/python3.7/site-packages/airflow/example_dags/example_short_circuit_operator.py for tasks to queue
[2022-11-17T08:56:55.870+0000] {logging_mixin.py:137} INFO - [2022-11-17T08:56:55.864+0000] {dagbag.py:537} INFO - Filling up the DagBag from /home/airflow/.local/lib/python3.7/site-packages/airflow/example_dags/example_short_circuit_operator.py
[2022-11-17T08:56:55.954+0000] {processor.py:766} INFO - DAG(s) dict_keys(['example_short_circuit_operator']) retrieved from /home/airflow/.local/lib/python3.7/site-packages/airflow/example_dags/example_short_circuit_operator.py
[2022-11-17T08:56:56.189+0000] {logging_mixin.py:137} INFO - [2022-11-17T08:56:56.188+0000] {dag.py:2585} INFO - Sync 1 DAGs
[2022-11-17T08:56:56.348+0000] {logging_mixin.py:137} INFO - [2022-11-17T08:56:56.348+0000] {dag.py:3340} INFO - Setting next_dagrun for example_short_circuit_operator to 2022-11-16T08:56:56.347881+00:00, run_after=2022-11-17T08:56:56.347881+00:00
[2022-11-17T08:56:56.496+0000] {processor.py:176} INFO - Processing /home/airflow/.local/lib/python3.7/site-packages/airflow/example_dags/example_short_circuit_operator.py took 0.658 seconds
[2022-11-17T08:57:27.736+0000] {processor.py:154} INFO - Started process (PID=259) to work on /home/airflow/.local/lib/python3.7/site-packages/airflow/example_dags/example_short_circuit_operator.py
[2022-11-17T08:57:27.741+0000] {processor.py:756} INFO - Processing file /home/airflow/.local/lib/python3.7/site-packages/airflow/example_dags/example_short_circuit_operator.py for tasks to queue
[2022-11-17T08:57:27.757+0000] {logging_mixin.py:137} INFO - [2022-11-17T08:57:27.756+0000] {dagbag.py:537} INFO - Filling up the DagBag from /home/airflow/.local/lib/python3.7/site-packages/airflow/example_dags/example_short_circuit_operator.py
[2022-11-17T08:57:27.822+0000] {processor.py:766} INFO - DAG(s) dict_keys(['example_short_circuit_operator']) retrieved from /home/airflow/.local/lib/python3.7/site-packages/airflow/example_dags/example_short_circuit_operator.py
[2022-11-17T08:57:28.256+0000] {logging_mixin.py:137} INFO - [2022-11-17T08:57:28.255+0000] {dag.py:2585} INFO - Sync 1 DAGs
[2022-11-17T08:57:28.845+0000] {logging_mixin.py:137} INFO - [2022-11-17T08:57:28.836+0000] {dag.py:3340} INFO - Setting next_dagrun for example_short_circuit_operator to 2022-11-16T08:57:28.836392+00:00, run_after=2022-11-17T08:57:28.836392+00:00
[2022-11-17T08:57:29.023+0000] {processor.py:176} INFO - Processing /home/airflow/.local/lib/python3.7/site-packages/airflow/example_dags/example_short_circuit_operator.py took 1.303 seconds
[2022-11-17T08:57:59.381+0000] {processor.py:154} INFO - Started process (PID=313) to work on /home/airflow/.local/lib/python3.7/site-packages/airflow/example_dags/example_short_circuit_operator.py
[2022-11-17T08:57:59.392+0000] {processor.py:756} INFO - Processing file /home/airflow/.local/lib/python3.7/site-packages/airflow/example_dags/example_short_circuit_operator.py for tasks to queue
[2022-11-17T08:57:59.405+0000] {logging_mixin.py:137} INFO - [2022-11-17T08:57:59.397+0000] {dagbag.py:537} INFO - Filling up the DagBag from /home/airflow/.local/lib/python3.7/site-packages/airflow/example_dags/example_short_circuit_operator.py
[2022-11-17T08:57:59.541+0000] {processor.py:766} INFO - DAG(s) dict_keys(['example_short_circuit_operator']) retrieved from /home/airflow/.local/lib/python3.7/site-packages/airflow/example_dags/example_short_circuit_operator.py
[2022-11-17T08:57:59.629+0000] {logging_mixin.py:137} INFO - [2022-11-17T08:57:59.629+0000] {dag.py:2585} INFO - Sync 1 DAGs
[2022-11-17T08:57:59.685+0000] {logging_mixin.py:137} INFO - [2022-11-17T08:57:59.685+0000] {dag.py:3340} INFO - Setting next_dagrun for example_short_circuit_operator to 2022-11-16T08:57:59.684508+00:00, run_after=2022-11-17T08:57:59.684508+00:00
[2022-11-17T08:57:59.842+0000] {processor.py:176} INFO - Processing /home/airflow/.local/lib/python3.7/site-packages/airflow/example_dags/example_short_circuit_operator.py took 0.471 seconds
[2022-11-17T08:58:32.003+0000] {processor.py:154} INFO - Started process (PID=367) to work on /home/airflow/.local/lib/python3.7/site-packages/airflow/example_dags/example_short_circuit_operator.py
[2022-11-17T08:58:32.011+0000] {processor.py:756} INFO - Processing file /home/airflow/.local/lib/python3.7/site-packages/airflow/example_dags/example_short_circuit_operator.py for tasks to queue
[2022-11-17T08:58:32.024+0000] {logging_mixin.py:137} INFO - [2022-11-17T08:58:32.021+0000] {dagbag.py:537} INFO - Filling up the DagBag from /home/airflow/.local/lib/python3.7/site-packages/airflow/example_dags/example_short_circuit_operator.py
[2022-11-17T08:58:32.242+0000] {processor.py:766} INFO - DAG(s) dict_keys(['example_short_circuit_operator']) retrieved from /home/airflow/.local/lib/python3.7/site-packages/airflow/example_dags/example_short_circuit_operator.py
[2022-11-17T08:58:32.611+0000] {logging_mixin.py:137} INFO - [2022-11-17T08:58:32.610+0000] {dag.py:2585} INFO - Sync 1 DAGs
[2022-11-17T08:58:32.750+0000] {logging_mixin.py:137} INFO - [2022-11-17T08:58:32.750+0000] {dag.py:3340} INFO - Setting next_dagrun for example_short_circuit_operator to 2022-11-16T08:58:32.749929+00:00, run_after=2022-11-17T08:58:32.749929+00:00
[2022-11-17T08:58:32.807+0000] {processor.py:176} INFO - Processing /home/airflow/.local/lib/python3.7/site-packages/airflow/example_dags/example_short_circuit_operator.py took 0.819 seconds
[2022-11-17T08:59:05.819+0000] {processor.py:154} INFO - Started process (PID=428) to work on /home/airflow/.local/lib/python3.7/site-packages/airflow/example_dags/example_short_circuit_operator.py
[2022-11-17T08:59:05.823+0000] {processor.py:756} INFO - Processing file /home/airflow/.local/lib/python3.7/site-packages/airflow/example_dags/example_short_circuit_operator.py for tasks to queue
[2022-11-17T08:59:05.830+0000] {logging_mixin.py:137} INFO - [2022-11-17T08:59:05.830+0000] {dagbag.py:537} INFO - Filling up the DagBag from /home/airflow/.local/lib/python3.7/site-packages/airflow/example_dags/example_short_circuit_operator.py
[2022-11-17T08:59:05.924+0000] {processor.py:766} INFO - DAG(s) dict_keys(['example_short_circuit_operator']) retrieved from /home/airflow/.local/lib/python3.7/site-packages/airflow/example_dags/example_short_circuit_operator.py
[2022-11-17T08:59:06.049+0000] {logging_mixin.py:137} INFO - [2022-11-17T08:59:06.049+0000] {dag.py:2585} INFO - Sync 1 DAGs
[2022-11-17T08:59:06.096+0000] {logging_mixin.py:137} INFO - [2022-11-17T08:59:06.095+0000] {dag.py:3340} INFO - Setting next_dagrun for example_short_circuit_operator to 2022-11-16T08:59:06.094138+00:00, run_after=2022-11-17T08:59:06.094138+00:00
[2022-11-17T08:59:06.226+0000] {processor.py:176} INFO - Processing /home/airflow/.local/lib/python3.7/site-packages/airflow/example_dags/example_short_circuit_operator.py took 0.459 seconds
[2022-11-17T08:59:39.976+0000] {processor.py:154} INFO - Started process (PID=482) to work on /home/airflow/.local/lib/python3.7/site-packages/airflow/example_dags/example_short_circuit_operator.py
[2022-11-17T08:59:40.011+0000] {processor.py:756} INFO - Processing file /home/airflow/.local/lib/python3.7/site-packages/airflow/example_dags/example_short_circuit_operator.py for tasks to queue
[2022-11-17T08:59:40.020+0000] {logging_mixin.py:137} INFO - [2022-11-17T08:59:40.019+0000] {dagbag.py:537} INFO - Filling up the DagBag from /home/airflow/.local/lib/python3.7/site-packages/airflow/example_dags/example_short_circuit_operator.py
[2022-11-17T08:59:40.078+0000] {processor.py:766} INFO - DAG(s) dict_keys(['example_short_circuit_operator']) retrieved from /home/airflow/.local/lib/python3.7/site-packages/airflow/example_dags/example_short_circuit_operator.py
[2022-11-17T08:59:40.211+0000] {logging_mixin.py:137} INFO - [2022-11-17T08:59:40.211+0000] {dag.py:2585} INFO - Sync 1 DAGs
[2022-11-17T08:59:40.350+0000] {logging_mixin.py:137} INFO - [2022-11-17T08:59:40.350+0000] {dag.py:3340} INFO - Setting next_dagrun for example_short_circuit_operator to 2022-11-16T08:59:40.349734+00:00, run_after=2022-11-17T08:59:40.349734+00:00
[2022-11-17T08:59:40.745+0000] {processor.py:176} INFO - Processing /home/airflow/.local/lib/python3.7/site-packages/airflow/example_dags/example_short_circuit_operator.py took 0.793 seconds
[2022-11-17T09:00:11.285+0000] {processor.py:154} INFO - Started process (PID=535) to work on /home/airflow/.local/lib/python3.7/site-packages/airflow/example_dags/example_short_circuit_operator.py
[2022-11-17T09:00:11.307+0000] {processor.py:756} INFO - Processing file /home/airflow/.local/lib/python3.7/site-packages/airflow/example_dags/example_short_circuit_operator.py for tasks to queue
[2022-11-17T09:00:11.391+0000] {logging_mixin.py:137} INFO - [2022-11-17T09:00:11.391+0000] {dagbag.py:537} INFO - Filling up the DagBag from /home/airflow/.local/lib/python3.7/site-packages/airflow/example_dags/example_short_circuit_operator.py
[2022-11-17T09:00:11.578+0000] {processor.py:766} INFO - DAG(s) dict_keys(['example_short_circuit_operator']) retrieved from /home/airflow/.local/lib/python3.7/site-packages/airflow/example_dags/example_short_circuit_operator.py
[2022-11-17T09:00:11.827+0000] {logging_mixin.py:137} INFO - [2022-11-17T09:00:11.827+0000] {dag.py:2585} INFO - Sync 1 DAGs
[2022-11-17T09:00:11.986+0000] {logging_mixin.py:137} INFO - [2022-11-17T09:00:11.986+0000] {dag.py:3340} INFO - Setting next_dagrun for example_short_circuit_operator to 2022-11-16T09:00:11.985519+00:00, run_after=2022-11-17T09:00:11.985519+00:00
[2022-11-17T09:00:12.058+0000] {processor.py:176} INFO - Processing /home/airflow/.local/lib/python3.7/site-packages/airflow/example_dags/example_short_circuit_operator.py took 0.834 seconds
[2022-11-17T09:00:44.572+0000] {processor.py:154} INFO - Started process (PID=589) to work on /home/airflow/.local/lib/python3.7/site-packages/airflow/example_dags/example_short_circuit_operator.py
[2022-11-17T09:00:44.594+0000] {processor.py:756} INFO - Processing file /home/airflow/.local/lib/python3.7/site-packages/airflow/example_dags/example_short_circuit_operator.py for tasks to queue
[2022-11-17T09:00:44.613+0000] {logging_mixin.py:137} INFO - [2022-11-17T09:00:44.613+0000] {dagbag.py:537} INFO - Filling up the DagBag from /home/airflow/.local/lib/python3.7/site-packages/airflow/example_dags/example_short_circuit_operator.py
[2022-11-17T09:00:44.787+0000] {processor.py:766} INFO - DAG(s) dict_keys(['example_short_circuit_operator']) retrieved from /home/airflow/.local/lib/python3.7/site-packages/airflow/example_dags/example_short_circuit_operator.py
[2022-11-17T09:00:45.407+0000] {logging_mixin.py:137} INFO - [2022-11-17T09:00:45.407+0000] {dag.py:2585} INFO - Sync 1 DAGs
[2022-11-17T09:00:45.819+0000] {logging_mixin.py:137} INFO - [2022-11-17T09:00:45.818+0000] {dag.py:3340} INFO - Setting next_dagrun for example_short_circuit_operator to 2022-11-16T09:00:45.812339+00:00, run_after=2022-11-17T09:00:45.812339+00:00
[2022-11-17T09:00:45.967+0000] {processor.py:176} INFO - Processing /home/airflow/.local/lib/python3.7/site-packages/airflow/example_dags/example_short_circuit_operator.py took 1.435 seconds
[2022-11-17T09:01:16.446+0000] {processor.py:154} INFO - Started process (PID=642) to work on /home/airflow/.local/lib/python3.7/site-packages/airflow/example_dags/example_short_circuit_operator.py
[2022-11-17T09:01:16.449+0000] {processor.py:756} INFO - Processing file /home/airflow/.local/lib/python3.7/site-packages/airflow/example_dags/example_short_circuit_operator.py for tasks to queue
[2022-11-17T09:01:16.456+0000] {logging_mixin.py:137} INFO - [2022-11-17T09:01:16.455+0000] {dagbag.py:537} INFO - Filling up the DagBag from /home/airflow/.local/lib/python3.7/site-packages/airflow/example_dags/example_short_circuit_operator.py
[2022-11-17T09:01:16.749+0000] {processor.py:766} INFO - DAG(s) dict_keys(['example_short_circuit_operator']) retrieved from /home/airflow/.local/lib/python3.7/site-packages/airflow/example_dags/example_short_circuit_operator.py
[2022-11-17T09:01:17.659+0000] {logging_mixin.py:137} INFO - [2022-11-17T09:01:17.659+0000] {dag.py:2585} INFO - Sync 1 DAGs
[2022-11-17T09:01:17.920+0000] {logging_mixin.py:137} INFO - [2022-11-17T09:01:17.920+0000] {dag.py:3340} INFO - Setting next_dagrun for example_short_circuit_operator to 2022-11-16T09:01:17.919895+00:00, run_after=2022-11-17T09:01:17.919895+00:00
[2022-11-17T09:01:18.080+0000] {processor.py:176} INFO - Processing /home/airflow/.local/lib/python3.7/site-packages/airflow/example_dags/example_short_circuit_operator.py took 1.686 seconds
