[2022-11-17T08:48:11.861+0000] {processor.py:154} INFO - Started process (PID=65) to work on /home/airflow/.local/lib/python3.7/site-packages/airflow/example_dags/example_external_task_marker_dag.py
[2022-11-17T08:48:11.864+0000] {processor.py:756} INFO - Processing file /home/airflow/.local/lib/python3.7/site-packages/airflow/example_dags/example_external_task_marker_dag.py for tasks to queue
[2022-11-17T08:48:11.866+0000] {logging_mixin.py:137} INFO - [2022-11-17T08:48:11.866+0000] {dagbag.py:537} INFO - Filling up the DagBag from /home/airflow/.local/lib/python3.7/site-packages/airflow/example_dags/example_external_task_marker_dag.py
[2022-11-17T08:48:11.947+0000] {processor.py:766} INFO - DAG(s) dict_keys(['example_external_task_marker_parent', 'example_external_task_marker_child']) retrieved from /home/airflow/.local/lib/python3.7/site-packages/airflow/example_dags/example_external_task_marker_dag.py
[2022-11-17T08:48:12.534+0000] {logging_mixin.py:137} INFO - [2022-11-17T08:48:12.534+0000] {manager.py:507} INFO - Created Permission View: can delete on DAG:example_external_task_marker_parent
[2022-11-17T08:48:12.580+0000] {logging_mixin.py:137} INFO - [2022-11-17T08:48:12.580+0000] {manager.py:507} INFO - Created Permission View: can edit on DAG:example_external_task_marker_parent
[2022-11-17T08:48:12.619+0000] {logging_mixin.py:137} INFO - [2022-11-17T08:48:12.619+0000] {manager.py:507} INFO - Created Permission View: can read on DAG:example_external_task_marker_parent
[2022-11-17T08:48:13.203+0000] {logging_mixin.py:137} INFO - [2022-11-17T08:48:13.202+0000] {manager.py:507} INFO - Created Permission View: can delete on DAG:example_external_task_marker_child
[2022-11-17T08:48:13.220+0000] {logging_mixin.py:137} INFO - [2022-11-17T08:48:13.219+0000] {manager.py:507} INFO - Created Permission View: can edit on DAG:example_external_task_marker_child
[2022-11-17T08:48:13.240+0000] {logging_mixin.py:137} INFO - [2022-11-17T08:48:13.240+0000] {manager.py:507} INFO - Created Permission View: can read on DAG:example_external_task_marker_child
[2022-11-17T08:48:13.244+0000] {logging_mixin.py:137} INFO - [2022-11-17T08:48:13.242+0000] {dag.py:2585} INFO - Sync 2 DAGs
[2022-11-17T08:48:13.294+0000] {logging_mixin.py:137} INFO - [2022-11-17T08:48:13.293+0000] {dag.py:2606} INFO - Creating ORM DAG for example_external_task_marker_parent
[2022-11-17T08:48:13.297+0000] {logging_mixin.py:137} INFO - [2022-11-17T08:48:13.296+0000] {dag.py:2606} INFO - Creating ORM DAG for example_external_task_marker_child
[2022-11-17T08:48:13.347+0000] {logging_mixin.py:137} INFO - [2022-11-17T08:48:13.347+0000] {dag.py:3340} INFO - Setting next_dagrun for example_external_task_marker_child to None, run_after=None
[2022-11-17T08:48:13.350+0000] {logging_mixin.py:137} INFO - [2022-11-17T08:48:13.350+0000] {dag.py:3340} INFO - Setting next_dagrun for example_external_task_marker_parent to None, run_after=None
[2022-11-17T08:48:13.394+0000] {processor.py:176} INFO - Processing /home/airflow/.local/lib/python3.7/site-packages/airflow/example_dags/example_external_task_marker_dag.py took 1.558 seconds
[2022-11-17T08:55:44.240+0000] {processor.py:154} INFO - Started process (PID=83) to work on /home/airflow/.local/lib/python3.7/site-packages/airflow/example_dags/example_external_task_marker_dag.py
[2022-11-17T08:55:44.260+0000] {processor.py:756} INFO - Processing file /home/airflow/.local/lib/python3.7/site-packages/airflow/example_dags/example_external_task_marker_dag.py for tasks to queue
[2022-11-17T08:55:44.265+0000] {logging_mixin.py:137} INFO - [2022-11-17T08:55:44.264+0000] {dagbag.py:537} INFO - Filling up the DagBag from /home/airflow/.local/lib/python3.7/site-packages/airflow/example_dags/example_external_task_marker_dag.py
[2022-11-17T08:55:44.436+0000] {processor.py:766} INFO - DAG(s) dict_keys(['example_external_task_marker_parent', 'example_external_task_marker_child']) retrieved from /home/airflow/.local/lib/python3.7/site-packages/airflow/example_dags/example_external_task_marker_dag.py
[2022-11-17T08:55:45.789+0000] {logging_mixin.py:137} INFO - [2022-11-17T08:55:45.789+0000] {dag.py:2585} INFO - Sync 2 DAGs
[2022-11-17T08:55:45.922+0000] {logging_mixin.py:137} INFO - [2022-11-17T08:55:45.922+0000] {dag.py:3340} INFO - Setting next_dagrun for example_external_task_marker_child to None, run_after=None
[2022-11-17T08:55:45.951+0000] {logging_mixin.py:137} INFO - [2022-11-17T08:55:45.951+0000] {dag.py:3340} INFO - Setting next_dagrun for example_external_task_marker_parent to None, run_after=None
[2022-11-17T08:55:46.091+0000] {processor.py:176} INFO - Processing /home/airflow/.local/lib/python3.7/site-packages/airflow/example_dags/example_external_task_marker_dag.py took 1.889 seconds
[2022-11-17T08:56:18.833+0000] {processor.py:154} INFO - Started process (PID=140) to work on /home/airflow/.local/lib/python3.7/site-packages/airflow/example_dags/example_external_task_marker_dag.py
[2022-11-17T08:56:18.845+0000] {processor.py:756} INFO - Processing file /home/airflow/.local/lib/python3.7/site-packages/airflow/example_dags/example_external_task_marker_dag.py for tasks to queue
[2022-11-17T08:56:18.859+0000] {logging_mixin.py:137} INFO - [2022-11-17T08:56:18.855+0000] {dagbag.py:537} INFO - Filling up the DagBag from /home/airflow/.local/lib/python3.7/site-packages/airflow/example_dags/example_external_task_marker_dag.py
[2022-11-17T08:56:19.029+0000] {processor.py:766} INFO - DAG(s) dict_keys(['example_external_task_marker_child', 'example_external_task_marker_parent']) retrieved from /home/airflow/.local/lib/python3.7/site-packages/airflow/example_dags/example_external_task_marker_dag.py
[2022-11-17T08:56:21.146+0000] {logging_mixin.py:137} INFO - [2022-11-17T08:56:21.146+0000] {dag.py:2585} INFO - Sync 2 DAGs
[2022-11-17T08:56:21.345+0000] {logging_mixin.py:137} INFO - [2022-11-17T08:56:21.344+0000] {dag.py:3340} INFO - Setting next_dagrun for example_external_task_marker_child to None, run_after=None
[2022-11-17T08:56:21.375+0000] {logging_mixin.py:137} INFO - [2022-11-17T08:56:21.374+0000] {dag.py:3340} INFO - Setting next_dagrun for example_external_task_marker_parent to None, run_after=None
[2022-11-17T08:56:21.473+0000] {processor.py:176} INFO - Processing /home/airflow/.local/lib/python3.7/site-packages/airflow/example_dags/example_external_task_marker_dag.py took 2.670 seconds
[2022-11-17T08:56:51.852+0000] {processor.py:154} INFO - Started process (PID=193) to work on /home/airflow/.local/lib/python3.7/site-packages/airflow/example_dags/example_external_task_marker_dag.py
[2022-11-17T08:56:51.857+0000] {processor.py:756} INFO - Processing file /home/airflow/.local/lib/python3.7/site-packages/airflow/example_dags/example_external_task_marker_dag.py for tasks to queue
[2022-11-17T08:56:51.871+0000] {logging_mixin.py:137} INFO - [2022-11-17T08:56:51.866+0000] {dagbag.py:537} INFO - Filling up the DagBag from /home/airflow/.local/lib/python3.7/site-packages/airflow/example_dags/example_external_task_marker_dag.py
[2022-11-17T08:56:52.071+0000] {processor.py:766} INFO - DAG(s) dict_keys(['example_external_task_marker_child', 'example_external_task_marker_parent']) retrieved from /home/airflow/.local/lib/python3.7/site-packages/airflow/example_dags/example_external_task_marker_dag.py
[2022-11-17T08:56:53.450+0000] {logging_mixin.py:137} INFO - [2022-11-17T08:56:53.450+0000] {dag.py:2585} INFO - Sync 2 DAGs
[2022-11-17T08:56:53.637+0000] {logging_mixin.py:137} INFO - [2022-11-17T08:56:53.637+0000] {dag.py:3340} INFO - Setting next_dagrun for example_external_task_marker_child to None, run_after=None
[2022-11-17T08:56:53.662+0000] {logging_mixin.py:137} INFO - [2022-11-17T08:56:53.662+0000] {dag.py:3340} INFO - Setting next_dagrun for example_external_task_marker_parent to None, run_after=None
[2022-11-17T08:56:53.765+0000] {processor.py:176} INFO - Processing /home/airflow/.local/lib/python3.7/site-packages/airflow/example_dags/example_external_task_marker_dag.py took 1.943 seconds
[2022-11-17T08:57:23.850+0000] {processor.py:154} INFO - Started process (PID=250) to work on /home/airflow/.local/lib/python3.7/site-packages/airflow/example_dags/example_external_task_marker_dag.py
[2022-11-17T08:57:23.855+0000] {processor.py:756} INFO - Processing file /home/airflow/.local/lib/python3.7/site-packages/airflow/example_dags/example_external_task_marker_dag.py for tasks to queue
[2022-11-17T08:57:23.860+0000] {logging_mixin.py:137} INFO - [2022-11-17T08:57:23.859+0000] {dagbag.py:537} INFO - Filling up the DagBag from /home/airflow/.local/lib/python3.7/site-packages/airflow/example_dags/example_external_task_marker_dag.py
[2022-11-17T08:57:23.899+0000] {processor.py:766} INFO - DAG(s) dict_keys(['example_external_task_marker_parent', 'example_external_task_marker_child']) retrieved from /home/airflow/.local/lib/python3.7/site-packages/airflow/example_dags/example_external_task_marker_dag.py
[2022-11-17T08:57:24.350+0000] {logging_mixin.py:137} INFO - [2022-11-17T08:57:24.350+0000] {dag.py:2585} INFO - Sync 2 DAGs
[2022-11-17T08:57:24.457+0000] {logging_mixin.py:137} INFO - [2022-11-17T08:57:24.457+0000] {dag.py:3340} INFO - Setting next_dagrun for example_external_task_marker_child to None, run_after=None
[2022-11-17T08:57:24.467+0000] {logging_mixin.py:137} INFO - [2022-11-17T08:57:24.467+0000] {dag.py:3340} INFO - Setting next_dagrun for example_external_task_marker_parent to None, run_after=None
[2022-11-17T08:57:24.550+0000] {processor.py:176} INFO - Processing /home/airflow/.local/lib/python3.7/site-packages/airflow/example_dags/example_external_task_marker_dag.py took 0.708 seconds
[2022-11-17T08:57:54.804+0000] {processor.py:154} INFO - Started process (PID=304) to work on /home/airflow/.local/lib/python3.7/site-packages/airflow/example_dags/example_external_task_marker_dag.py
[2022-11-17T08:57:54.808+0000] {processor.py:756} INFO - Processing file /home/airflow/.local/lib/python3.7/site-packages/airflow/example_dags/example_external_task_marker_dag.py for tasks to queue
[2022-11-17T08:57:54.812+0000] {logging_mixin.py:137} INFO - [2022-11-17T08:57:54.811+0000] {dagbag.py:537} INFO - Filling up the DagBag from /home/airflow/.local/lib/python3.7/site-packages/airflow/example_dags/example_external_task_marker_dag.py
[2022-11-17T08:57:54.841+0000] {processor.py:766} INFO - DAG(s) dict_keys(['example_external_task_marker_child', 'example_external_task_marker_parent']) retrieved from /home/airflow/.local/lib/python3.7/site-packages/airflow/example_dags/example_external_task_marker_dag.py
[2022-11-17T08:57:55.265+0000] {logging_mixin.py:137} INFO - [2022-11-17T08:57:55.264+0000] {dag.py:2585} INFO - Sync 2 DAGs
[2022-11-17T08:57:55.329+0000] {logging_mixin.py:137} INFO - [2022-11-17T08:57:55.328+0000] {dag.py:3340} INFO - Setting next_dagrun for example_external_task_marker_child to None, run_after=None
[2022-11-17T08:57:55.344+0000] {logging_mixin.py:137} INFO - [2022-11-17T08:57:55.343+0000] {dag.py:3340} INFO - Setting next_dagrun for example_external_task_marker_parent to None, run_after=None
[2022-11-17T08:57:55.382+0000] {processor.py:176} INFO - Processing /home/airflow/.local/lib/python3.7/site-packages/airflow/example_dags/example_external_task_marker_dag.py took 0.587 seconds
[2022-11-17T08:58:25.723+0000] {processor.py:154} INFO - Started process (PID=358) to work on /home/airflow/.local/lib/python3.7/site-packages/airflow/example_dags/example_external_task_marker_dag.py
[2022-11-17T08:58:25.726+0000] {processor.py:756} INFO - Processing file /home/airflow/.local/lib/python3.7/site-packages/airflow/example_dags/example_external_task_marker_dag.py for tasks to queue
[2022-11-17T08:58:25.729+0000] {logging_mixin.py:137} INFO - [2022-11-17T08:58:25.728+0000] {dagbag.py:537} INFO - Filling up the DagBag from /home/airflow/.local/lib/python3.7/site-packages/airflow/example_dags/example_external_task_marker_dag.py
[2022-11-17T08:58:25.761+0000] {processor.py:766} INFO - DAG(s) dict_keys(['example_external_task_marker_parent', 'example_external_task_marker_child']) retrieved from /home/airflow/.local/lib/python3.7/site-packages/airflow/example_dags/example_external_task_marker_dag.py
[2022-11-17T08:58:26.154+0000] {logging_mixin.py:137} INFO - [2022-11-17T08:58:26.154+0000] {dag.py:2585} INFO - Sync 2 DAGs
[2022-11-17T08:58:26.221+0000] {logging_mixin.py:137} INFO - [2022-11-17T08:58:26.221+0000] {dag.py:3340} INFO - Setting next_dagrun for example_external_task_marker_child to None, run_after=None
[2022-11-17T08:58:26.234+0000] {logging_mixin.py:137} INFO - [2022-11-17T08:58:26.234+0000] {dag.py:3340} INFO - Setting next_dagrun for example_external_task_marker_parent to None, run_after=None
[2022-11-17T08:58:26.268+0000] {processor.py:176} INFO - Processing /home/airflow/.local/lib/python3.7/site-packages/airflow/example_dags/example_external_task_marker_dag.py took 0.551 seconds
[2022-11-17T08:58:58.193+0000] {processor.py:154} INFO - Started process (PID=412) to work on /home/airflow/.local/lib/python3.7/site-packages/airflow/example_dags/example_external_task_marker_dag.py
[2022-11-17T08:58:58.201+0000] {processor.py:756} INFO - Processing file /home/airflow/.local/lib/python3.7/site-packages/airflow/example_dags/example_external_task_marker_dag.py for tasks to queue
[2022-11-17T08:58:58.226+0000] {logging_mixin.py:137} INFO - [2022-11-17T08:58:58.226+0000] {dagbag.py:537} INFO - Filling up the DagBag from /home/airflow/.local/lib/python3.7/site-packages/airflow/example_dags/example_external_task_marker_dag.py
[2022-11-17T08:58:58.580+0000] {processor.py:766} INFO - DAG(s) dict_keys(['example_external_task_marker_parent', 'example_external_task_marker_child']) retrieved from /home/airflow/.local/lib/python3.7/site-packages/airflow/example_dags/example_external_task_marker_dag.py
[2022-11-17T08:59:02.046+0000] {logging_mixin.py:137} INFO - [2022-11-17T08:59:02.037+0000] {dag.py:2585} INFO - Sync 2 DAGs
[2022-11-17T08:59:02.307+0000] {logging_mixin.py:137} INFO - [2022-11-17T08:59:02.307+0000] {dag.py:3340} INFO - Setting next_dagrun for example_external_task_marker_child to None, run_after=None
[2022-11-17T08:59:02.349+0000] {logging_mixin.py:137} INFO - [2022-11-17T08:59:02.348+0000] {dag.py:3340} INFO - Setting next_dagrun for example_external_task_marker_parent to None, run_after=None
[2022-11-17T08:59:02.462+0000] {processor.py:176} INFO - Processing /home/airflow/.local/lib/python3.7/site-packages/airflow/example_dags/example_external_task_marker_dag.py took 4.317 seconds
[2022-11-17T08:59:33.760+0000] {processor.py:154} INFO - Started process (PID=472) to work on /home/airflow/.local/lib/python3.7/site-packages/airflow/example_dags/example_external_task_marker_dag.py
[2022-11-17T08:59:33.763+0000] {processor.py:756} INFO - Processing file /home/airflow/.local/lib/python3.7/site-packages/airflow/example_dags/example_external_task_marker_dag.py for tasks to queue
[2022-11-17T08:59:33.774+0000] {logging_mixin.py:137} INFO - [2022-11-17T08:59:33.770+0000] {dagbag.py:537} INFO - Filling up the DagBag from /home/airflow/.local/lib/python3.7/site-packages/airflow/example_dags/example_external_task_marker_dag.py
[2022-11-17T08:59:33.991+0000] {processor.py:766} INFO - DAG(s) dict_keys(['example_external_task_marker_child', 'example_external_task_marker_parent']) retrieved from /home/airflow/.local/lib/python3.7/site-packages/airflow/example_dags/example_external_task_marker_dag.py
[2022-11-17T08:59:36.548+0000] {logging_mixin.py:137} INFO - [2022-11-17T08:59:36.547+0000] {dag.py:2585} INFO - Sync 2 DAGs
[2022-11-17T08:59:36.669+0000] {logging_mixin.py:137} INFO - [2022-11-17T08:59:36.668+0000] {dag.py:3340} INFO - Setting next_dagrun for example_external_task_marker_child to None, run_after=None
[2022-11-17T08:59:36.681+0000] {logging_mixin.py:137} INFO - [2022-11-17T08:59:36.681+0000] {dag.py:3340} INFO - Setting next_dagrun for example_external_task_marker_parent to None, run_after=None
[2022-11-17T08:59:36.717+0000] {processor.py:176} INFO - Processing /home/airflow/.local/lib/python3.7/site-packages/airflow/example_dags/example_external_task_marker_dag.py took 3.435 seconds
[2022-11-17T09:00:07.042+0000] {processor.py:154} INFO - Started process (PID=526) to work on /home/airflow/.local/lib/python3.7/site-packages/airflow/example_dags/example_external_task_marker_dag.py
[2022-11-17T09:00:07.048+0000] {processor.py:756} INFO - Processing file /home/airflow/.local/lib/python3.7/site-packages/airflow/example_dags/example_external_task_marker_dag.py for tasks to queue
[2022-11-17T09:00:07.053+0000] {logging_mixin.py:137} INFO - [2022-11-17T09:00:07.053+0000] {dagbag.py:537} INFO - Filling up the DagBag from /home/airflow/.local/lib/python3.7/site-packages/airflow/example_dags/example_external_task_marker_dag.py
[2022-11-17T09:00:07.113+0000] {processor.py:766} INFO - DAG(s) dict_keys(['example_external_task_marker_parent', 'example_external_task_marker_child']) retrieved from /home/airflow/.local/lib/python3.7/site-packages/airflow/example_dags/example_external_task_marker_dag.py
[2022-11-17T09:00:07.912+0000] {logging_mixin.py:137} INFO - [2022-11-17T09:00:07.910+0000] {dag.py:2585} INFO - Sync 2 DAGs
[2022-11-17T09:00:07.989+0000] {logging_mixin.py:137} INFO - [2022-11-17T09:00:07.988+0000] {dag.py:3340} INFO - Setting next_dagrun for example_external_task_marker_child to None, run_after=None
[2022-11-17T09:00:08.016+0000] {logging_mixin.py:137} INFO - [2022-11-17T09:00:08.015+0000] {dag.py:3340} INFO - Setting next_dagrun for example_external_task_marker_parent to None, run_after=None
[2022-11-17T09:00:08.136+0000] {processor.py:176} INFO - Processing /home/airflow/.local/lib/python3.7/site-packages/airflow/example_dags/example_external_task_marker_dag.py took 1.107 seconds
[2022-11-17T09:00:38.445+0000] {processor.py:154} INFO - Started process (PID=578) to work on /home/airflow/.local/lib/python3.7/site-packages/airflow/example_dags/example_external_task_marker_dag.py
[2022-11-17T09:00:38.453+0000] {processor.py:756} INFO - Processing file /home/airflow/.local/lib/python3.7/site-packages/airflow/example_dags/example_external_task_marker_dag.py for tasks to queue
[2022-11-17T09:00:38.472+0000] {logging_mixin.py:137} INFO - [2022-11-17T09:00:38.472+0000] {dagbag.py:537} INFO - Filling up the DagBag from /home/airflow/.local/lib/python3.7/site-packages/airflow/example_dags/example_external_task_marker_dag.py
[2022-11-17T09:00:38.548+0000] {processor.py:766} INFO - DAG(s) dict_keys(['example_external_task_marker_parent', 'example_external_task_marker_child']) retrieved from /home/airflow/.local/lib/python3.7/site-packages/airflow/example_dags/example_external_task_marker_dag.py
[2022-11-17T09:00:39.145+0000] {logging_mixin.py:137} INFO - [2022-11-17T09:00:39.145+0000] {dag.py:2585} INFO - Sync 2 DAGs
[2022-11-17T09:00:39.219+0000] {logging_mixin.py:137} INFO - [2022-11-17T09:00:39.218+0000] {dag.py:3340} INFO - Setting next_dagrun for example_external_task_marker_child to None, run_after=None
[2022-11-17T09:00:39.242+0000] {logging_mixin.py:137} INFO - [2022-11-17T09:00:39.242+0000] {dag.py:3340} INFO - Setting next_dagrun for example_external_task_marker_parent to None, run_after=None
[2022-11-17T09:00:39.395+0000] {processor.py:176} INFO - Processing /home/airflow/.local/lib/python3.7/site-packages/airflow/example_dags/example_external_task_marker_dag.py took 0.979 seconds
[2022-11-17T09:01:09.860+0000] {processor.py:154} INFO - Started process (PID=624) to work on /home/airflow/.local/lib/python3.7/site-packages/airflow/example_dags/example_external_task_marker_dag.py
[2022-11-17T09:01:09.863+0000] {processor.py:756} INFO - Processing file /home/airflow/.local/lib/python3.7/site-packages/airflow/example_dags/example_external_task_marker_dag.py for tasks to queue
[2022-11-17T09:01:09.866+0000] {logging_mixin.py:137} INFO - [2022-11-17T09:01:09.865+0000] {dagbag.py:537} INFO - Filling up the DagBag from /home/airflow/.local/lib/python3.7/site-packages/airflow/example_dags/example_external_task_marker_dag.py
[2022-11-17T09:01:09.896+0000] {processor.py:766} INFO - DAG(s) dict_keys(['example_external_task_marker_child', 'example_external_task_marker_parent']) retrieved from /home/airflow/.local/lib/python3.7/site-packages/airflow/example_dags/example_external_task_marker_dag.py
[2022-11-17T09:01:10.219+0000] {logging_mixin.py:137} INFO - [2022-11-17T09:01:10.219+0000] {dag.py:2585} INFO - Sync 2 DAGs
[2022-11-17T09:01:10.276+0000] {logging_mixin.py:137} INFO - [2022-11-17T09:01:10.276+0000] {dag.py:3340} INFO - Setting next_dagrun for example_external_task_marker_child to None, run_after=None
[2022-11-17T09:01:10.286+0000] {logging_mixin.py:137} INFO - [2022-11-17T09:01:10.286+0000] {dag.py:3340} INFO - Setting next_dagrun for example_external_task_marker_parent to None, run_after=None
[2022-11-17T09:01:10.321+0000] {processor.py:176} INFO - Processing /home/airflow/.local/lib/python3.7/site-packages/airflow/example_dags/example_external_task_marker_dag.py took 0.468 seconds
[2022-11-17T09:01:40.620+0000] {processor.py:154} INFO - Started process (PID=678) to work on /home/airflow/.local/lib/python3.7/site-packages/airflow/example_dags/example_external_task_marker_dag.py
[2022-11-17T09:01:40.675+0000] {processor.py:756} INFO - Processing file /home/airflow/.local/lib/python3.7/site-packages/airflow/example_dags/example_external_task_marker_dag.py for tasks to queue
[2022-11-17T09:01:40.684+0000] {logging_mixin.py:137} INFO - [2022-11-17T09:01:40.683+0000] {dagbag.py:537} INFO - Filling up the DagBag from /home/airflow/.local/lib/python3.7/site-packages/airflow/example_dags/example_external_task_marker_dag.py
[2022-11-17T09:01:41.035+0000] {processor.py:766} INFO - DAG(s) dict_keys(['example_external_task_marker_child', 'example_external_task_marker_parent']) retrieved from /home/airflow/.local/lib/python3.7/site-packages/airflow/example_dags/example_external_task_marker_dag.py
[2022-11-17T09:01:42.743+0000] {logging_mixin.py:137} INFO - [2022-11-17T09:01:42.743+0000] {dag.py:2585} INFO - Sync 2 DAGs
