[2022-11-17T08:48:06.960+0000] {processor.py:154} INFO - Started process (PID=58) to work on /home/airflow/.local/lib/python3.7/site-packages/airflow/example_dags/example_latest_only.py
[2022-11-17T08:48:06.964+0000] {processor.py:756} INFO - Processing file /home/airflow/.local/lib/python3.7/site-packages/airflow/example_dags/example_latest_only.py for tasks to queue
[2022-11-17T08:48:06.971+0000] {logging_mixin.py:137} INFO - [2022-11-17T08:48:06.970+0000] {dagbag.py:537} INFO - Filling up the DagBag from /home/airflow/.local/lib/python3.7/site-packages/airflow/example_dags/example_latest_only.py
[2022-11-17T08:48:07.042+0000] {processor.py:766} INFO - DAG(s) dict_keys(['latest_only']) retrieved from /home/airflow/.local/lib/python3.7/site-packages/airflow/example_dags/example_latest_only.py
[2022-11-17T08:48:07.805+0000] {logging_mixin.py:137} INFO - [2022-11-17T08:48:07.805+0000] {manager.py:507} INFO - Created Permission View: can delete on DAG:latest_only
[2022-11-17T08:48:07.839+0000] {logging_mixin.py:137} INFO - [2022-11-17T08:48:07.839+0000] {manager.py:507} INFO - Created Permission View: can edit on DAG:latest_only
[2022-11-17T08:48:07.891+0000] {logging_mixin.py:137} INFO - [2022-11-17T08:48:07.891+0000] {manager.py:507} INFO - Created Permission View: can read on DAG:latest_only
[2022-11-17T08:48:07.895+0000] {logging_mixin.py:137} INFO - [2022-11-17T08:48:07.894+0000] {dag.py:2585} INFO - Sync 1 DAGs
[2022-11-17T08:48:07.921+0000] {logging_mixin.py:137} INFO - [2022-11-17T08:48:07.921+0000] {dag.py:2606} INFO - Creating ORM DAG for latest_only
[2022-11-17T08:48:07.962+0000] {logging_mixin.py:137} INFO - [2022-11-17T08:48:07.961+0000] {dag.py:3340} INFO - Setting next_dagrun for latest_only to 2022-11-17T04:48:07.961416+00:00, run_after=2022-11-17T08:48:07.961416+00:00
[2022-11-17T08:48:08.034+0000] {processor.py:176} INFO - Processing /home/airflow/.local/lib/python3.7/site-packages/airflow/example_dags/example_latest_only.py took 1.086 seconds
[2022-11-17T08:55:35.197+0000] {processor.py:154} INFO - Started process (PID=69) to work on /home/airflow/.local/lib/python3.7/site-packages/airflow/example_dags/example_latest_only.py
[2022-11-17T08:55:35.200+0000] {processor.py:756} INFO - Processing file /home/airflow/.local/lib/python3.7/site-packages/airflow/example_dags/example_latest_only.py for tasks to queue
[2022-11-17T08:55:35.220+0000] {logging_mixin.py:137} INFO - [2022-11-17T08:55:35.220+0000] {dagbag.py:537} INFO - Filling up the DagBag from /home/airflow/.local/lib/python3.7/site-packages/airflow/example_dags/example_latest_only.py
[2022-11-17T08:55:35.337+0000] {processor.py:766} INFO - DAG(s) dict_keys(['latest_only']) retrieved from /home/airflow/.local/lib/python3.7/site-packages/airflow/example_dags/example_latest_only.py
[2022-11-17T08:55:35.691+0000] {logging_mixin.py:137} INFO - [2022-11-17T08:55:35.691+0000] {dag.py:2585} INFO - Sync 1 DAGs
[2022-11-17T08:55:36.230+0000] {logging_mixin.py:137} INFO - [2022-11-17T08:55:36.230+0000] {dag.py:3340} INFO - Setting next_dagrun for latest_only to 2022-11-17T04:55:36.229992+00:00, run_after=2022-11-17T08:55:36.229992+00:00
[2022-11-17T08:55:36.413+0000] {processor.py:176} INFO - Processing /home/airflow/.local/lib/python3.7/site-packages/airflow/example_dags/example_latest_only.py took 1.268 seconds
[2022-11-17T08:56:06.715+0000] {processor.py:154} INFO - Started process (PID=123) to work on /home/airflow/.local/lib/python3.7/site-packages/airflow/example_dags/example_latest_only.py
[2022-11-17T08:56:06.719+0000] {processor.py:756} INFO - Processing file /home/airflow/.local/lib/python3.7/site-packages/airflow/example_dags/example_latest_only.py for tasks to queue
[2022-11-17T08:56:06.723+0000] {logging_mixin.py:137} INFO - [2022-11-17T08:56:06.722+0000] {dagbag.py:537} INFO - Filling up the DagBag from /home/airflow/.local/lib/python3.7/site-packages/airflow/example_dags/example_latest_only.py
[2022-11-17T08:56:06.755+0000] {processor.py:766} INFO - DAG(s) dict_keys(['latest_only']) retrieved from /home/airflow/.local/lib/python3.7/site-packages/airflow/example_dags/example_latest_only.py
[2022-11-17T08:56:06.827+0000] {logging_mixin.py:137} INFO - [2022-11-17T08:56:06.826+0000] {dag.py:2585} INFO - Sync 1 DAGs
[2022-11-17T08:56:06.873+0000] {logging_mixin.py:137} INFO - [2022-11-17T08:56:06.873+0000] {dag.py:3340} INFO - Setting next_dagrun for latest_only to 2022-11-17T04:56:06.868045+00:00, run_after=2022-11-17T08:56:06.868045+00:00
[2022-11-17T08:56:06.952+0000] {processor.py:176} INFO - Processing /home/airflow/.local/lib/python3.7/site-packages/airflow/example_dags/example_latest_only.py took 0.246 seconds
[2022-11-17T08:56:38.240+0000] {processor.py:154} INFO - Started process (PID=177) to work on /home/airflow/.local/lib/python3.7/site-packages/airflow/example_dags/example_latest_only.py
[2022-11-17T08:56:38.248+0000] {processor.py:756} INFO - Processing file /home/airflow/.local/lib/python3.7/site-packages/airflow/example_dags/example_latest_only.py for tasks to queue
[2022-11-17T08:56:38.265+0000] {logging_mixin.py:137} INFO - [2022-11-17T08:56:38.253+0000] {dagbag.py:537} INFO - Filling up the DagBag from /home/airflow/.local/lib/python3.7/site-packages/airflow/example_dags/example_latest_only.py
[2022-11-17T08:56:38.558+0000] {processor.py:766} INFO - DAG(s) dict_keys(['latest_only']) retrieved from /home/airflow/.local/lib/python3.7/site-packages/airflow/example_dags/example_latest_only.py
[2022-11-17T08:56:38.936+0000] {logging_mixin.py:137} INFO - [2022-11-17T08:56:38.931+0000] {dag.py:2585} INFO - Sync 1 DAGs
[2022-11-17T08:56:39.145+0000] {logging_mixin.py:137} INFO - [2022-11-17T08:56:39.145+0000] {dag.py:3340} INFO - Setting next_dagrun for latest_only to 2022-11-17T04:56:39.144512+00:00, run_after=2022-11-17T08:56:39.144512+00:00
[2022-11-17T08:56:39.350+0000] {processor.py:176} INFO - Processing /home/airflow/.local/lib/python3.7/site-packages/airflow/example_dags/example_latest_only.py took 1.168 seconds
[2022-11-17T08:57:09.904+0000] {processor.py:154} INFO - Started process (PID=232) to work on /home/airflow/.local/lib/python3.7/site-packages/airflow/example_dags/example_latest_only.py
[2022-11-17T08:57:09.907+0000] {processor.py:756} INFO - Processing file /home/airflow/.local/lib/python3.7/site-packages/airflow/example_dags/example_latest_only.py for tasks to queue
[2022-11-17T08:57:09.911+0000] {logging_mixin.py:137} INFO - [2022-11-17T08:57:09.910+0000] {dagbag.py:537} INFO - Filling up the DagBag from /home/airflow/.local/lib/python3.7/site-packages/airflow/example_dags/example_latest_only.py
[2022-11-17T08:57:10.026+0000] {processor.py:766} INFO - DAG(s) dict_keys(['latest_only']) retrieved from /home/airflow/.local/lib/python3.7/site-packages/airflow/example_dags/example_latest_only.py
[2022-11-17T08:57:10.187+0000] {logging_mixin.py:137} INFO - [2022-11-17T08:57:10.186+0000] {dag.py:2585} INFO - Sync 1 DAGs
[2022-11-17T08:57:10.244+0000] {logging_mixin.py:137} INFO - [2022-11-17T08:57:10.244+0000] {dag.py:3340} INFO - Setting next_dagrun for latest_only to 2022-11-17T04:57:10.243612+00:00, run_after=2022-11-17T08:57:10.243612+00:00
[2022-11-17T08:57:10.312+0000] {processor.py:176} INFO - Processing /home/airflow/.local/lib/python3.7/site-packages/airflow/example_dags/example_latest_only.py took 0.433 seconds
[2022-11-17T08:57:41.082+0000] {processor.py:154} INFO - Started process (PID=285) to work on /home/airflow/.local/lib/python3.7/site-packages/airflow/example_dags/example_latest_only.py
[2022-11-17T08:57:41.089+0000] {processor.py:756} INFO - Processing file /home/airflow/.local/lib/python3.7/site-packages/airflow/example_dags/example_latest_only.py for tasks to queue
[2022-11-17T08:57:41.106+0000] {logging_mixin.py:137} INFO - [2022-11-17T08:57:41.105+0000] {dagbag.py:537} INFO - Filling up the DagBag from /home/airflow/.local/lib/python3.7/site-packages/airflow/example_dags/example_latest_only.py
[2022-11-17T08:57:41.214+0000] {processor.py:766} INFO - DAG(s) dict_keys(['latest_only']) retrieved from /home/airflow/.local/lib/python3.7/site-packages/airflow/example_dags/example_latest_only.py
[2022-11-17T08:57:41.647+0000] {logging_mixin.py:137} INFO - [2022-11-17T08:57:41.646+0000] {dag.py:2585} INFO - Sync 1 DAGs
[2022-11-17T08:57:41.795+0000] {logging_mixin.py:137} INFO - [2022-11-17T08:57:41.795+0000] {dag.py:3340} INFO - Setting next_dagrun for latest_only to 2022-11-17T04:57:41.794569+00:00, run_after=2022-11-17T08:57:41.794569+00:00
[2022-11-17T08:57:41.833+0000] {processor.py:176} INFO - Processing /home/airflow/.local/lib/python3.7/site-packages/airflow/example_dags/example_latest_only.py took 0.885 seconds
[2022-11-17T08:58:12.013+0000] {processor.py:154} INFO - Started process (PID=339) to work on /home/airflow/.local/lib/python3.7/site-packages/airflow/example_dags/example_latest_only.py
[2022-11-17T08:58:12.016+0000] {processor.py:756} INFO - Processing file /home/airflow/.local/lib/python3.7/site-packages/airflow/example_dags/example_latest_only.py for tasks to queue
[2022-11-17T08:58:12.020+0000] {logging_mixin.py:137} INFO - [2022-11-17T08:58:12.019+0000] {dagbag.py:537} INFO - Filling up the DagBag from /home/airflow/.local/lib/python3.7/site-packages/airflow/example_dags/example_latest_only.py
[2022-11-17T08:58:12.063+0000] {processor.py:766} INFO - DAG(s) dict_keys(['latest_only']) retrieved from /home/airflow/.local/lib/python3.7/site-packages/airflow/example_dags/example_latest_only.py
[2022-11-17T08:58:12.171+0000] {logging_mixin.py:137} INFO - [2022-11-17T08:58:12.170+0000] {dag.py:2585} INFO - Sync 1 DAGs
[2022-11-17T08:58:12.228+0000] {logging_mixin.py:137} INFO - [2022-11-17T08:58:12.228+0000] {dag.py:3340} INFO - Setting next_dagrun for latest_only to 2022-11-17T04:58:12.227766+00:00, run_after=2022-11-17T08:58:12.227766+00:00
[2022-11-17T08:58:12.316+0000] {processor.py:176} INFO - Processing /home/airflow/.local/lib/python3.7/site-packages/airflow/example_dags/example_latest_only.py took 0.323 seconds
[2022-11-17T08:58:43.579+0000] {processor.py:154} INFO - Started process (PID=393) to work on /home/airflow/.local/lib/python3.7/site-packages/airflow/example_dags/example_latest_only.py
[2022-11-17T08:58:43.593+0000] {processor.py:756} INFO - Processing file /home/airflow/.local/lib/python3.7/site-packages/airflow/example_dags/example_latest_only.py for tasks to queue
[2022-11-17T08:58:43.608+0000] {logging_mixin.py:137} INFO - [2022-11-17T08:58:43.607+0000] {dagbag.py:537} INFO - Filling up the DagBag from /home/airflow/.local/lib/python3.7/site-packages/airflow/example_dags/example_latest_only.py
[2022-11-17T08:58:43.727+0000] {processor.py:766} INFO - DAG(s) dict_keys(['latest_only']) retrieved from /home/airflow/.local/lib/python3.7/site-packages/airflow/example_dags/example_latest_only.py
[2022-11-17T08:58:43.928+0000] {logging_mixin.py:137} INFO - [2022-11-17T08:58:43.927+0000] {dag.py:2585} INFO - Sync 1 DAGs
[2022-11-17T08:58:44.004+0000] {logging_mixin.py:137} INFO - [2022-11-17T08:58:44.003+0000] {dag.py:3340} INFO - Setting next_dagrun for latest_only to 2022-11-17T04:58:44.003457+00:00, run_after=2022-11-17T08:58:44.003457+00:00
[2022-11-17T08:58:44.069+0000] {processor.py:176} INFO - Processing /home/airflow/.local/lib/python3.7/site-packages/airflow/example_dags/example_latest_only.py took 0.503 seconds
[2022-11-17T08:59:16.092+0000] {processor.py:154} INFO - Started process (PID=446) to work on /home/airflow/.local/lib/python3.7/site-packages/airflow/example_dags/example_latest_only.py
[2022-11-17T08:59:16.101+0000] {processor.py:756} INFO - Processing file /home/airflow/.local/lib/python3.7/site-packages/airflow/example_dags/example_latest_only.py for tasks to queue
[2022-11-17T08:59:16.109+0000] {logging_mixin.py:137} INFO - [2022-11-17T08:59:16.108+0000] {dagbag.py:537} INFO - Filling up the DagBag from /home/airflow/.local/lib/python3.7/site-packages/airflow/example_dags/example_latest_only.py
[2022-11-17T08:59:16.263+0000] {processor.py:766} INFO - DAG(s) dict_keys(['latest_only']) retrieved from /home/airflow/.local/lib/python3.7/site-packages/airflow/example_dags/example_latest_only.py
[2022-11-17T08:59:16.744+0000] {logging_mixin.py:137} INFO - [2022-11-17T08:59:16.744+0000] {dag.py:2585} INFO - Sync 1 DAGs
[2022-11-17T08:59:16.962+0000] {logging_mixin.py:137} INFO - [2022-11-17T08:59:16.961+0000] {dag.py:3340} INFO - Setting next_dagrun for latest_only to 2022-11-17T04:59:16.961447+00:00, run_after=2022-11-17T08:59:16.961447+00:00
[2022-11-17T08:59:17.199+0000] {processor.py:176} INFO - Processing /home/airflow/.local/lib/python3.7/site-packages/airflow/example_dags/example_latest_only.py took 1.147 seconds
[2022-11-17T08:59:48.651+0000] {processor.py:154} INFO - Started process (PID=500) to work on /home/airflow/.local/lib/python3.7/site-packages/airflow/example_dags/example_latest_only.py
[2022-11-17T08:59:48.664+0000] {processor.py:756} INFO - Processing file /home/airflow/.local/lib/python3.7/site-packages/airflow/example_dags/example_latest_only.py for tasks to queue
[2022-11-17T08:59:48.676+0000] {logging_mixin.py:137} INFO - [2022-11-17T08:59:48.673+0000] {dagbag.py:537} INFO - Filling up the DagBag from /home/airflow/.local/lib/python3.7/site-packages/airflow/example_dags/example_latest_only.py
[2022-11-17T08:59:48.792+0000] {processor.py:766} INFO - DAG(s) dict_keys(['latest_only']) retrieved from /home/airflow/.local/lib/python3.7/site-packages/airflow/example_dags/example_latest_only.py
[2022-11-17T08:59:49.138+0000] {logging_mixin.py:137} INFO - [2022-11-17T08:59:49.138+0000] {dag.py:2585} INFO - Sync 1 DAGs
[2022-11-17T08:59:49.288+0000] {logging_mixin.py:137} INFO - [2022-11-17T08:59:49.288+0000] {dag.py:3340} INFO - Setting next_dagrun for latest_only to 2022-11-17T04:59:49.288235+00:00, run_after=2022-11-17T08:59:49.288235+00:00
[2022-11-17T08:59:49.415+0000] {processor.py:176} INFO - Processing /home/airflow/.local/lib/python3.7/site-packages/airflow/example_dags/example_latest_only.py took 0.778 seconds
[2022-11-17T09:00:24.986+0000] {processor.py:154} INFO - Started process (PID=562) to work on /home/airflow/.local/lib/python3.7/site-packages/airflow/example_dags/example_latest_only.py
[2022-11-17T09:00:24.992+0000] {processor.py:756} INFO - Processing file /home/airflow/.local/lib/python3.7/site-packages/airflow/example_dags/example_latest_only.py for tasks to queue
[2022-11-17T09:00:25.005+0000] {logging_mixin.py:137} INFO - [2022-11-17T09:00:25.003+0000] {dagbag.py:537} INFO - Filling up the DagBag from /home/airflow/.local/lib/python3.7/site-packages/airflow/example_dags/example_latest_only.py
[2022-11-17T09:00:25.077+0000] {processor.py:766} INFO - DAG(s) dict_keys(['latest_only']) retrieved from /home/airflow/.local/lib/python3.7/site-packages/airflow/example_dags/example_latest_only.py
[2022-11-17T09:00:25.178+0000] {logging_mixin.py:137} INFO - [2022-11-17T09:00:25.178+0000] {dag.py:2585} INFO - Sync 1 DAGs
[2022-11-17T09:00:25.358+0000] {logging_mixin.py:137} INFO - [2022-11-17T09:00:25.358+0000] {dag.py:3340} INFO - Setting next_dagrun for latest_only to 2022-11-17T05:00:25.357644+00:00, run_after=2022-11-17T09:00:25.357644+00:00
[2022-11-17T09:00:25.452+0000] {processor.py:176} INFO - Processing /home/airflow/.local/lib/python3.7/site-packages/airflow/example_dags/example_latest_only.py took 0.492 seconds
[2022-11-17T09:00:56.031+0000] {processor.py:154} INFO - Started process (PID=607) to work on /home/airflow/.local/lib/python3.7/site-packages/airflow/example_dags/example_latest_only.py
[2022-11-17T09:00:56.035+0000] {processor.py:756} INFO - Processing file /home/airflow/.local/lib/python3.7/site-packages/airflow/example_dags/example_latest_only.py for tasks to queue
[2022-11-17T09:00:56.038+0000] {logging_mixin.py:137} INFO - [2022-11-17T09:00:56.037+0000] {dagbag.py:537} INFO - Filling up the DagBag from /home/airflow/.local/lib/python3.7/site-packages/airflow/example_dags/example_latest_only.py
[2022-11-17T09:00:56.071+0000] {processor.py:766} INFO - DAG(s) dict_keys(['latest_only']) retrieved from /home/airflow/.local/lib/python3.7/site-packages/airflow/example_dags/example_latest_only.py
[2022-11-17T09:00:56.158+0000] {logging_mixin.py:137} INFO - [2022-11-17T09:00:56.157+0000] {dag.py:2585} INFO - Sync 1 DAGs
[2022-11-17T09:00:56.233+0000] {logging_mixin.py:137} INFO - [2022-11-17T09:00:56.232+0000] {dag.py:3340} INFO - Setting next_dagrun for latest_only to 2022-11-17T05:00:56.231402+00:00, run_after=2022-11-17T09:00:56.231402+00:00
[2022-11-17T09:00:56.298+0000] {processor.py:176} INFO - Processing /home/airflow/.local/lib/python3.7/site-packages/airflow/example_dags/example_latest_only.py took 0.281 seconds
[2022-11-17T09:01:28.140+0000] {processor.py:154} INFO - Started process (PID=660) to work on /home/airflow/.local/lib/python3.7/site-packages/airflow/example_dags/example_latest_only.py
[2022-11-17T09:01:28.143+0000] {processor.py:756} INFO - Processing file /home/airflow/.local/lib/python3.7/site-packages/airflow/example_dags/example_latest_only.py for tasks to queue
[2022-11-17T09:01:28.147+0000] {logging_mixin.py:137} INFO - [2022-11-17T09:01:28.147+0000] {dagbag.py:537} INFO - Filling up the DagBag from /home/airflow/.local/lib/python3.7/site-packages/airflow/example_dags/example_latest_only.py
[2022-11-17T09:01:28.194+0000] {processor.py:766} INFO - DAG(s) dict_keys(['latest_only']) retrieved from /home/airflow/.local/lib/python3.7/site-packages/airflow/example_dags/example_latest_only.py
[2022-11-17T09:01:28.414+0000] {logging_mixin.py:137} INFO - [2022-11-17T09:01:28.413+0000] {dag.py:2585} INFO - Sync 1 DAGs
[2022-11-17T09:01:28.539+0000] {logging_mixin.py:137} INFO - [2022-11-17T09:01:28.539+0000] {dag.py:3340} INFO - Setting next_dagrun for latest_only to 2022-11-17T05:01:28.539105+00:00, run_after=2022-11-17T09:01:28.539105+00:00
[2022-11-17T09:01:28.656+0000] {processor.py:176} INFO - Processing /home/airflow/.local/lib/python3.7/site-packages/airflow/example_dags/example_latest_only.py took 0.529 seconds
