[2022-11-17T08:48:13.495+0000] {processor.py:154} INFO - Started process (PID=68) to work on /home/airflow/.local/lib/python3.7/site-packages/airflow/example_dags/example_bash_operator.py
[2022-11-17T08:48:13.498+0000] {processor.py:756} INFO - Processing file /home/airflow/.local/lib/python3.7/site-packages/airflow/example_dags/example_bash_operator.py for tasks to queue
[2022-11-17T08:48:13.501+0000] {logging_mixin.py:137} INFO - [2022-11-17T08:48:13.501+0000] {dagbag.py:537} INFO - Filling up the DagBag from /home/airflow/.local/lib/python3.7/site-packages/airflow/example_dags/example_bash_operator.py
[2022-11-17T08:48:13.557+0000] {processor.py:766} INFO - DAG(s) dict_keys(['example_bash_operator']) retrieved from /home/airflow/.local/lib/python3.7/site-packages/airflow/example_dags/example_bash_operator.py
[2022-11-17T08:48:14.034+0000] {logging_mixin.py:137} INFO - [2022-11-17T08:48:14.033+0000] {manager.py:507} INFO - Created Permission View: can delete on DAG:example_bash_operator
[2022-11-17T08:48:14.077+0000] {logging_mixin.py:137} INFO - [2022-11-17T08:48:14.077+0000] {manager.py:507} INFO - Created Permission View: can edit on DAG:example_bash_operator
[2022-11-17T08:48:14.100+0000] {logging_mixin.py:137} INFO - [2022-11-17T08:48:14.099+0000] {manager.py:507} INFO - Created Permission View: can read on DAG:example_bash_operator
[2022-11-17T08:48:14.102+0000] {logging_mixin.py:137} INFO - [2022-11-17T08:48:14.101+0000] {dag.py:2585} INFO - Sync 1 DAGs
[2022-11-17T08:48:14.147+0000] {logging_mixin.py:137} INFO - [2022-11-17T08:48:14.146+0000] {dag.py:2606} INFO - Creating ORM DAG for example_bash_operator
[2022-11-17T08:48:14.188+0000] {logging_mixin.py:137} INFO - [2022-11-17T08:48:14.187+0000] {dag.py:3340} INFO - Setting next_dagrun for example_bash_operator to 2022-11-16T00:00:00+00:00, run_after=2022-11-17T00:00:00+00:00
[2022-11-17T08:48:14.260+0000] {processor.py:176} INFO - Processing /home/airflow/.local/lib/python3.7/site-packages/airflow/example_dags/example_bash_operator.py took 0.773 seconds
[2022-11-17T08:55:46.220+0000] {processor.py:154} INFO - Started process (PID=88) to work on /home/airflow/.local/lib/python3.7/site-packages/airflow/example_dags/example_bash_operator.py
[2022-11-17T08:55:46.232+0000] {processor.py:756} INFO - Processing file /home/airflow/.local/lib/python3.7/site-packages/airflow/example_dags/example_bash_operator.py for tasks to queue
[2022-11-17T08:55:46.242+0000] {logging_mixin.py:137} INFO - [2022-11-17T08:55:46.240+0000] {dagbag.py:537} INFO - Filling up the DagBag from /home/airflow/.local/lib/python3.7/site-packages/airflow/example_dags/example_bash_operator.py
[2022-11-17T08:55:46.425+0000] {processor.py:766} INFO - DAG(s) dict_keys(['example_bash_operator']) retrieved from /home/airflow/.local/lib/python3.7/site-packages/airflow/example_dags/example_bash_operator.py
[2022-11-17T08:55:46.717+0000] {logging_mixin.py:137} INFO - [2022-11-17T08:55:46.717+0000] {dag.py:2585} INFO - Sync 1 DAGs
[2022-11-17T08:55:46.848+0000] {logging_mixin.py:137} INFO - [2022-11-17T08:55:46.848+0000] {dag.py:3340} INFO - Setting next_dagrun for example_bash_operator to 2022-11-16T00:00:00+00:00, run_after=2022-11-17T00:00:00+00:00
[2022-11-17T08:55:47.124+0000] {processor.py:176} INFO - Processing /home/airflow/.local/lib/python3.7/site-packages/airflow/example_dags/example_bash_operator.py took 0.922 seconds
[2022-11-17T08:56:21.026+0000] {processor.py:154} INFO - Started process (PID=142) to work on /home/airflow/.local/lib/python3.7/site-packages/airflow/example_dags/example_bash_operator.py
[2022-11-17T08:56:21.030+0000] {processor.py:756} INFO - Processing file /home/airflow/.local/lib/python3.7/site-packages/airflow/example_dags/example_bash_operator.py for tasks to queue
[2022-11-17T08:56:21.037+0000] {logging_mixin.py:137} INFO - [2022-11-17T08:56:21.036+0000] {dagbag.py:537} INFO - Filling up the DagBag from /home/airflow/.local/lib/python3.7/site-packages/airflow/example_dags/example_bash_operator.py
[2022-11-17T08:56:21.246+0000] {processor.py:766} INFO - DAG(s) dict_keys(['example_bash_operator']) retrieved from /home/airflow/.local/lib/python3.7/site-packages/airflow/example_dags/example_bash_operator.py
[2022-11-17T08:56:21.545+0000] {logging_mixin.py:137} INFO - [2022-11-17T08:56:21.545+0000] {dag.py:2585} INFO - Sync 1 DAGs
[2022-11-17T08:56:21.659+0000] {logging_mixin.py:137} INFO - [2022-11-17T08:56:21.659+0000] {dag.py:3340} INFO - Setting next_dagrun for example_bash_operator to 2022-11-16T00:00:00+00:00, run_after=2022-11-17T00:00:00+00:00
[2022-11-17T08:56:21.748+0000] {processor.py:176} INFO - Processing /home/airflow/.local/lib/python3.7/site-packages/airflow/example_dags/example_bash_operator.py took 0.746 seconds
[2022-11-17T08:56:52.138+0000] {processor.py:154} INFO - Started process (PID=194) to work on /home/airflow/.local/lib/python3.7/site-packages/airflow/example_dags/example_bash_operator.py
[2022-11-17T08:56:52.153+0000] {processor.py:756} INFO - Processing file /home/airflow/.local/lib/python3.7/site-packages/airflow/example_dags/example_bash_operator.py for tasks to queue
[2022-11-17T08:56:52.158+0000] {logging_mixin.py:137} INFO - [2022-11-17T08:56:52.157+0000] {dagbag.py:537} INFO - Filling up the DagBag from /home/airflow/.local/lib/python3.7/site-packages/airflow/example_dags/example_bash_operator.py
[2022-11-17T08:56:52.353+0000] {processor.py:766} INFO - DAG(s) dict_keys(['example_bash_operator']) retrieved from /home/airflow/.local/lib/python3.7/site-packages/airflow/example_dags/example_bash_operator.py
[2022-11-17T08:56:52.622+0000] {logging_mixin.py:137} INFO - [2022-11-17T08:56:52.622+0000] {dag.py:2585} INFO - Sync 1 DAGs
[2022-11-17T08:56:52.787+0000] {logging_mixin.py:137} INFO - [2022-11-17T08:56:52.787+0000] {dag.py:3340} INFO - Setting next_dagrun for example_bash_operator to 2022-11-16T00:00:00+00:00, run_after=2022-11-17T00:00:00+00:00
[2022-11-17T08:56:52.908+0000] {processor.py:176} INFO - Processing /home/airflow/.local/lib/python3.7/site-packages/airflow/example_dags/example_bash_operator.py took 0.786 seconds
[2022-11-17T08:57:23.125+0000] {processor.py:154} INFO - Started process (PID=247) to work on /home/airflow/.local/lib/python3.7/site-packages/airflow/example_dags/example_bash_operator.py
[2022-11-17T08:57:23.143+0000] {processor.py:756} INFO - Processing file /home/airflow/.local/lib/python3.7/site-packages/airflow/example_dags/example_bash_operator.py for tasks to queue
[2022-11-17T08:57:23.145+0000] {logging_mixin.py:137} INFO - [2022-11-17T08:57:23.145+0000] {dagbag.py:537} INFO - Filling up the DagBag from /home/airflow/.local/lib/python3.7/site-packages/airflow/example_dags/example_bash_operator.py
[2022-11-17T08:57:23.374+0000] {processor.py:766} INFO - DAG(s) dict_keys(['example_bash_operator']) retrieved from /home/airflow/.local/lib/python3.7/site-packages/airflow/example_dags/example_bash_operator.py
[2022-11-17T08:57:23.613+0000] {logging_mixin.py:137} INFO - [2022-11-17T08:57:23.612+0000] {dag.py:2585} INFO - Sync 1 DAGs
[2022-11-17T08:57:23.712+0000] {logging_mixin.py:137} INFO - [2022-11-17T08:57:23.712+0000] {dag.py:3340} INFO - Setting next_dagrun for example_bash_operator to 2022-11-16T00:00:00+00:00, run_after=2022-11-17T00:00:00+00:00
[2022-11-17T08:57:23.786+0000] {processor.py:176} INFO - Processing /home/airflow/.local/lib/python3.7/site-packages/airflow/example_dags/example_bash_operator.py took 0.684 seconds
[2022-11-17T08:57:54.156+0000] {processor.py:154} INFO - Started process (PID=303) to work on /home/airflow/.local/lib/python3.7/site-packages/airflow/example_dags/example_bash_operator.py
[2022-11-17T08:57:54.162+0000] {processor.py:756} INFO - Processing file /home/airflow/.local/lib/python3.7/site-packages/airflow/example_dags/example_bash_operator.py for tasks to queue
[2022-11-17T08:57:54.165+0000] {logging_mixin.py:137} INFO - [2022-11-17T08:57:54.164+0000] {dagbag.py:537} INFO - Filling up the DagBag from /home/airflow/.local/lib/python3.7/site-packages/airflow/example_dags/example_bash_operator.py
[2022-11-17T08:57:54.219+0000] {processor.py:766} INFO - DAG(s) dict_keys(['example_bash_operator']) retrieved from /home/airflow/.local/lib/python3.7/site-packages/airflow/example_dags/example_bash_operator.py
[2022-11-17T08:57:54.344+0000] {logging_mixin.py:137} INFO - [2022-11-17T08:57:54.344+0000] {dag.py:2585} INFO - Sync 1 DAGs
[2022-11-17T08:57:54.410+0000] {logging_mixin.py:137} INFO - [2022-11-17T08:57:54.410+0000] {dag.py:3340} INFO - Setting next_dagrun for example_bash_operator to 2022-11-16T00:00:00+00:00, run_after=2022-11-17T00:00:00+00:00
[2022-11-17T08:57:54.452+0000] {processor.py:176} INFO - Processing /home/airflow/.local/lib/python3.7/site-packages/airflow/example_dags/example_bash_operator.py took 0.306 seconds
[2022-11-17T08:58:24.632+0000] {processor.py:154} INFO - Started process (PID=356) to work on /home/airflow/.local/lib/python3.7/site-packages/airflow/example_dags/example_bash_operator.py
[2022-11-17T08:58:24.635+0000] {processor.py:756} INFO - Processing file /home/airflow/.local/lib/python3.7/site-packages/airflow/example_dags/example_bash_operator.py for tasks to queue
[2022-11-17T08:58:24.640+0000] {logging_mixin.py:137} INFO - [2022-11-17T08:58:24.639+0000] {dagbag.py:537} INFO - Filling up the DagBag from /home/airflow/.local/lib/python3.7/site-packages/airflow/example_dags/example_bash_operator.py
[2022-11-17T08:58:24.711+0000] {processor.py:766} INFO - DAG(s) dict_keys(['example_bash_operator']) retrieved from /home/airflow/.local/lib/python3.7/site-packages/airflow/example_dags/example_bash_operator.py
[2022-11-17T08:58:24.882+0000] {logging_mixin.py:137} INFO - [2022-11-17T08:58:24.882+0000] {dag.py:2585} INFO - Sync 1 DAGs
[2022-11-17T08:58:24.950+0000] {logging_mixin.py:137} INFO - [2022-11-17T08:58:24.950+0000] {dag.py:3340} INFO - Setting next_dagrun for example_bash_operator to 2022-11-16T00:00:00+00:00, run_after=2022-11-17T00:00:00+00:00
[2022-11-17T08:58:25.011+0000] {processor.py:176} INFO - Processing /home/airflow/.local/lib/python3.7/site-packages/airflow/example_dags/example_bash_operator.py took 0.387 seconds
[2022-11-17T08:58:55.464+0000] {processor.py:154} INFO - Started process (PID=410) to work on /home/airflow/.local/lib/python3.7/site-packages/airflow/example_dags/example_bash_operator.py
[2022-11-17T08:58:55.474+0000] {processor.py:756} INFO - Processing file /home/airflow/.local/lib/python3.7/site-packages/airflow/example_dags/example_bash_operator.py for tasks to queue
[2022-11-17T08:58:55.480+0000] {logging_mixin.py:137} INFO - [2022-11-17T08:58:55.478+0000] {dagbag.py:537} INFO - Filling up the DagBag from /home/airflow/.local/lib/python3.7/site-packages/airflow/example_dags/example_bash_operator.py
[2022-11-17T08:58:55.585+0000] {processor.py:766} INFO - DAG(s) dict_keys(['example_bash_operator']) retrieved from /home/airflow/.local/lib/python3.7/site-packages/airflow/example_dags/example_bash_operator.py
[2022-11-17T08:58:56.071+0000] {logging_mixin.py:137} INFO - [2022-11-17T08:58:56.071+0000] {dag.py:2585} INFO - Sync 1 DAGs
[2022-11-17T08:58:56.294+0000] {logging_mixin.py:137} INFO - [2022-11-17T08:58:56.294+0000] {dag.py:3340} INFO - Setting next_dagrun for example_bash_operator to 2022-11-16T00:00:00+00:00, run_after=2022-11-17T00:00:00+00:00
[2022-11-17T08:58:56.486+0000] {processor.py:176} INFO - Processing /home/airflow/.local/lib/python3.7/site-packages/airflow/example_dags/example_bash_operator.py took 1.038 seconds
[2022-11-17T08:59:27.504+0000] {processor.py:154} INFO - Started process (PID=463) to work on /home/airflow/.local/lib/python3.7/site-packages/airflow/example_dags/example_bash_operator.py
[2022-11-17T08:59:27.560+0000] {processor.py:756} INFO - Processing file /home/airflow/.local/lib/python3.7/site-packages/airflow/example_dags/example_bash_operator.py for tasks to queue
[2022-11-17T08:59:27.577+0000] {logging_mixin.py:137} INFO - [2022-11-17T08:59:27.576+0000] {dagbag.py:537} INFO - Filling up the DagBag from /home/airflow/.local/lib/python3.7/site-packages/airflow/example_dags/example_bash_operator.py
[2022-11-17T08:59:27.728+0000] {processor.py:766} INFO - DAG(s) dict_keys(['example_bash_operator']) retrieved from /home/airflow/.local/lib/python3.7/site-packages/airflow/example_dags/example_bash_operator.py
[2022-11-17T08:59:27.846+0000] {logging_mixin.py:137} INFO - [2022-11-17T08:59:27.846+0000] {dag.py:2585} INFO - Sync 1 DAGs
[2022-11-17T08:59:27.909+0000] {logging_mixin.py:137} INFO - [2022-11-17T08:59:27.909+0000] {dag.py:3340} INFO - Setting next_dagrun for example_bash_operator to 2022-11-16T00:00:00+00:00, run_after=2022-11-17T00:00:00+00:00
[2022-11-17T08:59:27.970+0000] {processor.py:176} INFO - Processing /home/airflow/.local/lib/python3.7/site-packages/airflow/example_dags/example_bash_operator.py took 0.476 seconds
[2022-11-17T08:59:58.474+0000] {processor.py:154} INFO - Started process (PID=517) to work on /home/airflow/.local/lib/python3.7/site-packages/airflow/example_dags/example_bash_operator.py
[2022-11-17T08:59:58.488+0000] {processor.py:756} INFO - Processing file /home/airflow/.local/lib/python3.7/site-packages/airflow/example_dags/example_bash_operator.py for tasks to queue
[2022-11-17T08:59:58.491+0000] {logging_mixin.py:137} INFO - [2022-11-17T08:59:58.491+0000] {dagbag.py:537} INFO - Filling up the DagBag from /home/airflow/.local/lib/python3.7/site-packages/airflow/example_dags/example_bash_operator.py
[2022-11-17T08:59:58.563+0000] {processor.py:766} INFO - DAG(s) dict_keys(['example_bash_operator']) retrieved from /home/airflow/.local/lib/python3.7/site-packages/airflow/example_dags/example_bash_operator.py
[2022-11-17T08:59:58.710+0000] {logging_mixin.py:137} INFO - [2022-11-17T08:59:58.710+0000] {dag.py:2585} INFO - Sync 1 DAGs
[2022-11-17T08:59:58.795+0000] {logging_mixin.py:137} INFO - [2022-11-17T08:59:58.794+0000] {dag.py:3340} INFO - Setting next_dagrun for example_bash_operator to 2022-11-16T00:00:00+00:00, run_after=2022-11-17T00:00:00+00:00
[2022-11-17T08:59:58.864+0000] {processor.py:176} INFO - Processing /home/airflow/.local/lib/python3.7/site-packages/airflow/example_dags/example_bash_operator.py took 0.401 seconds
[2022-11-17T09:00:29.435+0000] {processor.py:154} INFO - Started process (PID=570) to work on /home/airflow/.local/lib/python3.7/site-packages/airflow/example_dags/example_bash_operator.py
[2022-11-17T09:00:29.439+0000] {processor.py:756} INFO - Processing file /home/airflow/.local/lib/python3.7/site-packages/airflow/example_dags/example_bash_operator.py for tasks to queue
[2022-11-17T09:00:29.442+0000] {logging_mixin.py:137} INFO - [2022-11-17T09:00:29.441+0000] {dagbag.py:537} INFO - Filling up the DagBag from /home/airflow/.local/lib/python3.7/site-packages/airflow/example_dags/example_bash_operator.py
[2022-11-17T09:00:29.665+0000] {processor.py:766} INFO - DAG(s) dict_keys(['example_bash_operator']) retrieved from /home/airflow/.local/lib/python3.7/site-packages/airflow/example_dags/example_bash_operator.py
[2022-11-17T09:00:29.865+0000] {logging_mixin.py:137} INFO - [2022-11-17T09:00:29.865+0000] {dag.py:2585} INFO - Sync 1 DAGs
[2022-11-17T09:00:30.011+0000] {logging_mixin.py:137} INFO - [2022-11-17T09:00:30.011+0000] {dag.py:3340} INFO - Setting next_dagrun for example_bash_operator to 2022-11-16T00:00:00+00:00, run_after=2022-11-17T00:00:00+00:00
[2022-11-17T09:00:30.140+0000] {processor.py:176} INFO - Processing /home/airflow/.local/lib/python3.7/site-packages/airflow/example_dags/example_bash_operator.py took 0.737 seconds
[2022-11-17T09:01:00.820+0000] {processor.py:154} INFO - Started process (PID=623) to work on /home/airflow/.local/lib/python3.7/site-packages/airflow/example_dags/example_bash_operator.py
[2022-11-17T09:01:00.830+0000] {processor.py:756} INFO - Processing file /home/airflow/.local/lib/python3.7/site-packages/airflow/example_dags/example_bash_operator.py for tasks to queue
[2022-11-17T09:01:00.841+0000] {logging_mixin.py:137} INFO - [2022-11-17T09:01:00.840+0000] {dagbag.py:537} INFO - Filling up the DagBag from /home/airflow/.local/lib/python3.7/site-packages/airflow/example_dags/example_bash_operator.py
[2022-11-17T09:01:00.994+0000] {processor.py:766} INFO - DAG(s) dict_keys(['example_bash_operator']) retrieved from /home/airflow/.local/lib/python3.7/site-packages/airflow/example_dags/example_bash_operator.py
[2022-11-17T09:01:01.590+0000] {logging_mixin.py:137} INFO - [2022-11-17T09:01:01.590+0000] {dag.py:2585} INFO - Sync 1 DAGs
[2022-11-17T09:01:01.712+0000] {logging_mixin.py:137} INFO - [2022-11-17T09:01:01.711+0000] {dag.py:3340} INFO - Setting next_dagrun for example_bash_operator to 2022-11-16T00:00:00+00:00, run_after=2022-11-17T00:00:00+00:00
[2022-11-17T09:01:01.786+0000] {processor.py:176} INFO - Processing /home/airflow/.local/lib/python3.7/site-packages/airflow/example_dags/example_bash_operator.py took 1.006 seconds
[2022-11-17T09:01:32.193+0000] {processor.py:154} INFO - Started process (PID=668) to work on /home/airflow/.local/lib/python3.7/site-packages/airflow/example_dags/example_bash_operator.py
[2022-11-17T09:01:32.203+0000] {processor.py:756} INFO - Processing file /home/airflow/.local/lib/python3.7/site-packages/airflow/example_dags/example_bash_operator.py for tasks to queue
[2022-11-17T09:01:32.206+0000] {logging_mixin.py:137} INFO - [2022-11-17T09:01:32.206+0000] {dagbag.py:537} INFO - Filling up the DagBag from /home/airflow/.local/lib/python3.7/site-packages/airflow/example_dags/example_bash_operator.py
[2022-11-17T09:01:32.659+0000] {processor.py:766} INFO - DAG(s) dict_keys(['example_bash_operator']) retrieved from /home/airflow/.local/lib/python3.7/site-packages/airflow/example_dags/example_bash_operator.py
[2022-11-17T09:01:33.306+0000] {logging_mixin.py:137} INFO - [2022-11-17T09:01:33.292+0000] {dag.py:2585} INFO - Sync 1 DAGs
[2022-11-17T09:01:33.514+0000] {logging_mixin.py:137} INFO - [2022-11-17T09:01:33.513+0000] {dag.py:3340} INFO - Setting next_dagrun for example_bash_operator to 2022-11-16T00:00:00+00:00, run_after=2022-11-17T00:00:00+00:00
[2022-11-17T09:01:33.628+0000] {processor.py:176} INFO - Processing /home/airflow/.local/lib/python3.7/site-packages/airflow/example_dags/example_bash_operator.py took 1.458 seconds
