[2022-11-17T08:48:21.033+0000] {processor.py:154} INFO - Started process (PID=88) to work on /home/airflow/.local/lib/python3.7/site-packages/airflow/example_dags/example_task_group.py
[2022-11-17T08:48:21.038+0000] {processor.py:756} INFO - Processing file /home/airflow/.local/lib/python3.7/site-packages/airflow/example_dags/example_task_group.py for tasks to queue
[2022-11-17T08:48:21.046+0000] {logging_mixin.py:137} INFO - [2022-11-17T08:48:21.046+0000] {dagbag.py:537} INFO - Filling up the DagBag from /home/airflow/.local/lib/python3.7/site-packages/airflow/example_dags/example_task_group.py
[2022-11-17T08:48:21.113+0000] {processor.py:766} INFO - DAG(s) dict_keys(['example_task_group']) retrieved from /home/airflow/.local/lib/python3.7/site-packages/airflow/example_dags/example_task_group.py
[2022-11-17T08:48:21.546+0000] {logging_mixin.py:137} INFO - [2022-11-17T08:48:21.546+0000] {manager.py:507} INFO - Created Permission View: can delete on DAG:example_task_group
[2022-11-17T08:48:21.580+0000] {logging_mixin.py:137} INFO - [2022-11-17T08:48:21.579+0000] {manager.py:507} INFO - Created Permission View: can edit on DAG:example_task_group
[2022-11-17T08:48:21.600+0000] {logging_mixin.py:137} INFO - [2022-11-17T08:48:21.600+0000] {manager.py:507} INFO - Created Permission View: can read on DAG:example_task_group
[2022-11-17T08:48:21.603+0000] {logging_mixin.py:137} INFO - [2022-11-17T08:48:21.602+0000] {dag.py:2585} INFO - Sync 1 DAGs
[2022-11-17T08:48:21.654+0000] {logging_mixin.py:137} INFO - [2022-11-17T08:48:21.653+0000] {dag.py:2606} INFO - Creating ORM DAG for example_task_group
[2022-11-17T08:48:21.706+0000] {logging_mixin.py:137} INFO - [2022-11-17T08:48:21.705+0000] {dag.py:3340} INFO - Setting next_dagrun for example_task_group to 2022-11-16T08:48:21.705491+00:00, run_after=2022-11-17T08:48:21.705491+00:00
[2022-11-17T08:48:21.749+0000] {processor.py:176} INFO - Processing /home/airflow/.local/lib/python3.7/site-packages/airflow/example_dags/example_task_group.py took 0.728 seconds
[2022-11-17T08:55:53.811+0000] {processor.py:154} INFO - Started process (PID=99) to work on /home/airflow/.local/lib/python3.7/site-packages/airflow/example_dags/example_task_group.py
[2022-11-17T08:55:53.815+0000] {processor.py:756} INFO - Processing file /home/airflow/.local/lib/python3.7/site-packages/airflow/example_dags/example_task_group.py for tasks to queue
[2022-11-17T08:55:53.819+0000] {logging_mixin.py:137} INFO - [2022-11-17T08:55:53.819+0000] {dagbag.py:537} INFO - Filling up the DagBag from /home/airflow/.local/lib/python3.7/site-packages/airflow/example_dags/example_task_group.py
[2022-11-17T08:55:53.891+0000] {processor.py:766} INFO - DAG(s) dict_keys(['example_task_group']) retrieved from /home/airflow/.local/lib/python3.7/site-packages/airflow/example_dags/example_task_group.py
[2022-11-17T08:55:54.408+0000] {logging_mixin.py:137} INFO - [2022-11-17T08:55:54.408+0000] {dag.py:2585} INFO - Sync 1 DAGs
[2022-11-17T08:55:54.607+0000] {logging_mixin.py:137} INFO - [2022-11-17T08:55:54.607+0000] {dag.py:3340} INFO - Setting next_dagrun for example_task_group to 2022-11-16T08:55:54.606424+00:00, run_after=2022-11-17T08:55:54.606424+00:00
[2022-11-17T08:55:54.650+0000] {processor.py:176} INFO - Processing /home/airflow/.local/lib/python3.7/site-packages/airflow/example_dags/example_task_group.py took 0.851 seconds
[2022-11-17T08:56:25.088+0000] {processor.py:154} INFO - Started process (PID=153) to work on /home/airflow/.local/lib/python3.7/site-packages/airflow/example_dags/example_task_group.py
[2022-11-17T08:56:25.091+0000] {processor.py:756} INFO - Processing file /home/airflow/.local/lib/python3.7/site-packages/airflow/example_dags/example_task_group.py for tasks to queue
[2022-11-17T08:56:25.094+0000] {logging_mixin.py:137} INFO - [2022-11-17T08:56:25.093+0000] {dagbag.py:537} INFO - Filling up the DagBag from /home/airflow/.local/lib/python3.7/site-packages/airflow/example_dags/example_task_group.py
[2022-11-17T08:56:25.153+0000] {processor.py:766} INFO - DAG(s) dict_keys(['example_task_group']) retrieved from /home/airflow/.local/lib/python3.7/site-packages/airflow/example_dags/example_task_group.py
[2022-11-17T08:56:25.346+0000] {logging_mixin.py:137} INFO - [2022-11-17T08:56:25.341+0000] {dag.py:2585} INFO - Sync 1 DAGs
[2022-11-17T08:56:25.416+0000] {logging_mixin.py:137} INFO - [2022-11-17T08:56:25.415+0000] {dag.py:3340} INFO - Setting next_dagrun for example_task_group to 2022-11-16T08:56:25.412773+00:00, run_after=2022-11-17T08:56:25.412773+00:00
[2022-11-17T08:56:25.483+0000] {processor.py:176} INFO - Processing /home/airflow/.local/lib/python3.7/site-packages/airflow/example_dags/example_task_group.py took 0.403 seconds
[2022-11-17T08:56:56.742+0000] {processor.py:154} INFO - Started process (PID=207) to work on /home/airflow/.local/lib/python3.7/site-packages/airflow/example_dags/example_task_group.py
[2022-11-17T08:56:56.762+0000] {processor.py:756} INFO - Processing file /home/airflow/.local/lib/python3.7/site-packages/airflow/example_dags/example_task_group.py for tasks to queue
[2022-11-17T08:56:56.771+0000] {logging_mixin.py:137} INFO - [2022-11-17T08:56:56.770+0000] {dagbag.py:537} INFO - Filling up the DagBag from /home/airflow/.local/lib/python3.7/site-packages/airflow/example_dags/example_task_group.py
[2022-11-17T08:56:56.891+0000] {processor.py:766} INFO - DAG(s) dict_keys(['example_task_group']) retrieved from /home/airflow/.local/lib/python3.7/site-packages/airflow/example_dags/example_task_group.py
[2022-11-17T08:56:57.390+0000] {logging_mixin.py:137} INFO - [2022-11-17T08:56:57.387+0000] {dag.py:2585} INFO - Sync 1 DAGs
[2022-11-17T08:56:58.040+0000] {logging_mixin.py:137} INFO - [2022-11-17T08:56:58.039+0000] {dag.py:3340} INFO - Setting next_dagrun for example_task_group to 2022-11-16T08:56:58.029313+00:00, run_after=2022-11-17T08:56:58.029313+00:00
[2022-11-17T08:56:58.201+0000] {processor.py:176} INFO - Processing /home/airflow/.local/lib/python3.7/site-packages/airflow/example_dags/example_task_group.py took 1.504 seconds
[2022-11-17T08:57:29.115+0000] {processor.py:154} INFO - Started process (PID=261) to work on /home/airflow/.local/lib/python3.7/site-packages/airflow/example_dags/example_task_group.py
[2022-11-17T08:57:29.119+0000] {processor.py:756} INFO - Processing file /home/airflow/.local/lib/python3.7/site-packages/airflow/example_dags/example_task_group.py for tasks to queue
[2022-11-17T08:57:29.122+0000] {logging_mixin.py:137} INFO - [2022-11-17T08:57:29.122+0000] {dagbag.py:537} INFO - Filling up the DagBag from /home/airflow/.local/lib/python3.7/site-packages/airflow/example_dags/example_task_group.py
[2022-11-17T08:57:29.165+0000] {processor.py:766} INFO - DAG(s) dict_keys(['example_task_group']) retrieved from /home/airflow/.local/lib/python3.7/site-packages/airflow/example_dags/example_task_group.py
[2022-11-17T08:57:29.290+0000] {logging_mixin.py:137} INFO - [2022-11-17T08:57:29.290+0000] {dag.py:2585} INFO - Sync 1 DAGs
[2022-11-17T08:57:29.357+0000] {logging_mixin.py:137} INFO - [2022-11-17T08:57:29.357+0000] {dag.py:3340} INFO - Setting next_dagrun for example_task_group to 2022-11-16T08:57:29.356124+00:00, run_after=2022-11-17T08:57:29.356124+00:00
[2022-11-17T08:57:29.403+0000] {processor.py:176} INFO - Processing /home/airflow/.local/lib/python3.7/site-packages/airflow/example_dags/example_task_group.py took 0.299 seconds
[2022-11-17T08:57:59.979+0000] {processor.py:154} INFO - Started process (PID=315) to work on /home/airflow/.local/lib/python3.7/site-packages/airflow/example_dags/example_task_group.py
[2022-11-17T08:57:59.985+0000] {processor.py:756} INFO - Processing file /home/airflow/.local/lib/python3.7/site-packages/airflow/example_dags/example_task_group.py for tasks to queue
[2022-11-17T08:57:59.988+0000] {logging_mixin.py:137} INFO - [2022-11-17T08:57:59.988+0000] {dagbag.py:537} INFO - Filling up the DagBag from /home/airflow/.local/lib/python3.7/site-packages/airflow/example_dags/example_task_group.py
[2022-11-17T08:58:00.168+0000] {processor.py:766} INFO - DAG(s) dict_keys(['example_task_group']) retrieved from /home/airflow/.local/lib/python3.7/site-packages/airflow/example_dags/example_task_group.py
[2022-11-17T08:58:00.459+0000] {logging_mixin.py:137} INFO - [2022-11-17T08:58:00.459+0000] {dag.py:2585} INFO - Sync 1 DAGs
[2022-11-17T08:58:00.606+0000] {logging_mixin.py:137} INFO - [2022-11-17T08:58:00.606+0000] {dag.py:3340} INFO - Setting next_dagrun for example_task_group to 2022-11-16T08:58:00.603931+00:00, run_after=2022-11-17T08:58:00.603931+00:00
[2022-11-17T08:58:00.825+0000] {processor.py:176} INFO - Processing /home/airflow/.local/lib/python3.7/site-packages/airflow/example_dags/example_task_group.py took 0.877 seconds
[2022-11-17T08:58:32.886+0000] {processor.py:154} INFO - Started process (PID=369) to work on /home/airflow/.local/lib/python3.7/site-packages/airflow/example_dags/example_task_group.py
[2022-11-17T08:58:32.892+0000] {processor.py:756} INFO - Processing file /home/airflow/.local/lib/python3.7/site-packages/airflow/example_dags/example_task_group.py for tasks to queue
[2022-11-17T08:58:32.895+0000] {logging_mixin.py:137} INFO - [2022-11-17T08:58:32.894+0000] {dagbag.py:537} INFO - Filling up the DagBag from /home/airflow/.local/lib/python3.7/site-packages/airflow/example_dags/example_task_group.py
[2022-11-17T08:58:32.941+0000] {processor.py:766} INFO - DAG(s) dict_keys(['example_task_group']) retrieved from /home/airflow/.local/lib/python3.7/site-packages/airflow/example_dags/example_task_group.py
[2022-11-17T08:58:33.067+0000] {logging_mixin.py:137} INFO - [2022-11-17T08:58:33.067+0000] {dag.py:2585} INFO - Sync 1 DAGs
[2022-11-17T08:58:33.124+0000] {logging_mixin.py:137} INFO - [2022-11-17T08:58:33.123+0000] {dag.py:3340} INFO - Setting next_dagrun for example_task_group to 2022-11-16T08:58:33.123401+00:00, run_after=2022-11-17T08:58:33.123401+00:00
[2022-11-17T08:58:33.174+0000] {processor.py:176} INFO - Processing /home/airflow/.local/lib/python3.7/site-packages/airflow/example_dags/example_task_group.py took 0.298 seconds
[2022-11-17T08:59:06.688+0000] {processor.py:154} INFO - Started process (PID=431) to work on /home/airflow/.local/lib/python3.7/site-packages/airflow/example_dags/example_task_group.py
[2022-11-17T08:59:06.698+0000] {processor.py:756} INFO - Processing file /home/airflow/.local/lib/python3.7/site-packages/airflow/example_dags/example_task_group.py for tasks to queue
[2022-11-17T08:59:06.702+0000] {logging_mixin.py:137} INFO - [2022-11-17T08:59:06.701+0000] {dagbag.py:537} INFO - Filling up the DagBag from /home/airflow/.local/lib/python3.7/site-packages/airflow/example_dags/example_task_group.py
[2022-11-17T08:59:06.830+0000] {processor.py:766} INFO - DAG(s) dict_keys(['example_task_group']) retrieved from /home/airflow/.local/lib/python3.7/site-packages/airflow/example_dags/example_task_group.py
[2022-11-17T08:59:07.063+0000] {logging_mixin.py:137} INFO - [2022-11-17T08:59:07.062+0000] {dag.py:2585} INFO - Sync 1 DAGs
[2022-11-17T08:59:07.237+0000] {logging_mixin.py:137} INFO - [2022-11-17T08:59:07.237+0000] {dag.py:3340} INFO - Setting next_dagrun for example_task_group to 2022-11-16T08:59:07.230167+00:00, run_after=2022-11-17T08:59:07.230167+00:00
[2022-11-17T08:59:07.331+0000] {processor.py:176} INFO - Processing /home/airflow/.local/lib/python3.7/site-packages/airflow/example_dags/example_task_group.py took 0.657 seconds
[2022-11-17T08:59:45.195+0000] {processor.py:154} INFO - Started process (PID=489) to work on /home/airflow/.local/lib/python3.7/site-packages/airflow/example_dags/example_task_group.py
[2022-11-17T08:59:45.200+0000] {processor.py:756} INFO - Processing file /home/airflow/.local/lib/python3.7/site-packages/airflow/example_dags/example_task_group.py for tasks to queue
[2022-11-17T08:59:45.202+0000] {logging_mixin.py:137} INFO - [2022-11-17T08:59:45.202+0000] {dagbag.py:537} INFO - Filling up the DagBag from /home/airflow/.local/lib/python3.7/site-packages/airflow/example_dags/example_task_group.py
[2022-11-17T08:59:45.239+0000] {processor.py:766} INFO - DAG(s) dict_keys(['example_task_group']) retrieved from /home/airflow/.local/lib/python3.7/site-packages/airflow/example_dags/example_task_group.py
[2022-11-17T08:59:45.326+0000] {logging_mixin.py:137} INFO - [2022-11-17T08:59:45.326+0000] {dag.py:2585} INFO - Sync 1 DAGs
[2022-11-17T08:59:45.384+0000] {logging_mixin.py:137} INFO - [2022-11-17T08:59:45.384+0000] {dag.py:3340} INFO - Setting next_dagrun for example_task_group to 2022-11-16T08:59:45.383915+00:00, run_after=2022-11-17T08:59:45.383915+00:00
[2022-11-17T08:59:45.441+0000] {processor.py:176} INFO - Processing /home/airflow/.local/lib/python3.7/site-packages/airflow/example_dags/example_task_group.py took 0.258 seconds
[2022-11-17T09:00:18.831+0000] {processor.py:154} INFO - Started process (PID=543) to work on /home/airflow/.local/lib/python3.7/site-packages/airflow/example_dags/example_task_group.py
[2022-11-17T09:00:18.841+0000] {processor.py:756} INFO - Processing file /home/airflow/.local/lib/python3.7/site-packages/airflow/example_dags/example_task_group.py for tasks to queue
[2022-11-17T09:00:18.854+0000] {logging_mixin.py:137} INFO - [2022-11-17T09:00:18.852+0000] {dagbag.py:537} INFO - Filling up the DagBag from /home/airflow/.local/lib/python3.7/site-packages/airflow/example_dags/example_task_group.py
[2022-11-17T09:00:19.235+0000] {processor.py:766} INFO - DAG(s) dict_keys(['example_task_group']) retrieved from /home/airflow/.local/lib/python3.7/site-packages/airflow/example_dags/example_task_group.py
[2022-11-17T09:00:19.478+0000] {logging_mixin.py:137} INFO - [2022-11-17T09:00:19.478+0000] {dag.py:2585} INFO - Sync 1 DAGs
[2022-11-17T09:00:19.699+0000] {logging_mixin.py:137} INFO - [2022-11-17T09:00:19.699+0000] {dag.py:3340} INFO - Setting next_dagrun for example_task_group to 2022-11-16T09:00:19.699117+00:00, run_after=2022-11-17T09:00:19.699117+00:00
[2022-11-17T09:00:19.899+0000] {processor.py:176} INFO - Processing /home/airflow/.local/lib/python3.7/site-packages/airflow/example_dags/example_task_group.py took 1.083 seconds
[2022-11-17T09:00:50.284+0000] {processor.py:154} INFO - Started process (PID=597) to work on /home/airflow/.local/lib/python3.7/site-packages/airflow/example_dags/example_task_group.py
[2022-11-17T09:00:50.287+0000] {processor.py:756} INFO - Processing file /home/airflow/.local/lib/python3.7/site-packages/airflow/example_dags/example_task_group.py for tasks to queue
[2022-11-17T09:00:50.291+0000] {logging_mixin.py:137} INFO - [2022-11-17T09:00:50.291+0000] {dagbag.py:537} INFO - Filling up the DagBag from /home/airflow/.local/lib/python3.7/site-packages/airflow/example_dags/example_task_group.py
[2022-11-17T09:00:50.389+0000] {processor.py:766} INFO - DAG(s) dict_keys(['example_task_group']) retrieved from /home/airflow/.local/lib/python3.7/site-packages/airflow/example_dags/example_task_group.py
[2022-11-17T09:00:50.615+0000] {logging_mixin.py:137} INFO - [2022-11-17T09:00:50.614+0000] {dag.py:2585} INFO - Sync 1 DAGs
[2022-11-17T09:00:50.759+0000] {logging_mixin.py:137} INFO - [2022-11-17T09:00:50.759+0000] {dag.py:3340} INFO - Setting next_dagrun for example_task_group to 2022-11-16T09:00:50.758782+00:00, run_after=2022-11-17T09:00:50.758782+00:00
[2022-11-17T09:00:50.806+0000] {processor.py:176} INFO - Processing /home/airflow/.local/lib/python3.7/site-packages/airflow/example_dags/example_task_group.py took 0.546 seconds
[2022-11-17T09:01:22.700+0000] {processor.py:154} INFO - Started process (PID=650) to work on /home/airflow/.local/lib/python3.7/site-packages/airflow/example_dags/example_task_group.py
[2022-11-17T09:01:22.703+0000] {processor.py:756} INFO - Processing file /home/airflow/.local/lib/python3.7/site-packages/airflow/example_dags/example_task_group.py for tasks to queue
[2022-11-17T09:01:22.711+0000] {logging_mixin.py:137} INFO - [2022-11-17T09:01:22.711+0000] {dagbag.py:537} INFO - Filling up the DagBag from /home/airflow/.local/lib/python3.7/site-packages/airflow/example_dags/example_task_group.py
[2022-11-17T09:01:22.777+0000] {processor.py:766} INFO - DAG(s) dict_keys(['example_task_group']) retrieved from /home/airflow/.local/lib/python3.7/site-packages/airflow/example_dags/example_task_group.py
[2022-11-17T09:01:22.934+0000] {logging_mixin.py:137} INFO - [2022-11-17T09:01:22.933+0000] {dag.py:2585} INFO - Sync 1 DAGs
[2022-11-17T09:01:23.033+0000] {logging_mixin.py:137} INFO - [2022-11-17T09:01:23.033+0000] {dag.py:3340} INFO - Setting next_dagrun for example_task_group to 2022-11-16T09:01:23.031531+00:00, run_after=2022-11-17T09:01:23.031531+00:00
[2022-11-17T09:01:23.098+0000] {processor.py:176} INFO - Processing /home/airflow/.local/lib/python3.7/site-packages/airflow/example_dags/example_task_group.py took 0.414 seconds
