[2022-11-17T08:48:12.273+0000] {processor.py:154} INFO - Started process (PID=66) to work on /home/airflow/.local/lib/python3.7/site-packages/airflow/example_dags/example_trigger_target_dag.py
[2022-11-17T08:48:12.275+0000] {processor.py:756} INFO - Processing file /home/airflow/.local/lib/python3.7/site-packages/airflow/example_dags/example_trigger_target_dag.py for tasks to queue
[2022-11-17T08:48:12.278+0000] {logging_mixin.py:137} INFO - [2022-11-17T08:48:12.278+0000] {dagbag.py:537} INFO - Filling up the DagBag from /home/airflow/.local/lib/python3.7/site-packages/airflow/example_dags/example_trigger_target_dag.py
[2022-11-17T08:48:12.341+0000] {processor.py:766} INFO - DAG(s) dict_keys(['example_trigger_target_dag']) retrieved from /home/airflow/.local/lib/python3.7/site-packages/airflow/example_dags/example_trigger_target_dag.py
[2022-11-17T08:48:12.835+0000] {logging_mixin.py:137} INFO - [2022-11-17T08:48:12.834+0000] {manager.py:507} INFO - Created Permission View: can delete on DAG:example_trigger_target_dag
[2022-11-17T08:48:12.885+0000] {logging_mixin.py:137} INFO - [2022-11-17T08:48:12.885+0000] {manager.py:507} INFO - Created Permission View: can edit on DAG:example_trigger_target_dag
[2022-11-17T08:48:12.903+0000] {logging_mixin.py:137} INFO - [2022-11-17T08:48:12.902+0000] {manager.py:507} INFO - Created Permission View: can read on DAG:example_trigger_target_dag
[2022-11-17T08:48:12.905+0000] {logging_mixin.py:137} INFO - [2022-11-17T08:48:12.905+0000] {dag.py:2585} INFO - Sync 1 DAGs
[2022-11-17T08:48:12.936+0000] {logging_mixin.py:137} INFO - [2022-11-17T08:48:12.935+0000] {dag.py:2606} INFO - Creating ORM DAG for example_trigger_target_dag
[2022-11-17T08:48:12.963+0000] {logging_mixin.py:137} INFO - [2022-11-17T08:48:12.962+0000] {dag.py:3340} INFO - Setting next_dagrun for example_trigger_target_dag to None, run_after=None
[2022-11-17T08:48:13.037+0000] {processor.py:176} INFO - Processing /home/airflow/.local/lib/python3.7/site-packages/airflow/example_dags/example_trigger_target_dag.py took 0.788 seconds
[2022-11-17T08:55:44.506+0000] {processor.py:154} INFO - Started process (PID=84) to work on /home/airflow/.local/lib/python3.7/site-packages/airflow/example_dags/example_trigger_target_dag.py
[2022-11-17T08:55:44.516+0000] {processor.py:756} INFO - Processing file /home/airflow/.local/lib/python3.7/site-packages/airflow/example_dags/example_trigger_target_dag.py for tasks to queue
[2022-11-17T08:55:44.520+0000] {logging_mixin.py:137} INFO - [2022-11-17T08:55:44.520+0000] {dagbag.py:537} INFO - Filling up the DagBag from /home/airflow/.local/lib/python3.7/site-packages/airflow/example_dags/example_trigger_target_dag.py
[2022-11-17T08:55:44.688+0000] {processor.py:766} INFO - DAG(s) dict_keys(['example_trigger_target_dag']) retrieved from /home/airflow/.local/lib/python3.7/site-packages/airflow/example_dags/example_trigger_target_dag.py
[2022-11-17T08:55:44.880+0000] {logging_mixin.py:137} INFO - [2022-11-17T08:55:44.880+0000] {dag.py:2585} INFO - Sync 1 DAGs
[2022-11-17T08:55:44.973+0000] {logging_mixin.py:137} INFO - [2022-11-17T08:55:44.973+0000] {dag.py:3340} INFO - Setting next_dagrun for example_trigger_target_dag to None, run_after=None
[2022-11-17T08:55:45.117+0000] {processor.py:176} INFO - Processing /home/airflow/.local/lib/python3.7/site-packages/airflow/example_dags/example_trigger_target_dag.py took 0.625 seconds
[2022-11-17T08:56:18.699+0000] {processor.py:154} INFO - Started process (PID=139) to work on /home/airflow/.local/lib/python3.7/site-packages/airflow/example_dags/example_trigger_target_dag.py
[2022-11-17T08:56:18.713+0000] {processor.py:756} INFO - Processing file /home/airflow/.local/lib/python3.7/site-packages/airflow/example_dags/example_trigger_target_dag.py for tasks to queue
[2022-11-17T08:56:18.715+0000] {logging_mixin.py:137} INFO - [2022-11-17T08:56:18.715+0000] {dagbag.py:537} INFO - Filling up the DagBag from /home/airflow/.local/lib/python3.7/site-packages/airflow/example_dags/example_trigger_target_dag.py
[2022-11-17T08:56:18.856+0000] {processor.py:766} INFO - DAG(s) dict_keys(['example_trigger_target_dag']) retrieved from /home/airflow/.local/lib/python3.7/site-packages/airflow/example_dags/example_trigger_target_dag.py
[2022-11-17T08:56:19.333+0000] {logging_mixin.py:137} INFO - [2022-11-17T08:56:19.333+0000] {dag.py:2585} INFO - Sync 1 DAGs
[2022-11-17T08:56:19.526+0000] {logging_mixin.py:137} INFO - [2022-11-17T08:56:19.526+0000] {dag.py:3340} INFO - Setting next_dagrun for example_trigger_target_dag to None, run_after=None
[2022-11-17T08:56:19.668+0000] {processor.py:176} INFO - Processing /home/airflow/.local/lib/python3.7/site-packages/airflow/example_dags/example_trigger_target_dag.py took 0.981 seconds
[2022-11-17T08:56:50.731+0000] {processor.py:154} INFO - Started process (PID=184) to work on /home/airflow/.local/lib/python3.7/site-packages/airflow/example_dags/example_trigger_target_dag.py
[2022-11-17T08:56:50.736+0000] {processor.py:756} INFO - Processing file /home/airflow/.local/lib/python3.7/site-packages/airflow/example_dags/example_trigger_target_dag.py for tasks to queue
[2022-11-17T08:56:50.740+0000] {logging_mixin.py:137} INFO - [2022-11-17T08:56:50.740+0000] {dagbag.py:537} INFO - Filling up the DagBag from /home/airflow/.local/lib/python3.7/site-packages/airflow/example_dags/example_trigger_target_dag.py
[2022-11-17T08:56:50.818+0000] {processor.py:766} INFO - DAG(s) dict_keys(['example_trigger_target_dag']) retrieved from /home/airflow/.local/lib/python3.7/site-packages/airflow/example_dags/example_trigger_target_dag.py
[2022-11-17T08:56:51.035+0000] {logging_mixin.py:137} INFO - [2022-11-17T08:56:51.035+0000] {dag.py:2585} INFO - Sync 1 DAGs
[2022-11-17T08:56:51.166+0000] {logging_mixin.py:137} INFO - [2022-11-17T08:56:51.161+0000] {dag.py:3340} INFO - Setting next_dagrun for example_trigger_target_dag to None, run_after=None
[2022-11-17T08:56:51.304+0000] {processor.py:176} INFO - Processing /home/airflow/.local/lib/python3.7/site-packages/airflow/example_dags/example_trigger_target_dag.py took 0.591 seconds
[2022-11-17T08:57:21.832+0000] {processor.py:154} INFO - Started process (PID=239) to work on /home/airflow/.local/lib/python3.7/site-packages/airflow/example_dags/example_trigger_target_dag.py
[2022-11-17T08:57:21.837+0000] {processor.py:756} INFO - Processing file /home/airflow/.local/lib/python3.7/site-packages/airflow/example_dags/example_trigger_target_dag.py for tasks to queue
[2022-11-17T08:57:21.842+0000] {logging_mixin.py:137} INFO - [2022-11-17T08:57:21.841+0000] {dagbag.py:537} INFO - Filling up the DagBag from /home/airflow/.local/lib/python3.7/site-packages/airflow/example_dags/example_trigger_target_dag.py
[2022-11-17T08:57:21.894+0000] {processor.py:766} INFO - DAG(s) dict_keys(['example_trigger_target_dag']) retrieved from /home/airflow/.local/lib/python3.7/site-packages/airflow/example_dags/example_trigger_target_dag.py
[2022-11-17T08:57:22.136+0000] {logging_mixin.py:137} INFO - [2022-11-17T08:57:22.135+0000] {dag.py:2585} INFO - Sync 1 DAGs
[2022-11-17T08:57:22.336+0000] {logging_mixin.py:137} INFO - [2022-11-17T08:57:22.324+0000] {dag.py:3340} INFO - Setting next_dagrun for example_trigger_target_dag to None, run_after=None
[2022-11-17T08:57:22.434+0000] {processor.py:176} INFO - Processing /home/airflow/.local/lib/python3.7/site-packages/airflow/example_dags/example_trigger_target_dag.py took 0.612 seconds
[2022-11-17T08:57:52.544+0000] {processor.py:154} INFO - Started process (PID=291) to work on /home/airflow/.local/lib/python3.7/site-packages/airflow/example_dags/example_trigger_target_dag.py
[2022-11-17T08:57:52.547+0000] {processor.py:756} INFO - Processing file /home/airflow/.local/lib/python3.7/site-packages/airflow/example_dags/example_trigger_target_dag.py for tasks to queue
[2022-11-17T08:57:52.550+0000] {logging_mixin.py:137} INFO - [2022-11-17T08:57:52.549+0000] {dagbag.py:537} INFO - Filling up the DagBag from /home/airflow/.local/lib/python3.7/site-packages/airflow/example_dags/example_trigger_target_dag.py
[2022-11-17T08:57:52.588+0000] {processor.py:766} INFO - DAG(s) dict_keys(['example_trigger_target_dag']) retrieved from /home/airflow/.local/lib/python3.7/site-packages/airflow/example_dags/example_trigger_target_dag.py
[2022-11-17T08:57:52.721+0000] {logging_mixin.py:137} INFO - [2022-11-17T08:57:52.721+0000] {dag.py:2585} INFO - Sync 1 DAGs
[2022-11-17T08:57:52.779+0000] {logging_mixin.py:137} INFO - [2022-11-17T08:57:52.779+0000] {dag.py:3340} INFO - Setting next_dagrun for example_trigger_target_dag to None, run_after=None
[2022-11-17T08:57:52.831+0000] {processor.py:176} INFO - Processing /home/airflow/.local/lib/python3.7/site-packages/airflow/example_dags/example_trigger_target_dag.py took 0.294 seconds
[2022-11-17T08:58:22.980+0000] {processor.py:154} INFO - Started process (PID=354) to work on /home/airflow/.local/lib/python3.7/site-packages/airflow/example_dags/example_trigger_target_dag.py
[2022-11-17T08:58:22.983+0000] {processor.py:756} INFO - Processing file /home/airflow/.local/lib/python3.7/site-packages/airflow/example_dags/example_trigger_target_dag.py for tasks to queue
[2022-11-17T08:58:22.985+0000] {logging_mixin.py:137} INFO - [2022-11-17T08:58:22.985+0000] {dagbag.py:537} INFO - Filling up the DagBag from /home/airflow/.local/lib/python3.7/site-packages/airflow/example_dags/example_trigger_target_dag.py
[2022-11-17T08:58:23.075+0000] {processor.py:766} INFO - DAG(s) dict_keys(['example_trigger_target_dag']) retrieved from /home/airflow/.local/lib/python3.7/site-packages/airflow/example_dags/example_trigger_target_dag.py
[2022-11-17T08:58:23.288+0000] {logging_mixin.py:137} INFO - [2022-11-17T08:58:23.288+0000] {dag.py:2585} INFO - Sync 1 DAGs
[2022-11-17T08:58:23.508+0000] {logging_mixin.py:137} INFO - [2022-11-17T08:58:23.508+0000] {dag.py:3340} INFO - Setting next_dagrun for example_trigger_target_dag to None, run_after=None
[2022-11-17T08:58:23.548+0000] {processor.py:176} INFO - Processing /home/airflow/.local/lib/python3.7/site-packages/airflow/example_dags/example_trigger_target_dag.py took 0.581 seconds
[2022-11-17T08:58:53.873+0000] {processor.py:154} INFO - Started process (PID=408) to work on /home/airflow/.local/lib/python3.7/site-packages/airflow/example_dags/example_trigger_target_dag.py
[2022-11-17T08:58:53.882+0000] {processor.py:756} INFO - Processing file /home/airflow/.local/lib/python3.7/site-packages/airflow/example_dags/example_trigger_target_dag.py for tasks to queue
[2022-11-17T08:58:53.887+0000] {logging_mixin.py:137} INFO - [2022-11-17T08:58:53.887+0000] {dagbag.py:537} INFO - Filling up the DagBag from /home/airflow/.local/lib/python3.7/site-packages/airflow/example_dags/example_trigger_target_dag.py
[2022-11-17T08:58:53.984+0000] {processor.py:766} INFO - DAG(s) dict_keys(['example_trigger_target_dag']) retrieved from /home/airflow/.local/lib/python3.7/site-packages/airflow/example_dags/example_trigger_target_dag.py
[2022-11-17T08:58:54.178+0000] {logging_mixin.py:137} INFO - [2022-11-17T08:58:54.178+0000] {dag.py:2585} INFO - Sync 1 DAGs
[2022-11-17T08:58:54.233+0000] {logging_mixin.py:137} INFO - [2022-11-17T08:58:54.233+0000] {dag.py:3340} INFO - Setting next_dagrun for example_trigger_target_dag to None, run_after=None
[2022-11-17T08:58:54.287+0000] {processor.py:176} INFO - Processing /home/airflow/.local/lib/python3.7/site-packages/airflow/example_dags/example_trigger_target_dag.py took 0.427 seconds
[2022-11-17T08:59:24.665+0000] {processor.py:154} INFO - Started process (PID=461) to work on /home/airflow/.local/lib/python3.7/site-packages/airflow/example_dags/example_trigger_target_dag.py
[2022-11-17T08:59:24.674+0000] {processor.py:756} INFO - Processing file /home/airflow/.local/lib/python3.7/site-packages/airflow/example_dags/example_trigger_target_dag.py for tasks to queue
[2022-11-17T08:59:24.679+0000] {logging_mixin.py:137} INFO - [2022-11-17T08:59:24.679+0000] {dagbag.py:537} INFO - Filling up the DagBag from /home/airflow/.local/lib/python3.7/site-packages/airflow/example_dags/example_trigger_target_dag.py
[2022-11-17T08:59:24.766+0000] {processor.py:766} INFO - DAG(s) dict_keys(['example_trigger_target_dag']) retrieved from /home/airflow/.local/lib/python3.7/site-packages/airflow/example_dags/example_trigger_target_dag.py
[2022-11-17T08:59:24.857+0000] {logging_mixin.py:137} INFO - [2022-11-17T08:59:24.857+0000] {dag.py:2585} INFO - Sync 1 DAGs
[2022-11-17T08:59:24.957+0000] {logging_mixin.py:137} INFO - [2022-11-17T08:59:24.957+0000] {dag.py:3340} INFO - Setting next_dagrun for example_trigger_target_dag to None, run_after=None
[2022-11-17T08:59:25.186+0000] {processor.py:176} INFO - Processing /home/airflow/.local/lib/python3.7/site-packages/airflow/example_dags/example_trigger_target_dag.py took 0.532 seconds
[2022-11-17T08:59:55.437+0000] {processor.py:154} INFO - Started process (PID=515) to work on /home/airflow/.local/lib/python3.7/site-packages/airflow/example_dags/example_trigger_target_dag.py
[2022-11-17T08:59:55.444+0000] {processor.py:756} INFO - Processing file /home/airflow/.local/lib/python3.7/site-packages/airflow/example_dags/example_trigger_target_dag.py for tasks to queue
[2022-11-17T08:59:55.450+0000] {logging_mixin.py:137} INFO - [2022-11-17T08:59:55.449+0000] {dagbag.py:537} INFO - Filling up the DagBag from /home/airflow/.local/lib/python3.7/site-packages/airflow/example_dags/example_trigger_target_dag.py
[2022-11-17T08:59:55.647+0000] {processor.py:766} INFO - DAG(s) dict_keys(['example_trigger_target_dag']) retrieved from /home/airflow/.local/lib/python3.7/site-packages/airflow/example_dags/example_trigger_target_dag.py
[2022-11-17T08:59:55.789+0000] {logging_mixin.py:137} INFO - [2022-11-17T08:59:55.789+0000] {dag.py:2585} INFO - Sync 1 DAGs
[2022-11-17T08:59:55.844+0000] {logging_mixin.py:137} INFO - [2022-11-17T08:59:55.843+0000] {dag.py:3340} INFO - Setting next_dagrun for example_trigger_target_dag to None, run_after=None
[2022-11-17T08:59:55.888+0000] {processor.py:176} INFO - Processing /home/airflow/.local/lib/python3.7/site-packages/airflow/example_dags/example_trigger_target_dag.py took 0.457 seconds
[2022-11-17T09:00:27.541+0000] {processor.py:154} INFO - Started process (PID=568) to work on /home/airflow/.local/lib/python3.7/site-packages/airflow/example_dags/example_trigger_target_dag.py
[2022-11-17T09:00:27.551+0000] {processor.py:756} INFO - Processing file /home/airflow/.local/lib/python3.7/site-packages/airflow/example_dags/example_trigger_target_dag.py for tasks to queue
[2022-11-17T09:00:27.555+0000] {logging_mixin.py:137} INFO - [2022-11-17T09:00:27.555+0000] {dagbag.py:537} INFO - Filling up the DagBag from /home/airflow/.local/lib/python3.7/site-packages/airflow/example_dags/example_trigger_target_dag.py
[2022-11-17T09:00:27.697+0000] {processor.py:766} INFO - DAG(s) dict_keys(['example_trigger_target_dag']) retrieved from /home/airflow/.local/lib/python3.7/site-packages/airflow/example_dags/example_trigger_target_dag.py
[2022-11-17T09:00:27.863+0000] {logging_mixin.py:137} INFO - [2022-11-17T09:00:27.863+0000] {dag.py:2585} INFO - Sync 1 DAGs
[2022-11-17T09:00:27.985+0000] {logging_mixin.py:137} INFO - [2022-11-17T09:00:27.985+0000] {dag.py:3340} INFO - Setting next_dagrun for example_trigger_target_dag to None, run_after=None
[2022-11-17T09:00:28.227+0000] {processor.py:176} INFO - Processing /home/airflow/.local/lib/python3.7/site-packages/airflow/example_dags/example_trigger_target_dag.py took 0.704 seconds
[2022-11-17T09:00:59.234+0000] {processor.py:154} INFO - Started process (PID=621) to work on /home/airflow/.local/lib/python3.7/site-packages/airflow/example_dags/example_trigger_target_dag.py
[2022-11-17T09:00:59.279+0000] {processor.py:756} INFO - Processing file /home/airflow/.local/lib/python3.7/site-packages/airflow/example_dags/example_trigger_target_dag.py for tasks to queue
[2022-11-17T09:00:59.285+0000] {logging_mixin.py:137} INFO - [2022-11-17T09:00:59.284+0000] {dagbag.py:537} INFO - Filling up the DagBag from /home/airflow/.local/lib/python3.7/site-packages/airflow/example_dags/example_trigger_target_dag.py
[2022-11-17T09:00:59.536+0000] {processor.py:766} INFO - DAG(s) dict_keys(['example_trigger_target_dag']) retrieved from /home/airflow/.local/lib/python3.7/site-packages/airflow/example_dags/example_trigger_target_dag.py
[2022-11-17T09:01:00.075+0000] {logging_mixin.py:137} INFO - [2022-11-17T09:01:00.075+0000] {dag.py:2585} INFO - Sync 1 DAGs
[2022-11-17T09:01:00.339+0000] {logging_mixin.py:137} INFO - [2022-11-17T09:01:00.338+0000] {dag.py:3340} INFO - Setting next_dagrun for example_trigger_target_dag to None, run_after=None
[2022-11-17T09:01:00.471+0000] {processor.py:176} INFO - Processing /home/airflow/.local/lib/python3.7/site-packages/airflow/example_dags/example_trigger_target_dag.py took 1.243 seconds
[2022-11-17T09:01:30.759+0000] {processor.py:154} INFO - Started process (PID=666) to work on /home/airflow/.local/lib/python3.7/site-packages/airflow/example_dags/example_trigger_target_dag.py
[2022-11-17T09:01:30.761+0000] {processor.py:756} INFO - Processing file /home/airflow/.local/lib/python3.7/site-packages/airflow/example_dags/example_trigger_target_dag.py for tasks to queue
[2022-11-17T09:01:30.764+0000] {logging_mixin.py:137} INFO - [2022-11-17T09:01:30.763+0000] {dagbag.py:537} INFO - Filling up the DagBag from /home/airflow/.local/lib/python3.7/site-packages/airflow/example_dags/example_trigger_target_dag.py
[2022-11-17T09:01:30.838+0000] {processor.py:766} INFO - DAG(s) dict_keys(['example_trigger_target_dag']) retrieved from /home/airflow/.local/lib/python3.7/site-packages/airflow/example_dags/example_trigger_target_dag.py
[2022-11-17T09:01:31.038+0000] {logging_mixin.py:137} INFO - [2022-11-17T09:01:31.036+0000] {dag.py:2585} INFO - Sync 1 DAGs
[2022-11-17T09:01:31.459+0000] {logging_mixin.py:137} INFO - [2022-11-17T09:01:31.454+0000] {dag.py:3340} INFO - Setting next_dagrun for example_trigger_target_dag to None, run_after=None
[2022-11-17T09:01:31.802+0000] {processor.py:176} INFO - Processing /home/airflow/.local/lib/python3.7/site-packages/airflow/example_dags/example_trigger_target_dag.py took 1.049 seconds
