[2022-11-17T08:48:18.664+0000] {processor.py:154} INFO - Started process (PID=83) to work on /home/airflow/.local/lib/python3.7/site-packages/airflow/example_dags/example_short_circuit_decorator.py
[2022-11-17T08:48:18.686+0000] {processor.py:756} INFO - Processing file /home/airflow/.local/lib/python3.7/site-packages/airflow/example_dags/example_short_circuit_decorator.py for tasks to queue
[2022-11-17T08:48:18.689+0000] {logging_mixin.py:137} INFO - [2022-11-17T08:48:18.688+0000] {dagbag.py:537} INFO - Filling up the DagBag from /home/airflow/.local/lib/python3.7/site-packages/airflow/example_dags/example_short_circuit_decorator.py
[2022-11-17T08:48:18.902+0000] {processor.py:766} INFO - DAG(s) dict_keys(['example_short_circuit_decorator']) retrieved from /home/airflow/.local/lib/python3.7/site-packages/airflow/example_dags/example_short_circuit_decorator.py
[2022-11-17T08:48:19.505+0000] {logging_mixin.py:137} INFO - [2022-11-17T08:48:19.505+0000] {manager.py:507} INFO - Created Permission View: can delete on DAG:example_short_circuit_decorator
[2022-11-17T08:48:19.533+0000] {logging_mixin.py:137} INFO - [2022-11-17T08:48:19.532+0000] {manager.py:507} INFO - Created Permission View: can edit on DAG:example_short_circuit_decorator
[2022-11-17T08:48:19.557+0000] {logging_mixin.py:137} INFO - [2022-11-17T08:48:19.557+0000] {manager.py:507} INFO - Created Permission View: can read on DAG:example_short_circuit_decorator
[2022-11-17T08:48:19.563+0000] {logging_mixin.py:137} INFO - [2022-11-17T08:48:19.562+0000] {dag.py:2585} INFO - Sync 1 DAGs
[2022-11-17T08:48:19.678+0000] {logging_mixin.py:137} INFO - [2022-11-17T08:48:19.678+0000] {dag.py:2606} INFO - Creating ORM DAG for example_short_circuit_decorator
[2022-11-17T08:48:19.740+0000] {logging_mixin.py:137} INFO - [2022-11-17T08:48:19.738+0000] {dag.py:3340} INFO - Setting next_dagrun for example_short_circuit_decorator to 2022-11-16T08:48:19.738378+00:00, run_after=2022-11-17T08:48:19.738378+00:00
[2022-11-17T08:48:19.834+0000] {processor.py:176} INFO - Processing /home/airflow/.local/lib/python3.7/site-packages/airflow/example_dags/example_short_circuit_decorator.py took 1.233 seconds
[2022-11-17T08:55:52.119+0000] {processor.py:154} INFO - Started process (PID=94) to work on /home/airflow/.local/lib/python3.7/site-packages/airflow/example_dags/example_short_circuit_decorator.py
[2022-11-17T08:55:52.123+0000] {processor.py:756} INFO - Processing file /home/airflow/.local/lib/python3.7/site-packages/airflow/example_dags/example_short_circuit_decorator.py for tasks to queue
[2022-11-17T08:55:52.131+0000] {logging_mixin.py:137} INFO - [2022-11-17T08:55:52.131+0000] {dagbag.py:537} INFO - Filling up the DagBag from /home/airflow/.local/lib/python3.7/site-packages/airflow/example_dags/example_short_circuit_decorator.py
[2022-11-17T08:55:52.267+0000] {processor.py:766} INFO - DAG(s) dict_keys(['example_short_circuit_decorator']) retrieved from /home/airflow/.local/lib/python3.7/site-packages/airflow/example_dags/example_short_circuit_decorator.py
[2022-11-17T08:55:52.461+0000] {logging_mixin.py:137} INFO - [2022-11-17T08:55:52.461+0000] {dag.py:2585} INFO - Sync 1 DAGs
[2022-11-17T08:55:52.565+0000] {logging_mixin.py:137} INFO - [2022-11-17T08:55:52.565+0000] {dag.py:3340} INFO - Setting next_dagrun for example_short_circuit_decorator to 2022-11-16T08:55:52.564780+00:00, run_after=2022-11-17T08:55:52.564780+00:00
[2022-11-17T08:55:52.692+0000] {processor.py:176} INFO - Processing /home/airflow/.local/lib/python3.7/site-packages/airflow/example_dags/example_short_circuit_decorator.py took 0.584 seconds
[2022-11-17T08:56:22.969+0000] {processor.py:154} INFO - Started process (PID=148) to work on /home/airflow/.local/lib/python3.7/site-packages/airflow/example_dags/example_short_circuit_decorator.py
[2022-11-17T08:56:22.981+0000] {processor.py:756} INFO - Processing file /home/airflow/.local/lib/python3.7/site-packages/airflow/example_dags/example_short_circuit_decorator.py for tasks to queue
[2022-11-17T08:56:22.986+0000] {logging_mixin.py:137} INFO - [2022-11-17T08:56:22.985+0000] {dagbag.py:537} INFO - Filling up the DagBag from /home/airflow/.local/lib/python3.7/site-packages/airflow/example_dags/example_short_circuit_decorator.py
[2022-11-17T08:56:23.121+0000] {processor.py:766} INFO - DAG(s) dict_keys(['example_short_circuit_decorator']) retrieved from /home/airflow/.local/lib/python3.7/site-packages/airflow/example_dags/example_short_circuit_decorator.py
[2022-11-17T08:56:23.436+0000] {logging_mixin.py:137} INFO - [2022-11-17T08:56:23.435+0000] {dag.py:2585} INFO - Sync 1 DAGs
[2022-11-17T08:56:23.575+0000] {logging_mixin.py:137} INFO - [2022-11-17T08:56:23.574+0000] {dag.py:3340} INFO - Setting next_dagrun for example_short_circuit_decorator to 2022-11-16T08:56:23.574499+00:00, run_after=2022-11-17T08:56:23.574499+00:00
[2022-11-17T08:56:23.726+0000] {processor.py:176} INFO - Processing /home/airflow/.local/lib/python3.7/site-packages/airflow/example_dags/example_short_circuit_decorator.py took 0.761 seconds
[2022-11-17T08:56:55.065+0000] {processor.py:154} INFO - Started process (PID=202) to work on /home/airflow/.local/lib/python3.7/site-packages/airflow/example_dags/example_short_circuit_decorator.py
[2022-11-17T08:56:55.068+0000] {processor.py:756} INFO - Processing file /home/airflow/.local/lib/python3.7/site-packages/airflow/example_dags/example_short_circuit_decorator.py for tasks to queue
[2022-11-17T08:56:55.073+0000] {logging_mixin.py:137} INFO - [2022-11-17T08:56:55.071+0000] {dagbag.py:537} INFO - Filling up the DagBag from /home/airflow/.local/lib/python3.7/site-packages/airflow/example_dags/example_short_circuit_decorator.py
[2022-11-17T08:56:55.132+0000] {processor.py:766} INFO - DAG(s) dict_keys(['example_short_circuit_decorator']) retrieved from /home/airflow/.local/lib/python3.7/site-packages/airflow/example_dags/example_short_circuit_decorator.py
[2022-11-17T08:56:55.234+0000] {logging_mixin.py:137} INFO - [2022-11-17T08:56:55.233+0000] {dag.py:2585} INFO - Sync 1 DAGs
[2022-11-17T08:56:55.299+0000] {logging_mixin.py:137} INFO - [2022-11-17T08:56:55.298+0000] {dag.py:3340} INFO - Setting next_dagrun for example_short_circuit_decorator to 2022-11-16T08:56:55.298180+00:00, run_after=2022-11-17T08:56:55.298180+00:00
[2022-11-17T08:56:55.380+0000] {processor.py:176} INFO - Processing /home/airflow/.local/lib/python3.7/site-packages/airflow/example_dags/example_short_circuit_decorator.py took 0.342 seconds
[2022-11-17T08:57:25.934+0000] {processor.py:154} INFO - Started process (PID=256) to work on /home/airflow/.local/lib/python3.7/site-packages/airflow/example_dags/example_short_circuit_decorator.py
[2022-11-17T08:57:25.945+0000] {processor.py:756} INFO - Processing file /home/airflow/.local/lib/python3.7/site-packages/airflow/example_dags/example_short_circuit_decorator.py for tasks to queue
[2022-11-17T08:57:25.949+0000] {logging_mixin.py:137} INFO - [2022-11-17T08:57:25.949+0000] {dagbag.py:537} INFO - Filling up the DagBag from /home/airflow/.local/lib/python3.7/site-packages/airflow/example_dags/example_short_circuit_decorator.py
[2022-11-17T08:57:26.086+0000] {processor.py:766} INFO - DAG(s) dict_keys(['example_short_circuit_decorator']) retrieved from /home/airflow/.local/lib/python3.7/site-packages/airflow/example_dags/example_short_circuit_decorator.py
[2022-11-17T08:57:26.286+0000] {logging_mixin.py:137} INFO - [2022-11-17T08:57:26.286+0000] {dag.py:2585} INFO - Sync 1 DAGs
[2022-11-17T08:57:26.411+0000] {logging_mixin.py:137} INFO - [2022-11-17T08:57:26.410+0000] {dag.py:3340} INFO - Setting next_dagrun for example_short_circuit_decorator to 2022-11-16T08:57:26.409080+00:00, run_after=2022-11-17T08:57:26.409080+00:00
[2022-11-17T08:57:26.491+0000] {processor.py:176} INFO - Processing /home/airflow/.local/lib/python3.7/site-packages/airflow/example_dags/example_short_circuit_decorator.py took 0.578 seconds
[2022-11-17T08:57:56.958+0000] {processor.py:154} INFO - Started process (PID=309) to work on /home/airflow/.local/lib/python3.7/site-packages/airflow/example_dags/example_short_circuit_decorator.py
[2022-11-17T08:57:56.968+0000] {processor.py:756} INFO - Processing file /home/airflow/.local/lib/python3.7/site-packages/airflow/example_dags/example_short_circuit_decorator.py for tasks to queue
[2022-11-17T08:57:56.975+0000] {logging_mixin.py:137} INFO - [2022-11-17T08:57:56.975+0000] {dagbag.py:537} INFO - Filling up the DagBag from /home/airflow/.local/lib/python3.7/site-packages/airflow/example_dags/example_short_circuit_decorator.py
[2022-11-17T08:57:57.105+0000] {processor.py:766} INFO - DAG(s) dict_keys(['example_short_circuit_decorator']) retrieved from /home/airflow/.local/lib/python3.7/site-packages/airflow/example_dags/example_short_circuit_decorator.py
[2022-11-17T08:57:57.244+0000] {logging_mixin.py:137} INFO - [2022-11-17T08:57:57.244+0000] {dag.py:2585} INFO - Sync 1 DAGs
[2022-11-17T08:57:57.412+0000] {logging_mixin.py:137} INFO - [2022-11-17T08:57:57.412+0000] {dag.py:3340} INFO - Setting next_dagrun for example_short_circuit_decorator to 2022-11-16T08:57:57.411948+00:00, run_after=2022-11-17T08:57:57.411948+00:00
[2022-11-17T08:57:57.481+0000] {processor.py:176} INFO - Processing /home/airflow/.local/lib/python3.7/site-packages/airflow/example_dags/example_short_circuit_decorator.py took 0.547 seconds
[2022-11-17T08:58:28.992+0000] {processor.py:154} INFO - Started process (PID=363) to work on /home/airflow/.local/lib/python3.7/site-packages/airflow/example_dags/example_short_circuit_decorator.py
[2022-11-17T08:58:28.998+0000] {processor.py:756} INFO - Processing file /home/airflow/.local/lib/python3.7/site-packages/airflow/example_dags/example_short_circuit_decorator.py for tasks to queue
[2022-11-17T08:58:29.005+0000] {logging_mixin.py:137} INFO - [2022-11-17T08:58:29.002+0000] {dagbag.py:537} INFO - Filling up the DagBag from /home/airflow/.local/lib/python3.7/site-packages/airflow/example_dags/example_short_circuit_decorator.py
[2022-11-17T08:58:29.141+0000] {processor.py:766} INFO - DAG(s) dict_keys(['example_short_circuit_decorator']) retrieved from /home/airflow/.local/lib/python3.7/site-packages/airflow/example_dags/example_short_circuit_decorator.py
[2022-11-17T08:58:29.291+0000] {logging_mixin.py:137} INFO - [2022-11-17T08:58:29.291+0000] {dag.py:2585} INFO - Sync 1 DAGs
[2022-11-17T08:58:29.392+0000] {logging_mixin.py:137} INFO - [2022-11-17T08:58:29.392+0000] {dag.py:3340} INFO - Setting next_dagrun for example_short_circuit_decorator to 2022-11-16T08:58:29.391634+00:00, run_after=2022-11-17T08:58:29.391634+00:00
[2022-11-17T08:58:29.448+0000] {processor.py:176} INFO - Processing /home/airflow/.local/lib/python3.7/site-packages/airflow/example_dags/example_short_circuit_decorator.py took 0.471 seconds
[2022-11-17T08:59:05.143+0000] {processor.py:154} INFO - Started process (PID=426) to work on /home/airflow/.local/lib/python3.7/site-packages/airflow/example_dags/example_short_circuit_decorator.py
[2022-11-17T08:59:05.160+0000] {processor.py:756} INFO - Processing file /home/airflow/.local/lib/python3.7/site-packages/airflow/example_dags/example_short_circuit_decorator.py for tasks to queue
[2022-11-17T08:59:05.166+0000] {logging_mixin.py:137} INFO - [2022-11-17T08:59:05.166+0000] {dagbag.py:537} INFO - Filling up the DagBag from /home/airflow/.local/lib/python3.7/site-packages/airflow/example_dags/example_short_circuit_decorator.py
[2022-11-17T08:59:05.244+0000] {processor.py:766} INFO - DAG(s) dict_keys(['example_short_circuit_decorator']) retrieved from /home/airflow/.local/lib/python3.7/site-packages/airflow/example_dags/example_short_circuit_decorator.py
[2022-11-17T08:59:05.463+0000] {logging_mixin.py:137} INFO - [2022-11-17T08:59:05.463+0000] {dag.py:2585} INFO - Sync 1 DAGs
[2022-11-17T08:59:05.588+0000] {logging_mixin.py:137} INFO - [2022-11-17T08:59:05.588+0000] {dag.py:3340} INFO - Setting next_dagrun for example_short_circuit_decorator to 2022-11-16T08:59:05.587226+00:00, run_after=2022-11-17T08:59:05.587226+00:00
[2022-11-17T08:59:05.680+0000] {processor.py:176} INFO - Processing /home/airflow/.local/lib/python3.7/site-packages/airflow/example_dags/example_short_circuit_decorator.py took 0.550 seconds
[2022-11-17T08:59:38.747+0000] {processor.py:154} INFO - Started process (PID=480) to work on /home/airflow/.local/lib/python3.7/site-packages/airflow/example_dags/example_short_circuit_decorator.py
[2022-11-17T08:59:38.751+0000] {processor.py:756} INFO - Processing file /home/airflow/.local/lib/python3.7/site-packages/airflow/example_dags/example_short_circuit_decorator.py for tasks to queue
[2022-11-17T08:59:38.756+0000] {logging_mixin.py:137} INFO - [2022-11-17T08:59:38.755+0000] {dagbag.py:537} INFO - Filling up the DagBag from /home/airflow/.local/lib/python3.7/site-packages/airflow/example_dags/example_short_circuit_decorator.py
[2022-11-17T08:59:38.877+0000] {processor.py:766} INFO - DAG(s) dict_keys(['example_short_circuit_decorator']) retrieved from /home/airflow/.local/lib/python3.7/site-packages/airflow/example_dags/example_short_circuit_decorator.py
[2022-11-17T08:59:39.264+0000] {logging_mixin.py:137} INFO - [2022-11-17T08:59:39.264+0000] {dag.py:2585} INFO - Sync 1 DAGs
[2022-11-17T08:59:39.360+0000] {logging_mixin.py:137} INFO - [2022-11-17T08:59:39.360+0000] {dag.py:3340} INFO - Setting next_dagrun for example_short_circuit_decorator to 2022-11-16T08:59:39.359551+00:00, run_after=2022-11-17T08:59:39.359551+00:00
[2022-11-17T08:59:39.403+0000] {processor.py:176} INFO - Processing /home/airflow/.local/lib/python3.7/site-packages/airflow/example_dags/example_short_circuit_decorator.py took 0.668 seconds
[2022-11-17T09:00:10.170+0000] {processor.py:154} INFO - Started process (PID=533) to work on /home/airflow/.local/lib/python3.7/site-packages/airflow/example_dags/example_short_circuit_decorator.py
[2022-11-17T09:00:10.174+0000] {processor.py:756} INFO - Processing file /home/airflow/.local/lib/python3.7/site-packages/airflow/example_dags/example_short_circuit_decorator.py for tasks to queue
[2022-11-17T09:00:10.180+0000] {logging_mixin.py:137} INFO - [2022-11-17T09:00:10.180+0000] {dagbag.py:537} INFO - Filling up the DagBag from /home/airflow/.local/lib/python3.7/site-packages/airflow/example_dags/example_short_circuit_decorator.py
[2022-11-17T09:00:10.289+0000] {processor.py:766} INFO - DAG(s) dict_keys(['example_short_circuit_decorator']) retrieved from /home/airflow/.local/lib/python3.7/site-packages/airflow/example_dags/example_short_circuit_decorator.py
[2022-11-17T09:00:10.463+0000] {logging_mixin.py:137} INFO - [2022-11-17T09:00:10.462+0000] {dag.py:2585} INFO - Sync 1 DAGs
[2022-11-17T09:00:10.525+0000] {logging_mixin.py:137} INFO - [2022-11-17T09:00:10.525+0000] {dag.py:3340} INFO - Setting next_dagrun for example_short_circuit_decorator to 2022-11-16T09:00:10.524856+00:00, run_after=2022-11-17T09:00:10.524856+00:00
[2022-11-17T09:00:10.586+0000] {processor.py:176} INFO - Processing /home/airflow/.local/lib/python3.7/site-packages/airflow/example_dags/example_short_circuit_decorator.py took 0.436 seconds
[2022-11-17T09:00:41.517+0000] {processor.py:154} INFO - Started process (PID=586) to work on /home/airflow/.local/lib/python3.7/site-packages/airflow/example_dags/example_short_circuit_decorator.py
[2022-11-17T09:00:41.520+0000] {processor.py:756} INFO - Processing file /home/airflow/.local/lib/python3.7/site-packages/airflow/example_dags/example_short_circuit_decorator.py for tasks to queue
[2022-11-17T09:00:41.523+0000] {logging_mixin.py:137} INFO - [2022-11-17T09:00:41.523+0000] {dagbag.py:537} INFO - Filling up the DagBag from /home/airflow/.local/lib/python3.7/site-packages/airflow/example_dags/example_short_circuit_decorator.py
[2022-11-17T09:00:41.713+0000] {processor.py:766} INFO - DAG(s) dict_keys(['example_short_circuit_decorator']) retrieved from /home/airflow/.local/lib/python3.7/site-packages/airflow/example_dags/example_short_circuit_decorator.py
[2022-11-17T09:00:41.860+0000] {logging_mixin.py:137} INFO - [2022-11-17T09:00:41.860+0000] {dag.py:2585} INFO - Sync 1 DAGs
[2022-11-17T09:00:41.931+0000] {logging_mixin.py:137} INFO - [2022-11-17T09:00:41.931+0000] {dag.py:3340} INFO - Setting next_dagrun for example_short_circuit_decorator to 2022-11-16T09:00:41.930331+00:00, run_after=2022-11-17T09:00:41.930331+00:00
[2022-11-17T09:00:42.218+0000] {processor.py:176} INFO - Processing /home/airflow/.local/lib/python3.7/site-packages/airflow/example_dags/example_short_circuit_decorator.py took 0.743 seconds
[2022-11-17T09:01:12.446+0000] {processor.py:154} INFO - Started process (PID=630) to work on /home/airflow/.local/lib/python3.7/site-packages/airflow/example_dags/example_short_circuit_decorator.py
[2022-11-17T09:01:12.448+0000] {processor.py:756} INFO - Processing file /home/airflow/.local/lib/python3.7/site-packages/airflow/example_dags/example_short_circuit_decorator.py for tasks to queue
[2022-11-17T09:01:12.451+0000] {logging_mixin.py:137} INFO - [2022-11-17T09:01:12.451+0000] {dagbag.py:537} INFO - Filling up the DagBag from /home/airflow/.local/lib/python3.7/site-packages/airflow/example_dags/example_short_circuit_decorator.py
[2022-11-17T09:01:12.497+0000] {processor.py:766} INFO - DAG(s) dict_keys(['example_short_circuit_decorator']) retrieved from /home/airflow/.local/lib/python3.7/site-packages/airflow/example_dags/example_short_circuit_decorator.py
[2022-11-17T09:01:12.571+0000] {logging_mixin.py:137} INFO - [2022-11-17T09:01:12.571+0000] {dag.py:2585} INFO - Sync 1 DAGs
[2022-11-17T09:01:12.619+0000] {logging_mixin.py:137} INFO - [2022-11-17T09:01:12.618+0000] {dag.py:3340} INFO - Setting next_dagrun for example_short_circuit_decorator to 2022-11-16T09:01:12.618380+00:00, run_after=2022-11-17T09:01:12.618380+00:00
[2022-11-17T09:01:12.658+0000] {processor.py:176} INFO - Processing /home/airflow/.local/lib/python3.7/site-packages/airflow/example_dags/example_short_circuit_decorator.py took 0.218 seconds
