[2022-11-17T08:48:01.137+0000] {processor.py:154} INFO - Started process (PID=49) to work on /home/airflow/.local/lib/python3.7/site-packages/airflow/example_dags/example_branch_day_of_week_operator.py
[2022-11-17T08:48:01.171+0000] {processor.py:756} INFO - Processing file /home/airflow/.local/lib/python3.7/site-packages/airflow/example_dags/example_branch_day_of_week_operator.py for tasks to queue
[2022-11-17T08:48:01.181+0000] {logging_mixin.py:137} INFO - [2022-11-17T08:48:01.180+0000] {dagbag.py:537} INFO - Filling up the DagBag from /home/airflow/.local/lib/python3.7/site-packages/airflow/example_dags/example_branch_day_of_week_operator.py
[2022-11-17T08:48:01.369+0000] {processor.py:766} INFO - DAG(s) dict_keys(['example_weekday_branch_operator']) retrieved from /home/airflow/.local/lib/python3.7/site-packages/airflow/example_dags/example_branch_day_of_week_operator.py
[2022-11-17T08:48:02.264+0000] {logging_mixin.py:137} INFO - [2022-11-17T08:48:02.263+0000] {manager.py:507} INFO - Created Permission View: can delete on DAG:example_weekday_branch_operator
[2022-11-17T08:48:02.382+0000] {logging_mixin.py:137} INFO - [2022-11-17T08:48:02.381+0000] {manager.py:507} INFO - Created Permission View: can edit on DAG:example_weekday_branch_operator
[2022-11-17T08:48:02.419+0000] {logging_mixin.py:137} INFO - [2022-11-17T08:48:02.419+0000] {manager.py:507} INFO - Created Permission View: can read on DAG:example_weekday_branch_operator
[2022-11-17T08:48:02.429+0000] {logging_mixin.py:137} INFO - [2022-11-17T08:48:02.428+0000] {dag.py:2585} INFO - Sync 1 DAGs
[2022-11-17T08:48:02.507+0000] {logging_mixin.py:137} INFO - [2022-11-17T08:48:02.506+0000] {dag.py:2606} INFO - Creating ORM DAG for example_weekday_branch_operator
[2022-11-17T08:48:02.543+0000] {logging_mixin.py:137} INFO - [2022-11-17T08:48:02.543+0000] {dag.py:3340} INFO - Setting next_dagrun for example_weekday_branch_operator to 2022-11-16T00:00:00+00:00, run_after=2022-11-17T00:00:00+00:00
[2022-11-17T08:48:02.615+0000] {processor.py:176} INFO - Processing /home/airflow/.local/lib/python3.7/site-packages/airflow/example_dags/example_branch_day_of_week_operator.py took 1.494 seconds
[2022-11-17T08:48:36.793+0000] {processor.py:154} INFO - Started process (PID=103) to work on /home/airflow/.local/lib/python3.7/site-packages/airflow/example_dags/example_branch_day_of_week_operator.py
[2022-11-17T08:48:36.827+0000] {processor.py:756} INFO - Processing file /home/airflow/.local/lib/python3.7/site-packages/airflow/example_dags/example_branch_day_of_week_operator.py for tasks to queue
[2022-11-17T08:48:36.836+0000] {logging_mixin.py:137} INFO - [2022-11-17T08:48:36.834+0000] {dagbag.py:537} INFO - Filling up the DagBag from /home/airflow/.local/lib/python3.7/site-packages/airflow/example_dags/example_branch_day_of_week_operator.py
[2022-11-17T08:48:37.379+0000] {processor.py:766} INFO - DAG(s) dict_keys(['example_weekday_branch_operator']) retrieved from /home/airflow/.local/lib/python3.7/site-packages/airflow/example_dags/example_branch_day_of_week_operator.py
[2022-11-17T08:48:39.105+0000] {logging_mixin.py:137} INFO - [2022-11-17T08:48:39.105+0000] {dag.py:2585} INFO - Sync 1 DAGs
[2022-11-17T08:48:39.964+0000] {logging_mixin.py:137} INFO - [2022-11-17T08:48:39.963+0000] {dag.py:3340} INFO - Setting next_dagrun for example_weekday_branch_operator to 2022-11-16T00:00:00+00:00, run_after=2022-11-17T00:00:00+00:00
[2022-11-17T08:48:40.203+0000] {processor.py:176} INFO - Processing /home/airflow/.local/lib/python3.7/site-packages/airflow/example_dags/example_branch_day_of_week_operator.py took 3.575 seconds
[2022-11-17T08:55:30.125+0000] {processor.py:154} INFO - Started process (PID=60) to work on /home/airflow/.local/lib/python3.7/site-packages/airflow/example_dags/example_branch_day_of_week_operator.py
[2022-11-17T08:55:30.141+0000] {processor.py:756} INFO - Processing file /home/airflow/.local/lib/python3.7/site-packages/airflow/example_dags/example_branch_day_of_week_operator.py for tasks to queue
[2022-11-17T08:55:30.146+0000] {logging_mixin.py:137} INFO - [2022-11-17T08:55:30.145+0000] {dagbag.py:537} INFO - Filling up the DagBag from /home/airflow/.local/lib/python3.7/site-packages/airflow/example_dags/example_branch_day_of_week_operator.py
[2022-11-17T08:55:30.321+0000] {processor.py:766} INFO - DAG(s) dict_keys(['example_weekday_branch_operator']) retrieved from /home/airflow/.local/lib/python3.7/site-packages/airflow/example_dags/example_branch_day_of_week_operator.py
[2022-11-17T08:55:30.734+0000] {logging_mixin.py:137} INFO - [2022-11-17T08:55:30.734+0000] {dag.py:2585} INFO - Sync 1 DAGs
[2022-11-17T08:55:30.877+0000] {logging_mixin.py:137} INFO - [2022-11-17T08:55:30.877+0000] {dag.py:3340} INFO - Setting next_dagrun for example_weekday_branch_operator to 2022-11-16T00:00:00+00:00, run_after=2022-11-17T00:00:00+00:00
[2022-11-17T08:55:30.950+0000] {processor.py:176} INFO - Processing /home/airflow/.local/lib/python3.7/site-packages/airflow/example_dags/example_branch_day_of_week_operator.py took 0.872 seconds
[2022-11-17T08:56:01.289+0000] {processor.py:154} INFO - Started process (PID=114) to work on /home/airflow/.local/lib/python3.7/site-packages/airflow/example_dags/example_branch_day_of_week_operator.py
[2022-11-17T08:56:01.291+0000] {processor.py:756} INFO - Processing file /home/airflow/.local/lib/python3.7/site-packages/airflow/example_dags/example_branch_day_of_week_operator.py for tasks to queue
[2022-11-17T08:56:01.294+0000] {logging_mixin.py:137} INFO - [2022-11-17T08:56:01.294+0000] {dagbag.py:537} INFO - Filling up the DagBag from /home/airflow/.local/lib/python3.7/site-packages/airflow/example_dags/example_branch_day_of_week_operator.py
[2022-11-17T08:56:01.413+0000] {processor.py:766} INFO - DAG(s) dict_keys(['example_weekday_branch_operator']) retrieved from /home/airflow/.local/lib/python3.7/site-packages/airflow/example_dags/example_branch_day_of_week_operator.py
[2022-11-17T08:56:01.768+0000] {logging_mixin.py:137} INFO - [2022-11-17T08:56:01.768+0000] {dag.py:2585} INFO - Sync 1 DAGs
[2022-11-17T08:56:01.926+0000] {logging_mixin.py:137} INFO - [2022-11-17T08:56:01.925+0000] {dag.py:3340} INFO - Setting next_dagrun for example_weekday_branch_operator to 2022-11-16T00:00:00+00:00, run_after=2022-11-17T00:00:00+00:00
[2022-11-17T08:56:02.031+0000] {processor.py:176} INFO - Processing /home/airflow/.local/lib/python3.7/site-packages/airflow/example_dags/example_branch_day_of_week_operator.py took 0.762 seconds
[2022-11-17T08:56:32.627+0000] {processor.py:154} INFO - Started process (PID=160) to work on /home/airflow/.local/lib/python3.7/site-packages/airflow/example_dags/example_branch_day_of_week_operator.py
[2022-11-17T08:56:32.639+0000] {processor.py:756} INFO - Processing file /home/airflow/.local/lib/python3.7/site-packages/airflow/example_dags/example_branch_day_of_week_operator.py for tasks to queue
[2022-11-17T08:56:32.651+0000] {logging_mixin.py:137} INFO - [2022-11-17T08:56:32.646+0000] {dagbag.py:537} INFO - Filling up the DagBag from /home/airflow/.local/lib/python3.7/site-packages/airflow/example_dags/example_branch_day_of_week_operator.py
[2022-11-17T08:56:32.787+0000] {processor.py:766} INFO - DAG(s) dict_keys(['example_weekday_branch_operator']) retrieved from /home/airflow/.local/lib/python3.7/site-packages/airflow/example_dags/example_branch_day_of_week_operator.py
[2022-11-17T08:56:33.032+0000] {logging_mixin.py:137} INFO - [2022-11-17T08:56:33.025+0000] {dag.py:2585} INFO - Sync 1 DAGs
[2022-11-17T08:56:33.175+0000] {logging_mixin.py:137} INFO - [2022-11-17T08:56:33.175+0000] {dag.py:3340} INFO - Setting next_dagrun for example_weekday_branch_operator to 2022-11-16T00:00:00+00:00, run_after=2022-11-17T00:00:00+00:00
[2022-11-17T08:56:33.330+0000] {processor.py:176} INFO - Processing /home/airflow/.local/lib/python3.7/site-packages/airflow/example_dags/example_branch_day_of_week_operator.py took 0.728 seconds
[2022-11-17T08:57:04.647+0000] {processor.py:154} INFO - Started process (PID=213) to work on /home/airflow/.local/lib/python3.7/site-packages/airflow/example_dags/example_branch_day_of_week_operator.py
[2022-11-17T08:57:04.669+0000] {processor.py:756} INFO - Processing file /home/airflow/.local/lib/python3.7/site-packages/airflow/example_dags/example_branch_day_of_week_operator.py for tasks to queue
[2022-11-17T08:57:04.684+0000] {logging_mixin.py:137} INFO - [2022-11-17T08:57:04.684+0000] {dagbag.py:537} INFO - Filling up the DagBag from /home/airflow/.local/lib/python3.7/site-packages/airflow/example_dags/example_branch_day_of_week_operator.py
[2022-11-17T08:57:04.870+0000] {processor.py:766} INFO - DAG(s) dict_keys(['example_weekday_branch_operator']) retrieved from /home/airflow/.local/lib/python3.7/site-packages/airflow/example_dags/example_branch_day_of_week_operator.py
[2022-11-17T08:57:05.288+0000] {logging_mixin.py:137} INFO - [2022-11-17T08:57:05.287+0000] {dag.py:2585} INFO - Sync 1 DAGs
[2022-11-17T08:57:05.605+0000] {logging_mixin.py:137} INFO - [2022-11-17T08:57:05.605+0000] {dag.py:3340} INFO - Setting next_dagrun for example_weekday_branch_operator to 2022-11-16T00:00:00+00:00, run_after=2022-11-17T00:00:00+00:00
[2022-11-17T08:57:05.656+0000] {processor.py:176} INFO - Processing /home/airflow/.local/lib/python3.7/site-packages/airflow/example_dags/example_branch_day_of_week_operator.py took 1.074 seconds
[2022-11-17T08:57:35.801+0000] {processor.py:154} INFO - Started process (PID=266) to work on /home/airflow/.local/lib/python3.7/site-packages/airflow/example_dags/example_branch_day_of_week_operator.py
[2022-11-17T08:57:35.806+0000] {processor.py:756} INFO - Processing file /home/airflow/.local/lib/python3.7/site-packages/airflow/example_dags/example_branch_day_of_week_operator.py for tasks to queue
[2022-11-17T08:57:35.809+0000] {logging_mixin.py:137} INFO - [2022-11-17T08:57:35.808+0000] {dagbag.py:537} INFO - Filling up the DagBag from /home/airflow/.local/lib/python3.7/site-packages/airflow/example_dags/example_branch_day_of_week_operator.py
[2022-11-17T08:57:35.845+0000] {processor.py:766} INFO - DAG(s) dict_keys(['example_weekday_branch_operator']) retrieved from /home/airflow/.local/lib/python3.7/site-packages/airflow/example_dags/example_branch_day_of_week_operator.py
[2022-11-17T08:57:36.004+0000] {logging_mixin.py:137} INFO - [2022-11-17T08:57:36.004+0000] {dag.py:2585} INFO - Sync 1 DAGs
[2022-11-17T08:57:36.062+0000] {logging_mixin.py:137} INFO - [2022-11-17T08:57:36.061+0000] {dag.py:3340} INFO - Setting next_dagrun for example_weekday_branch_operator to 2022-11-16T00:00:00+00:00, run_after=2022-11-17T00:00:00+00:00
[2022-11-17T08:57:36.122+0000] {processor.py:176} INFO - Processing /home/airflow/.local/lib/python3.7/site-packages/airflow/example_dags/example_branch_day_of_week_operator.py took 0.350 seconds
[2022-11-17T08:58:06.617+0000] {processor.py:154} INFO - Started process (PID=320) to work on /home/airflow/.local/lib/python3.7/site-packages/airflow/example_dags/example_branch_day_of_week_operator.py
[2022-11-17T08:58:06.622+0000] {processor.py:756} INFO - Processing file /home/airflow/.local/lib/python3.7/site-packages/airflow/example_dags/example_branch_day_of_week_operator.py for tasks to queue
[2022-11-17T08:58:06.626+0000] {logging_mixin.py:137} INFO - [2022-11-17T08:58:06.625+0000] {dagbag.py:537} INFO - Filling up the DagBag from /home/airflow/.local/lib/python3.7/site-packages/airflow/example_dags/example_branch_day_of_week_operator.py
[2022-11-17T08:58:06.672+0000] {processor.py:766} INFO - DAG(s) dict_keys(['example_weekday_branch_operator']) retrieved from /home/airflow/.local/lib/python3.7/site-packages/airflow/example_dags/example_branch_day_of_week_operator.py
[2022-11-17T08:58:06.761+0000] {logging_mixin.py:137} INFO - [2022-11-17T08:58:06.761+0000] {dag.py:2585} INFO - Sync 1 DAGs
[2022-11-17T08:58:06.822+0000] {logging_mixin.py:137} INFO - [2022-11-17T08:58:06.822+0000] {dag.py:3340} INFO - Setting next_dagrun for example_weekday_branch_operator to 2022-11-16T00:00:00+00:00, run_after=2022-11-17T00:00:00+00:00
[2022-11-17T08:58:06.864+0000] {processor.py:176} INFO - Processing /home/airflow/.local/lib/python3.7/site-packages/airflow/example_dags/example_branch_day_of_week_operator.py took 0.256 seconds
[2022-11-17T08:58:37.107+0000] {processor.py:154} INFO - Started process (PID=383) to work on /home/airflow/.local/lib/python3.7/site-packages/airflow/example_dags/example_branch_day_of_week_operator.py
[2022-11-17T08:58:37.111+0000] {processor.py:756} INFO - Processing file /home/airflow/.local/lib/python3.7/site-packages/airflow/example_dags/example_branch_day_of_week_operator.py for tasks to queue
[2022-11-17T08:58:37.116+0000] {logging_mixin.py:137} INFO - [2022-11-17T08:58:37.115+0000] {dagbag.py:537} INFO - Filling up the DagBag from /home/airflow/.local/lib/python3.7/site-packages/airflow/example_dags/example_branch_day_of_week_operator.py
[2022-11-17T08:58:37.185+0000] {processor.py:766} INFO - DAG(s) dict_keys(['example_weekday_branch_operator']) retrieved from /home/airflow/.local/lib/python3.7/site-packages/airflow/example_dags/example_branch_day_of_week_operator.py
[2022-11-17T08:58:37.419+0000] {logging_mixin.py:137} INFO - [2022-11-17T08:58:37.418+0000] {dag.py:2585} INFO - Sync 1 DAGs
[2022-11-17T08:58:37.554+0000] {logging_mixin.py:137} INFO - [2022-11-17T08:58:37.546+0000] {dag.py:3340} INFO - Setting next_dagrun for example_weekday_branch_operator to 2022-11-16T00:00:00+00:00, run_after=2022-11-17T00:00:00+00:00
[2022-11-17T08:58:37.648+0000] {processor.py:176} INFO - Processing /home/airflow/.local/lib/python3.7/site-packages/airflow/example_dags/example_branch_day_of_week_operator.py took 0.554 seconds
[2022-11-17T08:59:07.817+0000] {processor.py:154} INFO - Started process (PID=436) to work on /home/airflow/.local/lib/python3.7/site-packages/airflow/example_dags/example_branch_day_of_week_operator.py
[2022-11-17T08:59:07.820+0000] {processor.py:756} INFO - Processing file /home/airflow/.local/lib/python3.7/site-packages/airflow/example_dags/example_branch_day_of_week_operator.py for tasks to queue
[2022-11-17T08:59:07.823+0000] {logging_mixin.py:137} INFO - [2022-11-17T08:59:07.823+0000] {dagbag.py:537} INFO - Filling up the DagBag from /home/airflow/.local/lib/python3.7/site-packages/airflow/example_dags/example_branch_day_of_week_operator.py
[2022-11-17T08:59:07.869+0000] {processor.py:766} INFO - DAG(s) dict_keys(['example_weekday_branch_operator']) retrieved from /home/airflow/.local/lib/python3.7/site-packages/airflow/example_dags/example_branch_day_of_week_operator.py
[2022-11-17T08:59:07.956+0000] {logging_mixin.py:137} INFO - [2022-11-17T08:59:07.956+0000] {dag.py:2585} INFO - Sync 1 DAGs
[2022-11-17T08:59:08.041+0000] {logging_mixin.py:137} INFO - [2022-11-17T08:59:08.041+0000] {dag.py:3340} INFO - Setting next_dagrun for example_weekday_branch_operator to 2022-11-16T00:00:00+00:00, run_after=2022-11-17T00:00:00+00:00
[2022-11-17T08:59:08.103+0000] {processor.py:176} INFO - Processing /home/airflow/.local/lib/python3.7/site-packages/airflow/example_dags/example_branch_day_of_week_operator.py took 0.292 seconds
[2022-11-17T08:59:44.064+0000] {processor.py:154} INFO - Started process (PID=487) to work on /home/airflow/.local/lib/python3.7/site-packages/airflow/example_dags/example_branch_day_of_week_operator.py
[2022-11-17T08:59:44.071+0000] {processor.py:756} INFO - Processing file /home/airflow/.local/lib/python3.7/site-packages/airflow/example_dags/example_branch_day_of_week_operator.py for tasks to queue
[2022-11-17T08:59:44.075+0000] {logging_mixin.py:137} INFO - [2022-11-17T08:59:44.073+0000] {dagbag.py:537} INFO - Filling up the DagBag from /home/airflow/.local/lib/python3.7/site-packages/airflow/example_dags/example_branch_day_of_week_operator.py
[2022-11-17T08:59:44.538+0000] {processor.py:766} INFO - DAG(s) dict_keys(['example_weekday_branch_operator']) retrieved from /home/airflow/.local/lib/python3.7/site-packages/airflow/example_dags/example_branch_day_of_week_operator.py
[2022-11-17T08:59:44.921+0000] {logging_mixin.py:137} INFO - [2022-11-17T08:59:44.920+0000] {dag.py:2585} INFO - Sync 1 DAGs
[2022-11-17T08:59:44.980+0000] {logging_mixin.py:137} INFO - [2022-11-17T08:59:44.980+0000] {dag.py:3340} INFO - Setting next_dagrun for example_weekday_branch_operator to 2022-11-16T00:00:00+00:00, run_after=2022-11-17T00:00:00+00:00
[2022-11-17T08:59:45.066+0000] {processor.py:176} INFO - Processing /home/airflow/.local/lib/python3.7/site-packages/airflow/example_dags/example_branch_day_of_week_operator.py took 1.056 seconds
[2022-11-17T09:00:15.635+0000] {processor.py:154} INFO - Started process (PID=540) to work on /home/airflow/.local/lib/python3.7/site-packages/airflow/example_dags/example_branch_day_of_week_operator.py
[2022-11-17T09:00:15.648+0000] {processor.py:756} INFO - Processing file /home/airflow/.local/lib/python3.7/site-packages/airflow/example_dags/example_branch_day_of_week_operator.py for tasks to queue
[2022-11-17T09:00:15.655+0000] {logging_mixin.py:137} INFO - [2022-11-17T09:00:15.654+0000] {dagbag.py:537} INFO - Filling up the DagBag from /home/airflow/.local/lib/python3.7/site-packages/airflow/example_dags/example_branch_day_of_week_operator.py
[2022-11-17T09:00:15.834+0000] {processor.py:766} INFO - DAG(s) dict_keys(['example_weekday_branch_operator']) retrieved from /home/airflow/.local/lib/python3.7/site-packages/airflow/example_dags/example_branch_day_of_week_operator.py
[2022-11-17T09:00:16.950+0000] {logging_mixin.py:137} INFO - [2022-11-17T09:00:16.949+0000] {dag.py:2585} INFO - Sync 1 DAGs
[2022-11-17T09:00:17.788+0000] {logging_mixin.py:137} INFO - [2022-11-17T09:00:17.788+0000] {dag.py:3340} INFO - Setting next_dagrun for example_weekday_branch_operator to 2022-11-16T00:00:00+00:00, run_after=2022-11-17T00:00:00+00:00
[2022-11-17T09:00:17.954+0000] {processor.py:176} INFO - Processing /home/airflow/.local/lib/python3.7/site-packages/airflow/example_dags/example_branch_day_of_week_operator.py took 2.329 seconds
[2022-11-17T09:00:48.236+0000] {processor.py:154} INFO - Started process (PID=594) to work on /home/airflow/.local/lib/python3.7/site-packages/airflow/example_dags/example_branch_day_of_week_operator.py
[2022-11-17T09:00:48.250+0000] {processor.py:756} INFO - Processing file /home/airflow/.local/lib/python3.7/site-packages/airflow/example_dags/example_branch_day_of_week_operator.py for tasks to queue
[2022-11-17T09:00:48.264+0000] {logging_mixin.py:137} INFO - [2022-11-17T09:00:48.260+0000] {dagbag.py:537} INFO - Filling up the DagBag from /home/airflow/.local/lib/python3.7/site-packages/airflow/example_dags/example_branch_day_of_week_operator.py
[2022-11-17T09:00:48.484+0000] {processor.py:766} INFO - DAG(s) dict_keys(['example_weekday_branch_operator']) retrieved from /home/airflow/.local/lib/python3.7/site-packages/airflow/example_dags/example_branch_day_of_week_operator.py
[2022-11-17T09:00:48.982+0000] {logging_mixin.py:137} INFO - [2022-11-17T09:00:48.982+0000] {dag.py:2585} INFO - Sync 1 DAGs
[2022-11-17T09:00:49.250+0000] {logging_mixin.py:137} INFO - [2022-11-17T09:00:49.250+0000] {dag.py:3340} INFO - Setting next_dagrun for example_weekday_branch_operator to 2022-11-16T00:00:00+00:00, run_after=2022-11-17T00:00:00+00:00
[2022-11-17T09:00:49.486+0000] {processor.py:176} INFO - Processing /home/airflow/.local/lib/python3.7/site-packages/airflow/example_dags/example_branch_day_of_week_operator.py took 1.270 seconds
[2022-11-17T09:01:21.661+0000] {processor.py:154} INFO - Started process (PID=647) to work on /home/airflow/.local/lib/python3.7/site-packages/airflow/example_dags/example_branch_day_of_week_operator.py
[2022-11-17T09:01:21.673+0000] {processor.py:756} INFO - Processing file /home/airflow/.local/lib/python3.7/site-packages/airflow/example_dags/example_branch_day_of_week_operator.py for tasks to queue
[2022-11-17T09:01:21.685+0000] {logging_mixin.py:137} INFO - [2022-11-17T09:01:21.679+0000] {dagbag.py:537} INFO - Filling up the DagBag from /home/airflow/.local/lib/python3.7/site-packages/airflow/example_dags/example_branch_day_of_week_operator.py
[2022-11-17T09:01:21.819+0000] {processor.py:766} INFO - DAG(s) dict_keys(['example_weekday_branch_operator']) retrieved from /home/airflow/.local/lib/python3.7/site-packages/airflow/example_dags/example_branch_day_of_week_operator.py
[2022-11-17T09:01:21.975+0000] {logging_mixin.py:137} INFO - [2022-11-17T09:01:21.975+0000] {dag.py:2585} INFO - Sync 1 DAGs
[2022-11-17T09:01:22.070+0000] {logging_mixin.py:137} INFO - [2022-11-17T09:01:22.069+0000] {dag.py:3340} INFO - Setting next_dagrun for example_weekday_branch_operator to 2022-11-16T00:00:00+00:00, run_after=2022-11-17T00:00:00+00:00
[2022-11-17T09:01:22.139+0000] {processor.py:176} INFO - Processing /home/airflow/.local/lib/python3.7/site-packages/airflow/example_dags/example_branch_day_of_week_operator.py took 0.491 seconds
