[2022-11-17T08:48:20.962+0000] {processor.py:154} INFO - Started process (PID=87) to work on /home/airflow/.local/lib/python3.7/site-packages/airflow/example_dags/example_local_kubernetes_executor.py
[2022-11-17T08:48:20.972+0000] {processor.py:756} INFO - Processing file /home/airflow/.local/lib/python3.7/site-packages/airflow/example_dags/example_local_kubernetes_executor.py for tasks to queue
[2022-11-17T08:48:20.979+0000] {logging_mixin.py:137} INFO - [2022-11-17T08:48:20.975+0000] {dagbag.py:537} INFO - Filling up the DagBag from /home/airflow/.local/lib/python3.7/site-packages/airflow/example_dags/example_local_kubernetes_executor.py
[2022-11-17T08:48:21.101+0000] {processor.py:766} INFO - DAG(s) dict_keys(['example_local_kubernetes_executor']) retrieved from /home/airflow/.local/lib/python3.7/site-packages/airflow/example_dags/example_local_kubernetes_executor.py
[2022-11-17T08:48:21.546+0000] {logging_mixin.py:137} INFO - [2022-11-17T08:48:21.545+0000] {manager.py:507} INFO - Created Permission View: can delete on DAG:example_local_kubernetes_executor
[2022-11-17T08:48:21.617+0000] {logging_mixin.py:137} INFO - [2022-11-17T08:48:21.617+0000] {manager.py:507} INFO - Created Permission View: can edit on DAG:example_local_kubernetes_executor
[2022-11-17T08:48:21.634+0000] {logging_mixin.py:137} INFO - [2022-11-17T08:48:21.634+0000] {manager.py:507} INFO - Created Permission View: can read on DAG:example_local_kubernetes_executor
[2022-11-17T08:48:21.636+0000] {logging_mixin.py:137} INFO - [2022-11-17T08:48:21.635+0000] {dag.py:2585} INFO - Sync 1 DAGs
[2022-11-17T08:48:21.693+0000] {logging_mixin.py:137} INFO - [2022-11-17T08:48:21.693+0000] {dag.py:2606} INFO - Creating ORM DAG for example_local_kubernetes_executor
[2022-11-17T08:48:21.720+0000] {logging_mixin.py:137} INFO - [2022-11-17T08:48:21.720+0000] {dag.py:3340} INFO - Setting next_dagrun for example_local_kubernetes_executor to None, run_after=None
[2022-11-17T08:48:21.770+0000] {processor.py:176} INFO - Processing /home/airflow/.local/lib/python3.7/site-packages/airflow/example_dags/example_local_kubernetes_executor.py took 0.819 seconds
[2022-11-17T08:55:53.483+0000] {processor.py:154} INFO - Started process (PID=98) to work on /home/airflow/.local/lib/python3.7/site-packages/airflow/example_dags/example_local_kubernetes_executor.py
[2022-11-17T08:55:53.494+0000] {processor.py:756} INFO - Processing file /home/airflow/.local/lib/python3.7/site-packages/airflow/example_dags/example_local_kubernetes_executor.py for tasks to queue
[2022-11-17T08:55:53.504+0000] {logging_mixin.py:137} INFO - [2022-11-17T08:55:53.502+0000] {dagbag.py:537} INFO - Filling up the DagBag from /home/airflow/.local/lib/python3.7/site-packages/airflow/example_dags/example_local_kubernetes_executor.py
[2022-11-17T08:55:53.616+0000] {processor.py:766} INFO - DAG(s) dict_keys(['example_local_kubernetes_executor']) retrieved from /home/airflow/.local/lib/python3.7/site-packages/airflow/example_dags/example_local_kubernetes_executor.py
[2022-11-17T08:55:53.757+0000] {logging_mixin.py:137} INFO - [2022-11-17T08:55:53.757+0000] {dag.py:2585} INFO - Sync 1 DAGs
[2022-11-17T08:55:53.834+0000] {logging_mixin.py:137} INFO - [2022-11-17T08:55:53.834+0000] {dag.py:3340} INFO - Setting next_dagrun for example_local_kubernetes_executor to None, run_after=None
[2022-11-17T08:55:53.943+0000] {processor.py:176} INFO - Processing /home/airflow/.local/lib/python3.7/site-packages/airflow/example_dags/example_local_kubernetes_executor.py took 0.479 seconds
[2022-11-17T08:56:24.720+0000] {processor.py:154} INFO - Started process (PID=152) to work on /home/airflow/.local/lib/python3.7/site-packages/airflow/example_dags/example_local_kubernetes_executor.py
[2022-11-17T08:56:24.731+0000] {processor.py:756} INFO - Processing file /home/airflow/.local/lib/python3.7/site-packages/airflow/example_dags/example_local_kubernetes_executor.py for tasks to queue
[2022-11-17T08:56:24.736+0000] {logging_mixin.py:137} INFO - [2022-11-17T08:56:24.735+0000] {dagbag.py:537} INFO - Filling up the DagBag from /home/airflow/.local/lib/python3.7/site-packages/airflow/example_dags/example_local_kubernetes_executor.py
[2022-11-17T08:56:24.832+0000] {processor.py:766} INFO - DAG(s) dict_keys(['example_local_kubernetes_executor']) retrieved from /home/airflow/.local/lib/python3.7/site-packages/airflow/example_dags/example_local_kubernetes_executor.py
[2022-11-17T08:56:25.112+0000] {logging_mixin.py:137} INFO - [2022-11-17T08:56:25.112+0000] {dag.py:2585} INFO - Sync 1 DAGs
[2022-11-17T08:56:25.215+0000] {logging_mixin.py:137} INFO - [2022-11-17T08:56:25.215+0000] {dag.py:3340} INFO - Setting next_dagrun for example_local_kubernetes_executor to None, run_after=None
[2022-11-17T08:56:25.295+0000] {processor.py:176} INFO - Processing /home/airflow/.local/lib/python3.7/site-packages/airflow/example_dags/example_local_kubernetes_executor.py took 0.602 seconds
[2022-11-17T08:56:56.399+0000] {processor.py:154} INFO - Started process (PID=206) to work on /home/airflow/.local/lib/python3.7/site-packages/airflow/example_dags/example_local_kubernetes_executor.py
[2022-11-17T08:56:56.412+0000] {processor.py:756} INFO - Processing file /home/airflow/.local/lib/python3.7/site-packages/airflow/example_dags/example_local_kubernetes_executor.py for tasks to queue
[2022-11-17T08:56:56.417+0000] {logging_mixin.py:137} INFO - [2022-11-17T08:56:56.416+0000] {dagbag.py:537} INFO - Filling up the DagBag from /home/airflow/.local/lib/python3.7/site-packages/airflow/example_dags/example_local_kubernetes_executor.py
[2022-11-17T08:56:56.585+0000] {processor.py:766} INFO - DAG(s) dict_keys(['example_local_kubernetes_executor']) retrieved from /home/airflow/.local/lib/python3.7/site-packages/airflow/example_dags/example_local_kubernetes_executor.py
[2022-11-17T08:56:56.865+0000] {logging_mixin.py:137} INFO - [2022-11-17T08:56:56.865+0000] {dag.py:2585} INFO - Sync 1 DAGs
[2022-11-17T08:56:57.014+0000] {logging_mixin.py:137} INFO - [2022-11-17T08:56:57.013+0000] {dag.py:3340} INFO - Setting next_dagrun for example_local_kubernetes_executor to None, run_after=None
[2022-11-17T08:56:57.284+0000] {processor.py:176} INFO - Processing /home/airflow/.local/lib/python3.7/site-packages/airflow/example_dags/example_local_kubernetes_executor.py took 0.899 seconds
[2022-11-17T08:57:27.915+0000] {processor.py:154} INFO - Started process (PID=260) to work on /home/airflow/.local/lib/python3.7/site-packages/airflow/example_dags/example_local_kubernetes_executor.py
[2022-11-17T08:57:27.919+0000] {processor.py:756} INFO - Processing file /home/airflow/.local/lib/python3.7/site-packages/airflow/example_dags/example_local_kubernetes_executor.py for tasks to queue
[2022-11-17T08:57:27.929+0000] {logging_mixin.py:137} INFO - [2022-11-17T08:57:27.927+0000] {dagbag.py:537} INFO - Filling up the DagBag from /home/airflow/.local/lib/python3.7/site-packages/airflow/example_dags/example_local_kubernetes_executor.py
[2022-11-17T08:57:28.361+0000] {processor.py:766} INFO - DAG(s) dict_keys(['example_local_kubernetes_executor']) retrieved from /home/airflow/.local/lib/python3.7/site-packages/airflow/example_dags/example_local_kubernetes_executor.py
[2022-11-17T08:57:29.080+0000] {logging_mixin.py:137} INFO - [2022-11-17T08:57:29.080+0000] {dag.py:2585} INFO - Sync 1 DAGs
[2022-11-17T08:57:29.149+0000] {logging_mixin.py:137} INFO - [2022-11-17T08:57:29.149+0000] {dag.py:3340} INFO - Setting next_dagrun for example_local_kubernetes_executor to None, run_after=None
[2022-11-17T08:57:29.187+0000] {processor.py:176} INFO - Processing /home/airflow/.local/lib/python3.7/site-packages/airflow/example_dags/example_local_kubernetes_executor.py took 1.281 seconds
[2022-11-17T08:57:59.440+0000] {processor.py:154} INFO - Started process (PID=314) to work on /home/airflow/.local/lib/python3.7/site-packages/airflow/example_dags/example_local_kubernetes_executor.py
[2022-11-17T08:57:59.444+0000] {processor.py:756} INFO - Processing file /home/airflow/.local/lib/python3.7/site-packages/airflow/example_dags/example_local_kubernetes_executor.py for tasks to queue
[2022-11-17T08:57:59.460+0000] {logging_mixin.py:137} INFO - [2022-11-17T08:57:59.449+0000] {dagbag.py:537} INFO - Filling up the DagBag from /home/airflow/.local/lib/python3.7/site-packages/airflow/example_dags/example_local_kubernetes_executor.py
[2022-11-17T08:57:59.629+0000] {processor.py:766} INFO - DAG(s) dict_keys(['example_local_kubernetes_executor']) retrieved from /home/airflow/.local/lib/python3.7/site-packages/airflow/example_dags/example_local_kubernetes_executor.py
[2022-11-17T08:57:59.858+0000] {logging_mixin.py:137} INFO - [2022-11-17T08:57:59.857+0000] {dag.py:2585} INFO - Sync 1 DAGs
[2022-11-17T08:58:00.073+0000] {logging_mixin.py:137} INFO - [2022-11-17T08:58:00.073+0000] {dag.py:3340} INFO - Setting next_dagrun for example_local_kubernetes_executor to None, run_after=None
[2022-11-17T08:58:00.128+0000] {processor.py:176} INFO - Processing /home/airflow/.local/lib/python3.7/site-packages/airflow/example_dags/example_local_kubernetes_executor.py took 0.724 seconds
[2022-11-17T08:58:32.548+0000] {processor.py:154} INFO - Started process (PID=368) to work on /home/airflow/.local/lib/python3.7/site-packages/airflow/example_dags/example_local_kubernetes_executor.py
[2022-11-17T08:58:32.571+0000] {processor.py:756} INFO - Processing file /home/airflow/.local/lib/python3.7/site-packages/airflow/example_dags/example_local_kubernetes_executor.py for tasks to queue
[2022-11-17T08:58:32.576+0000] {logging_mixin.py:137} INFO - [2022-11-17T08:58:32.576+0000] {dagbag.py:537} INFO - Filling up the DagBag from /home/airflow/.local/lib/python3.7/site-packages/airflow/example_dags/example_local_kubernetes_executor.py
[2022-11-17T08:58:32.708+0000] {processor.py:766} INFO - DAG(s) dict_keys(['example_local_kubernetes_executor']) retrieved from /home/airflow/.local/lib/python3.7/site-packages/airflow/example_dags/example_local_kubernetes_executor.py
[2022-11-17T08:58:32.819+0000] {logging_mixin.py:137} INFO - [2022-11-17T08:58:32.819+0000] {dag.py:2585} INFO - Sync 1 DAGs
[2022-11-17T08:58:32.900+0000] {logging_mixin.py:137} INFO - [2022-11-17T08:58:32.899+0000] {dag.py:3340} INFO - Setting next_dagrun for example_local_kubernetes_executor to None, run_after=None
[2022-11-17T08:58:32.944+0000] {processor.py:176} INFO - Processing /home/airflow/.local/lib/python3.7/site-packages/airflow/example_dags/example_local_kubernetes_executor.py took 0.413 seconds
[2022-11-17T08:59:06.354+0000] {processor.py:154} INFO - Started process (PID=430) to work on /home/airflow/.local/lib/python3.7/site-packages/airflow/example_dags/example_local_kubernetes_executor.py
[2022-11-17T08:59:06.358+0000] {processor.py:756} INFO - Processing file /home/airflow/.local/lib/python3.7/site-packages/airflow/example_dags/example_local_kubernetes_executor.py for tasks to queue
[2022-11-17T08:59:06.362+0000] {logging_mixin.py:137} INFO - [2022-11-17T08:59:06.362+0000] {dagbag.py:537} INFO - Filling up the DagBag from /home/airflow/.local/lib/python3.7/site-packages/airflow/example_dags/example_local_kubernetes_executor.py
[2022-11-17T08:59:06.415+0000] {processor.py:766} INFO - DAG(s) dict_keys(['example_local_kubernetes_executor']) retrieved from /home/airflow/.local/lib/python3.7/site-packages/airflow/example_dags/example_local_kubernetes_executor.py
[2022-11-17T08:59:06.518+0000] {logging_mixin.py:137} INFO - [2022-11-17T08:59:06.516+0000] {dag.py:2585} INFO - Sync 1 DAGs
[2022-11-17T08:59:06.725+0000] {logging_mixin.py:137} INFO - [2022-11-17T08:59:06.725+0000] {dag.py:3340} INFO - Setting next_dagrun for example_local_kubernetes_executor to None, run_after=None
[2022-11-17T08:59:06.792+0000] {processor.py:176} INFO - Processing /home/airflow/.local/lib/python3.7/site-packages/airflow/example_dags/example_local_kubernetes_executor.py took 0.454 seconds
[2022-11-17T08:59:41.206+0000] {processor.py:154} INFO - Started process (PID=484) to work on /home/airflow/.local/lib/python3.7/site-packages/airflow/example_dags/example_local_kubernetes_executor.py
[2022-11-17T08:59:41.209+0000] {processor.py:756} INFO - Processing file /home/airflow/.local/lib/python3.7/site-packages/airflow/example_dags/example_local_kubernetes_executor.py for tasks to queue
[2022-11-17T08:59:41.213+0000] {logging_mixin.py:137} INFO - [2022-11-17T08:59:41.212+0000] {dagbag.py:537} INFO - Filling up the DagBag from /home/airflow/.local/lib/python3.7/site-packages/airflow/example_dags/example_local_kubernetes_executor.py
[2022-11-17T08:59:41.400+0000] {processor.py:766} INFO - DAG(s) dict_keys(['example_local_kubernetes_executor']) retrieved from /home/airflow/.local/lib/python3.7/site-packages/airflow/example_dags/example_local_kubernetes_executor.py
[2022-11-17T08:59:41.636+0000] {logging_mixin.py:137} INFO - [2022-11-17T08:59:41.635+0000] {dag.py:2585} INFO - Sync 1 DAGs
[2022-11-17T08:59:41.883+0000] {logging_mixin.py:137} INFO - [2022-11-17T08:59:41.882+0000] {dag.py:3340} INFO - Setting next_dagrun for example_local_kubernetes_executor to None, run_after=None
[2022-11-17T08:59:42.363+0000] {processor.py:176} INFO - Processing /home/airflow/.local/lib/python3.7/site-packages/airflow/example_dags/example_local_kubernetes_executor.py took 1.177 seconds
[2022-11-17T09:00:12.689+0000] {processor.py:154} INFO - Started process (PID=537) to work on /home/airflow/.local/lib/python3.7/site-packages/airflow/example_dags/example_local_kubernetes_executor.py
[2022-11-17T09:00:12.693+0000] {processor.py:756} INFO - Processing file /home/airflow/.local/lib/python3.7/site-packages/airflow/example_dags/example_local_kubernetes_executor.py for tasks to queue
[2022-11-17T09:00:12.699+0000] {logging_mixin.py:137} INFO - [2022-11-17T09:00:12.698+0000] {dagbag.py:537} INFO - Filling up the DagBag from /home/airflow/.local/lib/python3.7/site-packages/airflow/example_dags/example_local_kubernetes_executor.py
[2022-11-17T09:00:12.798+0000] {processor.py:766} INFO - DAG(s) dict_keys(['example_local_kubernetes_executor']) retrieved from /home/airflow/.local/lib/python3.7/site-packages/airflow/example_dags/example_local_kubernetes_executor.py
[2022-11-17T09:00:12.936+0000] {logging_mixin.py:137} INFO - [2022-11-17T09:00:12.935+0000] {dag.py:2585} INFO - Sync 1 DAGs
[2022-11-17T09:00:13.015+0000] {logging_mixin.py:137} INFO - [2022-11-17T09:00:13.015+0000] {dag.py:3340} INFO - Setting next_dagrun for example_local_kubernetes_executor to None, run_after=None
[2022-11-17T09:00:13.117+0000] {processor.py:176} INFO - Processing /home/airflow/.local/lib/python3.7/site-packages/airflow/example_dags/example_local_kubernetes_executor.py took 0.446 seconds
[2022-11-17T09:00:46.127+0000] {processor.py:154} INFO - Started process (PID=591) to work on /home/airflow/.local/lib/python3.7/site-packages/airflow/example_dags/example_local_kubernetes_executor.py
[2022-11-17T09:00:46.137+0000] {processor.py:756} INFO - Processing file /home/airflow/.local/lib/python3.7/site-packages/airflow/example_dags/example_local_kubernetes_executor.py for tasks to queue
[2022-11-17T09:00:46.153+0000] {logging_mixin.py:137} INFO - [2022-11-17T09:00:46.151+0000] {dagbag.py:537} INFO - Filling up the DagBag from /home/airflow/.local/lib/python3.7/site-packages/airflow/example_dags/example_local_kubernetes_executor.py
[2022-11-17T09:00:46.370+0000] {processor.py:766} INFO - DAG(s) dict_keys(['example_local_kubernetes_executor']) retrieved from /home/airflow/.local/lib/python3.7/site-packages/airflow/example_dags/example_local_kubernetes_executor.py
[2022-11-17T09:00:46.847+0000] {logging_mixin.py:137} INFO - [2022-11-17T09:00:46.842+0000] {dag.py:2585} INFO - Sync 1 DAGs
[2022-11-17T09:00:47.379+0000] {logging_mixin.py:137} INFO - [2022-11-17T09:00:47.378+0000] {dag.py:3340} INFO - Setting next_dagrun for example_local_kubernetes_executor to None, run_after=None
[2022-11-17T09:00:47.620+0000] {processor.py:176} INFO - Processing /home/airflow/.local/lib/python3.7/site-packages/airflow/example_dags/example_local_kubernetes_executor.py took 1.513 seconds
[2022-11-17T09:01:20.264+0000] {processor.py:154} INFO - Started process (PID=645) to work on /home/airflow/.local/lib/python3.7/site-packages/airflow/example_dags/example_local_kubernetes_executor.py
[2022-11-17T09:01:20.269+0000] {processor.py:756} INFO - Processing file /home/airflow/.local/lib/python3.7/site-packages/airflow/example_dags/example_local_kubernetes_executor.py for tasks to queue
[2022-11-17T09:01:20.272+0000] {logging_mixin.py:137} INFO - [2022-11-17T09:01:20.272+0000] {dagbag.py:537} INFO - Filling up the DagBag from /home/airflow/.local/lib/python3.7/site-packages/airflow/example_dags/example_local_kubernetes_executor.py
[2022-11-17T09:01:20.480+0000] {processor.py:766} INFO - DAG(s) dict_keys(['example_local_kubernetes_executor']) retrieved from /home/airflow/.local/lib/python3.7/site-packages/airflow/example_dags/example_local_kubernetes_executor.py
[2022-11-17T09:01:20.857+0000] {logging_mixin.py:137} INFO - [2022-11-17T09:01:20.856+0000] {dag.py:2585} INFO - Sync 1 DAGs
[2022-11-17T09:01:21.168+0000] {logging_mixin.py:137} INFO - [2022-11-17T09:01:21.168+0000] {dag.py:3340} INFO - Setting next_dagrun for example_local_kubernetes_executor to None, run_after=None
[2022-11-17T09:01:21.425+0000] {processor.py:176} INFO - Processing /home/airflow/.local/lib/python3.7/site-packages/airflow/example_dags/example_local_kubernetes_executor.py took 1.177 seconds
