[2022-11-17T08:48:03.627+0000] {processor.py:154} INFO - Started process (PID=52) to work on /home/airflow/.local/lib/python3.7/site-packages/airflow/example_dags/example_sla_dag.py
[2022-11-17T08:48:03.637+0000] {processor.py:756} INFO - Processing file /home/airflow/.local/lib/python3.7/site-packages/airflow/example_dags/example_sla_dag.py for tasks to queue
[2022-11-17T08:48:03.665+0000] {logging_mixin.py:137} INFO - [2022-11-17T08:48:03.664+0000] {dagbag.py:537} INFO - Filling up the DagBag from /home/airflow/.local/lib/python3.7/site-packages/airflow/example_dags/example_sla_dag.py
[2022-11-17T08:48:03.796+0000] {processor.py:766} INFO - DAG(s) dict_keys(['example_sla_dag']) retrieved from /home/airflow/.local/lib/python3.7/site-packages/airflow/example_dags/example_sla_dag.py
[2022-11-17T08:48:04.530+0000] {logging_mixin.py:137} INFO - [2022-11-17T08:48:04.530+0000] {manager.py:507} INFO - Created Permission View: can delete on DAG:example_sla_dag
[2022-11-17T08:48:04.601+0000] {logging_mixin.py:137} INFO - [2022-11-17T08:48:04.600+0000] {manager.py:507} INFO - Created Permission View: can edit on DAG:example_sla_dag
[2022-11-17T08:48:04.641+0000] {logging_mixin.py:137} INFO - [2022-11-17T08:48:04.641+0000] {manager.py:507} INFO - Created Permission View: can read on DAG:example_sla_dag
[2022-11-17T08:48:04.644+0000] {logging_mixin.py:137} INFO - [2022-11-17T08:48:04.643+0000] {dag.py:2585} INFO - Sync 1 DAGs
[2022-11-17T08:48:04.705+0000] {logging_mixin.py:137} INFO - [2022-11-17T08:48:04.705+0000] {dag.py:2606} INFO - Creating ORM DAG for example_sla_dag
[2022-11-17T08:48:04.827+0000] {logging_mixin.py:137} INFO - [2022-11-17T08:48:04.825+0000] {dag.py:3340} INFO - Setting next_dagrun for example_sla_dag to 2022-11-17T08:46:00+00:00, run_after=2022-11-17T08:48:00+00:00
[2022-11-17T08:48:04.896+0000] {processor.py:176} INFO - Processing /home/airflow/.local/lib/python3.7/site-packages/airflow/example_dags/example_sla_dag.py took 1.296 seconds
[2022-11-17T08:48:44.996+0000] {logging_mixin.py:137} INFO - [2022-11-17T08:48:44.995+0000] {process_utils.py:256} INFO - Waiting up to 5 seconds for processes to exit...
[2022-11-17T08:55:32.226+0000] {processor.py:154} INFO - Started process (PID=63) to work on /home/airflow/.local/lib/python3.7/site-packages/airflow/example_dags/example_sla_dag.py
[2022-11-17T08:55:32.241+0000] {processor.py:756} INFO - Processing file /home/airflow/.local/lib/python3.7/site-packages/airflow/example_dags/example_sla_dag.py for tasks to queue
[2022-11-17T08:55:32.258+0000] {logging_mixin.py:137} INFO - [2022-11-17T08:55:32.256+0000] {dagbag.py:537} INFO - Filling up the DagBag from /home/airflow/.local/lib/python3.7/site-packages/airflow/example_dags/example_sla_dag.py
[2022-11-17T08:55:32.446+0000] {processor.py:766} INFO - DAG(s) dict_keys(['example_sla_dag']) retrieved from /home/airflow/.local/lib/python3.7/site-packages/airflow/example_dags/example_sla_dag.py
[2022-11-17T08:55:32.744+0000] {logging_mixin.py:137} INFO - [2022-11-17T08:55:32.741+0000] {dag.py:2585} INFO - Sync 1 DAGs
[2022-11-17T08:55:32.961+0000] {logging_mixin.py:137} INFO - [2022-11-17T08:55:32.961+0000] {dag.py:3340} INFO - Setting next_dagrun for example_sla_dag to 2022-11-17T08:52:00+00:00, run_after=2022-11-17T08:54:00+00:00
[2022-11-17T08:55:33.122+0000] {processor.py:176} INFO - Processing /home/airflow/.local/lib/python3.7/site-packages/airflow/example_dags/example_sla_dag.py took 0.925 seconds
[2022-11-17T08:56:03.388+0000] {processor.py:154} INFO - Started process (PID=117) to work on /home/airflow/.local/lib/python3.7/site-packages/airflow/example_dags/example_sla_dag.py
[2022-11-17T08:56:03.393+0000] {processor.py:756} INFO - Processing file /home/airflow/.local/lib/python3.7/site-packages/airflow/example_dags/example_sla_dag.py for tasks to queue
[2022-11-17T08:56:03.398+0000] {logging_mixin.py:137} INFO - [2022-11-17T08:56:03.397+0000] {dagbag.py:537} INFO - Filling up the DagBag from /home/airflow/.local/lib/python3.7/site-packages/airflow/example_dags/example_sla_dag.py
[2022-11-17T08:56:03.488+0000] {processor.py:766} INFO - DAG(s) dict_keys(['example_sla_dag']) retrieved from /home/airflow/.local/lib/python3.7/site-packages/airflow/example_dags/example_sla_dag.py
[2022-11-17T08:56:03.588+0000] {logging_mixin.py:137} INFO - [2022-11-17T08:56:03.588+0000] {dag.py:2585} INFO - Sync 1 DAGs
[2022-11-17T08:56:03.754+0000] {logging_mixin.py:137} INFO - [2022-11-17T08:56:03.754+0000] {dag.py:3340} INFO - Setting next_dagrun for example_sla_dag to 2022-11-17T08:54:00+00:00, run_after=2022-11-17T08:56:00+00:00
[2022-11-17T08:56:03.827+0000] {processor.py:176} INFO - Processing /home/airflow/.local/lib/python3.7/site-packages/airflow/example_dags/example_sla_dag.py took 0.484 seconds
[2022-11-17T08:56:34.622+0000] {processor.py:154} INFO - Started process (PID=169) to work on /home/airflow/.local/lib/python3.7/site-packages/airflow/example_dags/example_sla_dag.py
[2022-11-17T08:56:34.638+0000] {processor.py:756} INFO - Processing file /home/airflow/.local/lib/python3.7/site-packages/airflow/example_dags/example_sla_dag.py for tasks to queue
[2022-11-17T08:56:34.648+0000] {logging_mixin.py:137} INFO - [2022-11-17T08:56:34.645+0000] {dagbag.py:537} INFO - Filling up the DagBag from /home/airflow/.local/lib/python3.7/site-packages/airflow/example_dags/example_sla_dag.py
[2022-11-17T08:56:34.866+0000] {processor.py:766} INFO - DAG(s) dict_keys(['example_sla_dag']) retrieved from /home/airflow/.local/lib/python3.7/site-packages/airflow/example_dags/example_sla_dag.py
[2022-11-17T08:56:35.131+0000] {logging_mixin.py:137} INFO - [2022-11-17T08:56:35.131+0000] {dag.py:2585} INFO - Sync 1 DAGs
[2022-11-17T08:56:35.359+0000] {logging_mixin.py:137} INFO - [2022-11-17T08:56:35.359+0000] {dag.py:3340} INFO - Setting next_dagrun for example_sla_dag to 2022-11-17T08:54:00+00:00, run_after=2022-11-17T08:56:00+00:00
[2022-11-17T08:56:35.432+0000] {processor.py:176} INFO - Processing /home/airflow/.local/lib/python3.7/site-packages/airflow/example_dags/example_sla_dag.py took 0.834 seconds
[2022-11-17T08:57:07.184+0000] {processor.py:154} INFO - Started process (PID=223) to work on /home/airflow/.local/lib/python3.7/site-packages/airflow/example_dags/example_sla_dag.py
[2022-11-17T08:57:07.195+0000] {processor.py:756} INFO - Processing file /home/airflow/.local/lib/python3.7/site-packages/airflow/example_dags/example_sla_dag.py for tasks to queue
[2022-11-17T08:57:07.207+0000] {logging_mixin.py:137} INFO - [2022-11-17T08:57:07.206+0000] {dagbag.py:537} INFO - Filling up the DagBag from /home/airflow/.local/lib/python3.7/site-packages/airflow/example_dags/example_sla_dag.py
[2022-11-17T08:57:07.496+0000] {processor.py:766} INFO - DAG(s) dict_keys(['example_sla_dag']) retrieved from /home/airflow/.local/lib/python3.7/site-packages/airflow/example_dags/example_sla_dag.py
[2022-11-17T08:57:07.853+0000] {logging_mixin.py:137} INFO - [2022-11-17T08:57:07.853+0000] {dag.py:2585} INFO - Sync 1 DAGs
[2022-11-17T08:57:08.099+0000] {logging_mixin.py:137} INFO - [2022-11-17T08:57:08.099+0000] {dag.py:3340} INFO - Setting next_dagrun for example_sla_dag to 2022-11-17T08:54:00+00:00, run_after=2022-11-17T08:56:00+00:00
[2022-11-17T08:57:08.338+0000] {processor.py:176} INFO - Processing /home/airflow/.local/lib/python3.7/site-packages/airflow/example_dags/example_sla_dag.py took 1.182 seconds
[2022-11-17T08:57:38.572+0000] {processor.py:154} INFO - Started process (PID=279) to work on /home/airflow/.local/lib/python3.7/site-packages/airflow/example_dags/example_sla_dag.py
[2022-11-17T08:57:38.578+0000] {processor.py:756} INFO - Processing file /home/airflow/.local/lib/python3.7/site-packages/airflow/example_dags/example_sla_dag.py for tasks to queue
[2022-11-17T08:57:38.586+0000] {logging_mixin.py:137} INFO - [2022-11-17T08:57:38.585+0000] {dagbag.py:537} INFO - Filling up the DagBag from /home/airflow/.local/lib/python3.7/site-packages/airflow/example_dags/example_sla_dag.py
[2022-11-17T08:57:38.697+0000] {processor.py:766} INFO - DAG(s) dict_keys(['example_sla_dag']) retrieved from /home/airflow/.local/lib/python3.7/site-packages/airflow/example_dags/example_sla_dag.py
[2022-11-17T08:57:38.782+0000] {logging_mixin.py:137} INFO - [2022-11-17T08:57:38.782+0000] {dag.py:2585} INFO - Sync 1 DAGs
[2022-11-17T08:57:38.870+0000] {logging_mixin.py:137} INFO - [2022-11-17T08:57:38.870+0000] {dag.py:3340} INFO - Setting next_dagrun for example_sla_dag to 2022-11-17T08:54:00+00:00, run_after=2022-11-17T08:56:00+00:00
[2022-11-17T08:57:38.951+0000] {processor.py:176} INFO - Processing /home/airflow/.local/lib/python3.7/site-packages/airflow/example_dags/example_sla_dag.py took 0.393 seconds
[2022-11-17T08:58:09.357+0000] {processor.py:154} INFO - Started process (PID=333) to work on /home/airflow/.local/lib/python3.7/site-packages/airflow/example_dags/example_sla_dag.py
[2022-11-17T08:58:09.376+0000] {processor.py:756} INFO - Processing file /home/airflow/.local/lib/python3.7/site-packages/airflow/example_dags/example_sla_dag.py for tasks to queue
[2022-11-17T08:58:09.381+0000] {logging_mixin.py:137} INFO - [2022-11-17T08:58:09.380+0000] {dagbag.py:537} INFO - Filling up the DagBag from /home/airflow/.local/lib/python3.7/site-packages/airflow/example_dags/example_sla_dag.py
[2022-11-17T08:58:09.510+0000] {processor.py:766} INFO - DAG(s) dict_keys(['example_sla_dag']) retrieved from /home/airflow/.local/lib/python3.7/site-packages/airflow/example_dags/example_sla_dag.py
[2022-11-17T08:58:09.888+0000] {logging_mixin.py:137} INFO - [2022-11-17T08:58:09.888+0000] {dag.py:2585} INFO - Sync 1 DAGs
[2022-11-17T08:58:10.053+0000] {logging_mixin.py:137} INFO - [2022-11-17T08:58:10.052+0000] {dag.py:3340} INFO - Setting next_dagrun for example_sla_dag to 2022-11-17T08:56:00+00:00, run_after=2022-11-17T08:58:00+00:00
[2022-11-17T08:58:10.110+0000] {processor.py:176} INFO - Processing /home/airflow/.local/lib/python3.7/site-packages/airflow/example_dags/example_sla_dag.py took 0.776 seconds
[2022-11-17T08:58:40.960+0000] {processor.py:154} INFO - Started process (PID=387) to work on /home/airflow/.local/lib/python3.7/site-packages/airflow/example_dags/example_sla_dag.py
[2022-11-17T08:58:40.966+0000] {processor.py:756} INFO - Processing file /home/airflow/.local/lib/python3.7/site-packages/airflow/example_dags/example_sla_dag.py for tasks to queue
[2022-11-17T08:58:40.978+0000] {logging_mixin.py:137} INFO - [2022-11-17T08:58:40.973+0000] {dagbag.py:537} INFO - Filling up the DagBag from /home/airflow/.local/lib/python3.7/site-packages/airflow/example_dags/example_sla_dag.py
[2022-11-17T08:58:41.137+0000] {processor.py:766} INFO - DAG(s) dict_keys(['example_sla_dag']) retrieved from /home/airflow/.local/lib/python3.7/site-packages/airflow/example_dags/example_sla_dag.py
[2022-11-17T08:58:41.392+0000] {logging_mixin.py:137} INFO - [2022-11-17T08:58:41.391+0000] {dag.py:2585} INFO - Sync 1 DAGs
[2022-11-17T08:58:41.746+0000] {logging_mixin.py:137} INFO - [2022-11-17T08:58:41.746+0000] {dag.py:3340} INFO - Setting next_dagrun for example_sla_dag to 2022-11-17T08:56:00+00:00, run_after=2022-11-17T08:58:00+00:00
[2022-11-17T08:58:41.820+0000] {processor.py:176} INFO - Processing /home/airflow/.local/lib/python3.7/site-packages/airflow/example_dags/example_sla_dag.py took 0.883 seconds
[2022-11-17T08:59:12.567+0000] {processor.py:154} INFO - Started process (PID=440) to work on /home/airflow/.local/lib/python3.7/site-packages/airflow/example_dags/example_sla_dag.py
[2022-11-17T08:59:12.598+0000] {processor.py:756} INFO - Processing file /home/airflow/.local/lib/python3.7/site-packages/airflow/example_dags/example_sla_dag.py for tasks to queue
[2022-11-17T08:59:12.603+0000] {logging_mixin.py:137} INFO - [2022-11-17T08:59:12.603+0000] {dagbag.py:537} INFO - Filling up the DagBag from /home/airflow/.local/lib/python3.7/site-packages/airflow/example_dags/example_sla_dag.py
[2022-11-17T08:59:12.678+0000] {processor.py:766} INFO - DAG(s) dict_keys(['example_sla_dag']) retrieved from /home/airflow/.local/lib/python3.7/site-packages/airflow/example_dags/example_sla_dag.py
[2022-11-17T08:59:12.822+0000] {logging_mixin.py:137} INFO - [2022-11-17T08:59:12.821+0000] {dag.py:2585} INFO - Sync 1 DAGs
[2022-11-17T08:59:12.894+0000] {logging_mixin.py:137} INFO - [2022-11-17T08:59:12.894+0000] {dag.py:3340} INFO - Setting next_dagrun for example_sla_dag to 2022-11-17T08:56:00+00:00, run_after=2022-11-17T08:58:00+00:00
[2022-11-17T08:59:12.962+0000] {processor.py:176} INFO - Processing /home/airflow/.local/lib/python3.7/site-packages/airflow/example_dags/example_sla_dag.py took 0.440 seconds
[2022-11-17T08:59:46.005+0000] {processor.py:154} INFO - Started process (PID=494) to work on /home/airflow/.local/lib/python3.7/site-packages/airflow/example_dags/example_sla_dag.py
[2022-11-17T08:59:46.010+0000] {processor.py:756} INFO - Processing file /home/airflow/.local/lib/python3.7/site-packages/airflow/example_dags/example_sla_dag.py for tasks to queue
[2022-11-17T08:59:46.015+0000] {logging_mixin.py:137} INFO - [2022-11-17T08:59:46.015+0000] {dagbag.py:537} INFO - Filling up the DagBag from /home/airflow/.local/lib/python3.7/site-packages/airflow/example_dags/example_sla_dag.py
[2022-11-17T08:59:46.070+0000] {processor.py:766} INFO - DAG(s) dict_keys(['example_sla_dag']) retrieved from /home/airflow/.local/lib/python3.7/site-packages/airflow/example_dags/example_sla_dag.py
[2022-11-17T08:59:46.158+0000] {logging_mixin.py:137} INFO - [2022-11-17T08:59:46.158+0000] {dag.py:2585} INFO - Sync 1 DAGs
[2022-11-17T08:59:46.265+0000] {logging_mixin.py:137} INFO - [2022-11-17T08:59:46.263+0000] {dag.py:3340} INFO - Setting next_dagrun for example_sla_dag to 2022-11-17T08:56:00+00:00, run_after=2022-11-17T08:58:00+00:00
[2022-11-17T08:59:46.328+0000] {processor.py:176} INFO - Processing /home/airflow/.local/lib/python3.7/site-packages/airflow/example_dags/example_sla_dag.py took 0.334 seconds
[2022-11-17T09:00:18.127+0000] {processor.py:154} INFO - Started process (PID=542) to work on /home/airflow/.local/lib/python3.7/site-packages/airflow/example_dags/example_sla_dag.py
[2022-11-17T09:00:18.140+0000] {processor.py:756} INFO - Processing file /home/airflow/.local/lib/python3.7/site-packages/airflow/example_dags/example_sla_dag.py for tasks to queue
[2022-11-17T09:00:18.173+0000] {logging_mixin.py:137} INFO - [2022-11-17T09:00:18.156+0000] {dagbag.py:537} INFO - Filling up the DagBag from /home/airflow/.local/lib/python3.7/site-packages/airflow/example_dags/example_sla_dag.py
[2022-11-17T09:00:18.544+0000] {processor.py:766} INFO - DAG(s) dict_keys(['example_sla_dag']) retrieved from /home/airflow/.local/lib/python3.7/site-packages/airflow/example_dags/example_sla_dag.py
[2022-11-17T09:00:18.729+0000] {logging_mixin.py:137} INFO - [2022-11-17T09:00:18.729+0000] {dag.py:2585} INFO - Sync 1 DAGs
[2022-11-17T09:00:18.954+0000] {logging_mixin.py:137} INFO - [2022-11-17T09:00:18.954+0000] {dag.py:3340} INFO - Setting next_dagrun for example_sla_dag to 2022-11-17T08:58:00+00:00, run_after=2022-11-17T09:00:00+00:00
[2022-11-17T09:00:19.321+0000] {processor.py:176} INFO - Processing /home/airflow/.local/lib/python3.7/site-packages/airflow/example_dags/example_sla_dag.py took 1.245 seconds
[2022-11-17T09:00:49.651+0000] {processor.py:154} INFO - Started process (PID=596) to work on /home/airflow/.local/lib/python3.7/site-packages/airflow/example_dags/example_sla_dag.py
[2022-11-17T09:00:49.668+0000] {processor.py:756} INFO - Processing file /home/airflow/.local/lib/python3.7/site-packages/airflow/example_dags/example_sla_dag.py for tasks to queue
[2022-11-17T09:00:49.673+0000] {logging_mixin.py:137} INFO - [2022-11-17T09:00:49.672+0000] {dagbag.py:537} INFO - Filling up the DagBag from /home/airflow/.local/lib/python3.7/site-packages/airflow/example_dags/example_sla_dag.py
[2022-11-17T09:00:49.814+0000] {processor.py:766} INFO - DAG(s) dict_keys(['example_sla_dag']) retrieved from /home/airflow/.local/lib/python3.7/site-packages/airflow/example_dags/example_sla_dag.py
[2022-11-17T09:00:50.217+0000] {logging_mixin.py:137} INFO - [2022-11-17T09:00:50.217+0000] {dag.py:2585} INFO - Sync 1 DAGs
[2022-11-17T09:00:50.363+0000] {logging_mixin.py:137} INFO - [2022-11-17T09:00:50.362+0000] {dag.py:3340} INFO - Setting next_dagrun for example_sla_dag to 2022-11-17T08:58:00+00:00, run_after=2022-11-17T09:00:00+00:00
[2022-11-17T09:00:50.453+0000] {processor.py:176} INFO - Processing /home/airflow/.local/lib/python3.7/site-packages/airflow/example_dags/example_sla_dag.py took 0.850 seconds
[2022-11-17T09:01:22.306+0000] {processor.py:154} INFO - Started process (PID=649) to work on /home/airflow/.local/lib/python3.7/site-packages/airflow/example_dags/example_sla_dag.py
[2022-11-17T09:01:22.315+0000] {processor.py:756} INFO - Processing file /home/airflow/.local/lib/python3.7/site-packages/airflow/example_dags/example_sla_dag.py for tasks to queue
[2022-11-17T09:01:22.320+0000] {logging_mixin.py:137} INFO - [2022-11-17T09:01:22.319+0000] {dagbag.py:537} INFO - Filling up the DagBag from /home/airflow/.local/lib/python3.7/site-packages/airflow/example_dags/example_sla_dag.py
[2022-11-17T09:01:22.416+0000] {processor.py:766} INFO - DAG(s) dict_keys(['example_sla_dag']) retrieved from /home/airflow/.local/lib/python3.7/site-packages/airflow/example_dags/example_sla_dag.py
[2022-11-17T09:01:22.566+0000] {logging_mixin.py:137} INFO - [2022-11-17T09:01:22.566+0000] {dag.py:2585} INFO - Sync 1 DAGs
[2022-11-17T09:01:22.656+0000] {logging_mixin.py:137} INFO - [2022-11-17T09:01:22.655+0000] {dag.py:3340} INFO - Setting next_dagrun for example_sla_dag to 2022-11-17T08:58:00+00:00, run_after=2022-11-17T09:00:00+00:00
[2022-11-17T09:01:22.726+0000] {processor.py:176} INFO - Processing /home/airflow/.local/lib/python3.7/site-packages/airflow/example_dags/example_sla_dag.py took 0.442 seconds
