[2022-11-17T08:48:04.355+0000] {processor.py:154} INFO - Started process (PID=53) to work on /home/airflow/.local/lib/python3.7/site-packages/airflow/example_dags/example_trigger_controller_dag.py
[2022-11-17T08:48:04.367+0000] {processor.py:756} INFO - Processing file /home/airflow/.local/lib/python3.7/site-packages/airflow/example_dags/example_trigger_controller_dag.py for tasks to queue
[2022-11-17T08:48:04.375+0000] {logging_mixin.py:137} INFO - [2022-11-17T08:48:04.374+0000] {dagbag.py:537} INFO - Filling up the DagBag from /home/airflow/.local/lib/python3.7/site-packages/airflow/example_dags/example_trigger_controller_dag.py
[2022-11-17T08:48:04.444+0000] {processor.py:766} INFO - DAG(s) dict_keys(['example_trigger_controller_dag']) retrieved from /home/airflow/.local/lib/python3.7/site-packages/airflow/example_dags/example_trigger_controller_dag.py
[2022-11-17T08:48:05.286+0000] {logging_mixin.py:137} INFO - [2022-11-17T08:48:05.286+0000] {manager.py:507} INFO - Created Permission View: can delete on DAG:example_trigger_controller_dag
[2022-11-17T08:48:05.321+0000] {logging_mixin.py:137} INFO - [2022-11-17T08:48:05.321+0000] {manager.py:507} INFO - Created Permission View: can edit on DAG:example_trigger_controller_dag
[2022-11-17T08:48:05.356+0000] {logging_mixin.py:137} INFO - [2022-11-17T08:48:05.356+0000] {manager.py:507} INFO - Created Permission View: can read on DAG:example_trigger_controller_dag
[2022-11-17T08:48:05.358+0000] {logging_mixin.py:137} INFO - [2022-11-17T08:48:05.358+0000] {dag.py:2585} INFO - Sync 1 DAGs
[2022-11-17T08:48:05.418+0000] {logging_mixin.py:137} INFO - [2022-11-17T08:48:05.418+0000] {dag.py:2606} INFO - Creating ORM DAG for example_trigger_controller_dag
[2022-11-17T08:48:05.471+0000] {logging_mixin.py:137} INFO - [2022-11-17T08:48:05.471+0000] {dag.py:3340} INFO - Setting next_dagrun for example_trigger_controller_dag to 2021-01-01T00:00:00+00:00, run_after=2021-01-01T00:00:00+00:00
[2022-11-17T08:48:05.534+0000] {processor.py:176} INFO - Processing /home/airflow/.local/lib/python3.7/site-packages/airflow/example_dags/example_trigger_controller_dag.py took 1.208 seconds
[2022-11-17T08:55:32.759+0000] {processor.py:154} INFO - Started process (PID=64) to work on /home/airflow/.local/lib/python3.7/site-packages/airflow/example_dags/example_trigger_controller_dag.py
[2022-11-17T08:55:32.770+0000] {processor.py:756} INFO - Processing file /home/airflow/.local/lib/python3.7/site-packages/airflow/example_dags/example_trigger_controller_dag.py for tasks to queue
[2022-11-17T08:55:32.778+0000] {logging_mixin.py:137} INFO - [2022-11-17T08:55:32.777+0000] {dagbag.py:537} INFO - Filling up the DagBag from /home/airflow/.local/lib/python3.7/site-packages/airflow/example_dags/example_trigger_controller_dag.py
[2022-11-17T08:55:32.931+0000] {processor.py:766} INFO - DAG(s) dict_keys(['example_trigger_controller_dag']) retrieved from /home/airflow/.local/lib/python3.7/site-packages/airflow/example_dags/example_trigger_controller_dag.py
[2022-11-17T08:55:33.389+0000] {logging_mixin.py:137} INFO - [2022-11-17T08:55:33.389+0000] {dag.py:2585} INFO - Sync 1 DAGs
[2022-11-17T08:55:33.481+0000] {logging_mixin.py:137} INFO - [2022-11-17T08:55:33.481+0000] {dag.py:3340} INFO - Setting next_dagrun for example_trigger_controller_dag to 2021-01-01T00:00:00+00:00, run_after=2021-01-01T00:00:00+00:00
[2022-11-17T08:55:33.525+0000] {processor.py:176} INFO - Processing /home/airflow/.local/lib/python3.7/site-packages/airflow/example_dags/example_trigger_controller_dag.py took 0.788 seconds
[2022-11-17T08:56:03.716+0000] {processor.py:154} INFO - Started process (PID=118) to work on /home/airflow/.local/lib/python3.7/site-packages/airflow/example_dags/example_trigger_controller_dag.py
[2022-11-17T08:56:03.732+0000] {processor.py:756} INFO - Processing file /home/airflow/.local/lib/python3.7/site-packages/airflow/example_dags/example_trigger_controller_dag.py for tasks to queue
[2022-11-17T08:56:03.743+0000] {logging_mixin.py:137} INFO - [2022-11-17T08:56:03.741+0000] {dagbag.py:537} INFO - Filling up the DagBag from /home/airflow/.local/lib/python3.7/site-packages/airflow/example_dags/example_trigger_controller_dag.py
[2022-11-17T08:56:03.794+0000] {processor.py:766} INFO - DAG(s) dict_keys(['example_trigger_controller_dag']) retrieved from /home/airflow/.local/lib/python3.7/site-packages/airflow/example_dags/example_trigger_controller_dag.py
[2022-11-17T08:56:03.965+0000] {logging_mixin.py:137} INFO - [2022-11-17T08:56:03.965+0000] {dag.py:2585} INFO - Sync 1 DAGs
[2022-11-17T08:56:04.025+0000] {logging_mixin.py:137} INFO - [2022-11-17T08:56:04.025+0000] {dag.py:3340} INFO - Setting next_dagrun for example_trigger_controller_dag to 2021-01-01T00:00:00+00:00, run_after=2021-01-01T00:00:00+00:00
[2022-11-17T08:56:04.061+0000] {processor.py:176} INFO - Processing /home/airflow/.local/lib/python3.7/site-packages/airflow/example_dags/example_trigger_controller_dag.py took 0.377 seconds
[2022-11-17T08:56:35.449+0000] {processor.py:154} INFO - Started process (PID=170) to work on /home/airflow/.local/lib/python3.7/site-packages/airflow/example_dags/example_trigger_controller_dag.py
[2022-11-17T08:56:35.457+0000] {processor.py:756} INFO - Processing file /home/airflow/.local/lib/python3.7/site-packages/airflow/example_dags/example_trigger_controller_dag.py for tasks to queue
[2022-11-17T08:56:35.468+0000] {logging_mixin.py:137} INFO - [2022-11-17T08:56:35.468+0000] {dagbag.py:537} INFO - Filling up the DagBag from /home/airflow/.local/lib/python3.7/site-packages/airflow/example_dags/example_trigger_controller_dag.py
[2022-11-17T08:56:35.547+0000] {processor.py:766} INFO - DAG(s) dict_keys(['example_trigger_controller_dag']) retrieved from /home/airflow/.local/lib/python3.7/site-packages/airflow/example_dags/example_trigger_controller_dag.py
[2022-11-17T08:56:35.761+0000] {logging_mixin.py:137} INFO - [2022-11-17T08:56:35.761+0000] {dag.py:2585} INFO - Sync 1 DAGs
[2022-11-17T08:56:35.949+0000] {logging_mixin.py:137} INFO - [2022-11-17T08:56:35.948+0000] {dag.py:3340} INFO - Setting next_dagrun for example_trigger_controller_dag to 2021-01-01T00:00:00+00:00, run_after=2021-01-01T00:00:00+00:00
[2022-11-17T08:56:36.031+0000] {processor.py:176} INFO - Processing /home/airflow/.local/lib/python3.7/site-packages/airflow/example_dags/example_trigger_controller_dag.py took 0.603 seconds
[2022-11-17T08:57:07.733+0000] {processor.py:154} INFO - Started process (PID=225) to work on /home/airflow/.local/lib/python3.7/site-packages/airflow/example_dags/example_trigger_controller_dag.py
[2022-11-17T08:57:07.744+0000] {processor.py:756} INFO - Processing file /home/airflow/.local/lib/python3.7/site-packages/airflow/example_dags/example_trigger_controller_dag.py for tasks to queue
[2022-11-17T08:57:07.753+0000] {logging_mixin.py:137} INFO - [2022-11-17T08:57:07.751+0000] {dagbag.py:537} INFO - Filling up the DagBag from /home/airflow/.local/lib/python3.7/site-packages/airflow/example_dags/example_trigger_controller_dag.py
[2022-11-17T08:57:07.896+0000] {processor.py:766} INFO - DAG(s) dict_keys(['example_trigger_controller_dag']) retrieved from /home/airflow/.local/lib/python3.7/site-packages/airflow/example_dags/example_trigger_controller_dag.py
[2022-11-17T08:57:08.498+0000] {logging_mixin.py:137} INFO - [2022-11-17T08:57:08.498+0000] {dag.py:2585} INFO - Sync 1 DAGs
[2022-11-17T08:57:08.702+0000] {logging_mixin.py:137} INFO - [2022-11-17T08:57:08.701+0000] {dag.py:3340} INFO - Setting next_dagrun for example_trigger_controller_dag to 2021-01-01T00:00:00+00:00, run_after=2021-01-01T00:00:00+00:00
[2022-11-17T08:57:08.840+0000] {processor.py:176} INFO - Processing /home/airflow/.local/lib/python3.7/site-packages/airflow/example_dags/example_trigger_controller_dag.py took 1.136 seconds
[2022-11-17T08:57:39.063+0000] {processor.py:154} INFO - Started process (PID=280) to work on /home/airflow/.local/lib/python3.7/site-packages/airflow/example_dags/example_trigger_controller_dag.py
[2022-11-17T08:57:39.093+0000] {processor.py:756} INFO - Processing file /home/airflow/.local/lib/python3.7/site-packages/airflow/example_dags/example_trigger_controller_dag.py for tasks to queue
[2022-11-17T08:57:39.099+0000] {logging_mixin.py:137} INFO - [2022-11-17T08:57:39.097+0000] {dagbag.py:537} INFO - Filling up the DagBag from /home/airflow/.local/lib/python3.7/site-packages/airflow/example_dags/example_trigger_controller_dag.py
[2022-11-17T08:57:39.165+0000] {processor.py:766} INFO - DAG(s) dict_keys(['example_trigger_controller_dag']) retrieved from /home/airflow/.local/lib/python3.7/site-packages/airflow/example_dags/example_trigger_controller_dag.py
[2022-11-17T08:57:39.463+0000] {logging_mixin.py:137} INFO - [2022-11-17T08:57:39.463+0000] {dag.py:2585} INFO - Sync 1 DAGs
[2022-11-17T08:57:39.614+0000] {logging_mixin.py:137} INFO - [2022-11-17T08:57:39.613+0000] {dag.py:3340} INFO - Setting next_dagrun for example_trigger_controller_dag to 2021-01-01T00:00:00+00:00, run_after=2021-01-01T00:00:00+00:00
[2022-11-17T08:57:39.703+0000] {processor.py:176} INFO - Processing /home/airflow/.local/lib/python3.7/site-packages/airflow/example_dags/example_trigger_controller_dag.py took 0.662 seconds
[2022-11-17T08:58:10.086+0000] {processor.py:154} INFO - Started process (PID=334) to work on /home/airflow/.local/lib/python3.7/site-packages/airflow/example_dags/example_trigger_controller_dag.py
[2022-11-17T08:58:10.089+0000] {processor.py:756} INFO - Processing file /home/airflow/.local/lib/python3.7/site-packages/airflow/example_dags/example_trigger_controller_dag.py for tasks to queue
[2022-11-17T08:58:10.095+0000] {logging_mixin.py:137} INFO - [2022-11-17T08:58:10.095+0000] {dagbag.py:537} INFO - Filling up the DagBag from /home/airflow/.local/lib/python3.7/site-packages/airflow/example_dags/example_trigger_controller_dag.py
[2022-11-17T08:58:10.153+0000] {processor.py:766} INFO - DAG(s) dict_keys(['example_trigger_controller_dag']) retrieved from /home/airflow/.local/lib/python3.7/site-packages/airflow/example_dags/example_trigger_controller_dag.py
[2022-11-17T08:58:10.392+0000] {logging_mixin.py:137} INFO - [2022-11-17T08:58:10.391+0000] {dag.py:2585} INFO - Sync 1 DAGs
[2022-11-17T08:58:10.495+0000] {logging_mixin.py:137} INFO - [2022-11-17T08:58:10.495+0000] {dag.py:3340} INFO - Setting next_dagrun for example_trigger_controller_dag to 2021-01-01T00:00:00+00:00, run_after=2021-01-01T00:00:00+00:00
[2022-11-17T08:58:10.544+0000] {processor.py:176} INFO - Processing /home/airflow/.local/lib/python3.7/site-packages/airflow/example_dags/example_trigger_controller_dag.py took 0.472 seconds
[2022-11-17T08:58:41.622+0000] {processor.py:154} INFO - Started process (PID=388) to work on /home/airflow/.local/lib/python3.7/site-packages/airflow/example_dags/example_trigger_controller_dag.py
[2022-11-17T08:58:41.632+0000] {processor.py:756} INFO - Processing file /home/airflow/.local/lib/python3.7/site-packages/airflow/example_dags/example_trigger_controller_dag.py for tasks to queue
[2022-11-17T08:58:41.635+0000] {logging_mixin.py:137} INFO - [2022-11-17T08:58:41.635+0000] {dagbag.py:537} INFO - Filling up the DagBag from /home/airflow/.local/lib/python3.7/site-packages/airflow/example_dags/example_trigger_controller_dag.py
[2022-11-17T08:58:41.686+0000] {processor.py:766} INFO - DAG(s) dict_keys(['example_trigger_controller_dag']) retrieved from /home/airflow/.local/lib/python3.7/site-packages/airflow/example_dags/example_trigger_controller_dag.py
[2022-11-17T08:58:41.842+0000] {logging_mixin.py:137} INFO - [2022-11-17T08:58:41.841+0000] {dag.py:2585} INFO - Sync 1 DAGs
[2022-11-17T08:58:41.921+0000] {logging_mixin.py:137} INFO - [2022-11-17T08:58:41.920+0000] {dag.py:3340} INFO - Setting next_dagrun for example_trigger_controller_dag to 2021-01-01T00:00:00+00:00, run_after=2021-01-01T00:00:00+00:00
[2022-11-17T08:58:41.971+0000] {processor.py:176} INFO - Processing /home/airflow/.local/lib/python3.7/site-packages/airflow/example_dags/example_trigger_controller_dag.py took 0.370 seconds
[2022-11-17T08:59:12.610+0000] {processor.py:154} INFO - Started process (PID=441) to work on /home/airflow/.local/lib/python3.7/site-packages/airflow/example_dags/example_trigger_controller_dag.py
[2022-11-17T08:59:12.629+0000] {processor.py:756} INFO - Processing file /home/airflow/.local/lib/python3.7/site-packages/airflow/example_dags/example_trigger_controller_dag.py for tasks to queue
[2022-11-17T08:59:12.633+0000] {logging_mixin.py:137} INFO - [2022-11-17T08:59:12.632+0000] {dagbag.py:537} INFO - Filling up the DagBag from /home/airflow/.local/lib/python3.7/site-packages/airflow/example_dags/example_trigger_controller_dag.py
[2022-11-17T08:59:12.718+0000] {processor.py:766} INFO - DAG(s) dict_keys(['example_trigger_controller_dag']) retrieved from /home/airflow/.local/lib/python3.7/site-packages/airflow/example_dags/example_trigger_controller_dag.py
[2022-11-17T08:59:12.864+0000] {logging_mixin.py:137} INFO - [2022-11-17T08:59:12.864+0000] {dag.py:2585} INFO - Sync 1 DAGs
[2022-11-17T08:59:12.982+0000] {logging_mixin.py:137} INFO - [2022-11-17T08:59:12.982+0000] {dag.py:3340} INFO - Setting next_dagrun for example_trigger_controller_dag to 2021-01-01T00:00:00+00:00, run_after=2021-01-01T00:00:00+00:00
[2022-11-17T08:59:13.077+0000] {processor.py:176} INFO - Processing /home/airflow/.local/lib/python3.7/site-packages/airflow/example_dags/example_trigger_controller_dag.py took 0.523 seconds
[2022-11-17T08:59:46.442+0000] {processor.py:154} INFO - Started process (PID=495) to work on /home/airflow/.local/lib/python3.7/site-packages/airflow/example_dags/example_trigger_controller_dag.py
[2022-11-17T08:59:46.465+0000] {processor.py:756} INFO - Processing file /home/airflow/.local/lib/python3.7/site-packages/airflow/example_dags/example_trigger_controller_dag.py for tasks to queue
[2022-11-17T08:59:46.469+0000] {logging_mixin.py:137} INFO - [2022-11-17T08:59:46.468+0000] {dagbag.py:537} INFO - Filling up the DagBag from /home/airflow/.local/lib/python3.7/site-packages/airflow/example_dags/example_trigger_controller_dag.py
[2022-11-17T08:59:46.532+0000] {processor.py:766} INFO - DAG(s) dict_keys(['example_trigger_controller_dag']) retrieved from /home/airflow/.local/lib/python3.7/site-packages/airflow/example_dags/example_trigger_controller_dag.py
[2022-11-17T08:59:46.776+0000] {logging_mixin.py:137} INFO - [2022-11-17T08:59:46.775+0000] {dag.py:2585} INFO - Sync 1 DAGs
[2022-11-17T08:59:46.921+0000] {logging_mixin.py:137} INFO - [2022-11-17T08:59:46.921+0000] {dag.py:3340} INFO - Setting next_dagrun for example_trigger_controller_dag to 2021-01-01T00:00:00+00:00, run_after=2021-01-01T00:00:00+00:00
[2022-11-17T08:59:47.051+0000] {processor.py:176} INFO - Processing /home/airflow/.local/lib/python3.7/site-packages/airflow/example_dags/example_trigger_controller_dag.py took 0.627 seconds
[2022-11-17T09:00:21.761+0000] {processor.py:154} INFO - Started process (PID=555) to work on /home/airflow/.local/lib/python3.7/site-packages/airflow/example_dags/example_trigger_controller_dag.py
[2022-11-17T09:00:21.787+0000] {processor.py:756} INFO - Processing file /home/airflow/.local/lib/python3.7/site-packages/airflow/example_dags/example_trigger_controller_dag.py for tasks to queue
[2022-11-17T09:00:21.801+0000] {logging_mixin.py:137} INFO - [2022-11-17T09:00:21.800+0000] {dagbag.py:537} INFO - Filling up the DagBag from /home/airflow/.local/lib/python3.7/site-packages/airflow/example_dags/example_trigger_controller_dag.py
[2022-11-17T09:00:22.059+0000] {processor.py:766} INFO - DAG(s) dict_keys(['example_trigger_controller_dag']) retrieved from /home/airflow/.local/lib/python3.7/site-packages/airflow/example_dags/example_trigger_controller_dag.py
[2022-11-17T09:00:22.785+0000] {logging_mixin.py:137} INFO - [2022-11-17T09:00:22.785+0000] {dag.py:2585} INFO - Sync 1 DAGs
[2022-11-17T09:00:23.638+0000] {logging_mixin.py:137} INFO - [2022-11-17T09:00:23.637+0000] {dag.py:3340} INFO - Setting next_dagrun for example_trigger_controller_dag to 2021-01-01T00:00:00+00:00, run_after=2021-01-01T00:00:00+00:00
[2022-11-17T09:00:23.763+0000] {processor.py:176} INFO - Processing /home/airflow/.local/lib/python3.7/site-packages/airflow/example_dags/example_trigger_controller_dag.py took 2.108 seconds
[2022-11-17T09:00:54.036+0000] {processor.py:154} INFO - Started process (PID=602) to work on /home/airflow/.local/lib/python3.7/site-packages/airflow/example_dags/example_trigger_controller_dag.py
[2022-11-17T09:00:54.041+0000] {processor.py:756} INFO - Processing file /home/airflow/.local/lib/python3.7/site-packages/airflow/example_dags/example_trigger_controller_dag.py for tasks to queue
[2022-11-17T09:00:54.045+0000] {logging_mixin.py:137} INFO - [2022-11-17T09:00:54.044+0000] {dagbag.py:537} INFO - Filling up the DagBag from /home/airflow/.local/lib/python3.7/site-packages/airflow/example_dags/example_trigger_controller_dag.py
[2022-11-17T09:00:54.083+0000] {processor.py:766} INFO - DAG(s) dict_keys(['example_trigger_controller_dag']) retrieved from /home/airflow/.local/lib/python3.7/site-packages/airflow/example_dags/example_trigger_controller_dag.py
[2022-11-17T09:00:54.265+0000] {logging_mixin.py:137} INFO - [2022-11-17T09:00:54.265+0000] {dag.py:2585} INFO - Sync 1 DAGs
[2022-11-17T09:00:54.420+0000] {logging_mixin.py:137} INFO - [2022-11-17T09:00:54.419+0000] {dag.py:3340} INFO - Setting next_dagrun for example_trigger_controller_dag to 2021-01-01T00:00:00+00:00, run_after=2021-01-01T00:00:00+00:00
[2022-11-17T09:00:54.465+0000] {processor.py:176} INFO - Processing /home/airflow/.local/lib/python3.7/site-packages/airflow/example_dags/example_trigger_controller_dag.py took 0.441 seconds
[2022-11-17T09:01:24.644+0000] {processor.py:154} INFO - Started process (PID=654) to work on /home/airflow/.local/lib/python3.7/site-packages/airflow/example_dags/example_trigger_controller_dag.py
[2022-11-17T09:01:24.650+0000] {processor.py:756} INFO - Processing file /home/airflow/.local/lib/python3.7/site-packages/airflow/example_dags/example_trigger_controller_dag.py for tasks to queue
[2022-11-17T09:01:24.665+0000] {logging_mixin.py:137} INFO - [2022-11-17T09:01:24.662+0000] {dagbag.py:537} INFO - Filling up the DagBag from /home/airflow/.local/lib/python3.7/site-packages/airflow/example_dags/example_trigger_controller_dag.py
[2022-11-17T09:01:24.752+0000] {processor.py:766} INFO - DAG(s) dict_keys(['example_trigger_controller_dag']) retrieved from /home/airflow/.local/lib/python3.7/site-packages/airflow/example_dags/example_trigger_controller_dag.py
[2022-11-17T09:01:25.068+0000] {logging_mixin.py:137} INFO - [2022-11-17T09:01:25.068+0000] {dag.py:2585} INFO - Sync 1 DAGs
[2022-11-17T09:01:25.251+0000] {logging_mixin.py:137} INFO - [2022-11-17T09:01:25.248+0000] {dag.py:3340} INFO - Setting next_dagrun for example_trigger_controller_dag to 2021-01-01T00:00:00+00:00, run_after=2021-01-01T00:00:00+00:00
[2022-11-17T09:01:25.301+0000] {processor.py:176} INFO - Processing /home/airflow/.local/lib/python3.7/site-packages/airflow/example_dags/example_trigger_controller_dag.py took 0.671 seconds
