[2022-11-17T08:48:08.141+0000] {processor.py:154} INFO - Started process (PID=60) to work on /home/airflow/.local/lib/python3.7/site-packages/airflow/example_dags/example_subdag_operator.py
[2022-11-17T08:48:08.146+0000] {processor.py:756} INFO - Processing file /home/airflow/.local/lib/python3.7/site-packages/airflow/example_dags/example_subdag_operator.py for tasks to queue
[2022-11-17T08:48:08.154+0000] {logging_mixin.py:137} INFO - [2022-11-17T08:48:08.153+0000] {dagbag.py:537} INFO - Filling up the DagBag from /home/airflow/.local/lib/python3.7/site-packages/airflow/example_dags/example_subdag_operator.py
[2022-11-17T08:48:08.356+0000] {processor.py:766} INFO - DAG(s) dict_keys(['example_subdag_operator.section-1', 'example_subdag_operator.section-2', 'example_subdag_operator']) retrieved from /home/airflow/.local/lib/python3.7/site-packages/airflow/example_dags/example_subdag_operator.py
[2022-11-17T08:48:09.742+0000] {logging_mixin.py:137} INFO - [2022-11-17T08:48:09.741+0000] {manager.py:507} INFO - Created Permission View: can delete on DAG:example_subdag_operator
[2022-11-17T08:48:09.771+0000] {logging_mixin.py:137} INFO - [2022-11-17T08:48:09.770+0000] {manager.py:507} INFO - Created Permission View: can edit on DAG:example_subdag_operator
[2022-11-17T08:48:09.804+0000] {logging_mixin.py:137} INFO - [2022-11-17T08:48:09.804+0000] {manager.py:507} INFO - Created Permission View: can read on DAG:example_subdag_operator
[2022-11-17T08:48:09.808+0000] {logging_mixin.py:137} INFO - [2022-11-17T08:48:09.806+0000] {dag.py:2585} INFO - Sync 3 DAGs
[2022-11-17T08:48:09.905+0000] {logging_mixin.py:137} INFO - [2022-11-17T08:48:09.905+0000] {dag.py:2606} INFO - Creating ORM DAG for example_subdag_operator
[2022-11-17T08:48:09.908+0000] {logging_mixin.py:137} INFO - [2022-11-17T08:48:09.908+0000] {dag.py:2606} INFO - Creating ORM DAG for example_subdag_operator.section-2
[2022-11-17T08:48:09.914+0000] {logging_mixin.py:137} INFO - [2022-11-17T08:48:09.912+0000] {dag.py:2606} INFO - Creating ORM DAG for example_subdag_operator.section-1
[2022-11-17T08:48:09.951+0000] {logging_mixin.py:137} INFO - [2022-11-17T08:48:09.950+0000] {dag.py:3340} INFO - Setting next_dagrun for example_subdag_operator to 2022-01-01T00:00:00+00:00, run_after=2022-01-01T00:00:00+00:00
[2022-11-17T08:48:09.954+0000] {logging_mixin.py:137} INFO - [2022-11-17T08:48:09.953+0000] {dag.py:3340} INFO - Setting next_dagrun for example_subdag_operator.section-1 to None, run_after=None
[2022-11-17T08:48:09.957+0000] {logging_mixin.py:137} INFO - [2022-11-17T08:48:09.956+0000] {dag.py:3340} INFO - Setting next_dagrun for example_subdag_operator.section-2 to None, run_after=None
[2022-11-17T08:48:10.030+0000] {logging_mixin.py:137} INFO - [2022-11-17T08:48:10.030+0000] {dag.py:2585} INFO - Sync 2 DAGs
[2022-11-17T08:48:10.054+0000] {logging_mixin.py:137} INFO - [2022-11-17T08:48:10.054+0000] {dag.py:3340} INFO - Setting next_dagrun for example_subdag_operator.section-1 to None, run_after=None
[2022-11-17T08:48:10.069+0000] {logging_mixin.py:137} INFO - [2022-11-17T08:48:10.069+0000] {dag.py:3340} INFO - Setting next_dagrun for example_subdag_operator.section-2 to None, run_after=None
[2022-11-17T08:48:10.136+0000] {processor.py:176} INFO - Processing /home/airflow/.local/lib/python3.7/site-packages/airflow/example_dags/example_subdag_operator.py took 2.012 seconds
[2022-11-17T08:55:36.594+0000] {processor.py:154} INFO - Started process (PID=71) to work on /home/airflow/.local/lib/python3.7/site-packages/airflow/example_dags/example_subdag_operator.py
[2022-11-17T08:55:36.604+0000] {processor.py:756} INFO - Processing file /home/airflow/.local/lib/python3.7/site-packages/airflow/example_dags/example_subdag_operator.py for tasks to queue
[2022-11-17T08:55:36.614+0000] {logging_mixin.py:137} INFO - [2022-11-17T08:55:36.613+0000] {dagbag.py:537} INFO - Filling up the DagBag from /home/airflow/.local/lib/python3.7/site-packages/airflow/example_dags/example_subdag_operator.py
[2022-11-17T08:55:36.829+0000] {processor.py:766} INFO - DAG(s) dict_keys(['example_subdag_operator.section-1', 'example_subdag_operator.section-2', 'example_subdag_operator']) retrieved from /home/airflow/.local/lib/python3.7/site-packages/airflow/example_dags/example_subdag_operator.py
[2022-11-17T08:55:39.811+0000] {logging_mixin.py:137} INFO - [2022-11-17T08:55:39.811+0000] {dag.py:2585} INFO - Sync 3 DAGs
[2022-11-17T08:55:40.246+0000] {logging_mixin.py:137} INFO - [2022-11-17T08:55:40.245+0000] {dag.py:3340} INFO - Setting next_dagrun for example_subdag_operator to 2022-01-01T00:00:00+00:00, run_after=2022-01-01T00:00:00+00:00
[2022-11-17T08:55:40.333+0000] {logging_mixin.py:137} INFO - [2022-11-17T08:55:40.332+0000] {dag.py:3340} INFO - Setting next_dagrun for example_subdag_operator.section-1 to None, run_after=None
[2022-11-17T08:55:40.368+0000] {logging_mixin.py:137} INFO - [2022-11-17T08:55:40.368+0000] {dag.py:3340} INFO - Setting next_dagrun for example_subdag_operator.section-2 to None, run_after=None
[2022-11-17T08:55:40.536+0000] {logging_mixin.py:137} INFO - [2022-11-17T08:55:40.535+0000] {dag.py:2585} INFO - Sync 2 DAGs
[2022-11-17T08:55:40.694+0000] {logging_mixin.py:137} INFO - [2022-11-17T08:55:40.683+0000] {dag.py:3340} INFO - Setting next_dagrun for example_subdag_operator.section-1 to None, run_after=None
[2022-11-17T08:55:40.716+0000] {logging_mixin.py:137} INFO - [2022-11-17T08:55:40.711+0000] {dag.py:3340} INFO - Setting next_dagrun for example_subdag_operator.section-2 to None, run_after=None
[2022-11-17T08:55:40.962+0000] {processor.py:176} INFO - Processing /home/airflow/.local/lib/python3.7/site-packages/airflow/example_dags/example_subdag_operator.py took 4.388 seconds
[2022-11-17T08:56:11.155+0000] {processor.py:154} INFO - Started process (PID=126) to work on /home/airflow/.local/lib/python3.7/site-packages/airflow/example_dags/example_subdag_operator.py
[2022-11-17T08:56:11.165+0000] {processor.py:756} INFO - Processing file /home/airflow/.local/lib/python3.7/site-packages/airflow/example_dags/example_subdag_operator.py for tasks to queue
[2022-11-17T08:56:11.170+0000] {logging_mixin.py:137} INFO - [2022-11-17T08:56:11.170+0000] {dagbag.py:537} INFO - Filling up the DagBag from /home/airflow/.local/lib/python3.7/site-packages/airflow/example_dags/example_subdag_operator.py
[2022-11-17T08:56:11.620+0000] {processor.py:766} INFO - DAG(s) dict_keys(['example_subdag_operator.section-1', 'example_subdag_operator.section-2', 'example_subdag_operator']) retrieved from /home/airflow/.local/lib/python3.7/site-packages/airflow/example_dags/example_subdag_operator.py
[2022-11-17T08:56:16.143+0000] {logging_mixin.py:137} INFO - [2022-11-17T08:56:16.143+0000] {dag.py:2585} INFO - Sync 3 DAGs
[2022-11-17T08:56:17.308+0000] {logging_mixin.py:137} INFO - [2022-11-17T08:56:17.307+0000] {dag.py:3340} INFO - Setting next_dagrun for example_subdag_operator to 2022-01-01T00:00:00+00:00, run_after=2022-01-01T00:00:00+00:00
[2022-11-17T08:56:17.385+0000] {logging_mixin.py:137} INFO - [2022-11-17T08:56:17.384+0000] {dag.py:3340} INFO - Setting next_dagrun for example_subdag_operator.section-1 to None, run_after=None
[2022-11-17T08:56:17.454+0000] {logging_mixin.py:137} INFO - [2022-11-17T08:56:17.428+0000] {dag.py:3340} INFO - Setting next_dagrun for example_subdag_operator.section-2 to None, run_after=None
[2022-11-17T08:56:17.630+0000] {logging_mixin.py:137} INFO - [2022-11-17T08:56:17.629+0000] {dag.py:2585} INFO - Sync 2 DAGs
[2022-11-17T08:56:17.688+0000] {logging_mixin.py:137} INFO - [2022-11-17T08:56:17.688+0000] {dag.py:3340} INFO - Setting next_dagrun for example_subdag_operator.section-1 to None, run_after=None
[2022-11-17T08:56:17.702+0000] {logging_mixin.py:137} INFO - [2022-11-17T08:56:17.701+0000] {dag.py:3340} INFO - Setting next_dagrun for example_subdag_operator.section-2 to None, run_after=None
[2022-11-17T08:56:17.826+0000] {processor.py:176} INFO - Processing /home/airflow/.local/lib/python3.7/site-packages/airflow/example_dags/example_subdag_operator.py took 6.681 seconds
[2022-11-17T08:56:48.196+0000] {processor.py:154} INFO - Started process (PID=181) to work on /home/airflow/.local/lib/python3.7/site-packages/airflow/example_dags/example_subdag_operator.py
[2022-11-17T08:56:48.203+0000] {processor.py:756} INFO - Processing file /home/airflow/.local/lib/python3.7/site-packages/airflow/example_dags/example_subdag_operator.py for tasks to queue
[2022-11-17T08:56:48.210+0000] {logging_mixin.py:137} INFO - [2022-11-17T08:56:48.209+0000] {dagbag.py:537} INFO - Filling up the DagBag from /home/airflow/.local/lib/python3.7/site-packages/airflow/example_dags/example_subdag_operator.py
[2022-11-17T08:56:48.407+0000] {processor.py:766} INFO - DAG(s) dict_keys(['example_subdag_operator.section-1', 'example_subdag_operator.section-2', 'example_subdag_operator']) retrieved from /home/airflow/.local/lib/python3.7/site-packages/airflow/example_dags/example_subdag_operator.py
[2022-11-17T08:56:49.469+0000] {logging_mixin.py:137} INFO - [2022-11-17T08:56:49.469+0000] {dag.py:2585} INFO - Sync 3 DAGs
[2022-11-17T08:56:49.595+0000] {logging_mixin.py:137} INFO - [2022-11-17T08:56:49.594+0000] {dag.py:3340} INFO - Setting next_dagrun for example_subdag_operator to 2022-01-01T00:00:00+00:00, run_after=2022-01-01T00:00:00+00:00
[2022-11-17T08:56:49.607+0000] {logging_mixin.py:137} INFO - [2022-11-17T08:56:49.605+0000] {dag.py:3340} INFO - Setting next_dagrun for example_subdag_operator.section-1 to None, run_after=None
[2022-11-17T08:56:49.612+0000] {logging_mixin.py:137} INFO - [2022-11-17T08:56:49.612+0000] {dag.py:3340} INFO - Setting next_dagrun for example_subdag_operator.section-2 to None, run_after=None
[2022-11-17T08:56:49.633+0000] {logging_mixin.py:137} INFO - [2022-11-17T08:56:49.633+0000] {dag.py:2585} INFO - Sync 2 DAGs
[2022-11-17T08:56:49.649+0000] {logging_mixin.py:137} INFO - [2022-11-17T08:56:49.648+0000] {dag.py:3340} INFO - Setting next_dagrun for example_subdag_operator.section-1 to None, run_after=None
[2022-11-17T08:56:49.656+0000] {logging_mixin.py:137} INFO - [2022-11-17T08:56:49.655+0000] {dag.py:3340} INFO - Setting next_dagrun for example_subdag_operator.section-2 to None, run_after=None
[2022-11-17T08:56:49.688+0000] {processor.py:176} INFO - Processing /home/airflow/.local/lib/python3.7/site-packages/airflow/example_dags/example_subdag_operator.py took 1.497 seconds
[2022-11-17T08:57:20.470+0000] {processor.py:154} INFO - Started process (PID=237) to work on /home/airflow/.local/lib/python3.7/site-packages/airflow/example_dags/example_subdag_operator.py
[2022-11-17T08:57:20.478+0000] {processor.py:756} INFO - Processing file /home/airflow/.local/lib/python3.7/site-packages/airflow/example_dags/example_subdag_operator.py for tasks to queue
[2022-11-17T08:57:20.493+0000] {logging_mixin.py:137} INFO - [2022-11-17T08:57:20.492+0000] {dagbag.py:537} INFO - Filling up the DagBag from /home/airflow/.local/lib/python3.7/site-packages/airflow/example_dags/example_subdag_operator.py
[2022-11-17T08:57:20.707+0000] {processor.py:766} INFO - DAG(s) dict_keys(['example_subdag_operator.section-1', 'example_subdag_operator.section-2', 'example_subdag_operator']) retrieved from /home/airflow/.local/lib/python3.7/site-packages/airflow/example_dags/example_subdag_operator.py
[2022-11-17T08:57:22.464+0000] {logging_mixin.py:137} INFO - [2022-11-17T08:57:22.463+0000] {dag.py:2585} INFO - Sync 3 DAGs
[2022-11-17T08:57:22.759+0000] {logging_mixin.py:137} INFO - [2022-11-17T08:57:22.758+0000] {dag.py:3340} INFO - Setting next_dagrun for example_subdag_operator to 2022-01-01T00:00:00+00:00, run_after=2022-01-01T00:00:00+00:00
[2022-11-17T08:57:22.794+0000] {logging_mixin.py:137} INFO - [2022-11-17T08:57:22.792+0000] {dag.py:3340} INFO - Setting next_dagrun for example_subdag_operator.section-1 to None, run_after=None
[2022-11-17T08:57:22.819+0000] {logging_mixin.py:137} INFO - [2022-11-17T08:57:22.819+0000] {dag.py:3340} INFO - Setting next_dagrun for example_subdag_operator.section-2 to None, run_after=None
[2022-11-17T08:57:22.877+0000] {logging_mixin.py:137} INFO - [2022-11-17T08:57:22.877+0000] {dag.py:2585} INFO - Sync 2 DAGs
[2022-11-17T08:57:22.918+0000] {logging_mixin.py:137} INFO - [2022-11-17T08:57:22.918+0000] {dag.py:3340} INFO - Setting next_dagrun for example_subdag_operator.section-1 to None, run_after=None
[2022-11-17T08:57:22.930+0000] {logging_mixin.py:137} INFO - [2022-11-17T08:57:22.925+0000] {dag.py:3340} INFO - Setting next_dagrun for example_subdag_operator.section-2 to None, run_after=None
[2022-11-17T08:57:22.994+0000] {processor.py:176} INFO - Processing /home/airflow/.local/lib/python3.7/site-packages/airflow/example_dags/example_subdag_operator.py took 2.561 seconds
[2022-11-17T08:57:53.580+0000] {processor.py:154} INFO - Started process (PID=299) to work on /home/airflow/.local/lib/python3.7/site-packages/airflow/example_dags/example_subdag_operator.py
[2022-11-17T08:57:53.588+0000] {processor.py:756} INFO - Processing file /home/airflow/.local/lib/python3.7/site-packages/airflow/example_dags/example_subdag_operator.py for tasks to queue
[2022-11-17T08:57:53.595+0000] {logging_mixin.py:137} INFO - [2022-11-17T08:57:53.594+0000] {dagbag.py:537} INFO - Filling up the DagBag from /home/airflow/.local/lib/python3.7/site-packages/airflow/example_dags/example_subdag_operator.py
[2022-11-17T08:57:53.700+0000] {processor.py:766} INFO - DAG(s) dict_keys(['example_subdag_operator.section-1', 'example_subdag_operator.section-2', 'example_subdag_operator']) retrieved from /home/airflow/.local/lib/python3.7/site-packages/airflow/example_dags/example_subdag_operator.py
[2022-11-17T08:57:54.376+0000] {logging_mixin.py:137} INFO - [2022-11-17T08:57:54.375+0000] {dag.py:2585} INFO - Sync 3 DAGs
[2022-11-17T08:57:54.500+0000] {logging_mixin.py:137} INFO - [2022-11-17T08:57:54.500+0000] {dag.py:3340} INFO - Setting next_dagrun for example_subdag_operator to 2022-01-01T00:00:00+00:00, run_after=2022-01-01T00:00:00+00:00
[2022-11-17T08:57:54.516+0000] {logging_mixin.py:137} INFO - [2022-11-17T08:57:54.515+0000] {dag.py:3340} INFO - Setting next_dagrun for example_subdag_operator.section-1 to None, run_after=None
[2022-11-17T08:57:54.523+0000] {logging_mixin.py:137} INFO - [2022-11-17T08:57:54.522+0000] {dag.py:3340} INFO - Setting next_dagrun for example_subdag_operator.section-2 to None, run_after=None
[2022-11-17T08:57:54.549+0000] {logging_mixin.py:137} INFO - [2022-11-17T08:57:54.548+0000] {dag.py:2585} INFO - Sync 2 DAGs
[2022-11-17T08:57:54.597+0000] {logging_mixin.py:137} INFO - [2022-11-17T08:57:54.596+0000] {dag.py:3340} INFO - Setting next_dagrun for example_subdag_operator.section-1 to None, run_after=None
[2022-11-17T08:57:54.601+0000] {logging_mixin.py:137} INFO - [2022-11-17T08:57:54.599+0000] {dag.py:3340} INFO - Setting next_dagrun for example_subdag_operator.section-2 to None, run_after=None
[2022-11-17T08:57:54.641+0000] {processor.py:176} INFO - Processing /home/airflow/.local/lib/python3.7/site-packages/airflow/example_dags/example_subdag_operator.py took 1.078 seconds
[2022-11-17T08:58:24.931+0000] {processor.py:154} INFO - Started process (PID=357) to work on /home/airflow/.local/lib/python3.7/site-packages/airflow/example_dags/example_subdag_operator.py
[2022-11-17T08:58:24.933+0000] {processor.py:756} INFO - Processing file /home/airflow/.local/lib/python3.7/site-packages/airflow/example_dags/example_subdag_operator.py for tasks to queue
[2022-11-17T08:58:24.938+0000] {logging_mixin.py:137} INFO - [2022-11-17T08:58:24.937+0000] {dagbag.py:537} INFO - Filling up the DagBag from /home/airflow/.local/lib/python3.7/site-packages/airflow/example_dags/example_subdag_operator.py
[2022-11-17T08:58:25.057+0000] {processor.py:766} INFO - DAG(s) dict_keys(['example_subdag_operator.section-1', 'example_subdag_operator.section-2', 'example_subdag_operator']) retrieved from /home/airflow/.local/lib/python3.7/site-packages/airflow/example_dags/example_subdag_operator.py
[2022-11-17T08:58:25.470+0000] {logging_mixin.py:137} INFO - [2022-11-17T08:58:25.470+0000] {dag.py:2585} INFO - Sync 3 DAGs
[2022-11-17T08:58:25.526+0000] {logging_mixin.py:137} INFO - [2022-11-17T08:58:25.526+0000] {dag.py:3340} INFO - Setting next_dagrun for example_subdag_operator to 2022-01-01T00:00:00+00:00, run_after=2022-01-01T00:00:00+00:00
[2022-11-17T08:58:25.549+0000] {logging_mixin.py:137} INFO - [2022-11-17T08:58:25.549+0000] {dag.py:3340} INFO - Setting next_dagrun for example_subdag_operator.section-1 to None, run_after=None
[2022-11-17T08:58:25.562+0000] {logging_mixin.py:137} INFO - [2022-11-17T08:58:25.561+0000] {dag.py:3340} INFO - Setting next_dagrun for example_subdag_operator.section-2 to None, run_after=None
[2022-11-17T08:58:25.588+0000] {logging_mixin.py:137} INFO - [2022-11-17T08:58:25.588+0000] {dag.py:2585} INFO - Sync 2 DAGs
[2022-11-17T08:58:25.606+0000] {logging_mixin.py:137} INFO - [2022-11-17T08:58:25.606+0000] {dag.py:3340} INFO - Setting next_dagrun for example_subdag_operator.section-1 to None, run_after=None
[2022-11-17T08:58:25.608+0000] {logging_mixin.py:137} INFO - [2022-11-17T08:58:25.608+0000] {dag.py:3340} INFO - Setting next_dagrun for example_subdag_operator.section-2 to None, run_after=None
[2022-11-17T08:58:25.646+0000] {processor.py:176} INFO - Processing /home/airflow/.local/lib/python3.7/site-packages/airflow/example_dags/example_subdag_operator.py took 0.726 seconds
[2022-11-17T08:58:56.649+0000] {processor.py:154} INFO - Started process (PID=411) to work on /home/airflow/.local/lib/python3.7/site-packages/airflow/example_dags/example_subdag_operator.py
[2022-11-17T08:58:56.652+0000] {processor.py:756} INFO - Processing file /home/airflow/.local/lib/python3.7/site-packages/airflow/example_dags/example_subdag_operator.py for tasks to queue
[2022-11-17T08:58:56.655+0000] {logging_mixin.py:137} INFO - [2022-11-17T08:58:56.655+0000] {dagbag.py:537} INFO - Filling up the DagBag from /home/airflow/.local/lib/python3.7/site-packages/airflow/example_dags/example_subdag_operator.py
[2022-11-17T08:58:56.839+0000] {processor.py:766} INFO - DAG(s) dict_keys(['example_subdag_operator.section-1', 'example_subdag_operator.section-2', 'example_subdag_operator']) retrieved from /home/airflow/.local/lib/python3.7/site-packages/airflow/example_dags/example_subdag_operator.py
[2022-11-17T08:59:01.409+0000] {logging_mixin.py:137} INFO - [2022-11-17T08:59:01.409+0000] {dag.py:2585} INFO - Sync 3 DAGs
[2022-11-17T08:59:01.920+0000] {logging_mixin.py:137} INFO - [2022-11-17T08:59:01.919+0000] {dag.py:3340} INFO - Setting next_dagrun for example_subdag_operator to 2022-01-01T00:00:00+00:00, run_after=2022-01-01T00:00:00+00:00
[2022-11-17T08:59:01.950+0000] {logging_mixin.py:137} INFO - [2022-11-17T08:59:01.949+0000] {dag.py:3340} INFO - Setting next_dagrun for example_subdag_operator.section-1 to None, run_after=None
[2022-11-17T08:59:01.975+0000] {logging_mixin.py:137} INFO - [2022-11-17T08:59:01.974+0000] {dag.py:3340} INFO - Setting next_dagrun for example_subdag_operator.section-2 to None, run_after=None
[2022-11-17T08:59:02.046+0000] {logging_mixin.py:137} INFO - [2022-11-17T08:59:02.036+0000] {dag.py:2585} INFO - Sync 2 DAGs
[2022-11-17T08:59:02.092+0000] {logging_mixin.py:137} INFO - [2022-11-17T08:59:02.092+0000] {dag.py:3340} INFO - Setting next_dagrun for example_subdag_operator.section-1 to None, run_after=None
[2022-11-17T08:59:02.099+0000] {logging_mixin.py:137} INFO - [2022-11-17T08:59:02.099+0000] {dag.py:3340} INFO - Setting next_dagrun for example_subdag_operator.section-2 to None, run_after=None
[2022-11-17T08:59:02.205+0000] {processor.py:176} INFO - Processing /home/airflow/.local/lib/python3.7/site-packages/airflow/example_dags/example_subdag_operator.py took 5.564 seconds
[2022-11-17T08:59:33.847+0000] {processor.py:154} INFO - Started process (PID=471) to work on /home/airflow/.local/lib/python3.7/site-packages/airflow/example_dags/example_subdag_operator.py
[2022-11-17T08:59:33.869+0000] {processor.py:756} INFO - Processing file /home/airflow/.local/lib/python3.7/site-packages/airflow/example_dags/example_subdag_operator.py for tasks to queue
[2022-11-17T08:59:33.881+0000] {logging_mixin.py:137} INFO - [2022-11-17T08:59:33.875+0000] {dagbag.py:537} INFO - Filling up the DagBag from /home/airflow/.local/lib/python3.7/site-packages/airflow/example_dags/example_subdag_operator.py
[2022-11-17T08:59:34.570+0000] {processor.py:766} INFO - DAG(s) dict_keys(['example_subdag_operator.section-1', 'example_subdag_operator.section-2', 'example_subdag_operator']) retrieved from /home/airflow/.local/lib/python3.7/site-packages/airflow/example_dags/example_subdag_operator.py
[2022-11-17T08:59:36.882+0000] {logging_mixin.py:137} INFO - [2022-11-17T08:59:36.881+0000] {dag.py:2585} INFO - Sync 3 DAGs
[2022-11-17T08:59:37.069+0000] {logging_mixin.py:137} INFO - [2022-11-17T08:59:37.068+0000] {dag.py:3340} INFO - Setting next_dagrun for example_subdag_operator to 2022-01-01T00:00:00+00:00, run_after=2022-01-01T00:00:00+00:00
[2022-11-17T08:59:37.099+0000] {logging_mixin.py:137} INFO - [2022-11-17T08:59:37.099+0000] {dag.py:3340} INFO - Setting next_dagrun for example_subdag_operator.section-1 to None, run_after=None
[2022-11-17T08:59:37.112+0000] {logging_mixin.py:137} INFO - [2022-11-17T08:59:37.111+0000] {dag.py:3340} INFO - Setting next_dagrun for example_subdag_operator.section-2 to None, run_after=None
[2022-11-17T08:59:37.153+0000] {logging_mixin.py:137} INFO - [2022-11-17T08:59:37.153+0000] {dag.py:2585} INFO - Sync 2 DAGs
[2022-11-17T08:59:37.185+0000] {logging_mixin.py:137} INFO - [2022-11-17T08:59:37.185+0000] {dag.py:3340} INFO - Setting next_dagrun for example_subdag_operator.section-1 to None, run_after=None
[2022-11-17T08:59:37.188+0000] {logging_mixin.py:137} INFO - [2022-11-17T08:59:37.187+0000] {dag.py:3340} INFO - Setting next_dagrun for example_subdag_operator.section-2 to None, run_after=None
[2022-11-17T08:59:37.258+0000] {processor.py:176} INFO - Processing /home/airflow/.local/lib/python3.7/site-packages/airflow/example_dags/example_subdag_operator.py took 4.147 seconds
[2022-11-17T09:00:08.082+0000] {processor.py:154} INFO - Started process (PID=527) to work on /home/airflow/.local/lib/python3.7/site-packages/airflow/example_dags/example_subdag_operator.py
[2022-11-17T09:00:08.092+0000] {processor.py:756} INFO - Processing file /home/airflow/.local/lib/python3.7/site-packages/airflow/example_dags/example_subdag_operator.py for tasks to queue
[2022-11-17T09:00:08.101+0000] {logging_mixin.py:137} INFO - [2022-11-17T09:00:08.100+0000] {dagbag.py:537} INFO - Filling up the DagBag from /home/airflow/.local/lib/python3.7/site-packages/airflow/example_dags/example_subdag_operator.py
[2022-11-17T09:00:08.388+0000] {processor.py:766} INFO - DAG(s) dict_keys(['example_subdag_operator.section-1', 'example_subdag_operator.section-2', 'example_subdag_operator']) retrieved from /home/airflow/.local/lib/python3.7/site-packages/airflow/example_dags/example_subdag_operator.py
[2022-11-17T09:00:09.233+0000] {logging_mixin.py:137} INFO - [2022-11-17T09:00:09.232+0000] {dag.py:2585} INFO - Sync 3 DAGs
[2022-11-17T09:00:09.362+0000] {logging_mixin.py:137} INFO - [2022-11-17T09:00:09.361+0000] {dag.py:3340} INFO - Setting next_dagrun for example_subdag_operator to 2022-01-01T00:00:00+00:00, run_after=2022-01-01T00:00:00+00:00
[2022-11-17T09:00:09.390+0000] {logging_mixin.py:137} INFO - [2022-11-17T09:00:09.389+0000] {dag.py:3340} INFO - Setting next_dagrun for example_subdag_operator.section-1 to None, run_after=None
[2022-11-17T09:00:09.407+0000] {logging_mixin.py:137} INFO - [2022-11-17T09:00:09.407+0000] {dag.py:3340} INFO - Setting next_dagrun for example_subdag_operator.section-2 to None, run_after=None
[2022-11-17T09:00:09.429+0000] {logging_mixin.py:137} INFO - [2022-11-17T09:00:09.429+0000] {dag.py:2585} INFO - Sync 2 DAGs
[2022-11-17T09:00:09.450+0000] {logging_mixin.py:137} INFO - [2022-11-17T09:00:09.450+0000] {dag.py:3340} INFO - Setting next_dagrun for example_subdag_operator.section-1 to None, run_after=None
[2022-11-17T09:00:09.454+0000] {logging_mixin.py:137} INFO - [2022-11-17T09:00:09.454+0000] {dag.py:3340} INFO - Setting next_dagrun for example_subdag_operator.section-2 to None, run_after=None
[2022-11-17T09:00:09.489+0000] {processor.py:176} INFO - Processing /home/airflow/.local/lib/python3.7/site-packages/airflow/example_dags/example_subdag_operator.py took 1.433 seconds
[2022-11-17T09:00:39.655+0000] {processor.py:154} INFO - Started process (PID=582) to work on /home/airflow/.local/lib/python3.7/site-packages/airflow/example_dags/example_subdag_operator.py
[2022-11-17T09:00:39.659+0000] {processor.py:756} INFO - Processing file /home/airflow/.local/lib/python3.7/site-packages/airflow/example_dags/example_subdag_operator.py for tasks to queue
[2022-11-17T09:00:39.662+0000] {logging_mixin.py:137} INFO - [2022-11-17T09:00:39.662+0000] {dagbag.py:537} INFO - Filling up the DagBag from /home/airflow/.local/lib/python3.7/site-packages/airflow/example_dags/example_subdag_operator.py
[2022-11-17T09:00:39.839+0000] {processor.py:766} INFO - DAG(s) dict_keys(['example_subdag_operator.section-1', 'example_subdag_operator.section-2', 'example_subdag_operator']) retrieved from /home/airflow/.local/lib/python3.7/site-packages/airflow/example_dags/example_subdag_operator.py
[2022-11-17T09:00:40.646+0000] {logging_mixin.py:137} INFO - [2022-11-17T09:00:40.646+0000] {dag.py:2585} INFO - Sync 3 DAGs
[2022-11-17T09:00:40.705+0000] {logging_mixin.py:137} INFO - [2022-11-17T09:00:40.704+0000] {dag.py:3340} INFO - Setting next_dagrun for example_subdag_operator to 2022-01-01T00:00:00+00:00, run_after=2022-01-01T00:00:00+00:00
[2022-11-17T09:00:40.748+0000] {logging_mixin.py:137} INFO - [2022-11-17T09:00:40.748+0000] {dag.py:3340} INFO - Setting next_dagrun for example_subdag_operator.section-1 to None, run_after=None
[2022-11-17T09:00:40.763+0000] {logging_mixin.py:137} INFO - [2022-11-17T09:00:40.763+0000] {dag.py:3340} INFO - Setting next_dagrun for example_subdag_operator.section-2 to None, run_after=None
[2022-11-17T09:00:40.806+0000] {logging_mixin.py:137} INFO - [2022-11-17T09:00:40.806+0000] {dag.py:2585} INFO - Sync 2 DAGs
[2022-11-17T09:00:40.846+0000] {logging_mixin.py:137} INFO - [2022-11-17T09:00:40.844+0000] {dag.py:3340} INFO - Setting next_dagrun for example_subdag_operator.section-1 to None, run_after=None
[2022-11-17T09:00:40.848+0000] {logging_mixin.py:137} INFO - [2022-11-17T09:00:40.848+0000] {dag.py:3340} INFO - Setting next_dagrun for example_subdag_operator.section-2 to None, run_after=None
[2022-11-17T09:00:40.899+0000] {processor.py:176} INFO - Processing /home/airflow/.local/lib/python3.7/site-packages/airflow/example_dags/example_subdag_operator.py took 1.262 seconds
[2022-11-17T09:01:11.202+0000] {processor.py:154} INFO - Started process (PID=626) to work on /home/airflow/.local/lib/python3.7/site-packages/airflow/example_dags/example_subdag_operator.py
[2022-11-17T09:01:11.204+0000] {processor.py:756} INFO - Processing file /home/airflow/.local/lib/python3.7/site-packages/airflow/example_dags/example_subdag_operator.py for tasks to queue
[2022-11-17T09:01:11.207+0000] {logging_mixin.py:137} INFO - [2022-11-17T09:01:11.207+0000] {dagbag.py:537} INFO - Filling up the DagBag from /home/airflow/.local/lib/python3.7/site-packages/airflow/example_dags/example_subdag_operator.py
[2022-11-17T09:01:11.303+0000] {processor.py:766} INFO - DAG(s) dict_keys(['example_subdag_operator.section-1', 'example_subdag_operator.section-2', 'example_subdag_operator']) retrieved from /home/airflow/.local/lib/python3.7/site-packages/airflow/example_dags/example_subdag_operator.py
[2022-11-17T09:01:11.785+0000] {logging_mixin.py:137} INFO - [2022-11-17T09:01:11.785+0000] {dag.py:2585} INFO - Sync 3 DAGs
[2022-11-17T09:01:11.875+0000] {logging_mixin.py:137} INFO - [2022-11-17T09:01:11.875+0000] {dag.py:3340} INFO - Setting next_dagrun for example_subdag_operator to 2022-01-01T00:00:00+00:00, run_after=2022-01-01T00:00:00+00:00
[2022-11-17T09:01:11.887+0000] {logging_mixin.py:137} INFO - [2022-11-17T09:01:11.886+0000] {dag.py:3340} INFO - Setting next_dagrun for example_subdag_operator.section-1 to None, run_after=None
[2022-11-17T09:01:11.893+0000] {logging_mixin.py:137} INFO - [2022-11-17T09:01:11.892+0000] {dag.py:3340} INFO - Setting next_dagrun for example_subdag_operator.section-2 to None, run_after=None
[2022-11-17T09:01:11.912+0000] {logging_mixin.py:137} INFO - [2022-11-17T09:01:11.912+0000] {dag.py:2585} INFO - Sync 2 DAGs
[2022-11-17T09:01:11.926+0000] {logging_mixin.py:137} INFO - [2022-11-17T09:01:11.926+0000] {dag.py:3340} INFO - Setting next_dagrun for example_subdag_operator.section-1 to None, run_after=None
[2022-11-17T09:01:11.930+0000] {logging_mixin.py:137} INFO - [2022-11-17T09:01:11.930+0000] {dag.py:3340} INFO - Setting next_dagrun for example_subdag_operator.section-2 to None, run_after=None
[2022-11-17T09:01:11.951+0000] {processor.py:176} INFO - Processing /home/airflow/.local/lib/python3.7/site-packages/airflow/example_dags/example_subdag_operator.py took 0.755 seconds
