[2022-11-17T08:48:05.958+0000] {processor.py:154} INFO - Started process (PID=56) to work on /home/airflow/.local/lib/python3.7/site-packages/airflow/example_dags/tutorial_dag.py
[2022-11-17T08:48:05.963+0000] {processor.py:756} INFO - Processing file /home/airflow/.local/lib/python3.7/site-packages/airflow/example_dags/tutorial_dag.py for tasks to queue
[2022-11-17T08:48:05.979+0000] {logging_mixin.py:137} INFO - [2022-11-17T08:48:05.978+0000] {dagbag.py:537} INFO - Filling up the DagBag from /home/airflow/.local/lib/python3.7/site-packages/airflow/example_dags/tutorial_dag.py
[2022-11-17T08:48:06.023+0000] {processor.py:766} INFO - DAG(s) dict_keys(['tutorial_dag']) retrieved from /home/airflow/.local/lib/python3.7/site-packages/airflow/example_dags/tutorial_dag.py
[2022-11-17T08:48:06.616+0000] {logging_mixin.py:137} INFO - [2022-11-17T08:48:06.615+0000] {manager.py:507} INFO - Created Permission View: can delete on DAG:tutorial_dag
[2022-11-17T08:48:06.647+0000] {logging_mixin.py:137} INFO - [2022-11-17T08:48:06.647+0000] {manager.py:507} INFO - Created Permission View: can edit on DAG:tutorial_dag
[2022-11-17T08:48:06.686+0000] {logging_mixin.py:137} INFO - [2022-11-17T08:48:06.686+0000] {manager.py:507} INFO - Created Permission View: can read on DAG:tutorial_dag
[2022-11-17T08:48:06.689+0000] {logging_mixin.py:137} INFO - [2022-11-17T08:48:06.688+0000] {dag.py:2585} INFO - Sync 1 DAGs
[2022-11-17T08:48:06.755+0000] {logging_mixin.py:137} INFO - [2022-11-17T08:48:06.754+0000] {dag.py:2606} INFO - Creating ORM DAG for tutorial_dag
[2022-11-17T08:48:06.797+0000] {logging_mixin.py:137} INFO - [2022-11-17T08:48:06.796+0000] {dag.py:3340} INFO - Setting next_dagrun for tutorial_dag to None, run_after=None
[2022-11-17T08:48:06.873+0000] {processor.py:176} INFO - Processing /home/airflow/.local/lib/python3.7/site-packages/airflow/example_dags/tutorial_dag.py took 0.949 seconds
[2022-11-17T08:55:34.370+0000] {processor.py:154} INFO - Started process (PID=67) to work on /home/airflow/.local/lib/python3.7/site-packages/airflow/example_dags/tutorial_dag.py
[2022-11-17T08:55:34.374+0000] {processor.py:756} INFO - Processing file /home/airflow/.local/lib/python3.7/site-packages/airflow/example_dags/tutorial_dag.py for tasks to queue
[2022-11-17T08:55:34.378+0000] {logging_mixin.py:137} INFO - [2022-11-17T08:55:34.377+0000] {dagbag.py:537} INFO - Filling up the DagBag from /home/airflow/.local/lib/python3.7/site-packages/airflow/example_dags/tutorial_dag.py
[2022-11-17T08:55:34.425+0000] {processor.py:766} INFO - DAG(s) dict_keys(['tutorial_dag']) retrieved from /home/airflow/.local/lib/python3.7/site-packages/airflow/example_dags/tutorial_dag.py
[2022-11-17T08:55:34.644+0000] {logging_mixin.py:137} INFO - [2022-11-17T08:55:34.644+0000] {dag.py:2585} INFO - Sync 1 DAGs
[2022-11-17T08:55:34.841+0000] {logging_mixin.py:137} INFO - [2022-11-17T08:55:34.840+0000] {dag.py:3340} INFO - Setting next_dagrun for tutorial_dag to None, run_after=None
[2022-11-17T08:55:34.996+0000] {processor.py:176} INFO - Processing /home/airflow/.local/lib/python3.7/site-packages/airflow/example_dags/tutorial_dag.py took 0.648 seconds
[2022-11-17T08:56:05.400+0000] {processor.py:154} INFO - Started process (PID=121) to work on /home/airflow/.local/lib/python3.7/site-packages/airflow/example_dags/tutorial_dag.py
[2022-11-17T08:56:05.408+0000] {processor.py:756} INFO - Processing file /home/airflow/.local/lib/python3.7/site-packages/airflow/example_dags/tutorial_dag.py for tasks to queue
[2022-11-17T08:56:05.410+0000] {logging_mixin.py:137} INFO - [2022-11-17T08:56:05.410+0000] {dagbag.py:537} INFO - Filling up the DagBag from /home/airflow/.local/lib/python3.7/site-packages/airflow/example_dags/tutorial_dag.py
[2022-11-17T08:56:05.449+0000] {processor.py:766} INFO - DAG(s) dict_keys(['tutorial_dag']) retrieved from /home/airflow/.local/lib/python3.7/site-packages/airflow/example_dags/tutorial_dag.py
[2022-11-17T08:56:05.552+0000] {logging_mixin.py:137} INFO - [2022-11-17T08:56:05.551+0000] {dag.py:2585} INFO - Sync 1 DAGs
[2022-11-17T08:56:05.611+0000] {logging_mixin.py:137} INFO - [2022-11-17T08:56:05.610+0000] {dag.py:3340} INFO - Setting next_dagrun for tutorial_dag to None, run_after=None
[2022-11-17T08:56:05.672+0000] {processor.py:176} INFO - Processing /home/airflow/.local/lib/python3.7/site-packages/airflow/example_dags/tutorial_dag.py took 0.293 seconds
[2022-11-17T08:56:36.343+0000] {processor.py:154} INFO - Started process (PID=175) to work on /home/airflow/.local/lib/python3.7/site-packages/airflow/example_dags/tutorial_dag.py
[2022-11-17T08:56:36.346+0000] {processor.py:756} INFO - Processing file /home/airflow/.local/lib/python3.7/site-packages/airflow/example_dags/tutorial_dag.py for tasks to queue
[2022-11-17T08:56:36.349+0000] {logging_mixin.py:137} INFO - [2022-11-17T08:56:36.349+0000] {dagbag.py:537} INFO - Filling up the DagBag from /home/airflow/.local/lib/python3.7/site-packages/airflow/example_dags/tutorial_dag.py
[2022-11-17T08:56:36.462+0000] {processor.py:766} INFO - DAG(s) dict_keys(['tutorial_dag']) retrieved from /home/airflow/.local/lib/python3.7/site-packages/airflow/example_dags/tutorial_dag.py
[2022-11-17T08:56:36.921+0000] {logging_mixin.py:137} INFO - [2022-11-17T08:56:36.920+0000] {dag.py:2585} INFO - Sync 1 DAGs
[2022-11-17T08:56:37.105+0000] {logging_mixin.py:137} INFO - [2022-11-17T08:56:37.105+0000] {dag.py:3340} INFO - Setting next_dagrun for tutorial_dag to None, run_after=None
[2022-11-17T08:56:37.281+0000] {processor.py:176} INFO - Processing /home/airflow/.local/lib/python3.7/site-packages/airflow/example_dags/tutorial_dag.py took 0.947 seconds
[2022-11-17T08:57:09.099+0000] {processor.py:154} INFO - Started process (PID=230) to work on /home/airflow/.local/lib/python3.7/site-packages/airflow/example_dags/tutorial_dag.py
[2022-11-17T08:57:09.106+0000] {processor.py:756} INFO - Processing file /home/airflow/.local/lib/python3.7/site-packages/airflow/example_dags/tutorial_dag.py for tasks to queue
[2022-11-17T08:57:09.118+0000] {logging_mixin.py:137} INFO - [2022-11-17T08:57:09.118+0000] {dagbag.py:537} INFO - Filling up the DagBag from /home/airflow/.local/lib/python3.7/site-packages/airflow/example_dags/tutorial_dag.py
[2022-11-17T08:57:09.169+0000] {processor.py:766} INFO - DAG(s) dict_keys(['tutorial_dag']) retrieved from /home/airflow/.local/lib/python3.7/site-packages/airflow/example_dags/tutorial_dag.py
[2022-11-17T08:57:09.354+0000] {logging_mixin.py:137} INFO - [2022-11-17T08:57:09.354+0000] {dag.py:2585} INFO - Sync 1 DAGs
[2022-11-17T08:57:09.542+0000] {logging_mixin.py:137} INFO - [2022-11-17T08:57:09.542+0000] {dag.py:3340} INFO - Setting next_dagrun for tutorial_dag to None, run_after=None
[2022-11-17T08:57:09.689+0000] {processor.py:176} INFO - Processing /home/airflow/.local/lib/python3.7/site-packages/airflow/example_dags/tutorial_dag.py took 0.606 seconds
[2022-11-17T08:57:39.808+0000] {processor.py:154} INFO - Started process (PID=282) to work on /home/airflow/.local/lib/python3.7/site-packages/airflow/example_dags/tutorial_dag.py
[2022-11-17T08:57:39.819+0000] {processor.py:756} INFO - Processing file /home/airflow/.local/lib/python3.7/site-packages/airflow/example_dags/tutorial_dag.py for tasks to queue
[2022-11-17T08:57:39.830+0000] {logging_mixin.py:137} INFO - [2022-11-17T08:57:39.829+0000] {dagbag.py:537} INFO - Filling up the DagBag from /home/airflow/.local/lib/python3.7/site-packages/airflow/example_dags/tutorial_dag.py
[2022-11-17T08:57:39.899+0000] {processor.py:766} INFO - DAG(s) dict_keys(['tutorial_dag']) retrieved from /home/airflow/.local/lib/python3.7/site-packages/airflow/example_dags/tutorial_dag.py
[2022-11-17T08:57:40.109+0000] {logging_mixin.py:137} INFO - [2022-11-17T08:57:40.109+0000] {dag.py:2585} INFO - Sync 1 DAGs
[2022-11-17T08:57:40.165+0000] {logging_mixin.py:137} INFO - [2022-11-17T08:57:40.164+0000] {dag.py:3340} INFO - Setting next_dagrun for tutorial_dag to None, run_after=None
[2022-11-17T08:57:40.220+0000] {processor.py:176} INFO - Processing /home/airflow/.local/lib/python3.7/site-packages/airflow/example_dags/tutorial_dag.py took 0.426 seconds
[2022-11-17T08:58:10.638+0000] {processor.py:154} INFO - Started process (PID=336) to work on /home/airflow/.local/lib/python3.7/site-packages/airflow/example_dags/tutorial_dag.py
[2022-11-17T08:58:10.649+0000] {processor.py:756} INFO - Processing file /home/airflow/.local/lib/python3.7/site-packages/airflow/example_dags/tutorial_dag.py for tasks to queue
[2022-11-17T08:58:10.657+0000] {logging_mixin.py:137} INFO - [2022-11-17T08:58:10.657+0000] {dagbag.py:537} INFO - Filling up the DagBag from /home/airflow/.local/lib/python3.7/site-packages/airflow/example_dags/tutorial_dag.py
[2022-11-17T08:58:10.721+0000] {processor.py:766} INFO - DAG(s) dict_keys(['tutorial_dag']) retrieved from /home/airflow/.local/lib/python3.7/site-packages/airflow/example_dags/tutorial_dag.py
[2022-11-17T08:58:10.810+0000] {logging_mixin.py:137} INFO - [2022-11-17T08:58:10.810+0000] {dag.py:2585} INFO - Sync 1 DAGs
[2022-11-17T08:58:10.855+0000] {logging_mixin.py:137} INFO - [2022-11-17T08:58:10.855+0000] {dag.py:3340} INFO - Setting next_dagrun for tutorial_dag to None, run_after=None
[2022-11-17T08:58:10.896+0000] {processor.py:176} INFO - Processing /home/airflow/.local/lib/python3.7/site-packages/airflow/example_dags/tutorial_dag.py took 0.271 seconds
[2022-11-17T08:58:42.540+0000] {processor.py:154} INFO - Started process (PID=391) to work on /home/airflow/.local/lib/python3.7/site-packages/airflow/example_dags/tutorial_dag.py
[2022-11-17T08:58:42.546+0000] {processor.py:756} INFO - Processing file /home/airflow/.local/lib/python3.7/site-packages/airflow/example_dags/tutorial_dag.py for tasks to queue
[2022-11-17T08:58:42.552+0000] {logging_mixin.py:137} INFO - [2022-11-17T08:58:42.552+0000] {dagbag.py:537} INFO - Filling up the DagBag from /home/airflow/.local/lib/python3.7/site-packages/airflow/example_dags/tutorial_dag.py
[2022-11-17T08:58:42.646+0000] {processor.py:766} INFO - DAG(s) dict_keys(['tutorial_dag']) retrieved from /home/airflow/.local/lib/python3.7/site-packages/airflow/example_dags/tutorial_dag.py
[2022-11-17T08:58:42.951+0000] {logging_mixin.py:137} INFO - [2022-11-17T08:58:42.951+0000] {dag.py:2585} INFO - Sync 1 DAGs
[2022-11-17T08:58:43.162+0000] {logging_mixin.py:137} INFO - [2022-11-17T08:58:43.162+0000] {dag.py:3340} INFO - Setting next_dagrun for tutorial_dag to None, run_after=None
[2022-11-17T08:58:43.383+0000] {processor.py:176} INFO - Processing /home/airflow/.local/lib/python3.7/site-packages/airflow/example_dags/tutorial_dag.py took 0.857 seconds
[2022-11-17T08:59:14.448+0000] {processor.py:154} INFO - Started process (PID=444) to work on /home/airflow/.local/lib/python3.7/site-packages/airflow/example_dags/tutorial_dag.py
[2022-11-17T08:59:14.456+0000] {processor.py:756} INFO - Processing file /home/airflow/.local/lib/python3.7/site-packages/airflow/example_dags/tutorial_dag.py for tasks to queue
[2022-11-17T08:59:14.465+0000] {logging_mixin.py:137} INFO - [2022-11-17T08:59:14.464+0000] {dagbag.py:537} INFO - Filling up the DagBag from /home/airflow/.local/lib/python3.7/site-packages/airflow/example_dags/tutorial_dag.py
[2022-11-17T08:59:14.680+0000] {processor.py:766} INFO - DAG(s) dict_keys(['tutorial_dag']) retrieved from /home/airflow/.local/lib/python3.7/site-packages/airflow/example_dags/tutorial_dag.py
[2022-11-17T08:59:15.105+0000] {logging_mixin.py:137} INFO - [2022-11-17T08:59:15.104+0000] {dag.py:2585} INFO - Sync 1 DAGs
[2022-11-17T08:59:15.532+0000] {logging_mixin.py:137} INFO - [2022-11-17T08:59:15.532+0000] {dag.py:3340} INFO - Setting next_dagrun for tutorial_dag to None, run_after=None
[2022-11-17T08:59:15.849+0000] {processor.py:176} INFO - Processing /home/airflow/.local/lib/python3.7/site-packages/airflow/example_dags/tutorial_dag.py took 1.465 seconds
[2022-11-17T08:59:47.797+0000] {processor.py:154} INFO - Started process (PID=498) to work on /home/airflow/.local/lib/python3.7/site-packages/airflow/example_dags/tutorial_dag.py
[2022-11-17T08:59:47.803+0000] {processor.py:756} INFO - Processing file /home/airflow/.local/lib/python3.7/site-packages/airflow/example_dags/tutorial_dag.py for tasks to queue
[2022-11-17T08:59:47.808+0000] {logging_mixin.py:137} INFO - [2022-11-17T08:59:47.807+0000] {dagbag.py:537} INFO - Filling up the DagBag from /home/airflow/.local/lib/python3.7/site-packages/airflow/example_dags/tutorial_dag.py
[2022-11-17T08:59:47.876+0000] {processor.py:766} INFO - DAG(s) dict_keys(['tutorial_dag']) retrieved from /home/airflow/.local/lib/python3.7/site-packages/airflow/example_dags/tutorial_dag.py
[2022-11-17T08:59:48.134+0000] {logging_mixin.py:137} INFO - [2022-11-17T08:59:48.125+0000] {dag.py:2585} INFO - Sync 1 DAGs
[2022-11-17T08:59:48.290+0000] {logging_mixin.py:137} INFO - [2022-11-17T08:59:48.290+0000] {dag.py:3340} INFO - Setting next_dagrun for tutorial_dag to None, run_after=None
[2022-11-17T08:59:48.440+0000] {processor.py:176} INFO - Processing /home/airflow/.local/lib/python3.7/site-packages/airflow/example_dags/tutorial_dag.py took 0.655 seconds
[2022-11-17T09:00:24.403+0000] {processor.py:154} INFO - Started process (PID=560) to work on /home/airflow/.local/lib/python3.7/site-packages/airflow/example_dags/tutorial_dag.py
[2022-11-17T09:00:24.413+0000] {processor.py:756} INFO - Processing file /home/airflow/.local/lib/python3.7/site-packages/airflow/example_dags/tutorial_dag.py for tasks to queue
[2022-11-17T09:00:24.416+0000] {logging_mixin.py:137} INFO - [2022-11-17T09:00:24.416+0000] {dagbag.py:537} INFO - Filling up the DagBag from /home/airflow/.local/lib/python3.7/site-packages/airflow/example_dags/tutorial_dag.py
[2022-11-17T09:00:24.529+0000] {processor.py:766} INFO - DAG(s) dict_keys(['tutorial_dag']) retrieved from /home/airflow/.local/lib/python3.7/site-packages/airflow/example_dags/tutorial_dag.py
[2022-11-17T09:00:24.713+0000] {logging_mixin.py:137} INFO - [2022-11-17T09:00:24.713+0000] {dag.py:2585} INFO - Sync 1 DAGs
[2022-11-17T09:00:24.815+0000] {logging_mixin.py:137} INFO - [2022-11-17T09:00:24.815+0000] {dag.py:3340} INFO - Setting next_dagrun for tutorial_dag to None, run_after=None
[2022-11-17T09:00:24.875+0000] {processor.py:176} INFO - Processing /home/airflow/.local/lib/python3.7/site-packages/airflow/example_dags/tutorial_dag.py took 0.489 seconds
[2022-11-17T09:00:54.987+0000] {processor.py:154} INFO - Started process (PID=605) to work on /home/airflow/.local/lib/python3.7/site-packages/airflow/example_dags/tutorial_dag.py
[2022-11-17T09:00:54.992+0000] {processor.py:756} INFO - Processing file /home/airflow/.local/lib/python3.7/site-packages/airflow/example_dags/tutorial_dag.py for tasks to queue
[2022-11-17T09:00:54.995+0000] {logging_mixin.py:137} INFO - [2022-11-17T09:00:54.994+0000] {dagbag.py:537} INFO - Filling up the DagBag from /home/airflow/.local/lib/python3.7/site-packages/airflow/example_dags/tutorial_dag.py
[2022-11-17T09:00:55.028+0000] {processor.py:766} INFO - DAG(s) dict_keys(['tutorial_dag']) retrieved from /home/airflow/.local/lib/python3.7/site-packages/airflow/example_dags/tutorial_dag.py
[2022-11-17T09:00:55.131+0000] {logging_mixin.py:137} INFO - [2022-11-17T09:00:55.131+0000] {dag.py:2585} INFO - Sync 1 DAGs
[2022-11-17T09:00:55.171+0000] {logging_mixin.py:137} INFO - [2022-11-17T09:00:55.171+0000] {dag.py:3340} INFO - Setting next_dagrun for tutorial_dag to None, run_after=None
[2022-11-17T09:00:55.213+0000] {processor.py:176} INFO - Processing /home/airflow/.local/lib/python3.7/site-packages/airflow/example_dags/tutorial_dag.py took 0.232 seconds
[2022-11-17T09:01:27.577+0000] {processor.py:154} INFO - Started process (PID=658) to work on /home/airflow/.local/lib/python3.7/site-packages/airflow/example_dags/tutorial_dag.py
[2022-11-17T09:01:27.581+0000] {processor.py:756} INFO - Processing file /home/airflow/.local/lib/python3.7/site-packages/airflow/example_dags/tutorial_dag.py for tasks to queue
[2022-11-17T09:01:27.593+0000] {logging_mixin.py:137} INFO - [2022-11-17T09:01:27.593+0000] {dagbag.py:537} INFO - Filling up the DagBag from /home/airflow/.local/lib/python3.7/site-packages/airflow/example_dags/tutorial_dag.py
[2022-11-17T09:01:27.631+0000] {processor.py:766} INFO - DAG(s) dict_keys(['tutorial_dag']) retrieved from /home/airflow/.local/lib/python3.7/site-packages/airflow/example_dags/tutorial_dag.py
[2022-11-17T09:01:27.856+0000] {logging_mixin.py:137} INFO - [2022-11-17T09:01:27.855+0000] {dag.py:2585} INFO - Sync 1 DAGs
[2022-11-17T09:01:27.934+0000] {logging_mixin.py:137} INFO - [2022-11-17T09:01:27.934+0000] {dag.py:3340} INFO - Setting next_dagrun for tutorial_dag to None, run_after=None
[2022-11-17T09:01:28.010+0000] {processor.py:176} INFO - Processing /home/airflow/.local/lib/python3.7/site-packages/airflow/example_dags/tutorial_dag.py took 0.440 seconds
