[2022-11-17T08:48:10.224+0000] {processor.py:154} INFO - Started process (PID=62) to work on /home/airflow/.local/lib/python3.7/site-packages/airflow/example_dags/tutorial.py
[2022-11-17T08:48:10.226+0000] {processor.py:756} INFO - Processing file /home/airflow/.local/lib/python3.7/site-packages/airflow/example_dags/tutorial.py for tasks to queue
[2022-11-17T08:48:10.230+0000] {logging_mixin.py:137} INFO - [2022-11-17T08:48:10.229+0000] {dagbag.py:537} INFO - Filling up the DagBag from /home/airflow/.local/lib/python3.7/site-packages/airflow/example_dags/tutorial.py
[2022-11-17T08:48:10.307+0000] {processor.py:766} INFO - DAG(s) dict_keys(['tutorial']) retrieved from /home/airflow/.local/lib/python3.7/site-packages/airflow/example_dags/tutorial.py
[2022-11-17T08:48:10.614+0000] {logging_mixin.py:137} INFO - [2022-11-17T08:48:10.614+0000] {manager.py:507} INFO - Created Permission View: can delete on DAG:tutorial
[2022-11-17T08:48:10.656+0000] {logging_mixin.py:137} INFO - [2022-11-17T08:48:10.656+0000] {manager.py:507} INFO - Created Permission View: can edit on DAG:tutorial
[2022-11-17T08:48:10.677+0000] {logging_mixin.py:137} INFO - [2022-11-17T08:48:10.677+0000] {manager.py:507} INFO - Created Permission View: can read on DAG:tutorial
[2022-11-17T08:48:10.680+0000] {logging_mixin.py:137} INFO - [2022-11-17T08:48:10.678+0000] {dag.py:2585} INFO - Sync 1 DAGs
[2022-11-17T08:48:10.713+0000] {logging_mixin.py:137} INFO - [2022-11-17T08:48:10.712+0000] {dag.py:2606} INFO - Creating ORM DAG for tutorial
[2022-11-17T08:48:10.738+0000] {logging_mixin.py:137} INFO - [2022-11-17T08:48:10.737+0000] {dag.py:3340} INFO - Setting next_dagrun for tutorial to 2022-11-16T08:48:10.737305+00:00, run_after=2022-11-17T08:48:10.737305+00:00
[2022-11-17T08:48:10.793+0000] {processor.py:176} INFO - Processing /home/airflow/.local/lib/python3.7/site-packages/airflow/example_dags/tutorial.py took 0.577 seconds
[2022-11-17T08:55:38.312+0000] {processor.py:154} INFO - Started process (PID=73) to work on /home/airflow/.local/lib/python3.7/site-packages/airflow/example_dags/tutorial.py
[2022-11-17T08:55:38.316+0000] {processor.py:756} INFO - Processing file /home/airflow/.local/lib/python3.7/site-packages/airflow/example_dags/tutorial.py for tasks to queue
[2022-11-17T08:55:38.343+0000] {logging_mixin.py:137} INFO - [2022-11-17T08:55:38.342+0000] {dagbag.py:537} INFO - Filling up the DagBag from /home/airflow/.local/lib/python3.7/site-packages/airflow/example_dags/tutorial.py
[2022-11-17T08:55:38.904+0000] {processor.py:766} INFO - DAG(s) dict_keys(['tutorial']) retrieved from /home/airflow/.local/lib/python3.7/site-packages/airflow/example_dags/tutorial.py
[2022-11-17T08:55:39.535+0000] {logging_mixin.py:137} INFO - [2022-11-17T08:55:39.534+0000] {dag.py:2585} INFO - Sync 1 DAGs
[2022-11-17T08:55:39.881+0000] {logging_mixin.py:137} INFO - [2022-11-17T08:55:39.880+0000] {dag.py:3340} INFO - Setting next_dagrun for tutorial to 2022-11-16T08:55:39.880097+00:00, run_after=2022-11-17T08:55:39.880097+00:00
[2022-11-17T08:55:40.268+0000] {processor.py:176} INFO - Processing /home/airflow/.local/lib/python3.7/site-packages/airflow/example_dags/tutorial.py took 2.036 seconds
[2022-11-17T08:56:11.269+0000] {processor.py:154} INFO - Started process (PID=127) to work on /home/airflow/.local/lib/python3.7/site-packages/airflow/example_dags/tutorial.py
[2022-11-17T08:56:11.290+0000] {processor.py:756} INFO - Processing file /home/airflow/.local/lib/python3.7/site-packages/airflow/example_dags/tutorial.py for tasks to queue
[2022-11-17T08:56:11.300+0000] {logging_mixin.py:137} INFO - [2022-11-17T08:56:11.299+0000] {dagbag.py:537} INFO - Filling up the DagBag from /home/airflow/.local/lib/python3.7/site-packages/airflow/example_dags/tutorial.py
[2022-11-17T08:56:11.723+0000] {processor.py:766} INFO - DAG(s) dict_keys(['tutorial']) retrieved from /home/airflow/.local/lib/python3.7/site-packages/airflow/example_dags/tutorial.py
[2022-11-17T08:56:12.389+0000] {logging_mixin.py:137} INFO - [2022-11-17T08:56:12.388+0000] {dag.py:2585} INFO - Sync 1 DAGs
[2022-11-17T08:56:12.876+0000] {logging_mixin.py:137} INFO - [2022-11-17T08:56:12.875+0000] {dag.py:3340} INFO - Setting next_dagrun for tutorial to 2022-11-16T08:56:12.874061+00:00, run_after=2022-11-17T08:56:12.874061+00:00
[2022-11-17T08:56:13.170+0000] {processor.py:176} INFO - Processing /home/airflow/.local/lib/python3.7/site-packages/airflow/example_dags/tutorial.py took 1.951 seconds
[2022-11-17T08:56:43.630+0000] {processor.py:154} INFO - Started process (PID=180) to work on /home/airflow/.local/lib/python3.7/site-packages/airflow/example_dags/tutorial.py
[2022-11-17T08:56:43.633+0000] {processor.py:756} INFO - Processing file /home/airflow/.local/lib/python3.7/site-packages/airflow/example_dags/tutorial.py for tasks to queue
[2022-11-17T08:56:43.636+0000] {logging_mixin.py:137} INFO - [2022-11-17T08:56:43.635+0000] {dagbag.py:537} INFO - Filling up the DagBag from /home/airflow/.local/lib/python3.7/site-packages/airflow/example_dags/tutorial.py
[2022-11-17T08:56:43.663+0000] {processor.py:766} INFO - DAG(s) dict_keys(['tutorial']) retrieved from /home/airflow/.local/lib/python3.7/site-packages/airflow/example_dags/tutorial.py
[2022-11-17T08:56:43.741+0000] {logging_mixin.py:137} INFO - [2022-11-17T08:56:43.740+0000] {dag.py:2585} INFO - Sync 1 DAGs
[2022-11-17T08:56:43.791+0000] {logging_mixin.py:137} INFO - [2022-11-17T08:56:43.791+0000] {dag.py:3340} INFO - Setting next_dagrun for tutorial to 2022-11-16T08:56:43.790637+00:00, run_after=2022-11-17T08:56:43.790637+00:00
[2022-11-17T08:56:43.853+0000] {processor.py:176} INFO - Processing /home/airflow/.local/lib/python3.7/site-packages/airflow/example_dags/tutorial.py took 0.229 seconds
[2022-11-17T08:57:14.003+0000] {processor.py:154} INFO - Started process (PID=235) to work on /home/airflow/.local/lib/python3.7/site-packages/airflow/example_dags/tutorial.py
[2022-11-17T08:57:14.006+0000] {processor.py:756} INFO - Processing file /home/airflow/.local/lib/python3.7/site-packages/airflow/example_dags/tutorial.py for tasks to queue
[2022-11-17T08:57:14.009+0000] {logging_mixin.py:137} INFO - [2022-11-17T08:57:14.009+0000] {dagbag.py:537} INFO - Filling up the DagBag from /home/airflow/.local/lib/python3.7/site-packages/airflow/example_dags/tutorial.py
[2022-11-17T08:57:14.039+0000] {processor.py:766} INFO - DAG(s) dict_keys(['tutorial']) retrieved from /home/airflow/.local/lib/python3.7/site-packages/airflow/example_dags/tutorial.py
[2022-11-17T08:57:14.119+0000] {logging_mixin.py:137} INFO - [2022-11-17T08:57:14.118+0000] {dag.py:2585} INFO - Sync 1 DAGs
[2022-11-17T08:57:14.176+0000] {logging_mixin.py:137} INFO - [2022-11-17T08:57:14.176+0000] {dag.py:3340} INFO - Setting next_dagrun for tutorial to 2022-11-16T08:57:14.175545+00:00, run_after=2022-11-17T08:57:14.175545+00:00
[2022-11-17T08:57:14.224+0000] {processor.py:176} INFO - Processing /home/airflow/.local/lib/python3.7/site-packages/airflow/example_dags/tutorial.py took 0.227 seconds
[2022-11-17T08:57:44.840+0000] {processor.py:154} INFO - Started process (PID=288) to work on /home/airflow/.local/lib/python3.7/site-packages/airflow/example_dags/tutorial.py
[2022-11-17T08:57:44.843+0000] {processor.py:756} INFO - Processing file /home/airflow/.local/lib/python3.7/site-packages/airflow/example_dags/tutorial.py for tasks to queue
[2022-11-17T08:57:44.846+0000] {logging_mixin.py:137} INFO - [2022-11-17T08:57:44.846+0000] {dagbag.py:537} INFO - Filling up the DagBag from /home/airflow/.local/lib/python3.7/site-packages/airflow/example_dags/tutorial.py
[2022-11-17T08:57:44.875+0000] {processor.py:766} INFO - DAG(s) dict_keys(['tutorial']) retrieved from /home/airflow/.local/lib/python3.7/site-packages/airflow/example_dags/tutorial.py
[2022-11-17T08:57:44.953+0000] {logging_mixin.py:137} INFO - [2022-11-17T08:57:44.953+0000] {dag.py:2585} INFO - Sync 1 DAGs
[2022-11-17T08:57:45.003+0000] {logging_mixin.py:137} INFO - [2022-11-17T08:57:45.003+0000] {dag.py:3340} INFO - Setting next_dagrun for tutorial to 2022-11-16T08:57:45.002752+00:00, run_after=2022-11-17T08:57:45.002752+00:00
[2022-11-17T08:57:45.046+0000] {processor.py:176} INFO - Processing /home/airflow/.local/lib/python3.7/site-packages/airflow/example_dags/tutorial.py took 0.212 seconds
[2022-11-17T08:58:15.229+0000] {processor.py:154} INFO - Started process (PID=342) to work on /home/airflow/.local/lib/python3.7/site-packages/airflow/example_dags/tutorial.py
[2022-11-17T08:58:15.239+0000] {processor.py:756} INFO - Processing file /home/airflow/.local/lib/python3.7/site-packages/airflow/example_dags/tutorial.py for tasks to queue
[2022-11-17T08:58:15.249+0000] {logging_mixin.py:137} INFO - [2022-11-17T08:58:15.247+0000] {dagbag.py:537} INFO - Filling up the DagBag from /home/airflow/.local/lib/python3.7/site-packages/airflow/example_dags/tutorial.py
[2022-11-17T08:58:15.307+0000] {processor.py:766} INFO - DAG(s) dict_keys(['tutorial']) retrieved from /home/airflow/.local/lib/python3.7/site-packages/airflow/example_dags/tutorial.py
[2022-11-17T08:58:15.595+0000] {logging_mixin.py:137} INFO - [2022-11-17T08:58:15.594+0000] {dag.py:2585} INFO - Sync 1 DAGs
[2022-11-17T08:58:15.709+0000] {logging_mixin.py:137} INFO - [2022-11-17T08:58:15.709+0000] {dag.py:3340} INFO - Setting next_dagrun for tutorial to 2022-11-16T08:58:15.708201+00:00, run_after=2022-11-17T08:58:15.708201+00:00
[2022-11-17T08:58:15.764+0000] {processor.py:176} INFO - Processing /home/airflow/.local/lib/python3.7/site-packages/airflow/example_dags/tutorial.py took 0.550 seconds
[2022-11-17T08:58:45.869+0000] {processor.py:154} INFO - Started process (PID=396) to work on /home/airflow/.local/lib/python3.7/site-packages/airflow/example_dags/tutorial.py
[2022-11-17T08:58:45.873+0000] {processor.py:756} INFO - Processing file /home/airflow/.local/lib/python3.7/site-packages/airflow/example_dags/tutorial.py for tasks to queue
[2022-11-17T08:58:45.876+0000] {logging_mixin.py:137} INFO - [2022-11-17T08:58:45.875+0000] {dagbag.py:537} INFO - Filling up the DagBag from /home/airflow/.local/lib/python3.7/site-packages/airflow/example_dags/tutorial.py
[2022-11-17T08:58:45.929+0000] {processor.py:766} INFO - DAG(s) dict_keys(['tutorial']) retrieved from /home/airflow/.local/lib/python3.7/site-packages/airflow/example_dags/tutorial.py
[2022-11-17T08:58:46.081+0000] {logging_mixin.py:137} INFO - [2022-11-17T08:58:46.080+0000] {dag.py:2585} INFO - Sync 1 DAGs
[2022-11-17T08:58:46.164+0000] {logging_mixin.py:137} INFO - [2022-11-17T08:58:46.164+0000] {dag.py:3340} INFO - Setting next_dagrun for tutorial to 2022-11-16T08:58:46.163767+00:00, run_after=2022-11-17T08:58:46.163767+00:00
[2022-11-17T08:58:46.235+0000] {processor.py:176} INFO - Processing /home/airflow/.local/lib/python3.7/site-packages/airflow/example_dags/tutorial.py took 0.383 seconds
[2022-11-17T08:59:18.300+0000] {processor.py:154} INFO - Started process (PID=456) to work on /home/airflow/.local/lib/python3.7/site-packages/airflow/example_dags/tutorial.py
[2022-11-17T08:59:18.315+0000] {processor.py:756} INFO - Processing file /home/airflow/.local/lib/python3.7/site-packages/airflow/example_dags/tutorial.py for tasks to queue
[2022-11-17T08:59:18.326+0000] {logging_mixin.py:137} INFO - [2022-11-17T08:59:18.326+0000] {dagbag.py:537} INFO - Filling up the DagBag from /home/airflow/.local/lib/python3.7/site-packages/airflow/example_dags/tutorial.py
[2022-11-17T08:59:18.633+0000] {processor.py:766} INFO - DAG(s) dict_keys(['tutorial']) retrieved from /home/airflow/.local/lib/python3.7/site-packages/airflow/example_dags/tutorial.py
[2022-11-17T08:59:19.203+0000] {logging_mixin.py:137} INFO - [2022-11-17T08:59:19.190+0000] {dag.py:2585} INFO - Sync 1 DAGs
[2022-11-17T08:59:19.583+0000] {logging_mixin.py:137} INFO - [2022-11-17T08:59:19.583+0000] {dag.py:3340} INFO - Setting next_dagrun for tutorial to 2022-11-16T08:59:19.582432+00:00, run_after=2022-11-17T08:59:19.582432+00:00
[2022-11-17T08:59:19.789+0000] {processor.py:176} INFO - Processing /home/airflow/.local/lib/python3.7/site-packages/airflow/example_dags/tutorial.py took 1.540 seconds
[2022-11-17T08:59:50.271+0000] {processor.py:154} INFO - Started process (PID=503) to work on /home/airflow/.local/lib/python3.7/site-packages/airflow/example_dags/tutorial.py
[2022-11-17T08:59:50.283+0000] {processor.py:756} INFO - Processing file /home/airflow/.local/lib/python3.7/site-packages/airflow/example_dags/tutorial.py for tasks to queue
[2022-11-17T08:59:50.298+0000] {logging_mixin.py:137} INFO - [2022-11-17T08:59:50.298+0000] {dagbag.py:537} INFO - Filling up the DagBag from /home/airflow/.local/lib/python3.7/site-packages/airflow/example_dags/tutorial.py
[2022-11-17T08:59:50.532+0000] {processor.py:766} INFO - DAG(s) dict_keys(['tutorial']) retrieved from /home/airflow/.local/lib/python3.7/site-packages/airflow/example_dags/tutorial.py
[2022-11-17T08:59:50.782+0000] {logging_mixin.py:137} INFO - [2022-11-17T08:59:50.782+0000] {dag.py:2585} INFO - Sync 1 DAGs
[2022-11-17T08:59:50.951+0000] {logging_mixin.py:137} INFO - [2022-11-17T08:59:50.951+0000] {dag.py:3340} INFO - Setting next_dagrun for tutorial to 2022-11-16T08:59:50.950626+00:00, run_after=2022-11-17T08:59:50.950626+00:00
[2022-11-17T08:59:51.066+0000] {processor.py:176} INFO - Processing /home/airflow/.local/lib/python3.7/site-packages/airflow/example_dags/tutorial.py took 0.825 seconds
[2022-11-17T09:00:26.072+0000] {processor.py:154} INFO - Started process (PID=565) to work on /home/airflow/.local/lib/python3.7/site-packages/airflow/example_dags/tutorial.py
[2022-11-17T09:00:26.075+0000] {processor.py:756} INFO - Processing file /home/airflow/.local/lib/python3.7/site-packages/airflow/example_dags/tutorial.py for tasks to queue
[2022-11-17T09:00:26.247+0000] {logging_mixin.py:137} INFO - [2022-11-17T09:00:26.138+0000] {dagbag.py:537} INFO - Filling up the DagBag from /home/airflow/.local/lib/python3.7/site-packages/airflow/example_dags/tutorial.py
[2022-11-17T09:00:26.389+0000] {processor.py:766} INFO - DAG(s) dict_keys(['tutorial']) retrieved from /home/airflow/.local/lib/python3.7/site-packages/airflow/example_dags/tutorial.py
[2022-11-17T09:00:26.564+0000] {logging_mixin.py:137} INFO - [2022-11-17T09:00:26.564+0000] {dag.py:2585} INFO - Sync 1 DAGs
[2022-11-17T09:00:26.646+0000] {logging_mixin.py:137} INFO - [2022-11-17T09:00:26.642+0000] {dag.py:3340} INFO - Setting next_dagrun for tutorial to 2022-11-16T09:00:26.642154+00:00, run_after=2022-11-17T09:00:26.642154+00:00
[2022-11-17T09:00:26.769+0000] {processor.py:176} INFO - Processing /home/airflow/.local/lib/python3.7/site-packages/airflow/example_dags/tutorial.py took 0.809 seconds
[2022-11-17T09:00:56.896+0000] {processor.py:154} INFO - Started process (PID=610) to work on /home/airflow/.local/lib/python3.7/site-packages/airflow/example_dags/tutorial.py
[2022-11-17T09:00:56.899+0000] {processor.py:756} INFO - Processing file /home/airflow/.local/lib/python3.7/site-packages/airflow/example_dags/tutorial.py for tasks to queue
[2022-11-17T09:00:56.901+0000] {logging_mixin.py:137} INFO - [2022-11-17T09:00:56.901+0000] {dagbag.py:537} INFO - Filling up the DagBag from /home/airflow/.local/lib/python3.7/site-packages/airflow/example_dags/tutorial.py
[2022-11-17T09:00:56.926+0000] {processor.py:766} INFO - DAG(s) dict_keys(['tutorial']) retrieved from /home/airflow/.local/lib/python3.7/site-packages/airflow/example_dags/tutorial.py
[2022-11-17T09:00:56.997+0000] {logging_mixin.py:137} INFO - [2022-11-17T09:00:56.997+0000] {dag.py:2585} INFO - Sync 1 DAGs
[2022-11-17T09:00:57.049+0000] {logging_mixin.py:137} INFO - [2022-11-17T09:00:57.049+0000] {dag.py:3340} INFO - Setting next_dagrun for tutorial to 2022-11-16T09:00:57.048911+00:00, run_after=2022-11-17T09:00:57.048911+00:00
[2022-11-17T09:00:57.090+0000] {processor.py:176} INFO - Processing /home/airflow/.local/lib/python3.7/site-packages/airflow/example_dags/tutorial.py took 0.200 seconds
[2022-11-17T09:01:29.825+0000] {processor.py:154} INFO - Started process (PID=663) to work on /home/airflow/.local/lib/python3.7/site-packages/airflow/example_dags/tutorial.py
[2022-11-17T09:01:29.830+0000] {processor.py:756} INFO - Processing file /home/airflow/.local/lib/python3.7/site-packages/airflow/example_dags/tutorial.py for tasks to queue
[2022-11-17T09:01:29.833+0000] {logging_mixin.py:137} INFO - [2022-11-17T09:01:29.833+0000] {dagbag.py:537} INFO - Filling up the DagBag from /home/airflow/.local/lib/python3.7/site-packages/airflow/example_dags/tutorial.py
[2022-11-17T09:01:29.918+0000] {processor.py:766} INFO - DAG(s) dict_keys(['tutorial']) retrieved from /home/airflow/.local/lib/python3.7/site-packages/airflow/example_dags/tutorial.py
[2022-11-17T09:01:30.144+0000] {logging_mixin.py:137} INFO - [2022-11-17T09:01:30.143+0000] {dag.py:2585} INFO - Sync 1 DAGs
[2022-11-17T09:01:30.266+0000] {logging_mixin.py:137} INFO - [2022-11-17T09:01:30.266+0000] {dag.py:3340} INFO - Setting next_dagrun for tutorial to 2022-11-16T09:01:30.266111+00:00, run_after=2022-11-17T09:01:30.266111+00:00
[2022-11-17T09:01:30.320+0000] {processor.py:176} INFO - Processing /home/airflow/.local/lib/python3.7/site-packages/airflow/example_dags/tutorial.py took 0.526 seconds
