[2022-11-17T08:48:19.989+0000] {processor.py:154} INFO - Started process (PID=86) to work on /home/airflow/.local/lib/python3.7/site-packages/airflow/example_dags/tutorial_taskflow_api.py
[2022-11-17T08:48:20.006+0000] {processor.py:756} INFO - Processing file /home/airflow/.local/lib/python3.7/site-packages/airflow/example_dags/tutorial_taskflow_api.py for tasks to queue
[2022-11-17T08:48:20.014+0000] {logging_mixin.py:137} INFO - [2022-11-17T08:48:20.012+0000] {dagbag.py:537} INFO - Filling up the DagBag from /home/airflow/.local/lib/python3.7/site-packages/airflow/example_dags/tutorial_taskflow_api.py
[2022-11-17T08:48:20.121+0000] {processor.py:766} INFO - DAG(s) dict_keys(['tutorial_taskflow_api']) retrieved from /home/airflow/.local/lib/python3.7/site-packages/airflow/example_dags/tutorial_taskflow_api.py
[2022-11-17T08:48:20.655+0000] {logging_mixin.py:137} INFO - [2022-11-17T08:48:20.654+0000] {manager.py:507} INFO - Created Permission View: can delete on DAG:tutorial_taskflow_api
[2022-11-17T08:48:20.691+0000] {logging_mixin.py:137} INFO - [2022-11-17T08:48:20.690+0000] {manager.py:507} INFO - Created Permission View: can edit on DAG:tutorial_taskflow_api
[2022-11-17T08:48:20.719+0000] {logging_mixin.py:137} INFO - [2022-11-17T08:48:20.718+0000] {manager.py:507} INFO - Created Permission View: can read on DAG:tutorial_taskflow_api
[2022-11-17T08:48:20.722+0000] {logging_mixin.py:137} INFO - [2022-11-17T08:48:20.721+0000] {dag.py:2585} INFO - Sync 1 DAGs
[2022-11-17T08:48:20.766+0000] {logging_mixin.py:137} INFO - [2022-11-17T08:48:20.766+0000] {dag.py:2606} INFO - Creating ORM DAG for tutorial_taskflow_api
[2022-11-17T08:48:20.803+0000] {logging_mixin.py:137} INFO - [2022-11-17T08:48:20.803+0000] {dag.py:3340} INFO - Setting next_dagrun for tutorial_taskflow_api to None, run_after=None
[2022-11-17T08:48:20.876+0000] {processor.py:176} INFO - Processing /home/airflow/.local/lib/python3.7/site-packages/airflow/example_dags/tutorial_taskflow_api.py took 0.894 seconds
[2022-11-17T08:55:53.289+0000] {processor.py:154} INFO - Started process (PID=97) to work on /home/airflow/.local/lib/python3.7/site-packages/airflow/example_dags/tutorial_taskflow_api.py
[2022-11-17T08:55:53.292+0000] {processor.py:756} INFO - Processing file /home/airflow/.local/lib/python3.7/site-packages/airflow/example_dags/tutorial_taskflow_api.py for tasks to queue
[2022-11-17T08:55:53.295+0000] {logging_mixin.py:137} INFO - [2022-11-17T08:55:53.294+0000] {dagbag.py:537} INFO - Filling up the DagBag from /home/airflow/.local/lib/python3.7/site-packages/airflow/example_dags/tutorial_taskflow_api.py
[2022-11-17T08:55:53.349+0000] {processor.py:766} INFO - DAG(s) dict_keys(['tutorial_taskflow_api']) retrieved from /home/airflow/.local/lib/python3.7/site-packages/airflow/example_dags/tutorial_taskflow_api.py
[2022-11-17T08:55:53.545+0000] {logging_mixin.py:137} INFO - [2022-11-17T08:55:53.545+0000] {dag.py:2585} INFO - Sync 1 DAGs
[2022-11-17T08:55:53.668+0000] {logging_mixin.py:137} INFO - [2022-11-17T08:55:53.668+0000] {dag.py:3340} INFO - Setting next_dagrun for tutorial_taskflow_api to None, run_after=None
[2022-11-17T08:55:53.736+0000] {processor.py:176} INFO - Processing /home/airflow/.local/lib/python3.7/site-packages/airflow/example_dags/tutorial_taskflow_api.py took 0.456 seconds
[2022-11-17T08:56:24.456+0000] {processor.py:154} INFO - Started process (PID=151) to work on /home/airflow/.local/lib/python3.7/site-packages/airflow/example_dags/tutorial_taskflow_api.py
[2022-11-17T08:56:24.467+0000] {processor.py:756} INFO - Processing file /home/airflow/.local/lib/python3.7/site-packages/airflow/example_dags/tutorial_taskflow_api.py for tasks to queue
[2022-11-17T08:56:24.470+0000] {logging_mixin.py:137} INFO - [2022-11-17T08:56:24.470+0000] {dagbag.py:537} INFO - Filling up the DagBag from /home/airflow/.local/lib/python3.7/site-packages/airflow/example_dags/tutorial_taskflow_api.py
[2022-11-17T08:56:24.557+0000] {processor.py:766} INFO - DAG(s) dict_keys(['tutorial_taskflow_api']) retrieved from /home/airflow/.local/lib/python3.7/site-packages/airflow/example_dags/tutorial_taskflow_api.py
[2022-11-17T08:56:24.720+0000] {logging_mixin.py:137} INFO - [2022-11-17T08:56:24.720+0000] {dag.py:2585} INFO - Sync 1 DAGs
[2022-11-17T08:56:24.856+0000] {logging_mixin.py:137} INFO - [2022-11-17T08:56:24.856+0000] {dag.py:3340} INFO - Setting next_dagrun for tutorial_taskflow_api to None, run_after=None
[2022-11-17T08:56:24.960+0000] {processor.py:176} INFO - Processing /home/airflow/.local/lib/python3.7/site-packages/airflow/example_dags/tutorial_taskflow_api.py took 0.524 seconds
[2022-11-17T08:56:55.890+0000] {processor.py:154} INFO - Started process (PID=205) to work on /home/airflow/.local/lib/python3.7/site-packages/airflow/example_dags/tutorial_taskflow_api.py
[2022-11-17T08:56:55.896+0000] {processor.py:756} INFO - Processing file /home/airflow/.local/lib/python3.7/site-packages/airflow/example_dags/tutorial_taskflow_api.py for tasks to queue
[2022-11-17T08:56:55.901+0000] {logging_mixin.py:137} INFO - [2022-11-17T08:56:55.900+0000] {dagbag.py:537} INFO - Filling up the DagBag from /home/airflow/.local/lib/python3.7/site-packages/airflow/example_dags/tutorial_taskflow_api.py
[2022-11-17T08:56:56.007+0000] {processor.py:766} INFO - DAG(s) dict_keys(['tutorial_taskflow_api']) retrieved from /home/airflow/.local/lib/python3.7/site-packages/airflow/example_dags/tutorial_taskflow_api.py
[2022-11-17T08:56:56.163+0000] {logging_mixin.py:137} INFO - [2022-11-17T08:56:56.161+0000] {dag.py:2585} INFO - Sync 1 DAGs
[2022-11-17T08:56:56.250+0000] {logging_mixin.py:137} INFO - [2022-11-17T08:56:56.249+0000] {dag.py:3340} INFO - Setting next_dagrun for tutorial_taskflow_api to None, run_after=None
[2022-11-17T08:56:56.297+0000] {processor.py:176} INFO - Processing /home/airflow/.local/lib/python3.7/site-packages/airflow/example_dags/tutorial_taskflow_api.py took 0.423 seconds
[2022-11-17T08:57:27.315+0000] {processor.py:154} INFO - Started process (PID=258) to work on /home/airflow/.local/lib/python3.7/site-packages/airflow/example_dags/tutorial_taskflow_api.py
[2022-11-17T08:57:27.322+0000] {processor.py:756} INFO - Processing file /home/airflow/.local/lib/python3.7/site-packages/airflow/example_dags/tutorial_taskflow_api.py for tasks to queue
[2022-11-17T08:57:27.333+0000] {logging_mixin.py:137} INFO - [2022-11-17T08:57:27.333+0000] {dagbag.py:537} INFO - Filling up the DagBag from /home/airflow/.local/lib/python3.7/site-packages/airflow/example_dags/tutorial_taskflow_api.py
[2022-11-17T08:57:27.479+0000] {processor.py:766} INFO - DAG(s) dict_keys(['tutorial_taskflow_api']) retrieved from /home/airflow/.local/lib/python3.7/site-packages/airflow/example_dags/tutorial_taskflow_api.py
[2022-11-17T08:57:27.713+0000] {logging_mixin.py:137} INFO - [2022-11-17T08:57:27.713+0000] {dag.py:2585} INFO - Sync 1 DAGs
[2022-11-17T08:57:27.779+0000] {logging_mixin.py:137} INFO - [2022-11-17T08:57:27.779+0000] {dag.py:3340} INFO - Setting next_dagrun for tutorial_taskflow_api to None, run_after=None
[2022-11-17T08:57:27.830+0000] {processor.py:176} INFO - Processing /home/airflow/.local/lib/python3.7/site-packages/airflow/example_dags/tutorial_taskflow_api.py took 0.564 seconds
[2022-11-17T08:57:58.053+0000] {processor.py:154} INFO - Started process (PID=312) to work on /home/airflow/.local/lib/python3.7/site-packages/airflow/example_dags/tutorial_taskflow_api.py
[2022-11-17T08:57:58.057+0000] {processor.py:756} INFO - Processing file /home/airflow/.local/lib/python3.7/site-packages/airflow/example_dags/tutorial_taskflow_api.py for tasks to queue
[2022-11-17T08:57:58.061+0000] {logging_mixin.py:137} INFO - [2022-11-17T08:57:58.060+0000] {dagbag.py:537} INFO - Filling up the DagBag from /home/airflow/.local/lib/python3.7/site-packages/airflow/example_dags/tutorial_taskflow_api.py
[2022-11-17T08:57:58.120+0000] {processor.py:766} INFO - DAG(s) dict_keys(['tutorial_taskflow_api']) retrieved from /home/airflow/.local/lib/python3.7/site-packages/airflow/example_dags/tutorial_taskflow_api.py
[2022-11-17T08:57:58.230+0000] {logging_mixin.py:137} INFO - [2022-11-17T08:57:58.230+0000] {dag.py:2585} INFO - Sync 1 DAGs
[2022-11-17T08:57:58.341+0000] {logging_mixin.py:137} INFO - [2022-11-17T08:57:58.340+0000] {dag.py:3340} INFO - Setting next_dagrun for tutorial_taskflow_api to None, run_after=None
[2022-11-17T08:57:58.451+0000] {processor.py:176} INFO - Processing /home/airflow/.local/lib/python3.7/site-packages/airflow/example_dags/tutorial_taskflow_api.py took 0.420 seconds
[2022-11-17T08:58:30.927+0000] {processor.py:154} INFO - Started process (PID=366) to work on /home/airflow/.local/lib/python3.7/site-packages/airflow/example_dags/tutorial_taskflow_api.py
[2022-11-17T08:58:30.937+0000] {processor.py:756} INFO - Processing file /home/airflow/.local/lib/python3.7/site-packages/airflow/example_dags/tutorial_taskflow_api.py for tasks to queue
[2022-11-17T08:58:30.940+0000] {logging_mixin.py:137} INFO - [2022-11-17T08:58:30.940+0000] {dagbag.py:537} INFO - Filling up the DagBag from /home/airflow/.local/lib/python3.7/site-packages/airflow/example_dags/tutorial_taskflow_api.py
[2022-11-17T08:58:31.136+0000] {processor.py:766} INFO - DAG(s) dict_keys(['tutorial_taskflow_api']) retrieved from /home/airflow/.local/lib/python3.7/site-packages/airflow/example_dags/tutorial_taskflow_api.py
[2022-11-17T08:58:31.412+0000] {logging_mixin.py:137} INFO - [2022-11-17T08:58:31.412+0000] {dag.py:2585} INFO - Sync 1 DAGs
[2022-11-17T08:58:31.674+0000] {logging_mixin.py:137} INFO - [2022-11-17T08:58:31.674+0000] {dag.py:3340} INFO - Setting next_dagrun for tutorial_taskflow_api to None, run_after=None
[2022-11-17T08:58:31.812+0000] {processor.py:176} INFO - Processing /home/airflow/.local/lib/python3.7/site-packages/airflow/example_dags/tutorial_taskflow_api.py took 0.919 seconds
[2022-11-17T08:59:06.011+0000] {processor.py:154} INFO - Started process (PID=429) to work on /home/airflow/.local/lib/python3.7/site-packages/airflow/example_dags/tutorial_taskflow_api.py
[2022-11-17T08:59:06.024+0000] {processor.py:756} INFO - Processing file /home/airflow/.local/lib/python3.7/site-packages/airflow/example_dags/tutorial_taskflow_api.py for tasks to queue
[2022-11-17T08:59:06.030+0000] {logging_mixin.py:137} INFO - [2022-11-17T08:59:06.030+0000] {dagbag.py:537} INFO - Filling up the DagBag from /home/airflow/.local/lib/python3.7/site-packages/airflow/example_dags/tutorial_taskflow_api.py
[2022-11-17T08:59:06.148+0000] {processor.py:766} INFO - DAG(s) dict_keys(['tutorial_taskflow_api']) retrieved from /home/airflow/.local/lib/python3.7/site-packages/airflow/example_dags/tutorial_taskflow_api.py
[2022-11-17T08:59:06.318+0000] {logging_mixin.py:137} INFO - [2022-11-17T08:59:06.317+0000] {dag.py:2585} INFO - Sync 1 DAGs
[2022-11-17T08:59:06.433+0000] {logging_mixin.py:137} INFO - [2022-11-17T08:59:06.433+0000] {dag.py:3340} INFO - Setting next_dagrun for tutorial_taskflow_api to None, run_after=None
[2022-11-17T08:59:06.533+0000] {processor.py:176} INFO - Processing /home/airflow/.local/lib/python3.7/site-packages/airflow/example_dags/tutorial_taskflow_api.py took 0.579 seconds
[2022-11-17T08:59:41.090+0000] {processor.py:154} INFO - Started process (PID=483) to work on /home/airflow/.local/lib/python3.7/site-packages/airflow/example_dags/tutorial_taskflow_api.py
[2022-11-17T08:59:41.132+0000] {processor.py:756} INFO - Processing file /home/airflow/.local/lib/python3.7/site-packages/airflow/example_dags/tutorial_taskflow_api.py for tasks to queue
[2022-11-17T08:59:41.143+0000] {logging_mixin.py:137} INFO - [2022-11-17T08:59:41.143+0000] {dagbag.py:537} INFO - Filling up the DagBag from /home/airflow/.local/lib/python3.7/site-packages/airflow/example_dags/tutorial_taskflow_api.py
[2022-11-17T08:59:41.241+0000] {processor.py:766} INFO - DAG(s) dict_keys(['tutorial_taskflow_api']) retrieved from /home/airflow/.local/lib/python3.7/site-packages/airflow/example_dags/tutorial_taskflow_api.py
[2022-11-17T08:59:41.387+0000] {logging_mixin.py:137} INFO - [2022-11-17T08:59:41.386+0000] {dag.py:2585} INFO - Sync 1 DAGs
[2022-11-17T08:59:41.491+0000] {logging_mixin.py:137} INFO - [2022-11-17T08:59:41.491+0000] {dag.py:3340} INFO - Setting next_dagrun for tutorial_taskflow_api to None, run_after=None
[2022-11-17T08:59:41.592+0000] {processor.py:176} INFO - Processing /home/airflow/.local/lib/python3.7/site-packages/airflow/example_dags/tutorial_taskflow_api.py took 0.512 seconds
[2022-11-17T09:00:12.168+0000] {processor.py:154} INFO - Started process (PID=536) to work on /home/airflow/.local/lib/python3.7/site-packages/airflow/example_dags/tutorial_taskflow_api.py
[2022-11-17T09:00:12.172+0000] {processor.py:756} INFO - Processing file /home/airflow/.local/lib/python3.7/site-packages/airflow/example_dags/tutorial_taskflow_api.py for tasks to queue
[2022-11-17T09:00:12.177+0000] {logging_mixin.py:137} INFO - [2022-11-17T09:00:12.177+0000] {dagbag.py:537} INFO - Filling up the DagBag from /home/airflow/.local/lib/python3.7/site-packages/airflow/example_dags/tutorial_taskflow_api.py
[2022-11-17T09:00:12.267+0000] {processor.py:766} INFO - DAG(s) dict_keys(['tutorial_taskflow_api']) retrieved from /home/airflow/.local/lib/python3.7/site-packages/airflow/example_dags/tutorial_taskflow_api.py
[2022-11-17T09:00:12.413+0000] {logging_mixin.py:137} INFO - [2022-11-17T09:00:12.413+0000] {dag.py:2585} INFO - Sync 1 DAGs
[2022-11-17T09:00:12.474+0000] {logging_mixin.py:137} INFO - [2022-11-17T09:00:12.473+0000] {dag.py:3340} INFO - Setting next_dagrun for tutorial_taskflow_api to None, run_after=None
[2022-11-17T09:00:12.549+0000] {processor.py:176} INFO - Processing /home/airflow/.local/lib/python3.7/site-packages/airflow/example_dags/tutorial_taskflow_api.py took 0.395 seconds
[2022-11-17T09:00:45.312+0000] {processor.py:154} INFO - Started process (PID=590) to work on /home/airflow/.local/lib/python3.7/site-packages/airflow/example_dags/tutorial_taskflow_api.py
[2022-11-17T09:00:45.321+0000] {processor.py:756} INFO - Processing file /home/airflow/.local/lib/python3.7/site-packages/airflow/example_dags/tutorial_taskflow_api.py for tasks to queue
[2022-11-17T09:00:45.338+0000] {logging_mixin.py:137} INFO - [2022-11-17T09:00:45.338+0000] {dagbag.py:537} INFO - Filling up the DagBag from /home/airflow/.local/lib/python3.7/site-packages/airflow/example_dags/tutorial_taskflow_api.py
[2022-11-17T09:00:45.595+0000] {processor.py:766} INFO - DAG(s) dict_keys(['tutorial_taskflow_api']) retrieved from /home/airflow/.local/lib/python3.7/site-packages/airflow/example_dags/tutorial_taskflow_api.py
[2022-11-17T09:00:45.793+0000] {logging_mixin.py:137} INFO - [2022-11-17T09:00:45.793+0000] {dag.py:2585} INFO - Sync 1 DAGs
[2022-11-17T09:00:45.998+0000] {logging_mixin.py:137} INFO - [2022-11-17T09:00:45.998+0000] {dag.py:3340} INFO - Setting next_dagrun for tutorial_taskflow_api to None, run_after=None
[2022-11-17T09:00:46.142+0000] {processor.py:176} INFO - Processing /home/airflow/.local/lib/python3.7/site-packages/airflow/example_dags/tutorial_taskflow_api.py took 0.857 seconds
[2022-11-17T09:01:19.175+0000] {processor.py:154} INFO - Started process (PID=643) to work on /home/airflow/.local/lib/python3.7/site-packages/airflow/example_dags/tutorial_taskflow_api.py
[2022-11-17T09:01:19.187+0000] {processor.py:756} INFO - Processing file /home/airflow/.local/lib/python3.7/site-packages/airflow/example_dags/tutorial_taskflow_api.py for tasks to queue
[2022-11-17T09:01:19.200+0000] {logging_mixin.py:137} INFO - [2022-11-17T09:01:19.190+0000] {dagbag.py:537} INFO - Filling up the DagBag from /home/airflow/.local/lib/python3.7/site-packages/airflow/example_dags/tutorial_taskflow_api.py
[2022-11-17T09:01:19.319+0000] {processor.py:766} INFO - DAG(s) dict_keys(['tutorial_taskflow_api']) retrieved from /home/airflow/.local/lib/python3.7/site-packages/airflow/example_dags/tutorial_taskflow_api.py
[2022-11-17T09:01:19.651+0000] {logging_mixin.py:137} INFO - [2022-11-17T09:01:19.650+0000] {dag.py:2585} INFO - Sync 1 DAGs
[2022-11-17T09:01:19.885+0000] {logging_mixin.py:137} INFO - [2022-11-17T09:01:19.884+0000] {dag.py:3340} INFO - Setting next_dagrun for tutorial_taskflow_api to None, run_after=None
[2022-11-17T09:01:20.150+0000] {processor.py:176} INFO - Processing /home/airflow/.local/lib/python3.7/site-packages/airflow/example_dags/tutorial_taskflow_api.py took 1.532 seconds
