[2022-11-19T02:08:59.262+0000] {processor.py:154} INFO - Started process (PID=76) to work on /opt/airflow/dags/example.py
[2022-11-19T02:08:59.271+0000] {processor.py:756} INFO - Processing file /opt/airflow/dags/example.py for tasks to queue
[2022-11-19T02:08:59.283+0000] {logging_mixin.py:137} INFO - [2022-11-19T02:08:59.278+0000] {dagbag.py:537} INFO - Filling up the DagBag from /opt/airflow/dags/example.py
[2022-11-19T02:08:59.829+0000] {logging_mixin.py:137} WARNING - /home/airflow/.local/lib/python3.7/site-packages/airflow/models/dag.py:3437 RemovedInAirflow3Warning: Param `schedule_interval` is deprecated and will be removed in a future release. Please use `schedule` instead.
[2022-11-19T02:08:59.951+0000] {processor.py:766} INFO - DAG(s) dict_keys(['Example']) retrieved from /opt/airflow/dags/example.py
[2022-11-19T02:09:01.311+0000] {logging_mixin.py:137} INFO - [2022-11-19T02:09:01.311+0000] {manager.py:507} INFO - Created Permission View: can edit on DAG:Example
[2022-11-19T02:09:01.381+0000] {logging_mixin.py:137} INFO - [2022-11-19T02:09:01.381+0000] {manager.py:507} INFO - Created Permission View: can read on DAG:Example
[2022-11-19T02:09:01.471+0000] {logging_mixin.py:137} INFO - [2022-11-19T02:09:01.470+0000] {manager.py:507} INFO - Created Permission View: can delete on DAG:Example
[2022-11-19T02:09:01.473+0000] {logging_mixin.py:137} INFO - [2022-11-19T02:09:01.473+0000] {dag.py:2585} INFO - Sync 1 DAGs
[2022-11-19T02:09:01.557+0000] {logging_mixin.py:137} INFO - [2022-11-19T02:09:01.557+0000] {dag.py:2606} INFO - Creating ORM DAG for Example
[2022-11-19T02:09:01.625+0000] {logging_mixin.py:137} INFO - [2022-11-19T02:09:01.622+0000] {dag.py:3340} INFO - Setting next_dagrun for Example to None, run_after=None
[2022-11-19T02:09:01.789+0000] {processor.py:176} INFO - Processing /opt/airflow/dags/example.py took 2.581 seconds
[2022-11-19T02:09:32.410+0000] {processor.py:154} INFO - Started process (PID=94) to work on /opt/airflow/dags/example.py
[2022-11-19T02:09:32.417+0000] {processor.py:756} INFO - Processing file /opt/airflow/dags/example.py for tasks to queue
[2022-11-19T02:09:32.424+0000] {logging_mixin.py:137} INFO - [2022-11-19T02:09:32.423+0000] {dagbag.py:537} INFO - Filling up the DagBag from /opt/airflow/dags/example.py
[2022-11-19T02:09:32.516+0000] {logging_mixin.py:137} WARNING - /home/airflow/.local/lib/python3.7/site-packages/airflow/models/dag.py:3437 RemovedInAirflow3Warning: Param `schedule_interval` is deprecated and will be removed in a future release. Please use `schedule` instead.
[2022-11-19T02:09:32.553+0000] {processor.py:766} INFO - DAG(s) dict_keys(['Example']) retrieved from /opt/airflow/dags/example.py
[2022-11-19T02:09:32.929+0000] {logging_mixin.py:137} INFO - [2022-11-19T02:09:32.928+0000] {dag.py:2585} INFO - Sync 1 DAGs
[2022-11-19T02:09:33.089+0000] {logging_mixin.py:137} INFO - [2022-11-19T02:09:33.088+0000] {dag.py:3340} INFO - Setting next_dagrun for Example to None, run_after=None
[2022-11-19T02:09:33.174+0000] {processor.py:176} INFO - Processing /opt/airflow/dags/example.py took 0.774 seconds
[2022-11-19T02:10:04.394+0000] {processor.py:154} INFO - Started process (PID=121) to work on /opt/airflow/dags/example.py
[2022-11-19T02:10:04.412+0000] {processor.py:756} INFO - Processing file /opt/airflow/dags/example.py for tasks to queue
[2022-11-19T02:10:04.416+0000] {logging_mixin.py:137} INFO - [2022-11-19T02:10:04.415+0000] {dagbag.py:537} INFO - Filling up the DagBag from /opt/airflow/dags/example.py
[2022-11-19T02:10:04.653+0000] {logging_mixin.py:137} WARNING - /home/airflow/.local/lib/python3.7/site-packages/airflow/models/dag.py:3437 RemovedInAirflow3Warning: Param `schedule_interval` is deprecated and will be removed in a future release. Please use `schedule` instead.
[2022-11-19T02:10:04.964+0000] {processor.py:766} INFO - DAG(s) dict_keys(['Example']) retrieved from /opt/airflow/dags/example.py
[2022-11-19T02:10:05.487+0000] {logging_mixin.py:137} INFO - [2022-11-19T02:10:05.487+0000] {dag.py:2585} INFO - Sync 1 DAGs
[2022-11-19T02:10:05.959+0000] {logging_mixin.py:137} INFO - [2022-11-19T02:10:05.958+0000] {dag.py:3340} INFO - Setting next_dagrun for Example to None, run_after=None
[2022-11-19T02:10:06.149+0000] {processor.py:176} INFO - Processing /opt/airflow/dags/example.py took 1.788 seconds
[2022-11-19T02:10:36.456+0000] {processor.py:154} INFO - Started process (PID=134) to work on /opt/airflow/dags/example.py
[2022-11-19T02:10:36.460+0000] {processor.py:756} INFO - Processing file /opt/airflow/dags/example.py for tasks to queue
[2022-11-19T02:10:36.463+0000] {logging_mixin.py:137} INFO - [2022-11-19T02:10:36.462+0000] {dagbag.py:537} INFO - Filling up the DagBag from /opt/airflow/dags/example.py
[2022-11-19T02:10:36.522+0000] {logging_mixin.py:137} WARNING - /home/airflow/.local/lib/python3.7/site-packages/airflow/models/dag.py:3437 RemovedInAirflow3Warning: Param `schedule_interval` is deprecated and will be removed in a future release. Please use `schedule` instead.
[2022-11-19T02:10:36.546+0000] {processor.py:766} INFO - DAG(s) dict_keys(['Example']) retrieved from /opt/airflow/dags/example.py
[2022-11-19T02:10:36.616+0000] {logging_mixin.py:137} INFO - [2022-11-19T02:10:36.616+0000] {dag.py:2585} INFO - Sync 1 DAGs
[2022-11-19T02:10:36.675+0000] {logging_mixin.py:137} INFO - [2022-11-19T02:10:36.675+0000] {dag.py:3340} INFO - Setting next_dagrun for Example to None, run_after=None
[2022-11-19T02:10:36.744+0000] {processor.py:176} INFO - Processing /opt/airflow/dags/example.py took 0.308 seconds
[2022-11-19T02:11:06.869+0000] {processor.py:154} INFO - Started process (PID=163) to work on /opt/airflow/dags/example.py
[2022-11-19T02:11:06.882+0000] {processor.py:756} INFO - Processing file /opt/airflow/dags/example.py for tasks to queue
[2022-11-19T02:11:06.890+0000] {logging_mixin.py:137} INFO - [2022-11-19T02:11:06.890+0000] {dagbag.py:537} INFO - Filling up the DagBag from /opt/airflow/dags/example.py
[2022-11-19T02:11:07.065+0000] {logging_mixin.py:137} WARNING - /home/airflow/.local/lib/python3.7/site-packages/airflow/models/dag.py:3437 RemovedInAirflow3Warning: Param `schedule_interval` is deprecated and will be removed in a future release. Please use `schedule` instead.
[2022-11-19T02:11:07.093+0000] {processor.py:766} INFO - DAG(s) dict_keys(['Example']) retrieved from /opt/airflow/dags/example.py
[2022-11-19T02:11:07.330+0000] {logging_mixin.py:137} INFO - [2022-11-19T02:11:07.329+0000] {dag.py:2585} INFO - Sync 1 DAGs
[2022-11-19T02:11:07.443+0000] {logging_mixin.py:137} INFO - [2022-11-19T02:11:07.443+0000] {dag.py:3340} INFO - Setting next_dagrun for Example to None, run_after=None
[2022-11-19T02:11:07.537+0000] {processor.py:176} INFO - Processing /opt/airflow/dags/example.py took 0.678 seconds
[2022-11-19T02:11:37.820+0000] {processor.py:154} INFO - Started process (PID=183) to work on /opt/airflow/dags/example.py
[2022-11-19T02:11:37.836+0000] {processor.py:756} INFO - Processing file /opt/airflow/dags/example.py for tasks to queue
[2022-11-19T02:11:37.838+0000] {logging_mixin.py:137} INFO - [2022-11-19T02:11:37.838+0000] {dagbag.py:537} INFO - Filling up the DagBag from /opt/airflow/dags/example.py
[2022-11-19T02:11:37.967+0000] {logging_mixin.py:137} WARNING - /home/airflow/.local/lib/python3.7/site-packages/airflow/models/dag.py:3437 RemovedInAirflow3Warning: Param `schedule_interval` is deprecated and will be removed in a future release. Please use `schedule` instead.
[2022-11-19T02:11:38.020+0000] {processor.py:766} INFO - DAG(s) dict_keys(['Example']) retrieved from /opt/airflow/dags/example.py
[2022-11-19T02:11:38.148+0000] {logging_mixin.py:137} INFO - [2022-11-19T02:11:38.140+0000] {dag.py:2585} INFO - Sync 1 DAGs
[2022-11-19T02:11:38.196+0000] {logging_mixin.py:137} INFO - [2022-11-19T02:11:38.196+0000] {dag.py:3340} INFO - Setting next_dagrun for Example to None, run_after=None
[2022-11-19T02:11:38.298+0000] {processor.py:176} INFO - Processing /opt/airflow/dags/example.py took 0.503 seconds
[2022-11-19T02:12:08.575+0000] {processor.py:154} INFO - Started process (PID=203) to work on /opt/airflow/dags/example.py
[2022-11-19T02:12:08.589+0000] {processor.py:756} INFO - Processing file /opt/airflow/dags/example.py for tasks to queue
[2022-11-19T02:12:08.607+0000] {logging_mixin.py:137} INFO - [2022-11-19T02:12:08.600+0000] {dagbag.py:537} INFO - Filling up the DagBag from /opt/airflow/dags/example.py
[2022-11-19T02:12:08.975+0000] {logging_mixin.py:137} WARNING - /home/airflow/.local/lib/python3.7/site-packages/airflow/models/dag.py:3437 RemovedInAirflow3Warning: Param `schedule_interval` is deprecated and will be removed in a future release. Please use `schedule` instead.
[2022-11-19T02:12:09.100+0000] {processor.py:766} INFO - DAG(s) dict_keys(['Example']) retrieved from /opt/airflow/dags/example.py
[2022-11-19T02:12:09.487+0000] {logging_mixin.py:137} INFO - [2022-11-19T02:12:09.487+0000] {dag.py:2585} INFO - Sync 1 DAGs
[2022-11-19T02:12:09.686+0000] {logging_mixin.py:137} INFO - [2022-11-19T02:12:09.685+0000] {dag.py:3340} INFO - Setting next_dagrun for Example to None, run_after=None
[2022-11-19T02:12:09.942+0000] {processor.py:176} INFO - Processing /opt/airflow/dags/example.py took 1.408 seconds
[2022-11-19T02:12:40.213+0000] {processor.py:154} INFO - Started process (PID=232) to work on /opt/airflow/dags/example.py
[2022-11-19T02:12:40.215+0000] {processor.py:756} INFO - Processing file /opt/airflow/dags/example.py for tasks to queue
[2022-11-19T02:12:40.217+0000] {logging_mixin.py:137} INFO - [2022-11-19T02:12:40.217+0000] {dagbag.py:537} INFO - Filling up the DagBag from /opt/airflow/dags/example.py
[2022-11-19T02:12:40.272+0000] {logging_mixin.py:137} WARNING - /home/airflow/.local/lib/python3.7/site-packages/airflow/models/dag.py:3437 RemovedInAirflow3Warning: Param `schedule_interval` is deprecated and will be removed in a future release. Please use `schedule` instead.
[2022-11-19T02:12:40.291+0000] {processor.py:766} INFO - DAG(s) dict_keys(['Example']) retrieved from /opt/airflow/dags/example.py
[2022-11-19T02:12:40.369+0000] {logging_mixin.py:137} INFO - [2022-11-19T02:12:40.369+0000] {dag.py:2585} INFO - Sync 1 DAGs
[2022-11-19T02:12:40.444+0000] {logging_mixin.py:137} INFO - [2022-11-19T02:12:40.444+0000] {dag.py:3340} INFO - Setting next_dagrun for Example to None, run_after=None
[2022-11-19T02:12:40.478+0000] {processor.py:176} INFO - Processing /opt/airflow/dags/example.py took 0.274 seconds
[2022-11-19T02:13:10.987+0000] {processor.py:154} INFO - Started process (PID=250) to work on /opt/airflow/dags/example.py
[2022-11-19T02:13:10.991+0000] {processor.py:756} INFO - Processing file /opt/airflow/dags/example.py for tasks to queue
[2022-11-19T02:13:10.994+0000] {logging_mixin.py:137} INFO - [2022-11-19T02:13:10.993+0000] {dagbag.py:537} INFO - Filling up the DagBag from /opt/airflow/dags/example.py
[2022-11-19T02:13:11.043+0000] {logging_mixin.py:137} WARNING - /home/airflow/.local/lib/python3.7/site-packages/airflow/models/dag.py:3437 RemovedInAirflow3Warning: Param `schedule_interval` is deprecated and will be removed in a future release. Please use `schedule` instead.
[2022-11-19T02:13:11.070+0000] {processor.py:766} INFO - DAG(s) dict_keys(['Example']) retrieved from /opt/airflow/dags/example.py
[2022-11-19T02:13:11.166+0000] {logging_mixin.py:137} INFO - [2022-11-19T02:13:11.165+0000] {dag.py:2585} INFO - Sync 1 DAGs
[2022-11-19T02:13:11.238+0000] {logging_mixin.py:137} INFO - [2022-11-19T02:13:11.238+0000] {dag.py:3340} INFO - Setting next_dagrun for Example to None, run_after=None
[2022-11-19T02:13:11.283+0000] {processor.py:176} INFO - Processing /opt/airflow/dags/example.py took 0.315 seconds
[2022-11-19T02:13:41.527+0000] {processor.py:154} INFO - Started process (PID=270) to work on /opt/airflow/dags/example.py
[2022-11-19T02:13:41.536+0000] {processor.py:756} INFO - Processing file /opt/airflow/dags/example.py for tasks to queue
[2022-11-19T02:13:41.544+0000] {logging_mixin.py:137} INFO - [2022-11-19T02:13:41.543+0000] {dagbag.py:537} INFO - Filling up the DagBag from /opt/airflow/dags/example.py
[2022-11-19T02:13:41.611+0000] {logging_mixin.py:137} WARNING - /home/airflow/.local/lib/python3.7/site-packages/airflow/models/dag.py:3437 RemovedInAirflow3Warning: Param `schedule_interval` is deprecated and will be removed in a future release. Please use `schedule` instead.
[2022-11-19T02:13:41.639+0000] {processor.py:766} INFO - DAG(s) dict_keys(['Example']) retrieved from /opt/airflow/dags/example.py
[2022-11-19T02:13:41.817+0000] {logging_mixin.py:137} INFO - [2022-11-19T02:13:41.817+0000] {dag.py:2585} INFO - Sync 1 DAGs
[2022-11-19T02:13:41.914+0000] {logging_mixin.py:137} INFO - [2022-11-19T02:13:41.914+0000] {dag.py:3340} INFO - Setting next_dagrun for Example to None, run_after=None
[2022-11-19T02:13:42.025+0000] {processor.py:176} INFO - Processing /opt/airflow/dags/example.py took 0.525 seconds
[2022-11-19T02:14:12.331+0000] {processor.py:154} INFO - Started process (PID=299) to work on /opt/airflow/dags/example.py
[2022-11-19T02:14:12.338+0000] {processor.py:756} INFO - Processing file /opt/airflow/dags/example.py for tasks to queue
[2022-11-19T02:14:12.343+0000] {logging_mixin.py:137} INFO - [2022-11-19T02:14:12.342+0000] {dagbag.py:537} INFO - Filling up the DagBag from /opt/airflow/dags/example.py
[2022-11-19T02:14:12.420+0000] {logging_mixin.py:137} WARNING - /home/airflow/.local/lib/python3.7/site-packages/airflow/models/dag.py:3437 RemovedInAirflow3Warning: Param `schedule_interval` is deprecated and will be removed in a future release. Please use `schedule` instead.
[2022-11-19T02:14:12.446+0000] {processor.py:766} INFO - DAG(s) dict_keys(['Example']) retrieved from /opt/airflow/dags/example.py
[2022-11-19T02:14:12.539+0000] {logging_mixin.py:137} INFO - [2022-11-19T02:14:12.539+0000] {dag.py:2585} INFO - Sync 1 DAGs
[2022-11-19T02:14:12.592+0000] {logging_mixin.py:137} INFO - [2022-11-19T02:14:12.591+0000] {dag.py:3340} INFO - Setting next_dagrun for Example to None, run_after=None
[2022-11-19T02:14:12.709+0000] {processor.py:176} INFO - Processing /opt/airflow/dags/example.py took 0.404 seconds
[2022-11-19T02:14:43.067+0000] {processor.py:154} INFO - Started process (PID=319) to work on /opt/airflow/dags/example.py
[2022-11-19T02:14:43.072+0000] {processor.py:756} INFO - Processing file /opt/airflow/dags/example.py for tasks to queue
[2022-11-19T02:14:43.074+0000] {logging_mixin.py:137} INFO - [2022-11-19T02:14:43.074+0000] {dagbag.py:537} INFO - Filling up the DagBag from /opt/airflow/dags/example.py
[2022-11-19T02:14:43.124+0000] {logging_mixin.py:137} WARNING - /home/airflow/.local/lib/python3.7/site-packages/airflow/models/dag.py:3437 RemovedInAirflow3Warning: Param `schedule_interval` is deprecated and will be removed in a future release. Please use `schedule` instead.
[2022-11-19T02:14:43.142+0000] {processor.py:766} INFO - DAG(s) dict_keys(['Example']) retrieved from /opt/airflow/dags/example.py
[2022-11-19T02:14:43.239+0000] {logging_mixin.py:137} INFO - [2022-11-19T02:14:43.239+0000] {dag.py:2585} INFO - Sync 1 DAGs
[2022-11-19T02:14:43.305+0000] {logging_mixin.py:137} INFO - [2022-11-19T02:14:43.305+0000] {dag.py:3340} INFO - Setting next_dagrun for Example to None, run_after=None
[2022-11-19T02:14:43.337+0000] {processor.py:176} INFO - Processing /opt/airflow/dags/example.py took 0.277 seconds
[2022-11-19T02:15:13.588+0000] {processor.py:154} INFO - Started process (PID=349) to work on /opt/airflow/dags/example.py
[2022-11-19T02:15:13.595+0000] {processor.py:756} INFO - Processing file /opt/airflow/dags/example.py for tasks to queue
[2022-11-19T02:15:13.605+0000] {logging_mixin.py:137} INFO - [2022-11-19T02:15:13.603+0000] {dagbag.py:537} INFO - Filling up the DagBag from /opt/airflow/dags/example.py
[2022-11-19T02:15:13.725+0000] {logging_mixin.py:137} WARNING - /home/airflow/.local/lib/python3.7/site-packages/airflow/models/dag.py:3437 RemovedInAirflow3Warning: Param `schedule_interval` is deprecated and will be removed in a future release. Please use `schedule` instead.
[2022-11-19T02:15:13.753+0000] {processor.py:766} INFO - DAG(s) dict_keys(['Example']) retrieved from /opt/airflow/dags/example.py
[2022-11-19T02:15:13.824+0000] {logging_mixin.py:137} INFO - [2022-11-19T02:15:13.823+0000] {dag.py:2585} INFO - Sync 1 DAGs
[2022-11-19T02:15:13.873+0000] {logging_mixin.py:137} INFO - [2022-11-19T02:15:13.872+0000] {dag.py:3340} INFO - Setting next_dagrun for Example to None, run_after=None
[2022-11-19T02:15:13.948+0000] {processor.py:176} INFO - Processing /opt/airflow/dags/example.py took 0.373 seconds
[2022-11-19T02:15:44.320+0000] {processor.py:154} INFO - Started process (PID=369) to work on /opt/airflow/dags/example.py
[2022-11-19T02:15:44.338+0000] {processor.py:756} INFO - Processing file /opt/airflow/dags/example.py for tasks to queue
[2022-11-19T02:15:44.345+0000] {logging_mixin.py:137} INFO - [2022-11-19T02:15:44.344+0000] {dagbag.py:537} INFO - Filling up the DagBag from /opt/airflow/dags/example.py
[2022-11-19T02:15:44.513+0000] {logging_mixin.py:137} WARNING - /home/airflow/.local/lib/python3.7/site-packages/airflow/models/dag.py:3437 RemovedInAirflow3Warning: Param `schedule_interval` is deprecated and will be removed in a future release. Please use `schedule` instead.
[2022-11-19T02:15:44.557+0000] {processor.py:766} INFO - DAG(s) dict_keys(['Example']) retrieved from /opt/airflow/dags/example.py
[2022-11-19T02:15:44.702+0000] {logging_mixin.py:137} INFO - [2022-11-19T02:15:44.702+0000] {dag.py:2585} INFO - Sync 1 DAGs
[2022-11-19T02:15:44.789+0000] {logging_mixin.py:137} INFO - [2022-11-19T02:15:44.788+0000] {dag.py:3340} INFO - Setting next_dagrun for Example to None, run_after=None
[2022-11-19T02:15:44.864+0000] {processor.py:176} INFO - Processing /opt/airflow/dags/example.py took 0.599 seconds
[2022-11-19T02:16:15.147+0000] {processor.py:154} INFO - Started process (PID=399) to work on /opt/airflow/dags/example.py
[2022-11-19T02:16:15.150+0000] {processor.py:756} INFO - Processing file /opt/airflow/dags/example.py for tasks to queue
[2022-11-19T02:16:15.153+0000] {logging_mixin.py:137} INFO - [2022-11-19T02:16:15.153+0000] {dagbag.py:537} INFO - Filling up the DagBag from /opt/airflow/dags/example.py
[2022-11-19T02:16:15.204+0000] {logging_mixin.py:137} WARNING - /home/airflow/.local/lib/python3.7/site-packages/airflow/models/dag.py:3437 RemovedInAirflow3Warning: Param `schedule_interval` is deprecated and will be removed in a future release. Please use `schedule` instead.
[2022-11-19T02:16:15.225+0000] {processor.py:766} INFO - DAG(s) dict_keys(['Example']) retrieved from /opt/airflow/dags/example.py
[2022-11-19T02:16:15.297+0000] {logging_mixin.py:137} INFO - [2022-11-19T02:16:15.297+0000] {dag.py:2585} INFO - Sync 1 DAGs
[2022-11-19T02:16:15.342+0000] {logging_mixin.py:137} INFO - [2022-11-19T02:16:15.341+0000] {dag.py:3340} INFO - Setting next_dagrun for Example to None, run_after=None
[2022-11-19T02:16:15.378+0000] {processor.py:176} INFO - Processing /opt/airflow/dags/example.py took 0.244 seconds
[2022-11-19T02:16:45.697+0000] {processor.py:154} INFO - Started process (PID=418) to work on /opt/airflow/dags/example.py
[2022-11-19T02:16:45.708+0000] {processor.py:756} INFO - Processing file /opt/airflow/dags/example.py for tasks to queue
[2022-11-19T02:16:45.720+0000] {logging_mixin.py:137} INFO - [2022-11-19T02:16:45.718+0000] {dagbag.py:537} INFO - Filling up the DagBag from /opt/airflow/dags/example.py
[2022-11-19T02:16:46.027+0000] {logging_mixin.py:137} WARNING - /home/airflow/.local/lib/python3.7/site-packages/airflow/models/dag.py:3437 RemovedInAirflow3Warning: Param `schedule_interval` is deprecated and will be removed in a future release. Please use `schedule` instead.
[2022-11-19T02:16:46.076+0000] {processor.py:766} INFO - DAG(s) dict_keys(['Example']) retrieved from /opt/airflow/dags/example.py
[2022-11-19T02:16:46.419+0000] {logging_mixin.py:137} INFO - [2022-11-19T02:16:46.415+0000] {dag.py:2585} INFO - Sync 1 DAGs
[2022-11-19T02:16:46.636+0000] {logging_mixin.py:137} INFO - [2022-11-19T02:16:46.635+0000] {dag.py:3340} INFO - Setting next_dagrun for Example to None, run_after=None
[2022-11-19T02:16:46.741+0000] {processor.py:176} INFO - Processing /opt/airflow/dags/example.py took 1.086 seconds
[2022-11-19T02:17:17.203+0000] {processor.py:154} INFO - Started process (PID=447) to work on /opt/airflow/dags/example.py
[2022-11-19T02:17:17.209+0000] {processor.py:756} INFO - Processing file /opt/airflow/dags/example.py for tasks to queue
[2022-11-19T02:17:17.215+0000] {logging_mixin.py:137} INFO - [2022-11-19T02:17:17.214+0000] {dagbag.py:537} INFO - Filling up the DagBag from /opt/airflow/dags/example.py
[2022-11-19T02:17:17.355+0000] {logging_mixin.py:137} WARNING - /home/airflow/.local/lib/python3.7/site-packages/airflow/models/dag.py:3437 RemovedInAirflow3Warning: Param `schedule_interval` is deprecated and will be removed in a future release. Please use `schedule` instead.
[2022-11-19T02:17:17.387+0000] {processor.py:766} INFO - DAG(s) dict_keys(['Example']) retrieved from /opt/airflow/dags/example.py
[2022-11-19T02:17:17.473+0000] {logging_mixin.py:137} INFO - [2022-11-19T02:17:17.473+0000] {dag.py:2585} INFO - Sync 1 DAGs
[2022-11-19T02:17:17.580+0000] {logging_mixin.py:137} INFO - [2022-11-19T02:17:17.580+0000] {dag.py:3340} INFO - Setting next_dagrun for Example to None, run_after=None
[2022-11-19T02:17:17.663+0000] {processor.py:176} INFO - Processing /opt/airflow/dags/example.py took 0.473 seconds
[2022-11-19T02:17:48.215+0000] {processor.py:154} INFO - Started process (PID=466) to work on /opt/airflow/dags/example.py
[2022-11-19T02:17:48.220+0000] {processor.py:756} INFO - Processing file /opt/airflow/dags/example.py for tasks to queue
[2022-11-19T02:17:48.223+0000] {logging_mixin.py:137} INFO - [2022-11-19T02:17:48.223+0000] {dagbag.py:537} INFO - Filling up the DagBag from /opt/airflow/dags/example.py
[2022-11-19T02:17:48.276+0000] {logging_mixin.py:137} WARNING - /home/airflow/.local/lib/python3.7/site-packages/airflow/models/dag.py:3437 RemovedInAirflow3Warning: Param `schedule_interval` is deprecated and will be removed in a future release. Please use `schedule` instead.
[2022-11-19T02:17:48.299+0000] {processor.py:766} INFO - DAG(s) dict_keys(['Example']) retrieved from /opt/airflow/dags/example.py
[2022-11-19T02:17:48.412+0000] {logging_mixin.py:137} INFO - [2022-11-19T02:17:48.412+0000] {dag.py:2585} INFO - Sync 1 DAGs
[2022-11-19T02:17:48.471+0000] {logging_mixin.py:137} INFO - [2022-11-19T02:17:48.471+0000] {dag.py:3340} INFO - Setting next_dagrun for Example to None, run_after=None
[2022-11-19T02:17:48.504+0000] {processor.py:176} INFO - Processing /opt/airflow/dags/example.py took 0.301 seconds
[2022-11-19T02:18:18.766+0000] {processor.py:154} INFO - Started process (PID=486) to work on /opt/airflow/dags/example.py
[2022-11-19T02:18:18.770+0000] {processor.py:756} INFO - Processing file /opt/airflow/dags/example.py for tasks to queue
[2022-11-19T02:18:18.787+0000] {logging_mixin.py:137} INFO - [2022-11-19T02:18:18.785+0000] {dagbag.py:537} INFO - Filling up the DagBag from /opt/airflow/dags/example.py
[2022-11-19T02:18:18.839+0000] {logging_mixin.py:137} WARNING - /home/airflow/.local/lib/python3.7/site-packages/airflow/models/dag.py:3437 RemovedInAirflow3Warning: Param `schedule_interval` is deprecated and will be removed in a future release. Please use `schedule` instead.
[2022-11-19T02:18:18.858+0000] {processor.py:766} INFO - DAG(s) dict_keys(['Example']) retrieved from /opt/airflow/dags/example.py
[2022-11-19T02:18:18.939+0000] {logging_mixin.py:137} INFO - [2022-11-19T02:18:18.939+0000] {dag.py:2585} INFO - Sync 1 DAGs
[2022-11-19T02:18:18.988+0000] {logging_mixin.py:137} INFO - [2022-11-19T02:18:18.988+0000] {dag.py:3340} INFO - Setting next_dagrun for Example to None, run_after=None
[2022-11-19T02:18:19.024+0000] {processor.py:176} INFO - Processing /opt/airflow/dags/example.py took 0.268 seconds
[2022-11-19T02:18:49.313+0000] {processor.py:154} INFO - Started process (PID=515) to work on /opt/airflow/dags/example.py
[2022-11-19T02:18:49.316+0000] {processor.py:756} INFO - Processing file /opt/airflow/dags/example.py for tasks to queue
[2022-11-19T02:18:49.322+0000] {logging_mixin.py:137} INFO - [2022-11-19T02:18:49.321+0000] {dagbag.py:537} INFO - Filling up the DagBag from /opt/airflow/dags/example.py
[2022-11-19T02:18:49.411+0000] {logging_mixin.py:137} WARNING - /home/airflow/.local/lib/python3.7/site-packages/airflow/models/dag.py:3437 RemovedInAirflow3Warning: Param `schedule_interval` is deprecated and will be removed in a future release. Please use `schedule` instead.
[2022-11-19T02:18:49.438+0000] {processor.py:766} INFO - DAG(s) dict_keys(['Example']) retrieved from /opt/airflow/dags/example.py
[2022-11-19T02:18:49.531+0000] {logging_mixin.py:137} INFO - [2022-11-19T02:18:49.531+0000] {dag.py:2585} INFO - Sync 1 DAGs
[2022-11-19T02:18:49.638+0000] {logging_mixin.py:137} INFO - [2022-11-19T02:18:49.637+0000] {dag.py:3340} INFO - Setting next_dagrun for Example to None, run_after=None
[2022-11-19T02:18:49.691+0000] {processor.py:176} INFO - Processing /opt/airflow/dags/example.py took 0.394 seconds
[2022-11-19T02:19:20.007+0000] {processor.py:154} INFO - Started process (PID=534) to work on /opt/airflow/dags/example.py
[2022-11-19T02:19:20.020+0000] {processor.py:756} INFO - Processing file /opt/airflow/dags/example.py for tasks to queue
[2022-11-19T02:19:20.036+0000] {logging_mixin.py:137} INFO - [2022-11-19T02:19:20.035+0000] {dagbag.py:537} INFO - Filling up the DagBag from /opt/airflow/dags/example.py
[2022-11-19T02:19:20.238+0000] {logging_mixin.py:137} WARNING - /home/airflow/.local/lib/python3.7/site-packages/airflow/models/dag.py:3437 RemovedInAirflow3Warning: Param `schedule_interval` is deprecated and will be removed in a future release. Please use `schedule` instead.
[2022-11-19T02:19:20.334+0000] {processor.py:766} INFO - DAG(s) dict_keys(['Example']) retrieved from /opt/airflow/dags/example.py
[2022-11-19T02:19:20.563+0000] {logging_mixin.py:137} INFO - [2022-11-19T02:19:20.563+0000] {dag.py:2585} INFO - Sync 1 DAGs
[2022-11-19T02:19:20.701+0000] {logging_mixin.py:137} INFO - [2022-11-19T02:19:20.701+0000] {dag.py:3340} INFO - Setting next_dagrun for Example to None, run_after=None
[2022-11-19T02:19:20.796+0000] {processor.py:176} INFO - Processing /opt/airflow/dags/example.py took 0.811 seconds
[2022-11-19T02:19:51.102+0000] {processor.py:154} INFO - Started process (PID=555) to work on /opt/airflow/dags/example.py
[2022-11-19T02:19:51.106+0000] {processor.py:756} INFO - Processing file /opt/airflow/dags/example.py for tasks to queue
[2022-11-19T02:19:51.108+0000] {logging_mixin.py:137} INFO - [2022-11-19T02:19:51.108+0000] {dagbag.py:537} INFO - Filling up the DagBag from /opt/airflow/dags/example.py
[2022-11-19T02:19:51.177+0000] {logging_mixin.py:137} WARNING - /home/airflow/.local/lib/python3.7/site-packages/airflow/models/dag.py:3437 RemovedInAirflow3Warning: Param `schedule_interval` is deprecated and will be removed in a future release. Please use `schedule` instead.
[2022-11-19T02:19:51.203+0000] {processor.py:766} INFO - DAG(s) dict_keys(['Example']) retrieved from /opt/airflow/dags/example.py
[2022-11-19T02:19:51.288+0000] {logging_mixin.py:137} INFO - [2022-11-19T02:19:51.287+0000] {dag.py:2585} INFO - Sync 1 DAGs
[2022-11-19T02:19:51.359+0000] {logging_mixin.py:137} INFO - [2022-11-19T02:19:51.358+0000] {dag.py:3340} INFO - Setting next_dagrun for Example to None, run_after=None
[2022-11-19T02:19:51.415+0000] {processor.py:176} INFO - Processing /opt/airflow/dags/example.py took 0.323 seconds
[2022-11-19T02:20:21.875+0000] {processor.py:154} INFO - Started process (PID=583) to work on /opt/airflow/dags/example.py
[2022-11-19T02:20:21.884+0000] {processor.py:756} INFO - Processing file /opt/airflow/dags/example.py for tasks to queue
[2022-11-19T02:20:21.892+0000] {logging_mixin.py:137} INFO - [2022-11-19T02:20:21.892+0000] {dagbag.py:537} INFO - Filling up the DagBag from /opt/airflow/dags/example.py
[2022-11-19T02:20:22.122+0000] {logging_mixin.py:137} WARNING - /home/airflow/.local/lib/python3.7/site-packages/airflow/models/dag.py:3437 RemovedInAirflow3Warning: Param `schedule_interval` is deprecated and will be removed in a future release. Please use `schedule` instead.
[2022-11-19T02:20:22.213+0000] {processor.py:766} INFO - DAG(s) dict_keys(['Example']) retrieved from /opt/airflow/dags/example.py
[2022-11-19T02:20:22.564+0000] {logging_mixin.py:137} INFO - [2022-11-19T02:20:22.562+0000] {dag.py:2585} INFO - Sync 1 DAGs
[2022-11-19T02:20:22.851+0000] {logging_mixin.py:137} INFO - [2022-11-19T02:20:22.851+0000] {dag.py:3340} INFO - Setting next_dagrun for Example to None, run_after=None
[2022-11-19T02:20:23.022+0000] {processor.py:176} INFO - Processing /opt/airflow/dags/example.py took 1.213 seconds
[2022-11-19T02:20:53.233+0000] {processor.py:154} INFO - Started process (PID=603) to work on /opt/airflow/dags/example.py
[2022-11-19T02:20:53.239+0000] {processor.py:756} INFO - Processing file /opt/airflow/dags/example.py for tasks to queue
[2022-11-19T02:20:53.244+0000] {logging_mixin.py:137} INFO - [2022-11-19T02:20:53.243+0000] {dagbag.py:537} INFO - Filling up the DagBag from /opt/airflow/dags/example.py
[2022-11-19T02:20:53.344+0000] {logging_mixin.py:137} WARNING - /home/airflow/.local/lib/python3.7/site-packages/airflow/models/dag.py:3437 RemovedInAirflow3Warning: Param `schedule_interval` is deprecated and will be removed in a future release. Please use `schedule` instead.
[2022-11-19T02:20:53.382+0000] {processor.py:766} INFO - DAG(s) dict_keys(['Example']) retrieved from /opt/airflow/dags/example.py
[2022-11-19T02:20:53.557+0000] {logging_mixin.py:137} INFO - [2022-11-19T02:20:53.556+0000] {dag.py:2585} INFO - Sync 1 DAGs
[2022-11-19T02:20:53.752+0000] {logging_mixin.py:137} INFO - [2022-11-19T02:20:53.749+0000] {dag.py:3340} INFO - Setting next_dagrun for Example to None, run_after=None
[2022-11-19T02:20:53.815+0000] {processor.py:176} INFO - Processing /opt/airflow/dags/example.py took 0.599 seconds
[2022-11-19T02:21:24.304+0000] {processor.py:154} INFO - Started process (PID=623) to work on /opt/airflow/dags/example.py
[2022-11-19T02:21:24.312+0000] {processor.py:756} INFO - Processing file /opt/airflow/dags/example.py for tasks to queue
[2022-11-19T02:21:24.318+0000] {logging_mixin.py:137} INFO - [2022-11-19T02:21:24.318+0000] {dagbag.py:537} INFO - Filling up the DagBag from /opt/airflow/dags/example.py
[2022-11-19T02:21:24.437+0000] {logging_mixin.py:137} WARNING - /home/airflow/.local/lib/python3.7/site-packages/airflow/models/dag.py:3437 RemovedInAirflow3Warning: Param `schedule_interval` is deprecated and will be removed in a future release. Please use `schedule` instead.
[2022-11-19T02:21:24.493+0000] {processor.py:766} INFO - DAG(s) dict_keys(['Example']) retrieved from /opt/airflow/dags/example.py
[2022-11-19T02:21:24.637+0000] {logging_mixin.py:137} INFO - [2022-11-19T02:21:24.637+0000] {dag.py:2585} INFO - Sync 1 DAGs
[2022-11-19T02:21:24.817+0000] {logging_mixin.py:137} INFO - [2022-11-19T02:21:24.815+0000] {dag.py:3340} INFO - Setting next_dagrun for Example to None, run_after=None
[2022-11-19T02:21:24.888+0000] {processor.py:176} INFO - Processing /opt/airflow/dags/example.py took 0.595 seconds
[2022-11-19T02:21:55.334+0000] {processor.py:154} INFO - Started process (PID=643) to work on /opt/airflow/dags/example.py
[2022-11-19T02:21:55.337+0000] {processor.py:756} INFO - Processing file /opt/airflow/dags/example.py for tasks to queue
[2022-11-19T02:21:55.342+0000] {logging_mixin.py:137} INFO - [2022-11-19T02:21:55.342+0000] {dagbag.py:537} INFO - Filling up the DagBag from /opt/airflow/dags/example.py
[2022-11-19T02:21:55.447+0000] {logging_mixin.py:137} WARNING - /home/airflow/.local/lib/python3.7/site-packages/airflow/models/dag.py:3437 RemovedInAirflow3Warning: Param `schedule_interval` is deprecated and will be removed in a future release. Please use `schedule` instead.
[2022-11-19T02:21:55.481+0000] {processor.py:766} INFO - DAG(s) dict_keys(['Example']) retrieved from /opt/airflow/dags/example.py
[2022-11-19T02:21:55.665+0000] {logging_mixin.py:137} INFO - [2022-11-19T02:21:55.665+0000] {dag.py:2585} INFO - Sync 1 DAGs
[2022-11-19T02:21:55.821+0000] {logging_mixin.py:137} INFO - [2022-11-19T02:21:55.821+0000] {dag.py:3340} INFO - Setting next_dagrun for Example to None, run_after=None
[2022-11-19T02:21:55.898+0000] {processor.py:176} INFO - Processing /opt/airflow/dags/example.py took 0.569 seconds
[2022-11-19T02:22:26.664+0000] {processor.py:154} INFO - Started process (PID=661) to work on /opt/airflow/dags/example.py
[2022-11-19T02:22:26.682+0000] {processor.py:756} INFO - Processing file /opt/airflow/dags/example.py for tasks to queue
[2022-11-19T02:22:26.698+0000] {logging_mixin.py:137} INFO - [2022-11-19T02:22:26.698+0000] {dagbag.py:537} INFO - Filling up the DagBag from /opt/airflow/dags/example.py
[2022-11-19T02:22:26.819+0000] {logging_mixin.py:137} WARNING - /home/airflow/.local/lib/python3.7/site-packages/airflow/models/dag.py:3437 RemovedInAirflow3Warning: Param `schedule_interval` is deprecated and will be removed in a future release. Please use `schedule` instead.
[2022-11-19T02:22:27.086+0000] {processor.py:766} INFO - DAG(s) dict_keys(['Example']) retrieved from /opt/airflow/dags/example.py
[2022-11-19T02:22:27.374+0000] {logging_mixin.py:137} INFO - [2022-11-19T02:22:27.374+0000] {dag.py:2585} INFO - Sync 1 DAGs
[2022-11-19T02:22:27.615+0000] {logging_mixin.py:137} INFO - [2022-11-19T02:22:27.615+0000] {dag.py:3340} INFO - Setting next_dagrun for Example to None, run_after=None
[2022-11-19T02:22:27.727+0000] {processor.py:176} INFO - Processing /opt/airflow/dags/example.py took 1.102 seconds
[2022-11-19T02:22:58.044+0000] {processor.py:154} INFO - Started process (PID=680) to work on /opt/airflow/dags/example.py
[2022-11-19T02:22:58.049+0000] {processor.py:756} INFO - Processing file /opt/airflow/dags/example.py for tasks to queue
[2022-11-19T02:22:58.052+0000] {logging_mixin.py:137} INFO - [2022-11-19T02:22:58.052+0000] {dagbag.py:537} INFO - Filling up the DagBag from /opt/airflow/dags/example.py
[2022-11-19T02:22:58.124+0000] {logging_mixin.py:137} WARNING - /home/airflow/.local/lib/python3.7/site-packages/airflow/models/dag.py:3437 RemovedInAirflow3Warning: Param `schedule_interval` is deprecated and will be removed in a future release. Please use `schedule` instead.
[2022-11-19T02:22:58.146+0000] {processor.py:766} INFO - DAG(s) dict_keys(['Example']) retrieved from /opt/airflow/dags/example.py
[2022-11-19T02:22:58.243+0000] {logging_mixin.py:137} INFO - [2022-11-19T02:22:58.243+0000] {dag.py:2585} INFO - Sync 1 DAGs
[2022-11-19T02:22:58.298+0000] {logging_mixin.py:137} INFO - [2022-11-19T02:22:58.298+0000] {dag.py:3340} INFO - Setting next_dagrun for Example to None, run_after=None
[2022-11-19T02:22:58.351+0000] {processor.py:176} INFO - Processing /opt/airflow/dags/example.py took 0.313 seconds
[2022-11-19T02:23:29.054+0000] {processor.py:154} INFO - Started process (PID=699) to work on /opt/airflow/dags/example.py
[2022-11-19T02:23:29.085+0000] {processor.py:756} INFO - Processing file /opt/airflow/dags/example.py for tasks to queue
[2022-11-19T02:23:29.088+0000] {logging_mixin.py:137} INFO - [2022-11-19T02:23:29.088+0000] {dagbag.py:537} INFO - Filling up the DagBag from /opt/airflow/dags/example.py
[2022-11-19T02:23:29.175+0000] {logging_mixin.py:137} WARNING - /home/airflow/.local/lib/python3.7/site-packages/airflow/models/dag.py:3437 RemovedInAirflow3Warning: Param `schedule_interval` is deprecated and will be removed in a future release. Please use `schedule` instead.
[2022-11-19T02:23:29.203+0000] {processor.py:766} INFO - DAG(s) dict_keys(['Example']) retrieved from /opt/airflow/dags/example.py
[2022-11-19T02:23:29.380+0000] {logging_mixin.py:137} INFO - [2022-11-19T02:23:29.380+0000] {dag.py:2585} INFO - Sync 1 DAGs
[2022-11-19T02:23:29.452+0000] {logging_mixin.py:137} INFO - [2022-11-19T02:23:29.452+0000] {dag.py:3340} INFO - Setting next_dagrun for Example to None, run_after=None
[2022-11-19T02:23:29.717+0000] {processor.py:176} INFO - Processing /opt/airflow/dags/example.py took 0.685 seconds
[2022-11-19T02:24:00.720+0000] {processor.py:154} INFO - Started process (PID=724) to work on /opt/airflow/dags/example.py
[2022-11-19T02:24:00.722+0000] {processor.py:756} INFO - Processing file /opt/airflow/dags/example.py for tasks to queue
[2022-11-19T02:24:00.757+0000] {logging_mixin.py:137} INFO - [2022-11-19T02:24:00.756+0000] {dagbag.py:537} INFO - Filling up the DagBag from /opt/airflow/dags/example.py
[2022-11-19T02:24:01.072+0000] {logging_mixin.py:137} WARNING - /home/airflow/.local/lib/python3.7/site-packages/airflow/models/dag.py:3437 RemovedInAirflow3Warning: Param `schedule_interval` is deprecated and will be removed in a future release. Please use `schedule` instead.
[2022-11-19T02:24:01.164+0000] {processor.py:766} INFO - DAG(s) dict_keys(['Example']) retrieved from /opt/airflow/dags/example.py
[2022-11-19T02:24:01.417+0000] {logging_mixin.py:137} INFO - [2022-11-19T02:24:01.414+0000] {dag.py:2585} INFO - Sync 1 DAGs
[2022-11-19T02:24:01.560+0000] {logging_mixin.py:137} INFO - [2022-11-19T02:24:01.560+0000] {dag.py:3340} INFO - Setting next_dagrun for Example to None, run_after=None
[2022-11-19T02:24:01.639+0000] {processor.py:176} INFO - Processing /opt/airflow/dags/example.py took 1.007 seconds
[2022-11-19T02:24:32.038+0000] {processor.py:154} INFO - Started process (PID=747) to work on /opt/airflow/dags/example.py
[2022-11-19T02:24:32.042+0000] {processor.py:756} INFO - Processing file /opt/airflow/dags/example.py for tasks to queue
[2022-11-19T02:24:32.046+0000] {logging_mixin.py:137} INFO - [2022-11-19T02:24:32.045+0000] {dagbag.py:537} INFO - Filling up the DagBag from /opt/airflow/dags/example.py
[2022-11-19T02:24:32.098+0000] {logging_mixin.py:137} WARNING - /home/airflow/.local/lib/python3.7/site-packages/airflow/models/dag.py:3437 RemovedInAirflow3Warning: Param `schedule_interval` is deprecated and will be removed in a future release. Please use `schedule` instead.
[2022-11-19T02:24:32.138+0000] {processor.py:766} INFO - DAG(s) dict_keys(['Example']) retrieved from /opt/airflow/dags/example.py
[2022-11-19T02:24:32.227+0000] {logging_mixin.py:137} INFO - [2022-11-19T02:24:32.226+0000] {dag.py:2585} INFO - Sync 1 DAGs
[2022-11-19T02:24:32.286+0000] {logging_mixin.py:137} INFO - [2022-11-19T02:24:32.286+0000] {dag.py:3340} INFO - Setting next_dagrun for Example to None, run_after=None
[2022-11-19T02:24:32.324+0000] {processor.py:176} INFO - Processing /opt/airflow/dags/example.py took 0.295 seconds
[2022-11-19T02:25:03.014+0000] {processor.py:154} INFO - Started process (PID=765) to work on /opt/airflow/dags/example.py
[2022-11-19T02:25:03.045+0000] {processor.py:756} INFO - Processing file /opt/airflow/dags/example.py for tasks to queue
[2022-11-19T02:25:03.056+0000] {logging_mixin.py:137} INFO - [2022-11-19T02:25:03.056+0000] {dagbag.py:537} INFO - Filling up the DagBag from /opt/airflow/dags/example.py
[2022-11-19T02:25:03.267+0000] {logging_mixin.py:137} WARNING - /home/airflow/.local/lib/python3.7/site-packages/airflow/models/dag.py:3437 RemovedInAirflow3Warning: Param `schedule_interval` is deprecated and will be removed in a future release. Please use `schedule` instead.
[2022-11-19T02:25:03.381+0000] {processor.py:766} INFO - DAG(s) dict_keys(['Example']) retrieved from /opt/airflow/dags/example.py
[2022-11-19T02:25:03.922+0000] {logging_mixin.py:137} INFO - [2022-11-19T02:25:03.921+0000] {dag.py:2585} INFO - Sync 1 DAGs
[2022-11-19T02:25:03.996+0000] {logging_mixin.py:137} INFO - [2022-11-19T02:25:03.996+0000] {dag.py:3340} INFO - Setting next_dagrun for Example to None, run_after=None
[2022-11-19T02:25:04.042+0000] {processor.py:176} INFO - Processing /opt/airflow/dags/example.py took 1.054 seconds
[2022-11-19T02:25:34.488+0000] {processor.py:154} INFO - Started process (PID=784) to work on /opt/airflow/dags/example.py
[2022-11-19T02:25:34.501+0000] {processor.py:756} INFO - Processing file /opt/airflow/dags/example.py for tasks to queue
[2022-11-19T02:25:34.520+0000] {logging_mixin.py:137} INFO - [2022-11-19T02:25:34.520+0000] {dagbag.py:537} INFO - Filling up the DagBag from /opt/airflow/dags/example.py
[2022-11-19T02:25:35.808+0000] {logging_mixin.py:137} WARNING - /home/airflow/.local/lib/python3.7/site-packages/airflow/models/dag.py:3437 RemovedInAirflow3Warning: Param `schedule_interval` is deprecated and will be removed in a future release. Please use `schedule` instead.
[2022-11-19T02:25:36.317+0000] {processor.py:766} INFO - DAG(s) dict_keys(['Example']) retrieved from /opt/airflow/dags/example.py
[2022-11-19T02:25:37.517+0000] {logging_mixin.py:137} INFO - [2022-11-19T02:25:37.507+0000] {dag.py:2585} INFO - Sync 1 DAGs
[2022-11-19T02:25:37.816+0000] {logging_mixin.py:137} INFO - [2022-11-19T02:25:37.816+0000] {dag.py:3340} INFO - Setting next_dagrun for Example to None, run_after=None
[2022-11-19T02:25:37.915+0000] {processor.py:176} INFO - Processing /opt/airflow/dags/example.py took 3.446 seconds
[2022-11-19T02:26:08.504+0000] {processor.py:154} INFO - Started process (PID=803) to work on /opt/airflow/dags/example.py
[2022-11-19T02:26:08.507+0000] {processor.py:756} INFO - Processing file /opt/airflow/dags/example.py for tasks to queue
[2022-11-19T02:26:08.509+0000] {logging_mixin.py:137} INFO - [2022-11-19T02:26:08.509+0000] {dagbag.py:537} INFO - Filling up the DagBag from /opt/airflow/dags/example.py
[2022-11-19T02:26:08.574+0000] {logging_mixin.py:137} WARNING - /home/airflow/.local/lib/python3.7/site-packages/airflow/models/dag.py:3437 RemovedInAirflow3Warning: Param `schedule_interval` is deprecated and will be removed in a future release. Please use `schedule` instead.
[2022-11-19T02:26:08.595+0000] {processor.py:766} INFO - DAG(s) dict_keys(['Example']) retrieved from /opt/airflow/dags/example.py
[2022-11-19T02:26:08.692+0000] {logging_mixin.py:137} INFO - [2022-11-19T02:26:08.691+0000] {dag.py:2585} INFO - Sync 1 DAGs
[2022-11-19T02:26:08.877+0000] {logging_mixin.py:137} INFO - [2022-11-19T02:26:08.877+0000] {dag.py:3340} INFO - Setting next_dagrun for Example to None, run_after=None
[2022-11-19T02:26:08.949+0000] {processor.py:176} INFO - Processing /opt/airflow/dags/example.py took 0.453 seconds
[2022-11-19T02:26:40.267+0000] {processor.py:154} INFO - Started process (PID=831) to work on /opt/airflow/dags/example.py
[2022-11-19T02:26:40.281+0000] {processor.py:756} INFO - Processing file /opt/airflow/dags/example.py for tasks to queue
[2022-11-19T02:26:40.304+0000] {logging_mixin.py:137} INFO - [2022-11-19T02:26:40.292+0000] {dagbag.py:537} INFO - Filling up the DagBag from /opt/airflow/dags/example.py
[2022-11-19T02:26:40.592+0000] {logging_mixin.py:137} WARNING - /home/airflow/.local/lib/python3.7/site-packages/airflow/models/dag.py:3437 RemovedInAirflow3Warning: Param `schedule_interval` is deprecated and will be removed in a future release. Please use `schedule` instead.
[2022-11-19T02:26:40.797+0000] {processor.py:766} INFO - DAG(s) dict_keys(['Example']) retrieved from /opt/airflow/dags/example.py
[2022-11-19T02:26:41.235+0000] {logging_mixin.py:137} INFO - [2022-11-19T02:26:41.234+0000] {dag.py:2585} INFO - Sync 1 DAGs
[2022-11-19T02:26:41.450+0000] {logging_mixin.py:137} INFO - [2022-11-19T02:26:41.450+0000] {dag.py:3340} INFO - Setting next_dagrun for Example to None, run_after=None
[2022-11-19T02:26:41.672+0000] {processor.py:176} INFO - Processing /opt/airflow/dags/example.py took 1.545 seconds
[2022-11-19T02:27:12.037+0000] {processor.py:154} INFO - Started process (PID=850) to work on /opt/airflow/dags/example.py
[2022-11-19T02:27:12.042+0000] {processor.py:756} INFO - Processing file /opt/airflow/dags/example.py for tasks to queue
[2022-11-19T02:27:12.047+0000] {logging_mixin.py:137} INFO - [2022-11-19T02:27:12.046+0000] {dagbag.py:537} INFO - Filling up the DagBag from /opt/airflow/dags/example.py
[2022-11-19T02:27:12.196+0000] {logging_mixin.py:137} WARNING - /home/airflow/.local/lib/python3.7/site-packages/airflow/models/dag.py:3437 RemovedInAirflow3Warning: Param `schedule_interval` is deprecated and will be removed in a future release. Please use `schedule` instead.
[2022-11-19T02:27:12.274+0000] {processor.py:766} INFO - DAG(s) dict_keys(['Example']) retrieved from /opt/airflow/dags/example.py
[2022-11-19T02:27:12.851+0000] {logging_mixin.py:137} INFO - [2022-11-19T02:27:12.847+0000] {dag.py:2585} INFO - Sync 1 DAGs
[2022-11-19T02:27:13.166+0000] {logging_mixin.py:137} INFO - [2022-11-19T02:27:13.166+0000] {dag.py:3340} INFO - Setting next_dagrun for Example to None, run_after=None
[2022-11-19T02:27:13.312+0000] {processor.py:176} INFO - Processing /opt/airflow/dags/example.py took 1.290 seconds
[2022-11-19T02:34:25.191+0000] {processor.py:154} INFO - Started process (PID=59) to work on /opt/airflow/dags/example.py
[2022-11-19T02:34:25.225+0000] {processor.py:756} INFO - Processing file /opt/airflow/dags/example.py for tasks to queue
[2022-11-19T02:34:25.247+0000] {logging_mixin.py:137} INFO - [2022-11-19T02:34:25.247+0000] {dagbag.py:537} INFO - Filling up the DagBag from /opt/airflow/dags/example.py
[2022-11-19T02:34:25.847+0000] {logging_mixin.py:137} WARNING - /home/airflow/.local/lib/python3.7/site-packages/airflow/models/dag.py:3437 RemovedInAirflow3Warning: Param `schedule_interval` is deprecated and will be removed in a future release. Please use `schedule` instead.
[2022-11-19T02:34:26.210+0000] {processor.py:766} INFO - DAG(s) dict_keys(['Example']) retrieved from /opt/airflow/dags/example.py
[2022-11-19T02:34:27.629+0000] {logging_mixin.py:137} INFO - [2022-11-19T02:34:27.629+0000] {dag.py:2585} INFO - Sync 1 DAGs
[2022-11-19T02:34:27.832+0000] {logging_mixin.py:137} INFO - [2022-11-19T02:34:27.832+0000] {dag.py:3340} INFO - Setting next_dagrun for Example to None, run_after=None
[2022-11-19T02:34:28.023+0000] {processor.py:176} INFO - Processing /opt/airflow/dags/example.py took 2.882 seconds
[2022-11-19T02:34:58.448+0000] {processor.py:154} INFO - Started process (PID=79) to work on /opt/airflow/dags/example.py
[2022-11-19T02:34:58.453+0000] {processor.py:756} INFO - Processing file /opt/airflow/dags/example.py for tasks to queue
[2022-11-19T02:34:58.478+0000] {logging_mixin.py:137} INFO - [2022-11-19T02:34:58.476+0000] {dagbag.py:537} INFO - Filling up the DagBag from /opt/airflow/dags/example.py
[2022-11-19T02:34:58.601+0000] {logging_mixin.py:137} WARNING - /home/airflow/.local/lib/python3.7/site-packages/airflow/models/dag.py:3437 RemovedInAirflow3Warning: Param `schedule_interval` is deprecated and will be removed in a future release. Please use `schedule` instead.
[2022-11-19T02:34:58.621+0000] {processor.py:766} INFO - DAG(s) dict_keys(['Example']) retrieved from /opt/airflow/dags/example.py
[2022-11-19T02:34:58.741+0000] {logging_mixin.py:137} INFO - [2022-11-19T02:34:58.741+0000] {dag.py:2585} INFO - Sync 1 DAGs
[2022-11-19T02:34:58.809+0000] {logging_mixin.py:137} INFO - [2022-11-19T02:34:58.809+0000] {dag.py:3340} INFO - Setting next_dagrun for Example to None, run_after=None
[2022-11-19T02:34:58.851+0000] {processor.py:176} INFO - Processing /opt/airflow/dags/example.py took 0.439 seconds
[2022-11-19T02:35:29.894+0000] {processor.py:154} INFO - Started process (PID=98) to work on /opt/airflow/dags/example.py
[2022-11-19T02:35:29.908+0000] {processor.py:756} INFO - Processing file /opt/airflow/dags/example.py for tasks to queue
[2022-11-19T02:35:29.917+0000] {logging_mixin.py:137} INFO - [2022-11-19T02:35:29.916+0000] {dagbag.py:537} INFO - Filling up the DagBag from /opt/airflow/dags/example.py
[2022-11-19T02:35:30.105+0000] {logging_mixin.py:137} WARNING - /home/airflow/.local/lib/python3.7/site-packages/airflow/models/dag.py:3437 RemovedInAirflow3Warning: Param `schedule_interval` is deprecated and will be removed in a future release. Please use `schedule` instead.
[2022-11-19T02:35:30.134+0000] {processor.py:766} INFO - DAG(s) dict_keys(['Example']) retrieved from /opt/airflow/dags/example.py
[2022-11-19T02:35:30.275+0000] {logging_mixin.py:137} INFO - [2022-11-19T02:35:30.275+0000] {dag.py:2585} INFO - Sync 1 DAGs
[2022-11-19T02:35:30.366+0000] {logging_mixin.py:137} INFO - [2022-11-19T02:35:30.366+0000] {dag.py:3340} INFO - Setting next_dagrun for Example to None, run_after=None
[2022-11-19T02:35:30.499+0000] {processor.py:176} INFO - Processing /opt/airflow/dags/example.py took 0.629 seconds
[2022-11-19T02:36:00.823+0000] {processor.py:154} INFO - Started process (PID=116) to work on /opt/airflow/dags/example.py
[2022-11-19T02:36:00.840+0000] {processor.py:756} INFO - Processing file /opt/airflow/dags/example.py for tasks to queue
[2022-11-19T02:36:00.846+0000] {logging_mixin.py:137} INFO - [2022-11-19T02:36:00.845+0000] {dagbag.py:537} INFO - Filling up the DagBag from /opt/airflow/dags/example.py
[2022-11-19T02:36:00.904+0000] {logging_mixin.py:137} WARNING - /home/airflow/.local/lib/python3.7/site-packages/airflow/models/dag.py:3437 RemovedInAirflow3Warning: Param `schedule_interval` is deprecated and will be removed in a future release. Please use `schedule` instead.
[2022-11-19T02:36:00.935+0000] {processor.py:766} INFO - DAG(s) dict_keys(['Example']) retrieved from /opt/airflow/dags/example.py
[2022-11-19T02:36:01.046+0000] {logging_mixin.py:137} INFO - [2022-11-19T02:36:01.046+0000] {dag.py:2585} INFO - Sync 1 DAGs
[2022-11-19T02:36:01.127+0000] {logging_mixin.py:137} INFO - [2022-11-19T02:36:01.127+0000] {dag.py:3340} INFO - Setting next_dagrun for Example to None, run_after=None
[2022-11-19T02:36:01.171+0000] {processor.py:176} INFO - Processing /opt/airflow/dags/example.py took 0.371 seconds
[2022-11-19T02:36:31.596+0000] {processor.py:154} INFO - Started process (PID=136) to work on /opt/airflow/dags/example.py
[2022-11-19T02:36:31.609+0000] {processor.py:756} INFO - Processing file /opt/airflow/dags/example.py for tasks to queue
[2022-11-19T02:36:31.622+0000] {logging_mixin.py:137} INFO - [2022-11-19T02:36:31.621+0000] {dagbag.py:537} INFO - Filling up the DagBag from /opt/airflow/dags/example.py
[2022-11-19T02:36:31.840+0000] {logging_mixin.py:137} WARNING - /home/airflow/.local/lib/python3.7/site-packages/airflow/models/dag.py:3437 RemovedInAirflow3Warning: Param `schedule_interval` is deprecated and will be removed in a future release. Please use `schedule` instead.
[2022-11-19T02:36:31.923+0000] {processor.py:766} INFO - DAG(s) dict_keys(['Example']) retrieved from /opt/airflow/dags/example.py
[2022-11-19T02:36:32.366+0000] {logging_mixin.py:137} INFO - [2022-11-19T02:36:32.365+0000] {dag.py:2585} INFO - Sync 1 DAGs
[2022-11-19T02:36:32.510+0000] {logging_mixin.py:137} INFO - [2022-11-19T02:36:32.510+0000] {dag.py:3340} INFO - Setting next_dagrun for Example to None, run_after=None
[2022-11-19T02:36:32.589+0000] {processor.py:176} INFO - Processing /opt/airflow/dags/example.py took 1.005 seconds
[2022-11-19T02:37:02.737+0000] {processor.py:154} INFO - Started process (PID=156) to work on /opt/airflow/dags/example.py
[2022-11-19T02:37:02.744+0000] {processor.py:756} INFO - Processing file /opt/airflow/dags/example.py for tasks to queue
[2022-11-19T02:37:02.746+0000] {logging_mixin.py:137} INFO - [2022-11-19T02:37:02.746+0000] {dagbag.py:537} INFO - Filling up the DagBag from /opt/airflow/dags/example.py
[2022-11-19T02:37:02.861+0000] {logging_mixin.py:137} WARNING - /home/airflow/.local/lib/python3.7/site-packages/airflow/models/dag.py:3437 RemovedInAirflow3Warning: Param `schedule_interval` is deprecated and will be removed in a future release. Please use `schedule` instead.
[2022-11-19T02:37:02.917+0000] {processor.py:766} INFO - DAG(s) dict_keys(['Example']) retrieved from /opt/airflow/dags/example.py
[2022-11-19T02:37:03.050+0000] {logging_mixin.py:137} INFO - [2022-11-19T02:37:03.049+0000] {dag.py:2585} INFO - Sync 1 DAGs
[2022-11-19T02:37:03.097+0000] {logging_mixin.py:137} INFO - [2022-11-19T02:37:03.097+0000] {dag.py:3340} INFO - Setting next_dagrun for Example to None, run_after=None
[2022-11-19T02:37:03.143+0000] {processor.py:176} INFO - Processing /opt/airflow/dags/example.py took 0.412 seconds
[2022-11-19T02:40:35.447+0000] {processor.py:154} INFO - Started process (PID=56) to work on /opt/airflow/dags/example.py
[2022-11-19T02:40:35.464+0000] {processor.py:756} INFO - Processing file /opt/airflow/dags/example.py for tasks to queue
[2022-11-19T02:40:35.475+0000] {logging_mixin.py:137} INFO - [2022-11-19T02:40:35.474+0000] {dagbag.py:537} INFO - Filling up the DagBag from /opt/airflow/dags/example.py
[2022-11-19T02:40:35.975+0000] {logging_mixin.py:137} WARNING - /home/airflow/.local/lib/python3.7/site-packages/airflow/models/dag.py:3437 RemovedInAirflow3Warning: Param `schedule_interval` is deprecated and will be removed in a future release. Please use `schedule` instead.
[2022-11-19T02:40:36.091+0000] {processor.py:766} INFO - DAG(s) dict_keys(['Example']) retrieved from /opt/airflow/dags/example.py
[2022-11-19T02:40:36.896+0000] {logging_mixin.py:137} INFO - [2022-11-19T02:40:36.896+0000] {dag.py:2585} INFO - Sync 1 DAGs
[2022-11-19T02:40:36.939+0000] {logging_mixin.py:137} INFO - [2022-11-19T02:40:36.939+0000] {dag.py:3340} INFO - Setting next_dagrun for Example to None, run_after=None
[2022-11-19T02:40:37.057+0000] {processor.py:176} INFO - Processing /opt/airflow/dags/example.py took 1.701 seconds
[2022-11-19T02:41:07.425+0000] {processor.py:154} INFO - Started process (PID=75) to work on /opt/airflow/dags/example.py
[2022-11-19T02:41:07.458+0000] {processor.py:756} INFO - Processing file /opt/airflow/dags/example.py for tasks to queue
[2022-11-19T02:41:07.473+0000] {logging_mixin.py:137} INFO - [2022-11-19T02:41:07.473+0000] {dagbag.py:537} INFO - Filling up the DagBag from /opt/airflow/dags/example.py
[2022-11-19T02:41:07.628+0000] {logging_mixin.py:137} WARNING - /home/airflow/.local/lib/python3.7/site-packages/airflow/models/dag.py:3437 RemovedInAirflow3Warning: Param `schedule_interval` is deprecated and will be removed in a future release. Please use `schedule` instead.
[2022-11-19T02:41:07.672+0000] {processor.py:766} INFO - DAG(s) dict_keys(['Example']) retrieved from /opt/airflow/dags/example.py
[2022-11-19T02:41:08.220+0000] {logging_mixin.py:137} INFO - [2022-11-19T02:41:08.220+0000] {dag.py:2585} INFO - Sync 1 DAGs
[2022-11-19T02:41:08.380+0000] {logging_mixin.py:137} INFO - [2022-11-19T02:41:08.380+0000] {dag.py:3340} INFO - Setting next_dagrun for Example to None, run_after=None
[2022-11-19T02:41:08.512+0000] {processor.py:176} INFO - Processing /opt/airflow/dags/example.py took 1.176 seconds
[2022-11-19T02:41:38.845+0000] {processor.py:154} INFO - Started process (PID=96) to work on /opt/airflow/dags/example.py
[2022-11-19T02:41:38.849+0000] {processor.py:756} INFO - Processing file /opt/airflow/dags/example.py for tasks to queue
[2022-11-19T02:41:38.855+0000] {logging_mixin.py:137} INFO - [2022-11-19T02:41:38.854+0000] {dagbag.py:537} INFO - Filling up the DagBag from /opt/airflow/dags/example.py
[2022-11-19T02:41:38.929+0000] {logging_mixin.py:137} WARNING - /home/airflow/.local/lib/python3.7/site-packages/airflow/models/dag.py:3437 RemovedInAirflow3Warning: Param `schedule_interval` is deprecated and will be removed in a future release. Please use `schedule` instead.
[2022-11-19T02:41:39.009+0000] {processor.py:766} INFO - DAG(s) dict_keys(['Example']) retrieved from /opt/airflow/dags/example.py
[2022-11-19T02:41:39.184+0000] {logging_mixin.py:137} INFO - [2022-11-19T02:41:39.184+0000] {dag.py:2585} INFO - Sync 1 DAGs
[2022-11-19T02:41:39.308+0000] {logging_mixin.py:137} INFO - [2022-11-19T02:41:39.306+0000] {dag.py:3340} INFO - Setting next_dagrun for Example to None, run_after=None
[2022-11-19T02:41:39.413+0000] {processor.py:176} INFO - Processing /opt/airflow/dags/example.py took 0.587 seconds
[2022-11-19T02:42:09.951+0000] {processor.py:154} INFO - Started process (PID=123) to work on /opt/airflow/dags/example.py
[2022-11-19T02:42:09.972+0000] {processor.py:756} INFO - Processing file /opt/airflow/dags/example.py for tasks to queue
[2022-11-19T02:42:09.990+0000] {logging_mixin.py:137} INFO - [2022-11-19T02:42:09.990+0000] {dagbag.py:537} INFO - Filling up the DagBag from /opt/airflow/dags/example.py
[2022-11-19T02:42:10.190+0000] {logging_mixin.py:137} WARNING - /home/airflow/.local/lib/python3.7/site-packages/airflow/models/dag.py:3437 RemovedInAirflow3Warning: Param `schedule_interval` is deprecated and will be removed in a future release. Please use `schedule` instead.
[2022-11-19T02:42:10.233+0000] {processor.py:766} INFO - DAG(s) dict_keys(['Example']) retrieved from /opt/airflow/dags/example.py
[2022-11-19T02:42:10.531+0000] {logging_mixin.py:137} INFO - [2022-11-19T02:42:10.530+0000] {dag.py:2585} INFO - Sync 1 DAGs
[2022-11-19T02:42:10.799+0000] {logging_mixin.py:137} INFO - [2022-11-19T02:42:10.798+0000] {dag.py:3340} INFO - Setting next_dagrun for Example to None, run_after=None
[2022-11-19T02:42:10.965+0000] {processor.py:176} INFO - Processing /opt/airflow/dags/example.py took 1.089 seconds
[2022-11-19T02:42:41.350+0000] {processor.py:154} INFO - Started process (PID=142) to work on /opt/airflow/dags/example.py
[2022-11-19T02:42:41.357+0000] {processor.py:756} INFO - Processing file /opt/airflow/dags/example.py for tasks to queue
[2022-11-19T02:42:41.364+0000] {logging_mixin.py:137} INFO - [2022-11-19T02:42:41.364+0000] {dagbag.py:537} INFO - Filling up the DagBag from /opt/airflow/dags/example.py
[2022-11-19T02:42:41.440+0000] {logging_mixin.py:137} WARNING - /home/airflow/.local/lib/python3.7/site-packages/airflow/models/dag.py:3437 RemovedInAirflow3Warning: Param `schedule_interval` is deprecated and will be removed in a future release. Please use `schedule` instead.
[2022-11-19T02:42:41.483+0000] {processor.py:766} INFO - DAG(s) dict_keys(['Example']) retrieved from /opt/airflow/dags/example.py
[2022-11-19T02:42:41.606+0000] {logging_mixin.py:137} INFO - [2022-11-19T02:42:41.606+0000] {dag.py:2585} INFO - Sync 1 DAGs
[2022-11-19T02:42:41.655+0000] {logging_mixin.py:137} INFO - [2022-11-19T02:42:41.655+0000] {dag.py:3340} INFO - Setting next_dagrun for Example to None, run_after=None
[2022-11-19T02:42:41.732+0000] {processor.py:176} INFO - Processing /opt/airflow/dags/example.py took 0.408 seconds
[2022-11-19T03:11:04.850+0000] {processor.py:154} INFO - Started process (PID=58) to work on /opt/airflow/dags/example.py
[2022-11-19T03:11:04.858+0000] {processor.py:756} INFO - Processing file /opt/airflow/dags/example.py for tasks to queue
[2022-11-19T03:11:04.866+0000] {logging_mixin.py:137} INFO - [2022-11-19T03:11:04.865+0000] {dagbag.py:537} INFO - Filling up the DagBag from /opt/airflow/dags/example.py
[2022-11-19T03:11:05.144+0000] {logging_mixin.py:137} WARNING - /home/airflow/.local/lib/python3.7/site-packages/airflow/models/dag.py:3437 RemovedInAirflow3Warning: Param `schedule_interval` is deprecated and will be removed in a future release. Please use `schedule` instead.
[2022-11-19T03:11:05.286+0000] {processor.py:766} INFO - DAG(s) dict_keys(['Example']) retrieved from /opt/airflow/dags/example.py
[2022-11-19T03:11:05.982+0000] {logging_mixin.py:137} INFO - [2022-11-19T03:11:05.982+0000] {dag.py:2585} INFO - Sync 1 DAGs
[2022-11-19T03:11:06.071+0000] {logging_mixin.py:137} INFO - [2022-11-19T03:11:06.071+0000] {dag.py:3340} INFO - Setting next_dagrun for Example to None, run_after=None
[2022-11-19T03:11:06.115+0000] {processor.py:176} INFO - Processing /opt/airflow/dags/example.py took 1.276 seconds
[2022-11-19T03:11:36.276+0000] {processor.py:154} INFO - Started process (PID=78) to work on /opt/airflow/dags/example.py
[2022-11-19T03:11:36.293+0000] {processor.py:756} INFO - Processing file /opt/airflow/dags/example.py for tasks to queue
[2022-11-19T03:11:36.308+0000] {logging_mixin.py:137} INFO - [2022-11-19T03:11:36.307+0000] {dagbag.py:537} INFO - Filling up the DagBag from /opt/airflow/dags/example.py
[2022-11-19T03:11:36.528+0000] {logging_mixin.py:137} WARNING - /home/airflow/.local/lib/python3.7/site-packages/airflow/models/dag.py:3437 RemovedInAirflow3Warning: Param `schedule_interval` is deprecated and will be removed in a future release. Please use `schedule` instead.
[2022-11-19T03:11:36.620+0000] {processor.py:766} INFO - DAG(s) dict_keys(['Example']) retrieved from /opt/airflow/dags/example.py
[2022-11-19T03:11:36.790+0000] {logging_mixin.py:137} INFO - [2022-11-19T03:11:36.789+0000] {dag.py:2585} INFO - Sync 1 DAGs
[2022-11-19T03:11:36.854+0000] {logging_mixin.py:137} INFO - [2022-11-19T03:11:36.854+0000] {dag.py:3340} INFO - Setting next_dagrun for Example to None, run_after=None
[2022-11-19T03:11:36.911+0000] {processor.py:176} INFO - Processing /opt/airflow/dags/example.py took 0.651 seconds
[2022-11-19T03:12:07.654+0000] {processor.py:154} INFO - Started process (PID=97) to work on /opt/airflow/dags/example.py
[2022-11-19T03:12:07.656+0000] {processor.py:756} INFO - Processing file /opt/airflow/dags/example.py for tasks to queue
[2022-11-19T03:12:07.659+0000] {logging_mixin.py:137} INFO - [2022-11-19T03:12:07.658+0000] {dagbag.py:537} INFO - Filling up the DagBag from /opt/airflow/dags/example.py
[2022-11-19T03:12:07.762+0000] {logging_mixin.py:137} WARNING - /home/airflow/.local/lib/python3.7/site-packages/airflow/models/dag.py:3437 RemovedInAirflow3Warning: Param `schedule_interval` is deprecated and will be removed in a future release. Please use `schedule` instead.
[2022-11-19T03:12:07.869+0000] {processor.py:766} INFO - DAG(s) dict_keys(['Example']) retrieved from /opt/airflow/dags/example.py
[2022-11-19T03:12:08.025+0000] {logging_mixin.py:137} INFO - [2022-11-19T03:12:08.025+0000] {dag.py:2585} INFO - Sync 1 DAGs
[2022-11-19T03:12:08.718+0000] {logging_mixin.py:137} INFO - [2022-11-19T03:12:08.718+0000] {dag.py:3340} INFO - Setting next_dagrun for Example to None, run_after=None
[2022-11-19T03:12:09.193+0000] {processor.py:176} INFO - Processing /opt/airflow/dags/example.py took 1.546 seconds
[2022-11-19T03:12:39.796+0000] {processor.py:154} INFO - Started process (PID=115) to work on /opt/airflow/dags/example.py
[2022-11-19T03:12:39.804+0000] {processor.py:756} INFO - Processing file /opt/airflow/dags/example.py for tasks to queue
[2022-11-19T03:12:39.807+0000] {logging_mixin.py:137} INFO - [2022-11-19T03:12:39.807+0000] {dagbag.py:537} INFO - Filling up the DagBag from /opt/airflow/dags/example.py
[2022-11-19T03:12:39.873+0000] {logging_mixin.py:137} WARNING - /home/airflow/.local/lib/python3.7/site-packages/airflow/models/dag.py:3437 RemovedInAirflow3Warning: Param `schedule_interval` is deprecated and will be removed in a future release. Please use `schedule` instead.
[2022-11-19T03:12:39.901+0000] {processor.py:766} INFO - DAG(s) dict_keys(['Example']) retrieved from /opt/airflow/dags/example.py
[2022-11-19T03:12:40.001+0000] {logging_mixin.py:137} INFO - [2022-11-19T03:12:40.000+0000] {dag.py:2585} INFO - Sync 1 DAGs
[2022-11-19T03:12:40.160+0000] {logging_mixin.py:137} INFO - [2022-11-19T03:12:40.159+0000] {dag.py:3340} INFO - Setting next_dagrun for Example to None, run_after=None
[2022-11-19T03:12:40.219+0000] {processor.py:176} INFO - Processing /opt/airflow/dags/example.py took 0.437 seconds
[2022-11-19T03:17:45.637+0000] {processor.py:154} INFO - Started process (PID=49) to work on /opt/airflow/dags/example.py
[2022-11-19T03:17:45.668+0000] {processor.py:756} INFO - Processing file /opt/airflow/dags/example.py for tasks to queue
[2022-11-19T03:17:45.691+0000] {logging_mixin.py:137} INFO - [2022-11-19T03:17:45.690+0000] {dagbag.py:537} INFO - Filling up the DagBag from /opt/airflow/dags/example.py
[2022-11-19T03:17:46.140+0000] {logging_mixin.py:137} WARNING - /home/airflow/.local/lib/python3.7/site-packages/airflow/models/dag.py:3437 RemovedInAirflow3Warning: Param `schedule_interval` is deprecated and will be removed in a future release. Please use `schedule` instead.
[2022-11-19T03:17:46.291+0000] {processor.py:766} INFO - DAG(s) dict_keys(['Example']) retrieved from /opt/airflow/dags/example.py
[2022-11-19T03:17:46.924+0000] {logging_mixin.py:137} INFO - [2022-11-19T03:17:46.922+0000] {dag.py:2585} INFO - Sync 1 DAGs
[2022-11-19T03:17:47.062+0000] {logging_mixin.py:137} INFO - [2022-11-19T03:17:47.062+0000] {dag.py:3340} INFO - Setting next_dagrun for Example to None, run_after=None
[2022-11-19T03:17:47.250+0000] {processor.py:176} INFO - Processing /opt/airflow/dags/example.py took 1.637 seconds
[2022-11-19T03:18:17.602+0000] {processor.py:154} INFO - Started process (PID=69) to work on /opt/airflow/dags/example.py
[2022-11-19T03:18:17.605+0000] {processor.py:756} INFO - Processing file /opt/airflow/dags/example.py for tasks to queue
[2022-11-19T03:18:17.607+0000] {logging_mixin.py:137} INFO - [2022-11-19T03:18:17.607+0000] {dagbag.py:537} INFO - Filling up the DagBag from /opt/airflow/dags/example.py
[2022-11-19T03:18:17.667+0000] {logging_mixin.py:137} WARNING - /home/airflow/.local/lib/python3.7/site-packages/airflow/models/dag.py:3437 RemovedInAirflow3Warning: Param `schedule_interval` is deprecated and will be removed in a future release. Please use `schedule` instead.
[2022-11-19T03:18:17.694+0000] {processor.py:766} INFO - DAG(s) dict_keys(['Example']) retrieved from /opt/airflow/dags/example.py
[2022-11-19T03:18:17.886+0000] {logging_mixin.py:137} INFO - [2022-11-19T03:18:17.886+0000] {dag.py:2585} INFO - Sync 1 DAGs
[2022-11-19T03:18:18.016+0000] {logging_mixin.py:137} INFO - [2022-11-19T03:18:18.016+0000] {dag.py:3340} INFO - Setting next_dagrun for Example to None, run_after=None
[2022-11-19T03:18:18.296+0000] {processor.py:176} INFO - Processing /opt/airflow/dags/example.py took 0.699 seconds
[2022-11-19T03:18:49.218+0000] {processor.py:154} INFO - Started process (PID=97) to work on /opt/airflow/dags/example.py
[2022-11-19T03:18:49.226+0000] {processor.py:756} INFO - Processing file /opt/airflow/dags/example.py for tasks to queue
[2022-11-19T03:18:49.232+0000] {logging_mixin.py:137} INFO - [2022-11-19T03:18:49.231+0000] {dagbag.py:537} INFO - Filling up the DagBag from /opt/airflow/dags/example.py
[2022-11-19T03:18:49.603+0000] {logging_mixin.py:137} WARNING - /home/airflow/.local/lib/python3.7/site-packages/airflow/models/dag.py:3437 RemovedInAirflow3Warning: Param `schedule_interval` is deprecated and will be removed in a future release. Please use `schedule` instead.
[2022-11-19T03:18:49.714+0000] {processor.py:766} INFO - DAG(s) dict_keys(['Example']) retrieved from /opt/airflow/dags/example.py
[2022-11-19T03:18:50.494+0000] {logging_mixin.py:137} INFO - [2022-11-19T03:18:50.489+0000] {dag.py:2585} INFO - Sync 1 DAGs
[2022-11-19T03:18:50.648+0000] {logging_mixin.py:137} INFO - [2022-11-19T03:18:50.648+0000] {dag.py:3340} INFO - Setting next_dagrun for Example to None, run_after=None
[2022-11-19T03:18:50.753+0000] {processor.py:176} INFO - Processing /opt/airflow/dags/example.py took 1.554 seconds
[2022-11-19T03:19:21.289+0000] {processor.py:154} INFO - Started process (PID=117) to work on /opt/airflow/dags/example.py
[2022-11-19T03:19:21.296+0000] {processor.py:756} INFO - Processing file /opt/airflow/dags/example.py for tasks to queue
[2022-11-19T03:19:21.304+0000] {logging_mixin.py:137} INFO - [2022-11-19T03:19:21.302+0000] {dagbag.py:537} INFO - Filling up the DagBag from /opt/airflow/dags/example.py
[2022-11-19T03:19:21.368+0000] {logging_mixin.py:137} WARNING - /home/airflow/.local/lib/python3.7/site-packages/airflow/models/dag.py:3437 RemovedInAirflow3Warning: Param `schedule_interval` is deprecated and will be removed in a future release. Please use `schedule` instead.
[2022-11-19T03:19:21.391+0000] {processor.py:766} INFO - DAG(s) dict_keys(['Example']) retrieved from /opt/airflow/dags/example.py
[2022-11-19T03:19:21.537+0000] {logging_mixin.py:137} INFO - [2022-11-19T03:19:21.537+0000] {dag.py:2585} INFO - Sync 1 DAGs
[2022-11-19T03:19:21.656+0000] {logging_mixin.py:137} INFO - [2022-11-19T03:19:21.656+0000] {dag.py:3340} INFO - Setting next_dagrun for Example to None, run_after=None
[2022-11-19T03:19:21.743+0000] {processor.py:176} INFO - Processing /opt/airflow/dags/example.py took 0.491 seconds
[2022-11-19T03:19:52.012+0000] {processor.py:154} INFO - Started process (PID=137) to work on /opt/airflow/dags/example.py
[2022-11-19T03:19:52.016+0000] {processor.py:756} INFO - Processing file /opt/airflow/dags/example.py for tasks to queue
[2022-11-19T03:19:52.019+0000] {logging_mixin.py:137} INFO - [2022-11-19T03:19:52.018+0000] {dagbag.py:537} INFO - Filling up the DagBag from /opt/airflow/dags/example.py
[2022-11-19T03:19:52.069+0000] {logging_mixin.py:137} WARNING - /home/airflow/.local/lib/python3.7/site-packages/airflow/models/dag.py:3437 RemovedInAirflow3Warning: Param `schedule_interval` is deprecated and will be removed in a future release. Please use `schedule` instead.
[2022-11-19T03:19:52.093+0000] {processor.py:766} INFO - DAG(s) dict_keys(['Example']) retrieved from /opt/airflow/dags/example.py
[2022-11-19T03:19:52.178+0000] {logging_mixin.py:137} INFO - [2022-11-19T03:19:52.177+0000] {dag.py:2585} INFO - Sync 1 DAGs
[2022-11-19T03:19:52.243+0000] {logging_mixin.py:137} INFO - [2022-11-19T03:19:52.240+0000] {dag.py:3340} INFO - Setting next_dagrun for Example to None, run_after=None
[2022-11-19T03:19:52.305+0000] {processor.py:176} INFO - Processing /opt/airflow/dags/example.py took 0.307 seconds
[2022-11-19T03:23:43.934+0000] {processor.py:154} INFO - Started process (PID=50) to work on /opt/airflow/dags/example.py
[2022-11-19T03:23:43.949+0000] {processor.py:756} INFO - Processing file /opt/airflow/dags/example.py for tasks to queue
[2022-11-19T03:23:43.978+0000] {logging_mixin.py:137} INFO - [2022-11-19T03:23:43.977+0000] {dagbag.py:537} INFO - Filling up the DagBag from /opt/airflow/dags/example.py
[2022-11-19T03:23:44.505+0000] {logging_mixin.py:137} WARNING - /home/airflow/.local/lib/python3.7/site-packages/airflow/models/dag.py:3437 RemovedInAirflow3Warning: Param `schedule_interval` is deprecated and will be removed in a future release. Please use `schedule` instead.
[2022-11-19T03:23:44.810+0000] {processor.py:766} INFO - DAG(s) dict_keys(['Example']) retrieved from /opt/airflow/dags/example.py
[2022-11-19T03:23:45.240+0000] {logging_mixin.py:137} INFO - [2022-11-19T03:23:45.240+0000] {dag.py:2585} INFO - Sync 1 DAGs
[2022-11-19T03:23:45.372+0000] {logging_mixin.py:137} INFO - [2022-11-19T03:23:45.372+0000] {dag.py:3340} INFO - Setting next_dagrun for Example to None, run_after=None
[2022-11-19T03:23:45.474+0000] {processor.py:176} INFO - Processing /opt/airflow/dags/example.py took 1.575 seconds
[2022-11-19T03:24:16.501+0000] {processor.py:154} INFO - Started process (PID=70) to work on /opt/airflow/dags/example.py
[2022-11-19T03:24:16.613+0000] {processor.py:756} INFO - Processing file /opt/airflow/dags/example.py for tasks to queue
[2022-11-19T03:24:16.646+0000] {logging_mixin.py:137} INFO - [2022-11-19T03:24:16.645+0000] {dagbag.py:537} INFO - Filling up the DagBag from /opt/airflow/dags/example.py
[2022-11-19T03:24:17.008+0000] {logging_mixin.py:137} WARNING - /home/airflow/.local/lib/python3.7/site-packages/airflow/models/dag.py:3437 RemovedInAirflow3Warning: Param `schedule_interval` is deprecated and will be removed in a future release. Please use `schedule` instead.
[2022-11-19T03:24:17.127+0000] {processor.py:766} INFO - DAG(s) dict_keys(['Example']) retrieved from /opt/airflow/dags/example.py
[2022-11-19T03:24:17.541+0000] {logging_mixin.py:137} INFO - [2022-11-19T03:24:17.540+0000] {dag.py:2585} INFO - Sync 1 DAGs
[2022-11-19T03:24:17.664+0000] {logging_mixin.py:137} INFO - [2022-11-19T03:24:17.663+0000] {dag.py:3340} INFO - Setting next_dagrun for Example to None, run_after=None
[2022-11-19T03:24:17.766+0000] {processor.py:176} INFO - Processing /opt/airflow/dags/example.py took 1.316 seconds
[2022-11-19T03:32:40.190+0000] {processor.py:154} INFO - Started process (PID=50) to work on /opt/airflow/dags/example.py
[2022-11-19T03:32:40.206+0000] {processor.py:756} INFO - Processing file /opt/airflow/dags/example.py for tasks to queue
[2022-11-19T03:32:40.217+0000] {logging_mixin.py:137} INFO - [2022-11-19T03:32:40.215+0000] {dagbag.py:537} INFO - Filling up the DagBag from /opt/airflow/dags/example.py
[2022-11-19T03:32:40.326+0000] {logging_mixin.py:137} WARNING - /home/airflow/.local/lib/python3.7/site-packages/airflow/models/dag.py:3437 RemovedInAirflow3Warning: Param `schedule_interval` is deprecated and will be removed in a future release. Please use `schedule` instead.
[2022-11-19T03:32:40.413+0000] {processor.py:766} INFO - DAG(s) dict_keys(['Example']) retrieved from /opt/airflow/dags/example.py
[2022-11-19T03:32:40.918+0000] {logging_mixin.py:137} INFO - [2022-11-19T03:32:40.918+0000] {manager.py:507} INFO - Created Permission View: can edit on DAG:Example
[2022-11-19T03:32:40.942+0000] {logging_mixin.py:137} INFO - [2022-11-19T03:32:40.942+0000] {manager.py:507} INFO - Created Permission View: can read on DAG:Example
[2022-11-19T03:32:40.963+0000] {logging_mixin.py:137} INFO - [2022-11-19T03:32:40.963+0000] {manager.py:507} INFO - Created Permission View: can delete on DAG:Example
[2022-11-19T03:32:40.966+0000] {logging_mixin.py:137} INFO - [2022-11-19T03:32:40.965+0000] {dag.py:2585} INFO - Sync 1 DAGs
[2022-11-19T03:32:41.003+0000] {logging_mixin.py:137} INFO - [2022-11-19T03:32:41.002+0000] {dag.py:2606} INFO - Creating ORM DAG for Example
[2022-11-19T03:32:41.025+0000] {logging_mixin.py:137} INFO - [2022-11-19T03:32:41.025+0000] {dag.py:3340} INFO - Setting next_dagrun for Example to None, run_after=None
[2022-11-19T03:32:41.085+0000] {processor.py:176} INFO - Processing /opt/airflow/dags/example.py took 0.929 seconds
[2022-11-19T03:33:11.736+0000] {processor.py:154} INFO - Started process (PID=70) to work on /opt/airflow/dags/example.py
[2022-11-19T03:33:11.752+0000] {processor.py:756} INFO - Processing file /opt/airflow/dags/example.py for tasks to queue
[2022-11-19T03:33:11.760+0000] {logging_mixin.py:137} INFO - [2022-11-19T03:33:11.759+0000] {dagbag.py:537} INFO - Filling up the DagBag from /opt/airflow/dags/example.py
[2022-11-19T03:33:11.843+0000] {logging_mixin.py:137} WARNING - /home/airflow/.local/lib/python3.7/site-packages/airflow/models/dag.py:3437 RemovedInAirflow3Warning: Param `schedule_interval` is deprecated and will be removed in a future release. Please use `schedule` instead.
[2022-11-19T03:33:11.890+0000] {processor.py:766} INFO - DAG(s) dict_keys(['Example']) retrieved from /opt/airflow/dags/example.py
[2022-11-19T03:33:12.263+0000] {logging_mixin.py:137} INFO - [2022-11-19T03:33:12.263+0000] {dag.py:2585} INFO - Sync 1 DAGs
[2022-11-19T03:33:12.466+0000] {logging_mixin.py:137} INFO - [2022-11-19T03:33:12.466+0000] {dag.py:3340} INFO - Setting next_dagrun for Example to None, run_after=None
[2022-11-19T03:33:12.614+0000] {processor.py:176} INFO - Processing /opt/airflow/dags/example.py took 0.895 seconds
[2022-11-19T03:33:43.603+0000] {processor.py:154} INFO - Started process (PID=90) to work on /opt/airflow/dags/example.py
[2022-11-19T03:33:43.607+0000] {processor.py:756} INFO - Processing file /opt/airflow/dags/example.py for tasks to queue
[2022-11-19T03:33:43.609+0000] {logging_mixin.py:137} INFO - [2022-11-19T03:33:43.609+0000] {dagbag.py:537} INFO - Filling up the DagBag from /opt/airflow/dags/example.py
[2022-11-19T03:33:43.679+0000] {logging_mixin.py:137} WARNING - /home/airflow/.local/lib/python3.7/site-packages/airflow/models/dag.py:3437 RemovedInAirflow3Warning: Param `schedule_interval` is deprecated and will be removed in a future release. Please use `schedule` instead.
[2022-11-19T03:33:43.729+0000] {processor.py:766} INFO - DAG(s) dict_keys(['Example']) retrieved from /opt/airflow/dags/example.py
[2022-11-19T03:33:43.893+0000] {logging_mixin.py:137} INFO - [2022-11-19T03:33:43.893+0000] {dag.py:2585} INFO - Sync 1 DAGs
[2022-11-19T03:33:43.938+0000] {logging_mixin.py:137} INFO - [2022-11-19T03:33:43.938+0000] {dag.py:3340} INFO - Setting next_dagrun for Example to None, run_after=None
[2022-11-19T03:33:43.981+0000] {processor.py:176} INFO - Processing /opt/airflow/dags/example.py took 0.393 seconds
[2022-11-19T03:34:14.245+0000] {processor.py:154} INFO - Started process (PID=120) to work on /opt/airflow/dags/example.py
[2022-11-19T03:34:14.271+0000] {processor.py:756} INFO - Processing file /opt/airflow/dags/example.py for tasks to queue
[2022-11-19T03:34:14.292+0000] {logging_mixin.py:137} INFO - [2022-11-19T03:34:14.292+0000] {dagbag.py:537} INFO - Filling up the DagBag from /opt/airflow/dags/example.py
[2022-11-19T03:34:14.788+0000] {logging_mixin.py:137} WARNING - /home/airflow/.local/lib/python3.7/site-packages/airflow/models/dag.py:3437 RemovedInAirflow3Warning: Param `schedule_interval` is deprecated and will be removed in a future release. Please use `schedule` instead.
[2022-11-19T03:34:14.891+0000] {processor.py:766} INFO - DAG(s) dict_keys(['Example']) retrieved from /opt/airflow/dags/example.py
[2022-11-19T03:34:15.113+0000] {logging_mixin.py:137} INFO - [2022-11-19T03:34:15.112+0000] {dag.py:2585} INFO - Sync 1 DAGs
[2022-11-19T03:34:15.339+0000] {logging_mixin.py:137} INFO - [2022-11-19T03:34:15.339+0000] {dag.py:3340} INFO - Setting next_dagrun for Example to None, run_after=None
[2022-11-19T03:34:15.400+0000] {processor.py:176} INFO - Processing /opt/airflow/dags/example.py took 1.171 seconds
