[2022-11-18T07:51:06.242+0000] {taskinstance.py:1165} INFO - Dependencies all met for <TaskInstance: DevDataOps.task1 manual__2022-11-18T07:51:02.663580+00:00 [queued]>
[2022-11-18T07:51:06.271+0000] {taskinstance.py:1165} INFO - Dependencies all met for <TaskInstance: DevDataOps.task1 manual__2022-11-18T07:51:02.663580+00:00 [queued]>
[2022-11-18T07:51:06.273+0000] {taskinstance.py:1362} INFO - 
--------------------------------------------------------------------------------
[2022-11-18T07:51:06.274+0000] {taskinstance.py:1363} INFO - Starting attempt 1 of 1
[2022-11-18T07:51:06.276+0000] {taskinstance.py:1364} INFO - 
--------------------------------------------------------------------------------
[2022-11-18T07:51:06.306+0000] {taskinstance.py:1383} INFO - Executing <Task(_PythonDecoratedOperator): task1> on 2022-11-18 07:51:02.663580+00:00
[2022-11-18T07:51:06.320+0000] {standard_task_runner.py:55} INFO - Started process 254 to run task
[2022-11-18T07:51:06.330+0000] {standard_task_runner.py:82} INFO - Running: ['***', 'tasks', 'run', 'DevDataOps', 'task1', 'manual__2022-11-18T07:51:02.663580+00:00', '--job-id', '12', '--raw', '--subdir', 'DAGS_FOLDER/dev_data_ops.py', '--cfg-path', '/tmp/tmph05x7qwz']
[2022-11-18T07:51:06.333+0000] {standard_task_runner.py:83} INFO - Job 12: Subtask task1
[2022-11-18T07:51:06.656+0000] {task_command.py:376} INFO - Running <TaskInstance: DevDataOps.task1 manual__2022-11-18T07:51:02.663580+00:00 [running]> on host d470c2e62263
[2022-11-18T07:51:07.048+0000] {taskinstance.py:1592} INFO - Exporting the following env vars:
AIRFLOW_CTX_DAG_OWNER=***
AIRFLOW_CTX_DAG_ID=DevDataOps
AIRFLOW_CTX_TASK_ID=task1
AIRFLOW_CTX_EXECUTION_DATE=2022-11-18T07:51:02.663580+00:00
AIRFLOW_CTX_TRY_NUMBER=1
AIRFLOW_CTX_DAG_RUN_ID=manual__2022-11-18T07:51:02.663580+00:00
[2022-11-18T07:51:07.065+0000] {python.py:177} INFO - Done. Returned value was: 1
[2022-11-18T07:51:07.159+0000] {taskinstance.py:1406} INFO - Marking task as SUCCESS. dag_id=DevDataOps, task_id=task1, execution_date=20221118T075102, start_date=20221118T075106, end_date=20221118T075107
[2022-11-18T07:51:07.214+0000] {local_task_job.py:159} INFO - Task exited with return code 0
[2022-11-18T07:51:07.311+0000] {taskinstance.py:2623} INFO - 1 downstream tasks scheduled from follow-on schedule check
