[2022-11-18T08:18:48.447+0000] {taskinstance.py:1165} INFO - Dependencies all met for <TaskInstance: DevDataOps.export_annotation manual__2022-11-18T08:18:46.025615+00:00 [queued]>
[2022-11-18T08:18:48.475+0000] {taskinstance.py:1165} INFO - Dependencies all met for <TaskInstance: DevDataOps.export_annotation manual__2022-11-18T08:18:46.025615+00:00 [queued]>
[2022-11-18T08:18:48.476+0000] {taskinstance.py:1362} INFO - 
--------------------------------------------------------------------------------
[2022-11-18T08:18:48.478+0000] {taskinstance.py:1363} INFO - Starting attempt 1 of 1
[2022-11-18T08:18:48.479+0000] {taskinstance.py:1364} INFO - 
--------------------------------------------------------------------------------
[2022-11-18T08:18:48.530+0000] {taskinstance.py:1383} INFO - Executing <Task(BashOperator): export_annotation> on 2022-11-18 08:18:46.025615+00:00
[2022-11-18T08:18:48.547+0000] {standard_task_runner.py:55} INFO - Started process 1313 to run task
[2022-11-18T08:18:48.595+0000] {standard_task_runner.py:82} INFO - Running: ['***', 'tasks', 'run', 'DevDataOps', 'export_annotation', 'manual__2022-11-18T08:18:46.025615+00:00', '--job-id', '16', '--raw', '--subdir', 'DAGS_FOLDER/dev_data_ops.py', '--cfg-path', '/tmp/tmpq87619dk']
[2022-11-18T08:18:48.611+0000] {standard_task_runner.py:83} INFO - Job 16: Subtask export_annotation
[2022-11-18T08:18:49.201+0000] {task_command.py:376} INFO - Running <TaskInstance: DevDataOps.export_annotation manual__2022-11-18T08:18:46.025615+00:00 [running]> on host d470c2e62263
[2022-11-18T08:18:49.522+0000] {taskinstance.py:1592} INFO - Exporting the following env vars:
AIRFLOW_CTX_DAG_OWNER=***
AIRFLOW_CTX_DAG_ID=DevDataOps
AIRFLOW_CTX_TASK_ID=export_annotation
AIRFLOW_CTX_EXECUTION_DATE=2022-11-18T08:18:46.025615+00:00
AIRFLOW_CTX_TRY_NUMBER=1
AIRFLOW_CTX_DAG_RUN_ID=manual__2022-11-18T08:18:46.025615+00:00
[2022-11-18T08:18:49.533+0000] {subprocess.py:63} INFO - Tmp dir root location: 
 /tmp
[2022-11-18T08:18:49.537+0000] {subprocess.py:75} INFO - Running command: ['/bin/bash', '-c', 'echo abc123']
[2022-11-18T08:18:49.578+0000] {subprocess.py:86} INFO - Output:
[2022-11-18T08:18:49.588+0000] {subprocess.py:93} INFO - abc123
[2022-11-18T08:18:49.593+0000] {subprocess.py:97} INFO - Command exited with return code 0
[2022-11-18T08:18:49.687+0000] {taskinstance.py:1406} INFO - Marking task as SUCCESS. dag_id=DevDataOps, task_id=export_annotation, execution_date=20221118T081846, start_date=20221118T081848, end_date=20221118T081849
[2022-11-18T08:18:49.763+0000] {local_task_job.py:159} INFO - Task exited with return code 0
[2022-11-18T08:18:49.812+0000] {taskinstance.py:2623} INFO - 0 downstream tasks scheduled from follow-on schedule check
